********************************************************************************
product = Open Liberty 20.0.0.2 (wlp-1.0.37.cl200220200204-1746)
wlp.install.dir = /Users/ankit.agrawal@ibm.com/foodOrderRestaurantApp/finish/restaurantBFF/target/liberty/wlp/
java.home = /Library/Java/JavaVirtualMachines/adoptopenjdk-13-openj9.jdk/Contents/Home
java.version = 13.0.1
java.runtime = OpenJDK Runtime Environment (13.0.1+9)
os = Mac OS X (10.15.1; x86_64) (en_CA)
process = 60877@Ankits-MacBook-Pro.local
********************************************************************************
[2020-03-02, 21:26:51:764 EST] 00000001 com.ibm.ws.kernel.launch.internal.FrameworkManager           A CWWKE0001I: The server defaultServer has been launched.
[2020-03-02, 21:26:51:981 EST] 0000002e com.ibm.ws.config.xml.internal.ServerXMLConfiguration        A CWWKG0093A: Processing configuration drop-ins resource: /Users/ankit.agrawal@ibm.com/foodOrderRestaurantApp/finish/restaurantBFF/target/liberty/wlp/usr/servers/defaultServer/configDropins/overrides/liberty-plugin-variable-config.xml
[2020-03-02, 21:26:52:033 EST] 00000001 com.ibm.ws.kernel.launch.internal.FrameworkManager           I CWWKE0002I: The kernel started after 0.551 seconds
[2020-03-02, 21:26:52:043 EST] 00000036 com.ibm.ws.kernel.feature.internal.FeatureManager            I CWWKF0007I: Feature update started.
[2020-03-02, 21:26:52:115 EST] 0000002c com.ibm.ws.annocache.service                                 I OSGi Work Path [ /Users/ankit.agrawal@ibm.com/foodOrderRestaurantApp/finish/restaurantBFF/target/liberty/wlp/usr/servers/defaultServer/workarea/org.eclipse.osgi/42/data ]
[2020-03-02, 21:26:52:153 EST] 0000002d com.ibm.ws.app.manager.internal.monitor.DropinMonitor        A CWWKZ0058I: Monitoring dropins for applications.
[2020-03-02, 21:26:52:198 EST] 0000002d .apache.cxf.cxf.core.3.2:1.0.37.cl200220200204-1746(id=107)] I Aries Blueprint packages not available. So namespaces will not be registered
[2020-03-02, 21:26:52:287 EST] 00000040 com.ibm.ws.app.manager.AppMessageHelper                      I CWWKZ0018I: Starting application restaurantBFF.
[2020-03-02, 21:26:52:288 EST] 00000040 bm.ws.app.manager.war.internal.WARDeployedAppInfoFactoryImpl I CWWKZ0134I: The restaurantBFF application is using the loose application definition at the /Users/ankit.agrawal@ibm.com/foodOrderRestaurantApp/finish/restaurantBFF/target/liberty/wlp/usr/servers/defaultServer/apps/restaurantBFF.war.xml location.
[2020-03-02, 21:26:52:377 EST] 0000003f com.ibm.ws.webcontainer.osgi.webapp.WebGroup                 I SRVE0169I: Loading Web Module: OpenAPIUI.
[2020-03-02, 21:26:52:378 EST] 0000003f com.ibm.ws.webcontainer                                      I SRVE0250I: Web Module OpenAPIUI has been bound to default_host.
[2020-03-02, 21:26:52:381 EST] 0000003f com.ibm.ws.http.internal.VirtualHostImpl                     A CWWKT0016I: Web application available (default_host): http://192.168.0.16:9080/openapi/ui/
[2020-03-02, 21:26:52:403 EST] 00000044 com.ibm.ws.session.WASSessionCore                            I SESN8501I: The session manager did not find a persistent storage location; HttpSession objects will be stored in the local application server's memory.
[2020-03-02, 21:26:52:403 EST] 00000045 com.ibm.ws.session.WASSessionCore                            I SESN8501I: The session manager did not find a persistent storage location; HttpSession objects will be stored in the local application server's memory.
[2020-03-02, 21:26:52:404 EST] 00000044 com.ibm.ws.session.WASSessionCore                            I SESN0176I: A new session context will be created for application key default_host/openapi/ui
[2020-03-02, 21:26:52:407 EST] 00000044 com.ibm.ws.util                                              I SESN0172I: The session manager is using the Java default SecureRandom implementation for session ID generation.
[2020-03-02, 21:26:52:409 EST] 0000003e com.ibm.ws.webcontainer.osgi.webapp.WebGroup                 I SRVE0169I: Loading Web Module: MicroProfileOpenAPI.
[2020-03-02, 21:26:52:409 EST] 0000003e com.ibm.ws.webcontainer                                      I SRVE0250I: Web Module MicroProfileOpenAPI has been bound to default_host.
[2020-03-02, 21:26:52:409 EST] 0000003e com.ibm.ws.http.internal.VirtualHostImpl                     A CWWKT0016I: Web application available (default_host): http://192.168.0.16:9080/openapi/
[2020-03-02, 21:26:52:437 EST] 00000046 com.ibm.ws.session.WASSessionCore                            I SESN0176I: A new session context will be created for application key default_host/openapi
[2020-03-02, 21:26:52:437 EST] 00000046 com.ibm.ws.util                                              I SESN0172I: The session manager is using the Java default SecureRandom implementation for session ID generation.
[2020-03-02, 21:26:52:451 EST] 00000046 com.ibm.ws.webcontainer.servlet                              I SRVE0242I: [com.ibm.ws.microprofile.openapi] [/openapi] [OpenAPIServlet]: Initialization successful.
[2020-03-02, 21:26:52:560 EST] 00000045 com.ibm.ws.webcontainer.osgi.mbeans.PluginGenerator          I SRVE9103I: A configuration file for a web server plugin was automatically generated for this server at /Users/ankit.agrawal@ibm.com/foodOrderRestaurantApp/finish/restaurantBFF/target/liberty/wlp/usr/servers/defaultServer/logs/state/plugin-cfg.xml.
[2020-03-02, 21:26:52:576 EST] 00000047 com.ibm.ws.webcontainer.osgi.mbeans.PluginGenerator          I SRVE9103I: A configuration file for a web server plugin was automatically generated for this server at /Users/ankit.agrawal@ibm.com/foodOrderRestaurantApp/finish/restaurantBFF/target/liberty/wlp/usr/servers/defaultServer/logs/state/plugin-cfg.xml.
[2020-03-02, 21:26:52:586 EST] 00000040 com.ibm.ws.microprofile.openapi.ApplicationProcessor         I CWWKO1660I: The application restaurantBFF was processed and an OpenAPI document was produced.
[2020-03-02, 21:26:52:593 EST] 00000040 org.jboss.weld.Version                                       I WELD-000900: 3.1.1 (Final)
[2020-03-02, 21:26:52:886 EST] 00000040 com.ibm.ws.webcontainer.osgi.webapp.WebGroup                 I SRVE0169I: Loading Web Module: Liberty Project.
[2020-03-02, 21:26:52:886 EST] 00000040 com.ibm.ws.webcontainer                                      I SRVE0250I: Web Module Liberty Project has been bound to default_host.
[2020-03-02, 21:26:52:886 EST] 00000040 com.ibm.ws.http.internal.VirtualHostImpl                     A CWWKT0016I: Web application available (default_host): http://192.168.0.16:9080/
[2020-03-02, 21:26:52:887 EST] 00000040 com.ibm.ws.app.manager.AppMessageHelper                      A CWWKZ0001I: Application restaurantBFF started in 0.600 seconds.
[2020-03-02, 21:26:52:887 EST] 0000005a com.ibm.ws.session.WASSessionCore                            I SESN0176I: A new session context will be created for application key default_host/
[2020-03-02, 21:26:52:888 EST] 0000005a com.ibm.ws.util                                              I SESN0172I: The session manager is using the Java default SecureRandom implementation for session ID generation.
[2020-03-02, 21:26:52:893 EST] 00000036 com.ibm.ws.tcpchannel.internal.TCPPort                       I CWWKO0219I: TCP Channel defaultHttpEndpoint has been started and is now listening for requests on host *  (IPv6) port 9080.
[2020-03-02, 21:26:52:897 EST] 00000036 com.ibm.ws.kernel.feature.internal.FeatureManager            A CWWKF0012I: The server installed the following features: [cdi-2.0, jaxrs-2.1, jaxrsClient-2.1, jndi-1.0, jsonb-1.0, jsonp-1.1, mpConfig-1.2, mpOpenAPI-1.1, servlet-4.0].
[2020-03-02, 21:26:52:898 EST] 00000036 com.ibm.ws.kernel.feature.internal.FeatureManager            I CWWKF0008I: Feature update completed in 0.864 seconds.
[2020-03-02, 21:26:52:898 EST] 00000036 com.ibm.ws.kernel.feature.internal.FeatureManager            A CWWKF0011I: The defaultServer server is ready to run a smarter planet. The defaultServer server started in 1.416 seconds.
[2020-03-02, 21:26:52:899 EST] 00000057 com.ibm.ws.webcontainer.osgi.mbeans.PluginGenerator          I SRVE9103I: A configuration file for a web server plugin was automatically generated for this server at /Users/ankit.agrawal@ibm.com/foodOrderRestaurantApp/finish/restaurantBFF/target/liberty/wlp/usr/servers/defaultServer/logs/state/plugin-cfg.xml.
[2020-03-02, 21:27:13:891 EST] 00000047 .apache.cxf.cxf.core.3.2:1.0.37.cl200220200204-1746(id=107)] I Setting the server's publish address to be /api/
[2020-03-02, 21:27:13:929 EST] 00000047 com.ibm.ws.webcontainer.servlet                              I SRVE0242I: [restaurantBFF] [/] [io.openliberty.guides.restaurantbff.RestaurantBFFApplication]: Initialization successful.
[2020-03-02, 21:57:29:967 EST] 00000027 com.ibm.ws.kernel.launch.internal.FrameworkManager           A CWWKE0085I: The server defaultServer is stopping because the JVM is exiting.
[2020-03-02, 21:57:29:974 EST] 00000087 com.ibm.ws.runtime.update.internal.RuntimeUpdateManagerImpl  A CWWKE1100I: Waiting for up to 30 seconds for the server to quiesce.
[2020-03-02, 21:57:29:981 EST] 0000007d com.ibm.ws.tcpchannel.internal.TCPChannel                    I CWWKO0220I: TCP Channel defaultHttpEndpoint has stopped listening for requests on host *  (IPv6) port 9080.
[2020-03-02, 21:57:29:982 EST] 0000007d com.ibm.ws.http.internal.VirtualHostImpl                     A CWWKT0017I: Web application removed (default_host): http://192.168.0.16:9080/openapi/ui/
[2020-03-02, 21:57:29:982 EST] 0000007d com.ibm.ws.http.internal.VirtualHostImpl                     A CWWKT0017I: Web application removed (default_host): http://192.168.0.16:9080/
[2020-03-02, 21:57:29:982 EST] 0000007d com.ibm.ws.http.internal.VirtualHostImpl                     A CWWKT0017I: Web application removed (default_host): http://192.168.0.16:9080/openapi/
[2020-03-02, 21:57:30:252 EST] 00000028 com.ibm.ws.kernel.launch.internal.ServerCommandListener      A CWWKE0055I: Server shutdown requested on Monday, March 2, 2020 at 9:57 p.m.. The server defaultServer is shutting down.
[2020-03-02, 21:57:30:985 EST] 00000087 com.ibm.ws.runtime.update.internal.RuntimeUpdateManagerImpl  I CWWKE1101I: Server quiesce complete.
[2020-03-02, 21:57:31:011 EST] 0000003f com.ibm.ws.app.manager.AppMessageHelper                      A CWWKZ0009I: The application restaurantBFF has stopped successfully.
[2020-03-02, 21:57:31:266 EST] 00000001 com.ibm.ws.kernel.launch.internal.FrameworkManager           A CWWKE0036I: The server defaultServer stopped after 30 minutes, 39.762 seconds.
