********************************************************************************
product = Open Liberty 20.0.0.2 (wlp-1.0.37.cl200220200204-1746)
wlp.install.dir = /Users/ankit.agrawal@ibm.com/foodOrderRestaurantApp/finish/restaurantBFF/target/liberty/wlp/
java.home = /Library/Java/JavaVirtualMachines/adoptopenjdk-13-openj9.jdk/Contents/Home
java.version = 13.0.1
java.runtime = OpenJDK Runtime Environment (13.0.1+9)
os = Mac OS X (10.15.1; x86_64) (en_CA)
process = 79609@ankits-mbp.war.can.ibm.com
********************************************************************************
[2020-03-05, 9:24:41:189 EST] 00000001 com.ibm.ws.kernel.launch.internal.FrameworkManager           A CWWKE0001I: The server defaultServer has been launched.
[2020-03-05, 9:24:41:411 EST] 0000002e com.ibm.ws.config.xml.internal.ServerXMLConfiguration        A CWWKG0093A: Processing configuration drop-ins resource: /Users/ankit.agrawal@ibm.com/foodOrderRestaurantApp/finish/restaurantBFF/target/liberty/wlp/usr/servers/defaultServer/configDropins/overrides/liberty-plugin-variable-config.xml
[2020-03-05, 9:24:41:461 EST] 00000001 com.ibm.ws.kernel.launch.internal.FrameworkManager           I CWWKE0002I: The kernel started after 0.381 seconds
[2020-03-05, 9:24:41:468 EST] 00000036 com.ibm.ws.kernel.feature.internal.FeatureManager            I CWWKF0007I: Feature update started.
[2020-03-05, 9:24:41:575 EST] 0000002c com.ibm.ws.annocache.service                                 I OSGi Work Path [ /Users/ankit.agrawal@ibm.com/foodOrderRestaurantApp/finish/restaurantBFF/target/liberty/wlp/usr/servers/defaultServer/workarea/org.eclipse.osgi/42/data ]
[2020-03-05, 9:24:41:607 EST] 0000002e com.ibm.ws.app.manager.internal.monitor.DropinMonitor        A CWWKZ0058I: Monitoring dropins for applications.
[2020-03-05, 9:24:41:664 EST] 0000002b .apache.cxf.cxf.core.3.2:1.0.37.cl200220200204-1746(id=107)] I Aries Blueprint packages not available. So namespaces will not be registered
[2020-03-05, 9:24:41:757 EST] 00000040 com.ibm.ws.app.manager.AppMessageHelper                      I CWWKZ0018I: Starting application restaurantBFF.
[2020-03-05, 9:24:41:758 EST] 00000040 bm.ws.app.manager.war.internal.WARDeployedAppInfoFactoryImpl I CWWKZ0134I: The restaurantBFF application is using the loose application definition at the /Users/ankit.agrawal@ibm.com/foodOrderRestaurantApp/finish/restaurantBFF/target/liberty/wlp/usr/servers/defaultServer/apps/restaurantBFF.war.xml location.
[2020-03-05, 9:24:41:845 EST] 0000003f com.ibm.ws.webcontainer.osgi.webapp.WebGroup                 I SRVE0169I: Loading Web Module: OpenAPIUI.
[2020-03-05, 9:24:41:846 EST] 0000003f com.ibm.ws.webcontainer                                      I SRVE0250I: Web Module OpenAPIUI has been bound to default_host.
[2020-03-05, 9:24:41:847 EST] 0000003f com.ibm.ws.http.internal.VirtualHostImpl                     A CWWKT0016I: Web application available (default_host): http://ankits-mbp.war.can.ibm.com:9080/openapi/ui/
[2020-03-05, 9:24:41:865 EST] 00000043 com.ibm.ws.session.WASSessionCore                            I SESN8501I: The session manager did not find a persistent storage location; HttpSession objects will be stored in the local application server's memory.
[2020-03-05, 9:24:41:865 EST] 00000044 com.ibm.ws.session.WASSessionCore                            I SESN8501I: The session manager did not find a persistent storage location; HttpSession objects will be stored in the local application server's memory.
[2020-03-05, 9:24:41:867 EST] 00000043 com.ibm.ws.session.WASSessionCore                            I SESN0176I: A new session context will be created for application key default_host/openapi/ui
[2020-03-05, 9:24:41:871 EST] 00000043 com.ibm.ws.util                                              I SESN0172I: The session manager is using the Java default SecureRandom implementation for session ID generation.
[2020-03-05, 9:24:41:924 EST] 0000003e com.ibm.ws.webcontainer.osgi.webapp.WebGroup                 I SRVE0169I: Loading Web Module: MicroProfileOpenAPI.
[2020-03-05, 9:24:41:924 EST] 0000003e com.ibm.ws.webcontainer                                      I SRVE0250I: Web Module MicroProfileOpenAPI has been bound to default_host.
[2020-03-05, 9:24:41:924 EST] 0000003e com.ibm.ws.http.internal.VirtualHostImpl                     A CWWKT0016I: Web application available (default_host): http://ankits-mbp.war.can.ibm.com:9080/openapi/
[2020-03-05, 9:24:41:941 EST] 00000046 com.ibm.ws.session.WASSessionCore                            I SESN0176I: A new session context will be created for application key default_host/openapi
[2020-03-05, 9:24:41:941 EST] 00000046 com.ibm.ws.util                                              I SESN0172I: The session manager is using the Java default SecureRandom implementation for session ID generation.
[2020-03-05, 9:24:41:960 EST] 00000046 com.ibm.ws.webcontainer.servlet                              I SRVE0242I: [com.ibm.ws.microprofile.openapi] [/openapi] [OpenAPIServlet]: Initialization successful.
[2020-03-05, 9:24:42:013 EST] 00000044 com.ibm.ws.webcontainer.osgi.mbeans.PluginGenerator          I SRVE9103I: A configuration file for a web server plugin was automatically generated for this server at /Users/ankit.agrawal@ibm.com/foodOrderRestaurantApp/finish/restaurantBFF/target/liberty/wlp/usr/servers/defaultServer/logs/state/plugin-cfg.xml.
[2020-03-05, 9:24:42:059 EST] 00000047 com.ibm.ws.webcontainer.osgi.mbeans.PluginGenerator          I SRVE9103I: A configuration file for a web server plugin was automatically generated for this server at /Users/ankit.agrawal@ibm.com/foodOrderRestaurantApp/finish/restaurantBFF/target/liberty/wlp/usr/servers/defaultServer/logs/state/plugin-cfg.xml.
[2020-03-05, 9:24:42:104 EST] 00000040 com.ibm.ws.microprofile.openapi.ApplicationProcessor         I CWWKO1660I: The application restaurantBFF was processed and an OpenAPI document was produced.
[2020-03-05, 9:24:42:112 EST] 00000040 org.jboss.weld.Version                                       I WELD-000900: 3.1.1 (Final)
[2020-03-05, 9:24:42:427 EST] 00000040 com.ibm.ws.webcontainer.osgi.webapp.WebGroup                 I SRVE0169I: Loading Web Module: Liberty Project.
[2020-03-05, 9:24:42:427 EST] 00000040 com.ibm.ws.webcontainer                                      I SRVE0250I: Web Module Liberty Project has been bound to default_host.
[2020-03-05, 9:24:42:428 EST] 00000040 com.ibm.ws.http.internal.VirtualHostImpl                     A CWWKT0016I: Web application available (default_host): http://ankits-mbp.war.can.ibm.com:9080/
[2020-03-05, 9:24:42:428 EST] 00000040 com.ibm.ws.app.manager.AppMessageHelper                      A CWWKZ0001I: Application restaurantBFF started in 0.671 seconds.
[2020-03-05, 9:24:42:429 EST] 0000004c com.ibm.ws.session.WASSessionCore                            I SESN0176I: A new session context will be created for application key default_host/
[2020-03-05, 9:24:42:429 EST] 0000004c com.ibm.ws.util                                              I SESN0172I: The session manager is using the Java default SecureRandom implementation for session ID generation.
[2020-03-05, 9:24:42:438 EST] 00000036 com.ibm.ws.tcpchannel.internal.TCPPort                       I CWWKO0219I: TCP Channel defaultHttpEndpoint has been started and is now listening for requests on host *  (IPv6) port 9080.
[2020-03-05, 9:24:42:442 EST] 00000036 com.ibm.ws.kernel.feature.internal.FeatureManager            A CWWKF0012I: The server installed the following features: [cdi-2.0, jaxrs-2.1, jaxrsClient-2.1, jndi-1.0, jsonb-1.0, jsonp-1.1, mpConfig-1.2, mpOpenAPI-1.1, servlet-4.0].
[2020-03-05, 9:24:42:442 EST] 00000036 com.ibm.ws.kernel.feature.internal.FeatureManager            I CWWKF0008I: Feature update completed in 0.982 seconds.
[2020-03-05, 9:24:42:442 EST] 00000036 com.ibm.ws.kernel.feature.internal.FeatureManager            A CWWKF0011I: The defaultServer server is ready to run a smarter planet. The defaultServer server started in 1.364 seconds.
[2020-03-05, 9:24:42:444 EST] 0000004f com.ibm.ws.webcontainer.osgi.mbeans.PluginGenerator          I SRVE9103I: A configuration file for a web server plugin was automatically generated for this server at /Users/ankit.agrawal@ibm.com/foodOrderRestaurantApp/finish/restaurantBFF/target/liberty/wlp/usr/servers/defaultServer/logs/state/plugin-cfg.xml.
[2020-03-05, 10:46:05:329 EST] 00000079 .apache.cxf.cxf.core.3.2:1.0.37.cl200220200204-1746(id=107)] I Setting the server's publish address to be /api/
[2020-03-05, 10:46:05:373 EST] 00000079 com.ibm.ws.webcontainer.servlet                              I SRVE0242I: [restaurantBFF] [/] [io.openliberty.guides.restaurantbff.RestaurantBFFApplication]: Initialization successful.
[2020-03-06, 14:41:17:511 EST] 00000027 com.ibm.ws.kernel.launch.internal.FrameworkManager           A CWWKE0085I: The server defaultServer is stopping because the JVM is exiting.
[2020-03-06, 14:41:17:700 EST] 00000107 com.ibm.ws.runtime.update.internal.RuntimeUpdateManagerImpl  A CWWKE1100I: Waiting for up to 30 seconds for the server to quiesce.
[2020-03-06, 14:41:17:727 EST] 000000b6 com.ibm.ws.tcpchannel.internal.TCPChannel                    I CWWKO0220I: TCP Channel defaultHttpEndpoint has stopped listening for requests on host *  (IPv6) port 9080.
[2020-03-06, 14:41:17:738 EST] 000000b6 com.ibm.ws.http.internal.VirtualHostImpl                     A CWWKT0017I: Web application removed (default_host): http://ankits-mbp.war.can.ibm.com:9080/openapi/ui/
[2020-03-06, 14:41:17:741 EST] 000000b6 com.ibm.ws.http.internal.VirtualHostImpl                     A CWWKT0017I: Web application removed (default_host): http://ankits-mbp.war.can.ibm.com:9080/
[2020-03-06, 14:41:17:742 EST] 000000b6 com.ibm.ws.http.internal.VirtualHostImpl                     A CWWKT0017I: Web application removed (default_host): http://ankits-mbp.war.can.ibm.com:9080/openapi/
[2020-03-06, 14:41:17:880 EST] 00000028 com.ibm.ws.kernel.launch.internal.ServerCommandListener      A CWWKE0055I: Server shutdown requested on Friday, March 6, 2020 at 2:41 p.m.. The server defaultServer is shutting down.
[2020-03-06, 14:41:18:759 EST] 00000107 com.ibm.ws.runtime.update.internal.RuntimeUpdateManagerImpl  I CWWKE1101I: Server quiesce complete.
[2020-03-06, 14:41:18:971 EST] 00000100 com.ibm.ws.app.manager.AppMessageHelper                      A CWWKZ0009I: The application restaurantBFF has stopped successfully.
[2020-03-06, 14:41:19:417 EST] 00000001 com.ibm.ws.kernel.launch.internal.FrameworkManager           A CWWKE0036I: The server defaultServer stopped after 14 hours, 13 minutes, 35.9 seconds.
