********************************************************************************
product = Open Liberty 20.0.0.2 (wlp-1.0.37.cl200220200204-1746)
wlp.install.dir = /Users/ankit.agrawal@ibm.com/foodOrderRestaurantApp/finish/order/target/liberty/wlp/
java.home = /Library/Java/JavaVirtualMachines/adoptopenjdk-13-openj9.jdk/Contents/Home
java.version = 13.0.1
java.runtime = OpenJDK Runtime Environment (13.0.1+9)
os = Mac OS X (10.15.1; x86_64) (en_CA)
process = 79549@ankits-mbp.war.can.ibm.com
********************************************************************************
[2020-03-05, 9:24:12:706 EST] 00000001 com.ibm.ws.kernel.launch.internal.FrameworkManager           A CWWKE0001I: The server defaultServer has been launched.
[2020-03-05, 9:24:13:402 EST] 00000030 com.ibm.ws.config.xml.internal.ServerXMLConfiguration        A CWWKG0093A: Processing configuration drop-ins resource: /Users/ankit.agrawal@ibm.com/foodOrderRestaurantApp/finish/order/target/liberty/wlp/usr/servers/defaultServer/configDropins/overrides/liberty-plugin-variable-config.xml
[2020-03-05, 9:24:13:568 EST] 00000001 com.ibm.ws.kernel.launch.internal.FrameworkManager           I CWWKE0002I: The kernel started after 1.111 seconds
[2020-03-05, 9:24:13:591 EST] 00000038 com.ibm.ws.kernel.feature.internal.FeatureManager            I CWWKF0007I: Feature update started.
[2020-03-05, 9:24:13:882 EST] 00000030 .apache.cxf.cxf.core.3.2:1.0.37.cl200220200204-1746(id=156)] I Aries Blueprint packages not available. So namespaces will not be registered
[2020-03-05, 9:24:13:896 EST] 0000002d com.ibm.ws.annocache.service                                 I OSGi Work Path [ /Users/ankit.agrawal@ibm.com/foodOrderRestaurantApp/finish/order/target/liberty/wlp/usr/servers/defaultServer/workarea/org.eclipse.osgi/41/data ]
[2020-03-05, 9:24:13:926 EST] 00000030 com.ibm.ws.app.manager.internal.monitor.DropinMonitor        A CWWKZ0058I: Monitoring dropins for applications.
[2020-03-05, 9:24:14:380 EST] 00000040 com.ibm.ws.app.manager.AppMessageHelper                      I CWWKZ0018I: Starting application order.
[2020-03-05, 9:24:14:381 EST] 00000040 bm.ws.app.manager.war.internal.WARDeployedAppInfoFactoryImpl I CWWKZ0134I: The order application is using the loose application definition at the /Users/ankit.agrawal@ibm.com/foodOrderRestaurantApp/finish/order/target/liberty/wlp/usr/servers/defaultServer/apps/order.war.xml location.
[2020-03-05, 9:24:15:122 EST] 00000040 com.ibm.ws.session.WASSessionCore                            I SESN8501I: The session manager did not find a persistent storage location; HttpSession objects will be stored in the local application server's memory.
[2020-03-05, 9:24:15:137 EST] 00000040 org.jboss.weld.Version                                       I WELD-000900: 3.1.1 (Final)
[2020-03-05, 9:24:16:215 EST] 00000040 org.hibernate.validator.internal.util.Version                I HV000001: Hibernate Validator 6.1.1.Final
[2020-03-05, 9:24:17:032 EST] 00000040 lrye.reactive.messaging.extension.ReactiveMessagingExtension I Analyzing mediator bean: Managed Bean [class io.openliberty.guides.order.OrderResource] with qualifiers [@Any @Default]
[2020-03-05, 9:24:17:033 EST] 00000040 io.smallrye.reactive.messaging.extension.MediatorManager     I Scanning Type: class io.openliberty.guides.order.OrderResource
[2020-03-05, 9:24:17:038 EST] 00000040 io.smallrye.reactive.messaging.extension.MediatorManager     I Deployment done... start processing
[2020-03-05, 9:24:17:047 EST] 00000040 io.smallrye.reactive.messaging.impl.ConfiguredChannelFactory I Found incoming connectors: []
[2020-03-05, 9:24:17:047 EST] 00000040 io.smallrye.reactive.messaging.impl.ConfiguredChannelFactory I Found outgoing connectors: []
[2020-03-05, 9:24:17:047 EST] 00000040 io.smallrye.reactive.messaging.impl.ConfiguredChannelFactory I Stream manager initializing...
[2020-03-05, 9:24:17:164 EST] 00000040 SystemErr                                                    R SLF4J: Failed to load class "org.slf4j.impl.StaticLoggerBinder".
[2020-03-05, 9:24:17:164 EST] 00000040 SystemErr                                                    R SLF4J: Defaulting to no-operation (NOP) logger implementation
[2020-03-05, 9:24:17:165 EST] 00000040 SystemErr                                                    R SLF4J: See http://www.slf4j.org/codes.html#StaticLoggerBinder for further details.
[2020-03-05, 9:24:17:382 EST] 00000040 io.smallrye.reactive.messaging.extension.MediatorManager     I Initializing mediators
[2020-03-05, 9:24:17:484 EST] 00000040 io.smallrye.reactive.messaging.extension.MediatorManager     I Connecting mediators
[2020-03-05, 9:24:17:485 EST] 00000040 io.smallrye.reactive.messaging.extension.MediatorManager     I Attempt to resolve io.openliberty.guides.order.OrderResource#updateStatus
[2020-03-05, 9:24:17:485 EST] 00000040 io.smallrye.reactive.messaging.extension.MediatorManager     I Connecting io.openliberty.guides.order.OrderResource#updateStatus to `updateStatus` (org.eclipse.microprofile.reactive.streams.operators.core.PublisherBuilderImpl@c3d15b6b)
[2020-03-05, 9:24:17:504 EST] 00000040 io.smallrye.reactive.messaging.extension.MediatorManager     I Connecting method io.openliberty.guides.order.OrderResource#sendBeverageOrder to sink beverage
[2020-03-05, 9:24:17:505 EST] 00000040 io.smallrye.reactive.messaging.extension.MediatorManager     I Connecting method io.openliberty.guides.order.OrderResource#sendFoodOrder to sink food
[2020-03-05, 9:24:17:524 EST] 00000040 com.ibm.ws.webcontainer.osgi.webapp.WebGroup                 I SRVE0169I: Loading Web Module: Liberty Project.
[2020-03-05, 9:24:17:526 EST] 00000040 com.ibm.ws.webcontainer                                      I SRVE0250I: Web Module Liberty Project has been bound to default_host.
[2020-03-05, 9:24:17:526 EST] 00000040 com.ibm.ws.http.internal.VirtualHostImpl                     A CWWKT0016I: Web application available (default_host): http://ankits-mbp.war.can.ibm.com:9081/
[2020-03-05, 9:24:17:529 EST] 00000040 com.ibm.ws.app.manager.AppMessageHelper                      A CWWKZ0001I: Application order started in 3.149 seconds.
[2020-03-05, 9:24:17:538 EST] 0000004b com.ibm.ws.session.WASSessionCore                            I SESN0176I: A new session context will be created for application key default_host/
[2020-03-05, 9:24:17:543 EST] 0000004b com.ibm.ws.util                                              I SESN0172I: The session manager is using the Java default SecureRandom implementation for session ID generation.
[2020-03-05, 9:24:17:547 EST] 00000038 com.ibm.ws.tcpchannel.internal.TCPPort                       I CWWKO0219I: TCP Channel defaultHttpEndpoint has been started and is now listening for requests on host *  (IPv6) port 9081.
[2020-03-05, 9:24:17:565 EST] 00000038 com.ibm.ws.kernel.feature.internal.FeatureManager            A CWWKF0012I: The server installed the following features: [beanValidation-2.0, cdi-2.0, concurrent-1.0, el-3.0, jaxrs-2.1, jaxrsClient-2.1, jndi-1.0, jsonb-1.0, jsonp-1.1, mpConfig-1.3, mpReactiveMessaging-1.0, mpReactiveStreams-1.0, servlet-4.0].
[2020-03-05, 9:24:17:565 EST] 00000038 com.ibm.ws.kernel.feature.internal.FeatureManager            I CWWKF0008I: Feature update completed in 3.998 seconds.
[2020-03-05, 9:24:17:566 EST] 00000038 com.ibm.ws.kernel.feature.internal.FeatureManager            A CWWKF0011I: The defaultServer server is ready to run a smarter planet. The defaultServer server started in 5.110 seconds.
[2020-03-05, 9:24:17:751 EST] 00000048 com.ibm.ws.webcontainer.osgi.mbeans.PluginGenerator          I SRVE9103I: A configuration file for a web server plugin was automatically generated for this server at /Users/ankit.agrawal@ibm.com/foodOrderRestaurantApp/finish/order/target/liberty/wlp/usr/servers/defaultServer/logs/state/plugin-cfg.xml.
[2020-03-05, 10:46:05:758 EST] 00000047 .apache.cxf.cxf.core.3.2:1.0.37.cl200220200204-1746(id=156)] I Setting the server's publish address to be /
[2020-03-05, 10:46:05:802 EST] 00000047 com.ibm.ws.webcontainer.servlet                              I SRVE0242I: [order] [/] [io.openliberty.guides.order.OrderApplication]: Initialization successful.
[2020-03-05, 10:46:38:132 EST] 0000004e SystemOut                                                    O Sending NEW Order 0001 to kitchen
[2020-03-05, 10:46:38:133 EST] 00000057 SystemOut                                                    O Sending NEW Order 0003 to bar
[2020-03-05, 10:46:38:170 EST] 0000004e SystemOut                                                    O Sending NEW Order 0002 to kitchen
[2020-03-05, 10:46:38:171 EST] 00000057 SystemOut                                                    O Sending NEW Order 0004 to bar
[2020-03-05, 10:46:58:380 EST] 00000063 SystemOut                                                    O Updated Order 0001 status to IN_PROGRESS
[2020-03-05, 10:46:58:386 EST] 00000063 SystemOut                                                    O Updated Order 0003 status to IN_PROGRESS
[2020-03-05, 10:47:18:333 EST] 00000082 SystemOut                                                    O Updated Order 0001 status to READY
[2020-03-05, 10:47:18:343 EST] 00000049 SystemOut                                                    O Updated Order 0002 status to IN_PROGRESS
[2020-03-05, 10:47:18:348 EST] 00000049 SystemOut                                                    O Updated Order 0003 status to READY
[2020-03-05, 10:47:18:352 EST] 00000049 SystemOut                                                    O Updated Order 0004 status to IN_PROGRESS
[2020-03-05, 10:47:38:345 EST] 00000089 SystemOut                                                    O Updated Order 0002 status to READY
[2020-03-05, 10:47:38:349 EST] 00000084 SystemOut                                                    O Updated Order 0004 status to READY
[2020-03-05, 10:48:28:702 EST] 0000004e SystemOut                                                    O Sending NEW Order 0005 to kitchen
[2020-03-05, 10:48:28:703 EST] 00000057 SystemOut                                                    O Sending NEW Order 0007 to bar
[2020-03-05, 10:48:28:707 EST] 0000004e SystemOut                                                    O Sending NEW Order 0006 to kitchen
[2020-03-05, 10:48:28:708 EST] 00000057 SystemOut                                                    O Sending NEW Order 0008 to bar
[2020-03-05, 10:48:48:749 EST] 00000060 SystemOut                                                    O Updated Order 0007 status to IN_PROGRESS
[2020-03-05, 10:48:48:753 EST] 00000060 SystemOut                                                    O Updated Order 0005 status to IN_PROGRESS
[2020-03-05, 10:49:08:760 EST] 00000074 SystemOut                                                    O Updated Order 0007 status to READY
[2020-03-05, 10:49:08:764 EST] 00000074 SystemOut                                                    O Updated Order 0008 status to IN_PROGRESS
[2020-03-05, 10:49:28:766 EST] 00000063 SystemOut                                                    O Updated Order 0008 status to READY
[2020-03-05, 10:52:06:826 EST] 0000004e SystemOut                                                    O Sending NEW Order 0009 to kitchen
[2020-03-05, 10:52:06:826 EST] 00000057 SystemOut                                                    O Sending NEW Order 0011 to bar
[2020-03-05, 10:52:06:833 EST] 0000004e SystemOut                                                    O Sending NEW Order 0010 to kitchen
[2020-03-05, 10:52:06:833 EST] 00000057 SystemOut                                                    O Sending NEW Order 0012 to bar
[2020-03-05, 10:52:26:845 EST] 0000008d SystemOut                                                    O Updated Order 0011 status to IN_PROGRESS
[2020-03-05, 10:52:26:956 EST] 0000004f SystemOut                                                    O Updated Order 0009 status to IN_PROGRESS
[2020-03-05, 10:52:46:846 EST] 00000074 SystemOut                                                    O Updated Order 0011 status to READY
[2020-03-05, 10:52:46:850 EST] 00000074 SystemOut                                                    O Updated Order 0012 status to IN_PROGRESS
[2020-03-05, 10:53:06:850 EST] 0000004a SystemOut                                                    O Updated Order 0012 status to READY
[2020-03-05, 10:53:49:046 EST] 00000072 SystemOut                                                    O Updated Order 0010 status to IN_PROGRESS
[2020-03-05, 10:54:09:046 EST] 0000004f SystemOut                                                    O Updated Order 0010 status to READY
[2020-03-05, 14:31:31:919 EST] 0000004e SystemOut                                                    O Sending NEW Order 0013 to kitchen
[2020-03-05, 14:31:31:922 EST] 00000057 SystemOut                                                    O Sending NEW Order 0015 to bar
[2020-03-05, 14:31:31:958 EST] 00000057 SystemOut                                                    O Sending NEW Order 0016 to bar
[2020-03-05, 14:31:31:958 EST] 0000004e SystemOut                                                    O Sending NEW Order 0014 to kitchen
[2020-03-05, 14:31:52:065 EST] 0000008e SystemOut                                                    O Updated Order 0015 status to IN_PROGRESS
[2020-03-05, 14:31:52:226 EST] 000000a7 SystemOut                                                    O Updated Order 0013 status to IN_PROGRESS
[2020-03-05, 14:32:12:058 EST] 000000a6 SystemOut                                                    O Updated Order 0015 status to READY
[2020-03-05, 14:32:12:062 EST] 000000a6 SystemOut                                                    O Updated Order 0016 status to IN_PROGRESS
[2020-03-05, 14:32:12:202 EST] 00000093 SystemOut                                                    O Updated Order 0013 status to READY
[2020-03-05, 14:32:12:214 EST] 00000080 SystemOut                                                    O Updated Order 0014 status to IN_PROGRESS
[2020-03-05, 14:32:32:061 EST] 00000099 SystemOut                                                    O Updated Order 0016 status to READY
[2020-03-05, 14:34:35:630 EST] 0000004e SystemOut                                                    O Sending NEW Order 0017 to kitchen
[2020-03-05, 14:34:35:632 EST] 00000057 SystemOut                                                    O Sending NEW Order 0019 to bar
[2020-03-05, 14:34:35:639 EST] 0000004e SystemOut                                                    O Sending NEW Order 0018 to kitchen
[2020-03-05, 14:34:35:639 EST] 00000057 SystemOut                                                    O Sending NEW Order 0020 to bar
[2020-03-05, 14:34:55:657 EST] 000000c2 SystemOut                                                    O Updated Order 0019 status to IN_PROGRESS
[2020-03-05, 14:34:55:815 EST] 00000089 SystemOut                                                    O Updated Order 0017 status to IN_PROGRESS
[2020-03-05, 14:35:15:678 EST] 0000008e SystemOut                                                    O Updated Order 0019 status to READY
[2020-03-05, 14:35:15:683 EST] 0000008e SystemOut                                                    O Updated Order 0020 status to IN_PROGRESS
[2020-03-05, 14:35:35:693 EST] 000000b5 SystemOut                                                    O Updated Order 0020 status to READY
[2020-03-05, 14:36:07:474 EST] 000000d1 SystemOut                                                    O Updated Order 0017 status to IN_PROGRESS
[2020-03-05, 14:36:27:453 EST] 000000af SystemOut                                                    O Updated Order 0017 status to READY
[2020-03-05, 14:36:27:478 EST] 000000cd SystemOut                                                    O Updated Order 0018 status to IN_PROGRESS
[2020-03-05, 14:36:47:487 EST] 00000093 SystemOut                                                    O Updated Order 0018 status to READY
[2020-03-05, 14:41:42:688 EST] 00000091 SystemOut                                                    O Updated Order 0017 status to IN_PROGRESS
[2020-03-05, 14:42:02:681 EST] 000000ab SystemOut                                                    O Updated Order 0017 status to READY
[2020-03-05, 14:42:02:688 EST] 000000a7 SystemOut                                                    O Updated Order 0018 status to IN_PROGRESS
[2020-03-05, 14:42:22:704 EST] 000000c2 SystemOut                                                    O Updated Order 0018 status to READY
[2020-03-05, 14:43:49:828 EST] 000000c5 SystemOut                                                    O Updated Order 0017 status to IN_PROGRESS
[2020-03-05, 14:44:09:822 EST] 000000b5 SystemOut                                                    O Updated Order 0017 status to READY
[2020-03-05, 14:44:09:828 EST] 00000089 SystemOut                                                    O Updated Order 0018 status to IN_PROGRESS
[2020-03-05, 14:44:33:773 EST] 00000043 SystemOut                                                    O Updated Order 0017 status to IN_PROGRESS
[2020-03-05, 14:44:53:767 EST] 00000091 SystemOut                                                    O Updated Order 0017 status to READY
[2020-03-05, 14:44:53:772 EST] 000000ce SystemOut                                                    O Updated Order 0018 status to IN_PROGRESS
[2020-03-05, 14:45:13:774 EST] 000000ab SystemOut                                                    O Updated Order 0018 status to READY
[2020-03-05, 14:47:11:151 EST] 0000004e SystemOut                                                    O Sending NEW Order 0021 to kitchen
[2020-03-05, 14:47:11:152 EST] 00000057 SystemOut                                                    O Sending NEW Order 0024 to bar
[2020-03-05, 14:47:11:158 EST] 00000057 SystemOut                                                    O Sending NEW Order 0025 to bar
[2020-03-05, 14:47:11:158 EST] 0000004e SystemOut                                                    O Sending NEW Order 0022 to kitchen
[2020-03-05, 14:47:11:161 EST] 0000004e SystemOut                                                    O Sending NEW Order 0023 to kitchen
[2020-03-05, 14:47:31:176 EST] 000000a8 SystemOut                                                    O Updated Order 0024 status to IN_PROGRESS
[2020-03-05, 14:47:31:207 EST] 000000ad SystemOut                                                    O Updated Order 0021 status to IN_PROGRESS
[2020-03-05, 14:47:51:178 EST] 00000088 SystemOut                                                    O Updated Order 0024 status to READY
[2020-03-05, 14:47:51:182 EST] 00000088 SystemOut                                                    O Updated Order 0025 status to IN_PROGRESS
[2020-03-05, 14:47:51:201 EST] 000000ce SystemOut                                                    O Updated Order 0021 status to READY
[2020-03-05, 14:48:11:181 EST] 000000b6 SystemOut                                                    O Updated Order 0025 status to READY
[2020-03-05, 14:56:10:974 EST] 000000a6 SystemOut                                                    O Updated Order 0021 status to IN_PROGRESS
[2020-03-05, 14:56:30:963 EST] 000000ac SystemOut                                                    O Updated Order 0021 status to READY
[2020-03-05, 14:58:28:270 EST] 000000c2 SystemOut                                                    O Updated Order 0021 status to IN_PROGRESS
[2020-03-05, 14:58:48:262 EST] 000000c2 SystemOut                                                    O Updated Order 0021 status to READY
[2020-03-05, 14:58:48:272 EST] 000000c7 SystemOut                                                    O Updated Order 0022 status to IN_PROGRESS
[2020-03-05, 14:59:08:276 EST] 00000088 SystemOut                                                    O Updated Order 0022 status to READY
[2020-03-05, 14:59:08:280 EST] 00000088 SystemOut                                                    O Updated Order 0023 status to IN_PROGRESS
[2020-03-05, 14:59:28:279 EST] 000000b6 SystemOut                                                    O Updated Order 0023 status to READY
[2020-03-05, 15:00:41:032 EST] 000000c8 SystemOut                                                    O Updated Order 0021 status to IN_PROGRESS
[2020-03-05, 15:01:01:024 EST] 000000c0 SystemOut                                                    O Updated Order 0021 status to READY
[2020-03-05, 15:01:01:032 EST] 000000ab SystemOut                                                    O Updated Order 0022 status to IN_PROGRESS
[2020-03-05, 15:01:21:034 EST] 000000b5 SystemOut                                                    O Updated Order 0022 status to READY
[2020-03-05, 15:01:21:038 EST] 000000b5 SystemOut                                                    O Updated Order 0023 status to IN_PROGRESS
[2020-03-05, 15:01:41:038 EST] 000000c5 SystemOut                                                    O Updated Order 0023 status to READY
[2020-03-05, 15:02:06:033 EST] 0000004e SystemOut                                                    O Sending NEW Order 0026 to kitchen
[2020-03-05, 15:02:06:034 EST] 00000057 SystemOut                                                    O Sending NEW Order 0029 to bar
[2020-03-05, 15:02:06:038 EST] 00000057 SystemOut                                                    O Sending NEW Order 0030 to bar
[2020-03-05, 15:02:06:038 EST] 0000004e SystemOut                                                    O Sending NEW Order 0027 to kitchen
[2020-03-05, 15:02:06:041 EST] 0000004e SystemOut                                                    O Sending NEW Order 0028 to kitchen
[2020-03-05, 15:02:26:051 EST] 000000c2 SystemOut                                                    O Updated Order 0026 status to IN_PROGRESS
[2020-03-05, 15:02:26:057 EST] 000000c2 SystemOut                                                    O Updated Order 0029 status to IN_PROGRESS
[2020-03-05, 15:02:46:052 EST] 000000ac SystemOut                                                    O Updated Order 0026 status to READY
[2020-03-05, 15:02:46:056 EST] 000000ac SystemOut                                                    O Updated Order 0029 status to READY
[2020-03-05, 15:02:46:059 EST] 000000ac SystemOut                                                    O Updated Order 0030 status to IN_PROGRESS
[2020-03-05, 15:03:06:069 EST] 000000ca SystemOut                                                    O Updated Order 0030 status to READY
[2020-03-05, 15:03:53:119 EST] 000000ab SystemOut                                                    O Updated Order 0021 status to IN_PROGRESS
[2020-03-05, 15:04:13:110 EST] 000000cc SystemOut                                                    O Updated Order 0021 status to READY
[2020-03-05, 15:04:13:122 EST] 000000af SystemOut                                                    O Updated Order 0022 status to IN_PROGRESS
[2020-03-05, 15:04:33:123 EST] 000000c0 SystemOut                                                    O Updated Order 0022 status to READY
[2020-03-05, 15:04:33:127 EST] 000000c0 SystemOut                                                    O Updated Order 0023 status to IN_PROGRESS
[2020-03-05, 15:04:53:129 EST] 00000043 SystemOut                                                    O Updated Order 0023 status to READY
[2020-03-05, 15:04:53:132 EST] 00000043 SystemOut                                                    O Updated Order 0026 status to IN_PROGRESS
[2020-03-05, 15:05:13:133 EST] 000000ba SystemOut                                                    O Updated Order 0026 status to READY
[2020-03-05, 15:05:13:138 EST] 000000ba SystemOut                                                    O Updated Order 0027 status to IN_PROGRESS
[2020-03-05, 15:05:33:131 EST] 000000a6 SystemOut                                                    O Updated Order 0027 status to READY
[2020-03-05, 15:05:33:136 EST] 000000a6 SystemOut                                                    O Updated Order 0028 status to IN_PROGRESS
[2020-03-05, 15:05:53:136 EST] 00000088 SystemOut                                                    O Updated Order 0028 status to READY
[2020-03-05, 15:06:54:957 EST] 000000ca SystemOut                                                    O Updated Order 0021 status to IN_PROGRESS
[2020-03-05, 15:07:14:952 EST] 000000a7 SystemOut                                                    O Updated Order 0021 status to READY
[2020-03-05, 15:07:14:957 EST] 00000043 SystemOut                                                    O Updated Order 0022 status to IN_PROGRESS
[2020-03-05, 15:07:34:960 EST] 000000d1 SystemOut                                                    O Updated Order 0022 status to READY
[2020-03-05, 15:07:34:963 EST] 000000d1 SystemOut                                                    O Updated Order 0023 status to IN_PROGRESS
[2020-03-05, 15:07:54:967 EST] 00000093 SystemOut                                                    O Updated Order 0023 status to READY
[2020-03-05, 15:07:54:971 EST] 00000093 SystemOut                                                    O Updated Order 0026 status to IN_PROGRESS
[2020-03-05, 15:08:14:968 EST] 00000088 SystemOut                                                    O Updated Order 0026 status to READY
[2020-03-05, 15:08:14:972 EST] 00000088 SystemOut                                                    O Updated Order 0027 status to IN_PROGRESS
[2020-03-05, 15:08:34:969 EST] 000000c0 SystemOut                                                    O Updated Order 0027 status to READY
[2020-03-05, 15:08:34:972 EST] 000000c0 SystemOut                                                    O Updated Order 0028 status to IN_PROGRESS
[2020-03-05, 15:08:54:974 EST] 000000ba SystemOut                                                    O Updated Order 0028 status to READY
[2020-03-05, 15:10:00:670 EST] 000000af SystemOut                                                    O Updated Order 0021 status to IN_PROGRESS
[2020-03-05, 15:10:20:665 EST] 000000c5 SystemOut                                                    O Updated Order 0021 status to READY
[2020-03-05, 15:10:20:671 EST] 000000af SystemOut                                                    O Updated Order 0022 status to IN_PROGRESS
[2020-03-05, 15:10:40:679 EST] 000000cd SystemOut                                                    O Updated Order 0022 status to READY
[2020-03-05, 15:10:40:684 EST] 000000cd SystemOut                                                    O Updated Order 0023 status to IN_PROGRESS
[2020-03-05, 15:11:00:679 EST] 00000091 SystemOut                                                    O Updated Order 0023 status to READY
[2020-03-05, 15:11:00:682 EST] 00000091 SystemOut                                                    O Updated Order 0026 status to IN_PROGRESS
[2020-03-05, 15:11:20:684 EST] 00000093 SystemOut                                                    O Updated Order 0026 status to READY
[2020-03-05, 15:11:20:688 EST] 00000093 SystemOut                                                    O Updated Order 0027 status to IN_PROGRESS
[2020-03-05, 15:11:40:686 EST] 00000089 SystemOut                                                    O Updated Order 0027 status to READY
[2020-03-05, 15:11:40:690 EST] 00000089 SystemOut                                                    O Updated Order 0028 status to IN_PROGRESS
[2020-03-05, 15:12:00:689 EST] 00000043 SystemOut                                                    O Updated Order 0028 status to READY
[2020-03-06, 14:41:09:686 EST] 0000002a com.ibm.ws.kernel.launch.internal.ServerCommandListener      A CWWKE0055I: Server shutdown requested on Friday, March 6, 2020 at 2:41 p.m.. The server defaultServer is shutting down.
[2020-03-06, 14:41:09:759 EST] 00000103 com.ibm.ws.runtime.update.internal.RuntimeUpdateManagerImpl  A CWWKE1100I: Waiting for up to 30 seconds for the server to quiesce.
[2020-03-06, 14:41:09:776 EST] 000000e4 com.ibm.ws.tcpchannel.internal.TCPChannel                    I CWWKO0220I: TCP Channel defaultHttpEndpoint has stopped listening for requests on host *  (IPv6) port 9081.
[2020-03-06, 14:41:09:781 EST] 000000e4 com.ibm.ws.http.internal.VirtualHostImpl                     A CWWKT0017I: Web application removed (default_host): http://ankits-mbp.war.can.ibm.com:9081/
[2020-03-06, 14:41:39:777 EST] 00000103 com.ibm.ws.runtime.update.internal.RuntimeUpdateManagerImpl  W CWWKE1102W: The quiesce operation did not complete. The server will now stop.
[2020-03-06, 14:41:39:778 EST] 00000103 com.ibm.ws.runtime.update.internal.RuntimeUpdateManagerImpl  W CWWKE1107W: 2 threads did not complete during the quiesce period. 
[2020-03-06, 14:41:39:918 EST] 000000fd com.ibm.ws.webcontainer.servlet                              I SRVE0253I: [order] [/] [io.openliberty.guides.order.OrderApplication]: Destroy successful.
[2020-03-06, 14:41:40:016 EST] 000000fd io.smallrye.reactive.messaging.extension.MediatorManager     I Cancel subscriptions
[2020-03-06, 14:41:40:122 EST] 000000fd com.ibm.ws.app.manager.AppMessageHelper                      A CWWKZ0009I: The application order has stopped successfully.
[2020-03-06, 14:41:41:053 EST] 00000001 com.ibm.ws.kernel.launch.internal.FrameworkManager           A CWWKE0036I: The server defaultServer stopped after 14 hours, 14 minutes, 26.16 seconds.
