********************************************************************************
product = Open Liberty 20.0.0.2 (wlp-1.0.37.cl200220200204-1746)
wlp.install.dir = /Users/ankit.agrawal@ibm.com/foodOrderRestaurantApp/finish/order/target/liberty/wlp/
java.home = /Library/Java/JavaVirtualMachines/adoptopenjdk-13-openj9.jdk/Contents/Home
java.version = 13.0.1
java.runtime = OpenJDK Runtime Environment (13.0.1+9)
os = Mac OS X (10.15.1; x86_64) (en_CA)
process = 65819@Ankits-MacBook-Pro.local
********************************************************************************
[2020-03-02, 21:58:36:739 EST] 00000001 com.ibm.ws.kernel.launch.internal.FrameworkManager           A CWWKE0001I: The server defaultServer has been launched.
[2020-03-02, 21:58:37:258 EST] 00000030 com.ibm.ws.config.xml.internal.ServerXMLConfiguration        A CWWKG0093A: Processing configuration drop-ins resource: /Users/ankit.agrawal@ibm.com/foodOrderRestaurantApp/finish/order/target/liberty/wlp/usr/servers/defaultServer/configDropins/overrides/liberty-plugin-variable-config.xml
[2020-03-02, 21:58:37:371 EST] 00000001 com.ibm.ws.kernel.launch.internal.FrameworkManager           I CWWKE0002I: The kernel started after 1.05 seconds
[2020-03-02, 21:58:37:391 EST] 00000038 com.ibm.ws.kernel.feature.internal.FeatureManager            I CWWKF0007I: Feature update started.
[2020-03-02, 21:58:37:619 EST] 0000002d .apache.cxf.cxf.core.3.2:1.0.37.cl200220200204-1746(id=156)] I Aries Blueprint packages not available. So namespaces will not be registered
[2020-03-02, 21:58:37:636 EST] 00000030 com.ibm.ws.annocache.service                                 I OSGi Work Path [ /Users/ankit.agrawal@ibm.com/foodOrderRestaurantApp/finish/order/target/liberty/wlp/usr/servers/defaultServer/workarea/org.eclipse.osgi/41/data ]
[2020-03-02, 21:58:37:664 EST] 0000002f com.ibm.ws.app.manager.internal.monitor.DropinMonitor        A CWWKZ0058I: Monitoring dropins for applications.
[2020-03-02, 21:58:38:046 EST] 00000040 com.ibm.ws.app.manager.AppMessageHelper                      I CWWKZ0018I: Starting application order.
[2020-03-02, 21:58:38:046 EST] 00000040 bm.ws.app.manager.war.internal.WARDeployedAppInfoFactoryImpl I CWWKZ0134I: The order application is using the loose application definition at the /Users/ankit.agrawal@ibm.com/foodOrderRestaurantApp/finish/order/target/liberty/wlp/usr/servers/defaultServer/apps/order.war.xml location.
[2020-03-02, 21:58:38:691 EST] 00000040 com.ibm.ws.session.WASSessionCore                            I SESN8501I: The session manager did not find a persistent storage location; HttpSession objects will be stored in the local application server's memory.
[2020-03-02, 21:58:38:701 EST] 00000040 org.jboss.weld.Version                                       I WELD-000900: 3.1.1 (Final)
[2020-03-02, 21:58:39:775 EST] 00000040 org.hibernate.validator.internal.util.Version                I HV000001: Hibernate Validator 6.1.1.Final
[2020-03-02, 21:58:40:535 EST] 00000040 lrye.reactive.messaging.extension.ReactiveMessagingExtension I Analyzing mediator bean: Managed Bean [class io.openliberty.guides.order.OrderResource] with qualifiers [@Any @Default]
[2020-03-02, 21:58:40:536 EST] 00000040 io.smallrye.reactive.messaging.extension.MediatorManager     I Scanning Type: class io.openliberty.guides.order.OrderResource
[2020-03-02, 21:58:40:540 EST] 00000040 io.smallrye.reactive.messaging.extension.MediatorManager     I Deployment done... start processing
[2020-03-02, 21:58:40:547 EST] 00000040 io.smallrye.reactive.messaging.impl.ConfiguredChannelFactory I Found incoming connectors: []
[2020-03-02, 21:58:40:548 EST] 00000040 io.smallrye.reactive.messaging.impl.ConfiguredChannelFactory I Found outgoing connectors: []
[2020-03-02, 21:58:40:548 EST] 00000040 io.smallrye.reactive.messaging.impl.ConfiguredChannelFactory I Stream manager initializing...
[2020-03-02, 21:58:40:652 EST] 00000040 SystemErr                                                    R SLF4J: Failed to load class "org.slf4j.impl.StaticLoggerBinder".
[2020-03-02, 21:58:40:652 EST] 00000040 SystemErr                                                    R SLF4J: Defaulting to no-operation (NOP) logger implementation
[2020-03-02, 21:58:40:653 EST] 00000040 SystemErr                                                    R SLF4J: See http://www.slf4j.org/codes.html#StaticLoggerBinder for further details.
[2020-03-02, 21:58:40:851 EST] 00000040 io.smallrye.reactive.messaging.extension.MediatorManager     I Initializing mediators
[2020-03-02, 21:58:40:935 EST] 00000040 io.smallrye.reactive.messaging.extension.MediatorManager     I Connecting mediators
[2020-03-02, 21:58:40:936 EST] 00000040 io.smallrye.reactive.messaging.extension.MediatorManager     I Attempt to resolve io.openliberty.guides.order.OrderResource#updateStatus
[2020-03-02, 21:58:40:936 EST] 00000040 io.smallrye.reactive.messaging.extension.MediatorManager     I Connecting io.openliberty.guides.order.OrderResource#updateStatus to `updateStatus` (org.eclipse.microprofile.reactive.streams.operators.core.PublisherBuilderImpl@a3f7c247)
[2020-03-02, 21:58:40:956 EST] 00000040 io.smallrye.reactive.messaging.extension.MediatorManager     I Connecting method io.openliberty.guides.order.OrderResource#sendBeverageOrder to sink beverage
[2020-03-02, 21:58:40:956 EST] 00000040 io.smallrye.reactive.messaging.extension.MediatorManager     I Connecting method io.openliberty.guides.order.OrderResource#sendFoodOrder to sink food
[2020-03-02, 21:58:40:976 EST] 00000040 com.ibm.ws.webcontainer.osgi.webapp.WebGroup                 I SRVE0169I: Loading Web Module: Liberty Project.
[2020-03-02, 21:58:40:978 EST] 00000040 com.ibm.ws.webcontainer                                      I SRVE0250I: Web Module Liberty Project has been bound to default_host.
[2020-03-02, 21:58:40:978 EST] 00000040 com.ibm.ws.http.internal.VirtualHostImpl                     A CWWKT0016I: Web application available (default_host): http://192.168.0.16:9081/
[2020-03-02, 21:58:40:982 EST] 00000040 com.ibm.ws.app.manager.AppMessageHelper                      A CWWKZ0001I: Application order started in 2.937 seconds.
[2020-03-02, 21:58:40:993 EST] 00000077 com.ibm.ws.session.WASSessionCore                            I SESN0176I: A new session context will be created for application key default_host/
[2020-03-02, 21:58:40:998 EST] 00000077 com.ibm.ws.util                                              I SESN0172I: The session manager is using the Java default SecureRandom implementation for session ID generation.
[2020-03-02, 21:58:41:003 EST] 00000038 com.ibm.ws.tcpchannel.internal.TCPPort                       I CWWKO0219I: TCP Channel defaultHttpEndpoint has been started and is now listening for requests on host *  (IPv6) port 9081.
[2020-03-02, 21:58:41:011 EST] 00000038 com.ibm.ws.kernel.feature.internal.FeatureManager            A CWWKF0012I: The server installed the following features: [beanValidation-2.0, cdi-2.0, concurrent-1.0, el-3.0, jaxrs-2.1, jaxrsClient-2.1, jndi-1.0, jsonb-1.0, jsonp-1.1, mpConfig-1.3, mpReactiveMessaging-1.0, mpReactiveStreams-1.0, servlet-4.0].
[2020-03-02, 21:58:41:012 EST] 00000038 com.ibm.ws.kernel.feature.internal.FeatureManager            I CWWKF0008I: Feature update completed in 3.642 seconds.
[2020-03-02, 21:58:41:013 EST] 00000038 com.ibm.ws.kernel.feature.internal.FeatureManager            A CWWKF0011I: The defaultServer server is ready to run a smarter planet. The defaultServer server started in 4.693 seconds.
[2020-03-02, 21:58:41:015 EST] 00000075 com.ibm.ws.webcontainer.osgi.mbeans.PluginGenerator          I SRVE9103I: A configuration file for a web server plugin was automatically generated for this server at /Users/ankit.agrawal@ibm.com/foodOrderRestaurantApp/finish/order/target/liberty/wlp/usr/servers/defaultServer/logs/state/plugin-cfg.xml.
[2020-03-02, 21:59:14:772 EST] 0000002a com.ibm.ws.kernel.launch.internal.ServerCommandListener      A CWWKE0055I: Server shutdown requested on Monday, March 2, 2020 at 9:59 p.m.. The server defaultServer is shutting down.
[2020-03-02, 21:59:14:774 EST] 00000083 com.ibm.ws.runtime.update.internal.RuntimeUpdateManagerImpl  A CWWKE1100I: Waiting for up to 30 seconds for the server to quiesce.
[2020-03-02, 21:59:14:779 EST] 0000004e com.ibm.ws.tcpchannel.internal.TCPChannel                    I CWWKO0220I: TCP Channel defaultHttpEndpoint has stopped listening for requests on host *  (IPv6) port 9081.
[2020-03-02, 21:59:14:779 EST] 0000004e com.ibm.ws.http.internal.VirtualHostImpl                     A CWWKT0017I: Web application removed (default_host): http://192.168.0.16:9081/
[2020-03-02, 21:59:44:778 EST] 00000083 com.ibm.ws.runtime.update.internal.RuntimeUpdateManagerImpl  W CWWKE1102W: The quiesce operation did not complete. The server will now stop.
[2020-03-02, 21:59:44:779 EST] 00000083 com.ibm.ws.runtime.update.internal.RuntimeUpdateManagerImpl  W CWWKE1107W: 2 threads did not complete during the quiesce period. 
[2020-03-02, 21:59:44:830 EST] 0000005c io.smallrye.reactive.messaging.extension.MediatorManager     I Cancel subscriptions
[2020-03-02, 21:59:44:860 EST] 0000005c com.ibm.ws.app.manager.AppMessageHelper                      A CWWKZ0009I: The application order has stopped successfully.
[2020-03-02, 21:59:45:344 EST] 00000001 com.ibm.ws.kernel.launch.internal.FrameworkManager           A CWWKE0036I: The server defaultServer stopped after 1 minutes, 9.024 seconds.
