------Start of DE processing------ = [2020-03-02, 14:18:57:098 EST]
Exception = javax.ws.rs.ProcessingException
Source = com.ibm.ws.webcontainer.filter.WebAppFilterManager.invokeFilters
probeid = 1105
Stack Dump = javax.ws.rs.ProcessingException: java.net.ConnectException: ConnectException invoking http://localhost:9081/orders: Connection refused
	at org.apache.cxf.jaxrs.client.AbstractClient.checkClientException(AbstractClient.java:640)
	at org.apache.cxf.jaxrs.client.AbstractClient.preProcessResult(AbstractClient.java:616)
	at org.apache.cxf.jaxrs.client.WebClient.doResponse(WebClient.java:1120)
	at org.apache.cxf.jaxrs.client.WebClient.doChainedInvocation(WebClient.java:1057)
	at org.apache.cxf.jaxrs.client.WebClient.doInvoke(WebClient.java:902)
	at org.apache.cxf.jaxrs.client.WebClient.doInvoke(WebClient.java:871)
	at org.apache.cxf.jaxrs.client.WebClient.invoke(WebClient.java:431)
	at org.apache.cxf.jaxrs.client.SyncInvokerImpl.method(SyncInvokerImpl.java:135)
	at org.apache.cxf.jaxrs.client.SyncInvokerImpl.method(SyncInvokerImpl.java:130)
	at org.apache.cxf.jaxrs.client.SyncInvokerImpl.get(SyncInvokerImpl.java:50)
	at org.apache.cxf.jaxrs.client.spec.InvocationBuilderImpl.get(InvocationBuilderImpl.java:92)
	at io.openliberty.guides.restaurantbff.client.OrderClient.getOrders(OrderClient.java:56)
	at io.openliberty.guides.restaurantbff.client.OrderClient$Proxy$_$$_WeldClientProxy.getOrders(Unknown Source)
	at io.openliberty.guides.restaurantbff.RestaurantBFFOrderResource.getOrders(RestaurantBFFOrderResource.java:43)
	at io.openliberty.guides.restaurantbff.RestaurantBFFOrderResource$Proxy$_$$_WeldClientProxy.getOrders(Unknown Source)
	at jdk.internal.reflect.GeneratedMethodAccessor20.invoke(Unknown Source)
	at java.base/jdk.internal.reflect.DelegatingMethodAccessorImpl.invoke(DelegatingMethodAccessorImpl.java:43)
	at java.base/java.lang.reflect.Method.invoke(Method.java:567)
	at com.ibm.ws.jaxrs20.server.LibertyJaxRsServerFactoryBean.performInvocation(LibertyJaxRsServerFactoryBean.java:656)
	at com.ibm.ws.jaxrs20.server.LibertyJaxRsInvoker.performInvocation(LibertyJaxRsInvoker.java:160)
	at org.apache.cxf.service.invoker.AbstractInvoker.invoke(AbstractInvoker.java:96)
	at com.ibm.ws.jaxrs20.server.LibertyJaxRsInvoker.invoke(LibertyJaxRsInvoker.java:273)
	at org.apache.cxf.jaxrs.JAXRSInvoker.invoke(JAXRSInvoker.java:205)
	at com.ibm.ws.jaxrs20.server.LibertyJaxRsInvoker.invoke(LibertyJaxRsInvoker.java:444)
	at org.apache.cxf.jaxrs.JAXRSInvoker.invoke(JAXRSInvoker.java:111)
	at org.apache.cxf.interceptor.ServiceInvokerInterceptor$1.run(ServiceInvokerInterceptor.java:61)
	at org.apache.cxf.interceptor.ServiceInvokerInterceptor.handleMessage(ServiceInvokerInterceptor.java:99)
	at org.apache.cxf.phase.PhaseInterceptorChain.doIntercept(PhaseInterceptorChain.java:308)
	at org.apache.cxf.transport.ChainInitiationObserver.onMessage(ChainInitiationObserver.java:124)
	at org.apache.cxf.transport.http.AbstractHTTPDestination.invoke(AbstractHTTPDestination.java:274)
	at com.ibm.ws.jaxrs20.endpoint.AbstractJaxRsWebEndpoint.invoke(AbstractJaxRsWebEndpoint.java:134)
	at com.ibm.websphere.jaxrs.server.IBMRestServlet.handleRequest(IBMRestServlet.java:146)
	at com.ibm.websphere.jaxrs.server.IBMRestServlet.doGet(IBMRestServlet.java:112)
	at javax.servlet.http.HttpServlet.service(HttpServlet.java:686)
	at com.ibm.websphere.jaxrs.server.IBMRestServlet.service(IBMRestServlet.java:96)
	at com.ibm.ws.webcontainer.servlet.ServletWrapper.service(ServletWrapper.java:1230)
	at com.ibm.ws.webcontainer.servlet.ServletWrapper.handleRequest(ServletWrapper.java:729)
	at com.ibm.ws.webcontainer.servlet.ServletWrapper.handleRequest(ServletWrapper.java:426)
	at com.ibm.ws.webcontainer.filter.WebAppFilterManager.invokeFilters(WebAppFilterManager.java:1226)
	at com.ibm.ws.webcontainer.filter.WebAppFilterManager.invokeFilters(WebAppFilterManager.java:1010)
	at com.ibm.ws.webcontainer.servlet.CacheServletWrapper.handleRequest(CacheServletWrapper.java:75)
	at com.ibm.ws.webcontainer40.servlet.CacheServletWrapper40.handleRequest(CacheServletWrapper40.java:83)
	at com.ibm.ws.webcontainer.WebContainer.handleRequest(WebContainer.java:938)
	at com.ibm.ws.webcontainer.osgi.DynamicVirtualHost$2.run(DynamicVirtualHost.java:279)
	at com.ibm.ws.http.dispatcher.internal.channel.HttpDispatcherLink$TaskWrapper.run(HttpDispatcherLink.java:1134)
	at com.ibm.ws.http.dispatcher.internal.channel.HttpDispatcherLink.wrapHandlerAndExecute(HttpDispatcherLink.java:415)
	at com.ibm.ws.http.dispatcher.internal.channel.HttpDispatcherLink.ready(HttpDispatcherLink.java:374)
	at com.ibm.ws.http.channel.internal.inbound.HttpInboundLink.handleDiscrimination(HttpInboundLink.java:548)
	at com.ibm.ws.http.channel.internal.inbound.HttpInboundLink.handleNewRequest(HttpInboundLink.java:482)
	at com.ibm.ws.http.channel.internal.inbound.HttpInboundLink.processRequest(HttpInboundLink.java:347)
	at com.ibm.ws.http.channel.internal.inbound.HttpInboundLink.ready(HttpInboundLink.java:318)
	at com.ibm.ws.tcpchannel.internal.NewConnectionInitialReadCallback.sendToDiscriminators(NewConnectionInitialReadCallback.java:167)
	at com.ibm.ws.tcpchannel.internal.NewConnectionInitialReadCallback.complete(NewConnectionInitialReadCallback.java:75)
	at com.ibm.ws.tcpchannel.internal.WorkQueueManager.requestComplete(WorkQueueManager.java:504)
	at com.ibm.ws.tcpchannel.internal.WorkQueueManager.attemptIO(WorkQueueManager.java:574)
	at com.ibm.ws.tcpchannel.internal.WorkQueueManager.workerRun(WorkQueueManager.java:958)
	at com.ibm.ws.tcpchannel.internal.WorkQueueManager$Worker.run(WorkQueueManager.java:1047)
	at com.ibm.ws.threading.internal.ExecutorServiceImpl$RunnableWrapper.run(ExecutorServiceImpl.java:239)
	at java.base/java.util.concurrent.ThreadPoolExecutor.runWorker(ThreadPoolExecutor.java:1128)
	at java.base/java.util.concurrent.ThreadPoolExecutor$Worker.run(ThreadPoolExecutor.java:628)
	at java.base/java.lang.Thread.run(Thread.java:831)
Caused by: java.net.ConnectException: ConnectException invoking http://localhost:9081/orders: Connection refused
	at java.base/jdk.internal.reflect.NativeConstructorAccessorImpl.newInstance0(Native Method)
	at java.base/jdk.internal.reflect.NativeConstructorAccessorImpl.newInstance(NativeConstructorAccessorImpl.java:62)
	at java.base/jdk.internal.reflect.DelegatingConstructorAccessorImpl.newInstance(DelegatingConstructorAccessorImpl.java:45)
	at java.base/java.lang.reflect.Constructor.newInstanceWithCaller(Constructor.java:500)
	at java.base/java.lang.reflect.Constructor.newInstance(Constructor.java:481)
	at org.apache.cxf.transport.http.HTTPConduit$WrappedOutputStream.mapException(HTTPConduit.java:1451)
	at org.apache.cxf.transport.http.HTTPConduit$WrappedOutputStream.close(HTTPConduit.java:1434)
	at org.apache.cxf.io.AbstractWrappedOutputStream.close(AbstractWrappedOutputStream.java:77)
	at org.apache.cxf.transport.AbstractConduit.close(AbstractConduit.java:56)
	at org.apache.cxf.transport.http.HTTPConduit.close(HTTPConduit.java:689)
	at org.apache.cxf.interceptor.MessageSenderInterceptor$MessageSenderEndingInterceptor.handleMessage(MessageSenderInterceptor.java:63)
	at org.apache.cxf.phase.PhaseInterceptorChain.doIntercept(PhaseInterceptorChain.java:308)
	at org.apache.cxf.jaxrs.client.AbstractClient.doRunInterceptorChain(AbstractClient.java:712)
	at org.apache.cxf.jaxrs.client.WebClient.doChainedInvocation(WebClient.java:1056)
	... 57 more
Caused by: java.net.ConnectException: Connection refused
	at java.base/sun.nio.ch.Net.pollConnect(Native Method)
	at java.base/sun.nio.ch.Net.pollConnectNow(Net.java:579)
	at java.base/sun.nio.ch.NioSocketImpl.timedFinishConnect(NioSocketImpl.java:549)
	at java.base/sun.nio.ch.NioSocketImpl.connect(NioSocketImpl.java:597)
	at java.base/java.net.Socket.connect(Socket.java:603)
	at java.base/sun.net.NetworkClient.doConnect(NetworkClient.java:177)
	at java.base/sun.net.www.http.HttpClient.openServer(HttpClient.java:474)
	at java.base/sun.net.www.http.HttpClient.openServer(HttpClient.java:569)
	at java.base/sun.net.www.http.HttpClient.<init>(HttpClient.java:242)
	at java.base/sun.net.www.http.HttpClient.New(HttpClient.java:341)
	at java.base/sun.net.www.http.HttpClient.New(HttpClient.java:362)
	at java.base/sun.net.www.protocol.http.HttpURLConnection.getNewHttpClient(HttpURLConnection.java:1248)
	at java.base/sun.net.www.protocol.http.HttpURLConnection.plainConnect0(HttpURLConnection.java:1227)
	at java.base/sun.net.www.protocol.http.HttpURLConnection.plainConnect(HttpURLConnection.java:1081)
	at java.base/sun.net.www.protocol.http.HttpURLConnection.connect(HttpURLConnection.java:1015)
	at java.base/sun.net.www.protocol.http.HttpURLConnection.getInputStream0(HttpURLConnection.java:1587)
	at java.base/sun.net.www.protocol.http.HttpURLConnection.getInputStream(HttpURLConnection.java:1515)
	at java.base/java.net.HttpURLConnection.getResponseCode(HttpURLConnection.java:527)
	at org.apache.cxf.transport.http.URLConnectionHTTPConduit$URLConnectionWrappedOutputStream$2.run(URLConnectionHTTPConduit.java:418)
	at org.apache.cxf.transport.http.URLConnectionHTTPConduit$URLConnectionWrappedOutputStream$2.run(URLConnectionHTTPConduit.java:414)
	at java.base/java.security.AccessController.doPrivileged(AccessController.java:734)
	at org.apache.cxf.transport.http.URLConnectionHTTPConduit$URLConnectionWrappedOutputStream.getResponseCode(URLConnectionHTTPConduit.java:414)
	at org.apache.cxf.transport.http.HTTPConduit$WrappedOutputStream.doProcessResponseCode(HTTPConduit.java:1651)
	at org.apache.cxf.transport.http.HTTPConduit$WrappedOutputStream.handleResponseInternal(HTTPConduit.java:1679)
	at org.apache.cxf.transport.http.HTTPConduit$WrappedOutputStream.handleResponse(HTTPConduit.java:1624)
	at org.apache.cxf.transport.http.HTTPConduit$WrappedOutputStream.close(HTTPConduit.java:1421)
	... 64 more

Dump of callerThis
Object type = com.ibm.ws.webcontainer.osgi.filter.WebAppFilterManagerImpl
  _filterWrappers = class java.util.Hashtable@6fdcec20
    table = "/* Could not access table */"
    count = "/* Could not access count */"
    threshold = "/* Could not access threshold */"
    loadFactor = "/* Could not access loadFactor */"
    modCount = "/* Could not access modCount */"
    serialVersionUID = "/* Could not access serialVersionUID */"
    MAX_ARRAY_SIZE = "/* Could not access MAX_ARRAY_SIZE */"
    keySet = "/* Could not access keySet */"
    entrySet = "/* Could not access entrySet */"
    values = "/* Could not access values */"
    KEYS = "/* Could not access KEYS */"
    VALUES = "/* Could not access VALUES */"
    ENTRIES = "/* Could not access ENTRIES */"
  chainCache = class java.util.Collections$SynchronizedMap@f05eaaa3
    serialVersionUID = "/* Could not access serialVersionUID */"
    m = "/* Could not access m */"
    mutex = "/* Could not access mutex */"
    keySet = "/* Could not access keySet */"
    entrySet = "/* Could not access entrySet */"
    values = "/* Could not access values */"
  forwardChainCache = class java.util.Collections$SynchronizedMap@8958c89e
    serialVersionUID = "/* Could not access serialVersionUID */"
    m = "/* Could not access m */"
    mutex = "/* Could not access mutex */"
    keySet = "/* Could not access keySet */"
    entrySet = "/* Could not access entrySet */"
    values = "/* Could not access values */"
  includeChainCache = class java.util.Collections$SynchronizedMap@ce2bd4f1
    serialVersionUID = "/* Could not access serialVersionUID */"
    m = "/* Could not access m */"
    mutex = "/* Could not access mutex */"
    keySet = "/* Could not access keySet */"
    entrySet = "/* Could not access entrySet */"
    values = "/* Could not access values */"
  errorChainCache = class java.util.Collections$SynchronizedMap@cf9066f9
    serialVersionUID = "/* Could not access serialVersionUID */"
    m = "/* Could not access m */"
    mutex = "/* Could not access mutex */"
    keySet = "/* Could not access keySet */"
    entrySet = "/* Could not access entrySet */"
    values = "/* Could not access values */"
  _filtersDefined = false
  FMI_MAPPING_SINGLE_SLASH = 0
  FMI_MAPPING_PATH_MATCH = 1
  FMI_MAPPING_EXTENSION_MATCH = 2
  FMI_MAPPING_EXACT_MATCH = 3
  logger = class com.ibm.ws.logging.internal.WsLogger@a0f366d5
    tc = class com.ibm.websphere.ras.TraceComponent@bb969efc
      strings[0] = "TraceComponent[com.ibm.ws.logging.internal.WsLogger,class com.ibm.ws.logging.internal.WsLogger,[logging],com.ibm.ws.logging.internal.resources.LoggingMessages,null]"
    ivCachedResourceBundleName = null
    ivCachedResourceBundle = null
    ivComponent = null
    ivOrganization = null
    ivProduct = null
    ivMinimumLocalizationLevelIntValue = 625
    ivTC = class com.ibm.websphere.ras.TraceComponent@923d3a6d
      strings[0] = "TraceComponent[com.ibm.ws.webcontainer.filter,class com.ibm.wsspi.webcontainer.logging.LoggerFactory$1,[com.ibm.ws.webcontainer.filter],null,null]"
    loggerRegistrationComponent = class java.lang.ThreadLocal@365d2708
      threadLocalHashCode = "/* Could not access threadLocalHashCode */"
      nextHashCode = "/* Could not access nextHashCode */"
      HASH_INCREMENT = "/* Could not access HASH_INCREMENT */"
    emptyHandlers = "/* Could not access emptyHandlers */"
    offValue = "/* Could not access offValue */"
    SYSTEM_LOGGER_RB_NAME = "/* Could not access SYSTEM_LOGGER_RB_NAME */"
    SYSTEM_BUNDLE = "/* Could not access SYSTEM_BUNDLE */"
    NO_RESOURCE_BUNDLE = "/* Could not access NO_RESOURCE_BUNDLE */"
    config = "/* Could not access config */"
    manager = "/* Could not access manager */"
    name = "/* Could not access name */"
    loggerBundle = "/* Could not access loggerBundle */"
    anonymous = "/* Could not access anonymous */"
    catalog = "/* Could not access catalog */"
    catalogName = "/* Could not access catalogName */"
    catalogLocale = "/* Could not access catalogLocale */"
    treeLock = "/* Could not access treeLock */"
    parent = "/* Could not access parent */"
    kids = "/* Could not access kids */"
    callerModuleRef = "/* Could not access callerModuleRef */"
    isSystemLogger = "/* Could not access isSystemLogger */"
    GLOBAL_LOGGER_NAME = "global"
    global = class java.util.logging.Logger@4c01541a
      emptyHandlers = "/* Could not access emptyHandlers */"
      offValue = "/* Could not access offValue */"
      SYSTEM_LOGGER_RB_NAME = "/* Could not access SYSTEM_LOGGER_RB_NAME */"
      SYSTEM_BUNDLE = "/* Could not access SYSTEM_BUNDLE */"
      NO_RESOURCE_BUNDLE = "/* Could not access NO_RESOURCE_BUNDLE */"
      config = "/* Could not access config */"
      manager = "/* Could not access manager */"
      name = "/* Could not access name */"
      loggerBundle = "/* Could not access loggerBundle */"
      anonymous = "/* Could not access anonymous */"
      catalog = "/* Could not access catalog */"
      catalogName = "/* Could not access catalogName */"
      catalogLocale = "/* Could not access catalogLocale */"
      treeLock = "/* Could not access treeLock */"
      parent = "/* Could not access parent */"
      kids = "/* Could not access kids */"
      callerModuleRef = "/* Could not access callerModuleRef */"
      isSystemLogger = "/* Could not access isSystemLogger */"
      GLOBAL_LOGGER_NAME = "global"
      global = class java.util.logging.Logger@4c01541a
  CLASS_NAME = "com.ibm.ws.webcontainer.filter.WebAppFilterManager"
  nls = class com.ibm.ejs.ras.TraceNLS@4b0c43f1
    resolver = class com.ibm.ws.logging.internal.TraceNLSResolver@fec21d20
      tc = class com.ibm.websphere.ras.TraceComponent@aaeca59e
      DEBUG_TRACE_NLS_PROPERTY = "com.ibm.ejs.ras.debugTraceNLSResolver"
      debugTraceNLSResolver = false
      makeNoise = false
      nullKey = "null"
      svNullBundleName = "Resource Bundle name is null, key = {0}"
      svBundleNotLoaded = "Unable to load ResourceBundle {0}"
      svNullKeyMessage = "Null key passed while using ResourceBundle {0}"
      svMalformedMessage = "No message text associated with key {0} in bundle {1}"
    finder = null
    ivBundleName = "com.ibm.ws.webcontainer.resources.Messages"
    caller = class java.lang.Class@5b4ff8f9
      serialVersionUID = "/* Could not access serialVersionUID */"
      AllPermissionsPD = "/* Could not access AllPermissionsPD */"
      SYNTHETIC = "/* Could not access SYNTHETIC */"
      ANNOTATION = "/* Could not access ANNOTATION */"
      ENUM = "/* Could not access ENUM */"
      MEMBER_INVALID_TYPE = "/* Could not access MEMBER_INVALID_TYPE */"
      EmptyParameters = "/* Could not access EmptyParameters */"
      vmRef = "/* Could not access vmRef */"
      module = "/* Could not access module */"
      protectionDomain = "/* Could not access protectionDomain */"
      classNameString = "/* Could not access classNameString */"
      annotationVars = "/* Could not access annotationVars */"
      annotationVarsOffset = "/* Could not access annotationVarsOffset */"
      classValueMap = "/* Could not access classValueMap */"
      enumVars = "/* Could not access enumVars */"
      enumVarsOffset = "/* Could not access enumVarsOffset */"
      initializationLock = "/* Could not access initializationLock */"
      methodHandleCache = "/* Could not access methodHandleCache */"
      classRepoHolder = "/* Could not access classRepoHolder */"
      annotationCache = "/* Could not access annotationCache */"
      annotationCacheOffset = "/* Could not access annotationCacheOffset */"
      reflectCacheEnabled = "/* Could not access reflectCacheEnabled */"
      reflectCacheDebug = "/* Could not access reflectCacheDebug */"
      reflectCacheAppOnly = "/* Could not access reflectCacheAppOnly */"
      cachedInterfaces = "/* Could not access cachedInterfaces */"
      cachedInterfacesOffset = "/* Could not access cachedInterfacesOffset */"
      cachedDeclaringClass = "/* Could not access cachedDeclaringClass */"
      cachedDeclaringClassOffset = "/* Could not access cachedDeclaringClassOffset */"
      cachedEnclosingClass = "/* Could not access cachedEnclosingClass */"
      cachedEnclosingClassOffset = "/* Could not access cachedEnclosingClassOffset */"
      EMPTY_ANNOTATION_ARRAY = "/* Could not access EMPTY_ANNOTATION_ARRAY */"
      implLookup = "/* Could not access implLookup */"
      unsafe = "/* Could not access unsafe */"
      nestHost = "/* Could not access nestHost */"
      nestMembers = "/* Could not access nestMembers */"
      copyMethod = "/* Could not access copyMethod */"
      copyField = "/* Could not access copyField */"
      copyConstructor = "/* Could not access copyConstructor */"
      methodParameterTypesField = "/* Could not access methodParameterTypesField */"
      constructorParameterTypesField = "/* Could not access constructorParameterTypesField */"
      NoArgs = "/* Could not access NoArgs */"
      reflectCache = "/* Could not access reflectCache */"
      reflectCacheOffset = "/* Could not access reflectCacheOffset */"
  webAppConfig = class com.ibm.ws.webcontainer.osgi.webapp.WebAppConfiguration@a1e0448
    webModuleMetaData = class com.ibm.ws.webcontainer.osgi.metadata.WebModuleMetaDataImpl@4a9fc276
    webComponentMetaData = class com.ibm.ws.webcontainer.osgi.metadata.WebComponentMetaDataImpl@b0f4d0c0
    dVirtualHost = class com.ibm.ws.webcontainer.osgi.DynamicVirtualHost@9d893c43
      tc = class com.ibm.websphere.ras.TraceComponent@16a40553
      CLASS_NAME = "com.ibm.ws.webcontainer.osgi.DynamicVirtualHost"
      webContainerParent = class com.ibm.ws.webcontainer.osgi.WebContainer@46e4950f
      dhostConfig = class com.ibm.ws.webcontainer.osgi.DynamicVirtualHostConfiguration@c1e210cc
      predefinedMatcher = null
      normalizeRequestURI = false
      logger = class com.ibm.ws.logging.internal.WsLogger@c306605a
      CLASS_NAME = "com.ibm.ws.webcontainer.VirtualHost"
      vHostConfig = class com.ibm.ws.webcontainer.osgi.DynamicVirtualHostConfiguration@c1e210cc
      commands = class java.util.ArrayList@7b2bb291
      requestMapper = class com.ibm.wsspi.webcontainer.util.URIMapper@2be64be5
      parent = class com.ibm.ws.webcontainer.osgi.WebContainer@46e4950f
      name = "default_host"
      isAlive = true
      subElements = class java.util.HashMap@44e50dcf
      attributes = null
      config = null
      serialVersionUID = -8271459000149267764
      $$$tc$$$ = class com.ibm.websphere.ras.TraceComponent@bec557f4
    orderedLibPaths = class java.util.Collections$UnmodifiableRandomAccessList@3f0eccb
    bundleHeaders = null
    cdiEnabled = true
    CLASS_NAME = "com.ibm.ws.webcontainer.webapp.WebAppConfiguration"
    logger = class com.ibm.ws.logging.internal.WsLogger@a9f3f7d0
    tc = class com.ibm.websphere.ras.TraceComponent@7203885b
      strings[0] = "TraceComponent[com.ibm.ws.webcontainer.webapp.WebAppConfiguration,class com.ibm.ws.webcontainer.webapp.WebAppConfiguration,[webcontainer],com.ibm.ws.webcontainer.resources.LShimMessages,null]"
    nls = class com.ibm.ejs.ras.TraceNLS@d525f0ec
      resolver = class com.ibm.ws.logging.internal.TraceNLSResolver@fec21d20
      finder = null
      ivBundleName = "com.ibm.ws.webcontainer.resources.Messages"
      caller = class java.lang.Class@13868c95
    version = 31
    contextRoot = "/"
    isDefaultContextRootUsed = false
    sessionTimeout = 0
    moduleSessionTimeoutSet = false
    moduleSessionTrackingModeSet = false
    sessionCookieConfig = class com.ibm.ws.session.SessionCookieConfigImpl@4b5c9a88
      comment = ""
      domain = ""
      maxAge = -1
      maxAgeSet = false
      name = "JSESSIONID"
      path = "/"
      httpOnly = true
      httpOnlySet = false
      secure = false
      secureSet = false
      contextInitialized = true
      externalCall = true
      programmaticChange = false
      nls = class com.ibm.ejs.ras.TraceNLS@9d00d157
    hasProgrammaticCookieConfig = false
    sessionDefaultTrackingModeSet = class java.util.RegularEnumSet@99dc82ea
      serialVersionUID = "/* Could not access serialVersionUID */"
      elements = "/* Could not access elements */"
      serialVersionUID = "/* Could not access serialVersionUID */"
      elementType = "/* Could not access elementType */"
      universe = "/* Could not access universe */"
    sessionManagerConfig = class com.ibm.ws.session.SessionManagerConfig@b30e2872
      usingWebContainerSM = true
      useContextRootForSessionCookiePath = false
      usingMemory = true
      usingDatabase = false
      usingJCache = false
      usingMemToMem = false
      enableUrlProtocolSwitchRewriting = false
      dcookieName = "SSLJSESSION"
      sipSessionCookieName = "ibmappid"
      inMemorySize = 1000
      enableOverflow = true
      sessionInvalidationTime = 1800
      integrateSec = true
      throwSecurityExceptionOnGetSessionFalse = true
      invalidateOnUnauthorizedSessionRequestException = false
      allowSerializedSessionAccess = false
      serializedSessionAccessMaxWaitTime = 0
      accessSessionOnTimeout = true
      JNDIDataSourceName = "jdbc/sample"
      sessionDBID = null
      sessionDBPWD = null
      rowSize = 4
      tableSpaceName = null
      usingMultirow = false
      drsSettings = null
      enableEOSWrite = true
      enableManualWrite = false
      enableTimeBasedWrite = false
      mPropertyWriterInterval = 120
      writeAllProperties = false
      writeGetAndSetAttributes = false
      scheduledInvalidation = false
      firstHour = 0
      secondHour = 0
      is_zOS = false
      serverId = "ab96109b-d0f7-485b-bf20-734d97a134e4"
      cloneId = "ab96109b-d0f7-485b-bf20-734d97a134e4"
      sacKey = "DEFAULT_SAC_KEY"
      cloneSeparator = :
      debugSessionCrossover = false
      cloneIdPropertySet = false
      expectedCloneIdsPropertySet = false
      expectedCloneIds = null
      idReuse = false
      reaperPollInterval = 122
      turnOffCacheId = false
      turnOffCloneId = false
      noAffinitySwitchBack = false
      maxSessionIdentifierLength = 1024
      sessUrlRewritePrefix = ";jsessionid="
      tableNameValue = null
      checkRecentlyInvalidList = true
      modifyActiveCountOnInvalidatedSession = true
      useOracleBlob = false
      usingCustomSchemaName = false
      trackGCCount = false
      hideSessionValues = true
      hideSessionValuesPropertySet = false
      doRemoteInvalidations = true
      zosBaseServerReplication = false
      servlet21SessionCompat = false
      cacheIdLength = 0
      sessionIDLength = 23
      trackingModes = class java.util.RegularEnumSet@baefd3b3
      privateSessionCookieName = "JSESSIONID"
      privateSessionCookieComment = ""
      privateSessionCookieDomain = ""
      privateSessionCookieMaxAge = -1
      privateSessionCookiePath = "/"
      privateSessionCookieSecure = false
      privateSessionCookieHttpOnly = true
      cookieConfig = class com.ibm.ws.session.SessionCookieConfigImpl@4b5c9a88
      SIPConvergedHttpPort = 80
      SIPConvergedHttpsPort = 443
      SIPConvergedHostName = "localhost"
      optimizeCacheIdIncrements = false
      alwaysEncodeURL = false
      checkSessionCookieNameOnEncodeURL = false
      onlyCheckInCacheDuringPreInvoke = false
      enableHotFailover = true
      forceSessionInvalidationMultiple = 3
      persistSessionAfterPassivation = false
      usingApplicationSessionsAndInvalidateAll = false
      usingApplicationSessionsAlwaysRetrieve = false
      forceSessionIdLengthCheck = false
      securityUserIgnoreCase = false
      sessionTableSkipIndexCreation = false
      checkSessionNewOnIsValidRequest = true
      delayInvalidationAlarmDuringServerStartup = 5
      useSeparateSessionInvalidatorThreadPool = true
      connectionRetryCount = 2
    displayName = "Liberty Project"
    description = null
    reloadInterval = 0
    distributable = false
    denyUncoveredHttpMethods = false
    reloadingEnabled = false
    serveServletsByClassnameEnabled = false
    defaultErrorPage = null
    additionalClassPath = null
    fileServingEnabled = null
    directoryBrowsingEnabled = false
    autoRequestEncoding = false
    autoResponseEncoding = false
    autoLoadFilters = false
    requestListeners = null
    requestAttributeListeners = null
    sessionListeners = null
    localeMap = null
    moduleName = "restaurantBFF"
    j2eeModuleName = "restaurantBFF.war"
    moduleId = null
    isSyncToThreadEnabled = false
    encodeDispatchedRequestURI = false
    isSystemApp = false
    ardEnabled = false
    ardDispatchType = null
    listeners = class java.util.ArrayList@9e9327e0
      serialVersionUID = "/* Could not access serialVersionUID */"
      DEFAULT_CAPACITY = "/* Could not access DEFAULT_CAPACITY */"
      EMPTY_ELEMENTDATA = "/* Could not access EMPTY_ELEMENTDATA */"
      DEFAULTCAPACITY_EMPTY_ELEMENTDATA = "/* Could not access DEFAULTCAPACITY_EMPTY_ELEMENTDATA */"
      elementData = "/* Could not access elementData */"
      size = "/* Could not access size */"
      modCount = "/* Could not access modCount */"
    welcomeFileList = class java.util.ArrayList@3a519c5b
      serialVersionUID = "/* Could not access serialVersionUID */"
      DEFAULT_CAPACITY = "/* Could not access DEFAULT_CAPACITY */"
      EMPTY_ELEMENTDATA = "/* Could not access EMPTY_ELEMENTDATA */"
      DEFAULTCAPACITY_EMPTY_ELEMENTDATA = "/* Could not access DEFAULTCAPACITY_EMPTY_ELEMENTDATA */"
      elementData = "/* Could not access elementData */"
      size = "/* Could not access size */"
      modCount = "/* Could not access modCount */"
    servletMappings = class java.util.HashMap@d379720e
      serialVersionUID = "/* Could not access serialVersionUID */"
      DEFAULT_INITIAL_CAPACITY = "/* Could not access DEFAULT_INITIAL_CAPACITY */"
      MAXIMUM_CAPACITY = "/* Could not access MAXIMUM_CAPACITY */"
      DEFAULT_LOAD_FACTOR = "/* Could not access DEFAULT_LOAD_FACTOR */"
      TREEIFY_THRESHOLD = "/* Could not access TREEIFY_THRESHOLD */"
      UNTREEIFY_THRESHOLD = "/* Could not access UNTREEIFY_THRESHOLD */"
      MIN_TREEIFY_CAPACITY = "/* Could not access MIN_TREEIFY_CAPACITY */"
      table = "/* Could not access table */"
      entrySet = "/* Could not access entrySet */"
      size = "/* Could not access size */"
      modCount = "/* Could not access modCount */"
      threshold = "/* Could not access threshold */"
      loadFactor = "/* Could not access loadFactor */"
      keySet = "/* Could not access keySet */"
      values = "/* Could not access values */"
    lastIndexBeforeDeclaredFilters = 0
    filterMappings = class java.util.ArrayList@f5e259c1
      serialVersionUID = "/* Could not access serialVersionUID */"
      DEFAULT_CAPACITY = "/* Could not access DEFAULT_CAPACITY */"
      EMPTY_ELEMENTDATA = "/* Could not access EMPTY_ELEMENTDATA */"
      DEFAULTCAPACITY_EMPTY_ELEMENTDATA = "/* Could not access DEFAULTCAPACITY_EMPTY_ELEMENTDATA */"
      elementData = "/* Could not access elementData */"
      size = "/* Could not access size */"
      modCount = "/* Could not access modCount */"
    servletInfo = class java.util.concurrent.ConcurrentHashMap@2b58a675
      serialVersionUID = "/* Could not access serialVersionUID */"
      MAXIMUM_CAPACITY = "/* Could not access MAXIMUM_CAPACITY */"
      DEFAULT_CAPACITY = "/* Could not access DEFAULT_CAPACITY */"
      MAX_ARRAY_SIZE = "/* Could not access MAX_ARRAY_SIZE */"
      DEFAULT_CONCURRENCY_LEVEL = "/* Could not access DEFAULT_CONCURRENCY_LEVEL */"
      LOAD_FACTOR = "/* Could not access LOAD_FACTOR */"
      TREEIFY_THRESHOLD = "/* Could not access TREEIFY_THRESHOLD */"
      UNTREEIFY_THRESHOLD = "/* Could not access UNTREEIFY_THRESHOLD */"
      MIN_TREEIFY_CAPACITY = "/* Could not access MIN_TREEIFY_CAPACITY */"
      MIN_TRANSFER_STRIDE = "/* Could not access MIN_TRANSFER_STRIDE */"
      RESIZE_STAMP_BITS = "/* Could not access RESIZE_STAMP_BITS */"
      MAX_RESIZERS = "/* Could not access MAX_RESIZERS */"
      RESIZE_STAMP_SHIFT = "/* Could not access RESIZE_STAMP_SHIFT */"
      MOVED = "/* Could not access MOVED */"
      TREEBIN = "/* Could not access TREEBIN */"
      RESERVED = "/* Could not access RESERVED */"
      HASH_BITS = "/* Could not access HASH_BITS */"
      NCPU = "/* Could not access NCPU */"
      serialPersistentFields = "/* Could not access serialPersistentFields */"
      table = "/* Could not access table */"
      nextTable = "/* Could not access nextTable */"
      baseCount = "/* Could not access baseCount */"
      sizeCtl = "/* Could not access sizeCtl */"
      transferIndex = "/* Could not access transferIndex */"
      cellsBusy = "/* Could not access cellsBusy */"
      counterCells = "/* Could not access counterCells */"
      keySet = "/* Could not access keySet */"
      values = "/* Could not access values */"
      entrySet = "/* Could not access entrySet */"
      U = "/* Could not access U */"
      SIZECTL = "/* Could not access SIZECTL */"
      TRANSFERINDEX = "/* Could not access TRANSFERINDEX */"
      BASECOUNT = "/* Could not access BASECOUNT */"
      CELLSBUSY = "/* Could not access CELLSBUSY */"
      CELLVALUE = "/* Could not access CELLVALUE */"
      ABASE = "/* Could not access ABASE */"
      ASHIFT = "/* Could not access ASHIFT */"
      keySet = "/* Could not access keySet */"
      values = "/* Could not access values */"
    filterInfo = class java.util.HashMap@2ec29ab2
      serialVersionUID = "/* Could not access serialVersionUID */"
      DEFAULT_INITIAL_CAPACITY = "/* Could not access DEFAULT_INITIAL_CAPACITY */"
      MAXIMUM_CAPACITY = "/* Could not access MAXIMUM_CAPACITY */"
      DEFAULT_LOAD_FACTOR = "/* Could not access DEFAULT_LOAD_FACTOR */"
      TREEIFY_THRESHOLD = "/* Could not access TREEIFY_THRESHOLD */"
      UNTREEIFY_THRESHOLD = "/* Could not access UNTREEIFY_THRESHOLD */"
      MIN_TREEIFY_CAPACITY = "/* Could not access MIN_TREEIFY_CAPACITY */"
      table = "/* Could not access table */"
      entrySet = "/* Could not access entrySet */"
      size = "/* Could not access size */"
      modCount = "/* Could not access modCount */"
      threshold = "/* Could not access threshold */"
      loadFactor = "/* Could not access loadFactor */"
      keySet = "/* Could not access keySet */"
      values = "/* Could not access values */"
    mimeMappings = class java.util.HashMap@2f9a76a8
      serialVersionUID = "/* Could not access serialVersionUID */"
      DEFAULT_INITIAL_CAPACITY = "/* Could not access DEFAULT_INITIAL_CAPACITY */"
      MAXIMUM_CAPACITY = "/* Could not access MAXIMUM_CAPACITY */"
      DEFAULT_LOAD_FACTOR = "/* Could not access DEFAULT_LOAD_FACTOR */"
      TREEIFY_THRESHOLD = "/* Could not access TREEIFY_THRESHOLD */"
      UNTREEIFY_THRESHOLD = "/* Could not access UNTREEIFY_THRESHOLD */"
      MIN_TREEIFY_CAPACITY = "/* Could not access MIN_TREEIFY_CAPACITY */"
      table = "/* Could not access table */"
      entrySet = "/* Could not access entrySet */"
      size = "/* Could not access size */"
      modCount = "/* Could not access modCount */"
      threshold = "/* Could not access threshold */"
      loadFactor = "/* Could not access loadFactor */"
      keySet = "/* Could not access keySet */"
      values = "/* Could not access values */"
    mimeFilters = null
    isMimeFilteringEnabled = false
    theWebGroup = null
    jspAttributes = class java.util.HashMap@486df948
      serialVersionUID = "/* Could not access serialVersionUID */"
      DEFAULT_INITIAL_CAPACITY = "/* Could not access DEFAULT_INITIAL_CAPACITY */"
      MAXIMUM_CAPACITY = "/* Could not access MAXIMUM_CAPACITY */"
      DEFAULT_LOAD_FACTOR = "/* Could not access DEFAULT_LOAD_FACTOR */"
      TREEIFY_THRESHOLD = "/* Could not access TREEIFY_THRESHOLD */"
      UNTREEIFY_THRESHOLD = "/* Could not access UNTREEIFY_THRESHOLD */"
      MIN_TREEIFY_CAPACITY = "/* Could not access MIN_TREEIFY_CAPACITY */"
      table = "/* Could not access table */"
      entrySet = "/* Could not access entrySet */"
      size = "/* Could not access size */"
      modCount = "/* Could not access modCount */"
      threshold = "/* Could not access threshold */"
      loadFactor = "/* Could not access loadFactor */"
      keySet = "/* Could not access keySet */"
      values = "/* Could not access values */"
    fileServingAttributes = class java.util.HashMap@6232c811
      serialVersionUID = "/* Could not access serialVersionUID */"
      DEFAULT_INITIAL_CAPACITY = "/* Could not access DEFAULT_INITIAL_CAPACITY */"
      MAXIMUM_CAPACITY = "/* Could not access MAXIMUM_CAPACITY */"
      DEFAULT_LOAD_FACTOR = "/* Could not access DEFAULT_LOAD_FACTOR */"
      TREEIFY_THRESHOLD = "/* Could not access TREEIFY_THRESHOLD */"
      UNTREEIFY_THRESHOLD = "/* Could not access UNTREEIFY_THRESHOLD */"
      MIN_TREEIFY_CAPACITY = "/* Could not access MIN_TREEIFY_CAPACITY */"
      table = "/* Could not access table */"
      entrySet = "/* Could not access entrySet */"
      size = "/* Could not access size */"
      modCount = "/* Could not access modCount */"
      threshold = "/* Could not access threshold */"
      loadFactor = "/* Could not access loadFactor */"
      keySet = "/* Could not access keySet */"
      values = "/* Could not access values */"
    invokerAttributes = class java.util.HashMap@6cebb658
      serialVersionUID = "/* Could not access serialVersionUID */"
      DEFAULT_INITIAL_CAPACITY = "/* Could not access DEFAULT_INITIAL_CAPACITY */"
      MAXIMUM_CAPACITY = "/* Could not access MAXIMUM_CAPACITY */"
      DEFAULT_LOAD_FACTOR = "/* Could not access DEFAULT_LOAD_FACTOR */"
      TREEIFY_THRESHOLD = "/* Could not access TREEIFY_THRESHOLD */"
      UNTREEIFY_THRESHOLD = "/* Could not access UNTREEIFY_THRESHOLD */"
      MIN_TREEIFY_CAPACITY = "/* Could not access MIN_TREEIFY_CAPACITY */"
      table = "/* Could not access table */"
      entrySet = "/* Could not access entrySet */"
      size = "/* Could not access size */"
      modCount = "/* Could not access modCount */"
      threshold = "/* Could not access threshold */"
      loadFactor = "/* Could not access loadFactor */"
      keySet = "/* Could not access keySet */"
      values = "/* Could not access values */"
    contextParams = class java.util.HashMap@31fececa
      serialVersionUID = "/* Could not access serialVersionUID */"
      DEFAULT_INITIAL_CAPACITY = "/* Could not access DEFAULT_INITIAL_CAPACITY */"
      MAXIMUM_CAPACITY = "/* Could not access MAXIMUM_CAPACITY */"
      DEFAULT_LOAD_FACTOR = "/* Could not access DEFAULT_LOAD_FACTOR */"
      TREEIFY_THRESHOLD = "/* Could not access TREEIFY_THRESHOLD */"
      UNTREEIFY_THRESHOLD = "/* Could not access UNTREEIFY_THRESHOLD */"
      MIN_TREEIFY_CAPACITY = "/* Could not access MIN_TREEIFY_CAPACITY */"
      table = "/* Could not access table */"
      entrySet = "/* Could not access entrySet */"
      size = "/* Could not access size */"
      modCount = "/* Could not access modCount */"
      threshold = "/* Could not access threshold */"
      loadFactor = "/* Could not access loadFactor */"
      keySet = "/* Could not access keySet */"
      values = "/* Could not access values */"
    virtualHost = "default_host"
    exceptionErrorPages = class java.util.HashMap@9da66d23
      serialVersionUID = "/* Could not access serialVersionUID */"
      DEFAULT_INITIAL_CAPACITY = "/* Could not access DEFAULT_INITIAL_CAPACITY */"
      MAXIMUM_CAPACITY = "/* Could not access MAXIMUM_CAPACITY */"
      DEFAULT_LOAD_FACTOR = "/* Could not access DEFAULT_LOAD_FACTOR */"
      TREEIFY_THRESHOLD = "/* Could not access TREEIFY_THRESHOLD */"
      UNTREEIFY_THRESHOLD = "/* Could not access UNTREEIFY_THRESHOLD */"
      MIN_TREEIFY_CAPACITY = "/* Could not access MIN_TREEIFY_CAPACITY */"
      table = "/* Could not access table */"
      entrySet = "/* Could not access entrySet */"
      size = "/* Could not access size */"
      modCount = "/* Could not access modCount */"
      threshold = "/* Could not access threshold */"
      loadFactor = "/* Could not access loadFactor */"
      keySet = "/* Could not access keySet */"
      values = "/* Could not access values */"
    codeErrorPages = class java.util.HashMap@91ba4ce9
      serialVersionUID = "/* Could not access serialVersionUID */"
      DEFAULT_INITIAL_CAPACITY = "/* Could not access DEFAULT_INITIAL_CAPACITY */"
      MAXIMUM_CAPACITY = "/* Could not access MAXIMUM_CAPACITY */"
      DEFAULT_LOAD_FACTOR = "/* Could not access DEFAULT_LOAD_FACTOR */"
      TREEIFY_THRESHOLD = "/* Could not access TREEIFY_THRESHOLD */"
      UNTREEIFY_THRESHOLD = "/* Could not access UNTREEIFY_THRESHOLD */"
      MIN_TREEIFY_CAPACITY = "/* Could not access MIN_TREEIFY_CAPACITY */"
      table = "/* Could not access table */"
      entrySet = "/* Could not access entrySet */"
      size = "/* Could not access size */"
      modCount = "/* Could not access modCount */"
      threshold = "/* Could not access threshold */"
      loadFactor = "/* Could not access loadFactor */"
      keySet = "/* Could not access keySet */"
      values = "/* Could not access values */"
    tagLibList = null
    precompileJsps = false
    webApp = class com.ibm.ws.webcontainer40.osgi.webapp.WebApp40@fda69ba7
    virtualHostList = class java.util.Collections$EmptyList@f070a20c
      serialVersionUID = "/* Could not access serialVersionUID */"
      modCount = "/* Could not access modCount */"
    appStartupWeight = 0
    moduleStartupWeight = 0
    metaDataComplete = false
    classesToScan = class java.util.ArrayList@68dd1e7a
      serialVersionUID = "/* Could not access serialVersionUID */"
      DEFAULT_CAPACITY = "/* Could not access DEFAULT_CAPACITY */"
      EMPTY_ELEMENTDATA = "/* Could not access EMPTY_ELEMENTDATA */"
      DEFAULTCAPACITY_EMPTY_ELEMENTDATA = "/* Could not access DEFAULTCAPACITY_EMPTY_ELEMENTDATA */"
      elementData = "/* Could not access elementData */"
      size = "/* Could not access size */"
      modCount = "/* Could not access modCount */"
    uriFilterMappingInfos = null
    servletFilterMappingInfos = null
    dynamicServletRegistrationMap = null
    applicationName = "restaurantBFF"
    libBinPathList = null
    webXmlDefinedListeners = class java.util.HashSet@b81a1161
      serialVersionUID = "/* Could not access serialVersionUID */"
      map = "/* Could not access map */"
      PRESENT = "/* Could not access PRESENT */"
    allRefs = class java.util.EnumMap@b10c9e03
      keyType = "/* Could not access keyType */"
      keyUniverse = "/* Could not access keyUniverse */"
      vals = "/* Could not access vals */"
      size = "/* Could not access size */"
      NULL = "/* Could not access NULL */"
      entrySet = "/* Could not access entrySet */"
      serialVersionUID = "/* Could not access serialVersionUID */"
      keySet = "/* Could not access keySet */"
      values = "/* Could not access values */"
    allRefBindings = class java.util.EnumMap@ab3756b7
      keyType = "/* Could not access keyType */"
      keyUniverse = "/* Could not access keyUniverse */"
      vals = "/* Could not access vals */"
      size = "/* Could not access size */"
      NULL = "/* Could not access NULL */"
      entrySet = "/* Could not access entrySet */"
      serialVersionUID = "/* Could not access serialVersionUID */"
      keySet = "/* Could not access keySet */"
      values = "/* Could not access values */"
    envEntryValues = class java.util.HashMap@2c002389
      serialVersionUID = "/* Could not access serialVersionUID */"
      DEFAULT_INITIAL_CAPACITY = "/* Could not access DEFAULT_INITIAL_CAPACITY */"
      MAXIMUM_CAPACITY = "/* Could not access MAXIMUM_CAPACITY */"
      DEFAULT_LOAD_FACTOR = "/* Could not access DEFAULT_LOAD_FACTOR */"
      TREEIFY_THRESHOLD = "/* Could not access TREEIFY_THRESHOLD */"
      UNTREEIFY_THRESHOLD = "/* Could not access UNTREEIFY_THRESHOLD */"
      MIN_TREEIFY_CAPACITY = "/* Could not access MIN_TREEIFY_CAPACITY */"
      table = "/* Could not access table */"
      entrySet = "/* Could not access entrySet */"
      size = "/* Could not access size */"
      modCount = "/* Could not access modCount */"
      threshold = "/* Could not access threshold */"
      loadFactor = "/* Could not access loadFactor */"
      keySet = "/* Could not access keySet */"
      values = "/* Could not access values */"
    resourceRefConfigList = null
    disallowAllFileServingProp = "false"
    disallowServeServletsByClassnameProp = "true"
    disableStaticMappingCache = false
    jspCachedLocations = null
    primedSTSHeader = "NoValue"
    enablemultireadofpostdata = false
    requestEncoding = null
    responseEncoding = null
    NULLSERVLETNAME = "com.ibm.ws.webcontainer.NullServletName"
    _id = "WebAppGeneratedId3"
    _attributes = null
    serialVersionUID = 7511545662945734886
    $$$tc$$$ = class com.ibm.websphere.ras.TraceComponent@c4929ddb
      strings[0] = "TraceComponent[com.ibm.ws.container.BaseConfiguration,class com.ibm.ws.container.BaseConfiguration,[],null,null]"
  webApp = class com.ibm.ws.webcontainer40.osgi.webapp.WebApp40@fda69ba7
    tc = class com.ibm.websphere.ras.TraceComponent@93f51170
      strings[0] = "TraceComponent[com.ibm.ws.webcontainer40.osgi.webapp.WebApp40,class com.ibm.ws.webcontainer40.osgi.webapp.WebApp40,[webcontainer],com.ibm.ws.webcontainer31.resources.Messages,null]"
    servlet40NLS = class com.ibm.ejs.ras.TraceNLS@2ff3136d
      resolver = class com.ibm.ws.logging.internal.TraceNLSResolver@fec21d20
      finder = null
      ivBundleName = "com.ibm.ws.webcontainer40.resources.Messages"
      caller = class java.lang.Class@533a5248
    CLASS_NAME = "com.ibm.ws.webcontainer40.osgi.webapp.WebApp40"
    defaultSessionTimeout = 30
    tc = class com.ibm.websphere.ras.TraceComponent@d2432760
      strings[0] = "TraceComponent[com.ibm.ws.webcontainer31.osgi.webapp.WebApp31,class com.ibm.ws.webcontainer31.osgi.webapp.WebApp31,[webcontainer],com.ibm.ws.webcontainer31.resources.Messages,null]"
    CLASS_NAME = "com.ibm.ws.webcontainer31.osgi.webapp.WebApp31"
    servlet31NLS = class com.ibm.ejs.ras.TraceNLS@841603ae
      resolver = class com.ibm.ws.logging.internal.TraceNLSResolver@fec21d20
      finder = null
      ivBundleName = "com.ibm.ws.webcontainer31.resources.Messages"
      caller = class java.lang.Class@a53e2e6c
    validListenerClasses = class java.lang.Class[7]
      Class[0] = class java.lang.Class@ee6f83e2
      Class[1] = class java.lang.Class@76c13ce7
      Class[2] = class java.lang.Class@142f470c
      Class[3] = class java.lang.Class@657f3dc4
      Class[4] = class java.lang.Class@bb2ceec4
      Class[5] = class java.lang.Class@c93fbc51
      Class[6] = class java.lang.Class@f3d289fa
    wsocServHandler = null
    tc = class com.ibm.websphere.ras.TraceComponent@8a1eadc9
      strings[0] = "TraceComponent[com.ibm.ws.webcontainer.osgi.webapp.WebApp,class com.ibm.ws.webcontainer.osgi.webapp.WebApp,[webcontainer],com.ibm.ws.webcontainer.resources.LShimMessages,null]"
    CLASS_NAME = "com.ibm.ws.webcontainer.osgi.webapp.WebApp"
    metaDataService = class com.ibm.ws.container.service.metadata.internal.MetaDataServiceImpl@c82b854e
      applicationMetaDataManager = class com.ibm.ws.container.service.metadata.internal.ApplicationMetaDataManager@bca05a76
      moduleMetaDataManager = class com.ibm.ws.container.service.metadata.internal.ModuleMetaDataManager@f4a03b6d
      componentMetaDataManager = class com.ibm.ws.container.service.metadata.internal.ComponentMetaDataManager@9493b4b7
      methodMetaDataManager = class com.ibm.ws.container.service.metadata.internal.MethodMetaDataManager@50e56ef7
      appModuleNameToModuleContainer = class java.util.concurrent.ConcurrentHashMap@4ba7e82a
      jeeNameToComponentMetaData = class java.util.concurrent.ConcurrentHashMap@9b9b488
      deferredMetaDataFactories = class com.ibm.wsspi.kernel.service.utils.ConcurrentServiceReferenceSet@bdb75119
      deferredMetaDataInitializers = class com.ibm.wsspi.kernel.service.utils.ConcurrentServiceReferenceMap@1160a5f6
      serialVersionUID = -2494605732980966097
      $$$tc$$$ = class com.ibm.websphere.ras.TraceComponent@346312e2
    namespacePopulated = false
    referenceContext = class com.ibm.ws.injectionengine.osgi.internal.OSGiReferenceContextImpl@2a99114f
      scopeData = class com.ibm.ws.injectionengine.osgi.internal.OSGiInjectionScopeData@fb48494b
      serialVersionUID = 521511923892134915
      $$$tc$$$ = class com.ibm.websphere.ras.TraceComponent@c73f24a0
      CLASS_NAME = "com.ibm.ws.injectionengine.ReferenceContextImpl"
      tc = class com.ibm.websphere.ras.TraceComponent@b603ecc0
      ivInjectionEngine = class com.ibm.ws.injectionengine.osgi.internal.OSGiInjectionEngineImpl@a633bcf2
      ivProviders = class java.util.ArrayList@589e25f3
      ivComponentJavaContext = null
      ivComponentNameSpace = null
      ivJavaColonCompEnvMap = class java.util.LinkedHashMap@e5f898d5
      ivEjbContext10 = class java.util.Properties@6d20f22a
      ivResourceRefConfigList = class com.ibm.ws.resource.internal.ResourceRefConfigListImpl@2c162415
      isAlreadyProcessed = true
      ivProcessFailure = null
      ivInjectionTargetMap = class java.util.concurrent.ConcurrentHashMap@cfa75b73
      svInjTarMapCacheSize = 256
      ivDeclaredInjectionTargets = class java.util.HashMap@1a4bf0be
      ivProcessedInjectionClasses = class java.util.HashSet@8c6b7a8c
      svInjClassMapCacheSize = 512
      ivProcessedInjectionBindings = class java.util.ArrayList@483e0263
      ivAnyProcessDynamic = false
      ivCheckAppConfig = false
    j2eeNameFactory = class com.ibm.ws.container.service.metadata.internal.J2EENameFactoryImpl@73842602
      serialVersionUID = 3486344295038028821
      $$$tc$$$ = class com.ibm.websphere.ras.TraceComponent@f663b9c3
    moduleLoader = class com.ibm.ws.classloading.internal.AppClassLoader@9ad113c6
      tc = class com.ibm.websphere.ras.TraceComponent@9589bd2c
      disableSharedClassesCache = false
      PARENT_FIRST_SEARCH_ORDER = class java.util.Collections$UnmodifiableRandomAccessList@9b05b4e9
      CLASS_LOADING_TRACE_PREFIX = "com.ibm.ws.class.load."
      DEFAULT_PACKAGE = "default.package"
      perPackageClassLoadingTraceComponents = class java.util.concurrent.ConcurrentHashMap@a887f98
      config = class com.ibm.ws.classloading.internal.ClassLoaderConfigurationImpl@c12df273
      privateLibraries = null
      delegateLoaders = class com.ibm.ws.classloading.internal.util.CompositeIterable@7ba7fbaa
      nativeLibraryFiles = class java.util.ArrayList@7b4f8fc3
      transformers = class java.util.ArrayList@1bb534c9
      apiAccess = class com.ibm.ws.classloading.internal.GatewayClassLoader@10a1126d
      generator = class com.ibm.ws.classloading.internal.ClassGeneratorManager@b05e08
      protectionDomains = class java.util.concurrent.ConcurrentHashMap@1566113c
      parent = class com.ibm.ws.classloading.internal.GatewayClassLoader@10a1126d
      hook = class com.ibm.ws.kernel.boot.classloader.SharedClassCacheHook@ef3b1dcd
      serialVersionUID = 6578332052554033431
      tc = class com.ibm.websphere.ras.TraceComponent@b3889731
      smartClassPath = class com.ibm.ws.classloading.internal.ContainerClassLoader$SmartClassPathImpl@5f666261
      nativeLibraryContainers = class java.util.ArrayList@f3e077ac
      redefiner = class com.ibm.ws.classloading.internal.util.ClassRedefiner@9f2eef37
      jarProtocol = "wsjar:"
      mapCreationQueue = class java.util.concurrent.Executors$FinalizableDelegatedExecutorService@930bc86b
      serialVersionUID = 6399598832433768509
      serialVersionUID = -7411549862368381758
      $$$tc$$$ = class com.ibm.websphere.ras.TraceComponent@74a6c278
      serialVersionUID = -4868702105808481416
      $$$tc$$$ = class com.ibm.websphere.ras.TraceComponent@b1aa2458
      serialVersionUID = 2596921220292114344
      $$$tc$$$ = class com.ibm.websphere.ras.TraceComponent@aa05730e
      pdcache = "/* Could not access pdcache */"
    webAppConfig = class com.ibm.ws.webcontainer.osgi.webapp.WebAppConfiguration@a1e0448
    extensionProcessingDisabled = false
    managedObjectService = class com.ibm.ws.cdi.impl.managedobject.CDIManagedObjectService@eb676b27
      cdiServiceRef = class com.ibm.wsspi.kernel.service.utils.AtomicServiceReference@4ae55574
      defaultMOSRef = class com.ibm.wsspi.kernel.service.utils.AtomicServiceReference@6c5b6d7a
      cdiRuntime = class com.ibm.ws.cdi.liberty.CDIRuntimeImpl@3560af2a
      serialVersionUID = 6431825704414919683
      $$$tc$$$ = class com.ibm.websphere.ras.TraceComponent@f34472a6
    GenPluginCfgMB = null
    internalServletMetaData = interface com.ibm.wsspi.webcontainer.metadata.WebComponentMetaData[2]
      WebComponentMetaData[0] = null
      WebComponentMetaData[1] = null
    loginProcessor = null
    logoutProcessor = null
    collabHelper = class com.ibm.ws.webcontainer.osgi.collaborator.CollaboratorHelperImpl@e795ae91
    envObject = class com.ibm.ws.util.WSThreadLocal@dc2d90b6
      tc = class com.ibm.ejs.ras.TraceComponent@855fcd49
      count = 7
      index = 1
      SUSPECTED_MISUSAGE_THRESHOLD = 200
      threadLocalHashCode = "/* Could not access threadLocalHashCode */"
      nextHashCode = "/* Could not access nextHashCode */"
      HASH_INCREMENT = "/* Could not access HASH_INCREMENT */"
    orderedLibPaths = class java.util.Collections$UnmodifiableRandomAccessList@3f0eccb
      serialVersionUID = "/* Could not access serialVersionUID */"
      serialVersionUID = "/* Could not access serialVersionUID */"
      list = "/* Could not access list */"
      serialVersionUID = "/* Could not access serialVersionUID */"
      c = "/* Could not access c */"
    perm = class com.ibm.websphere.security.WebSphereRuntimePermission@5255f94
      serialVersionUID = -3306242789188168337
      $$$tc$$$ = class com.ibm.websphere.ras.TraceComponent@7b42c749
      serialVersionUID = "/* Could not access serialVersionUID */"
      wildcard = "/* Could not access wildcard */"
      path = "/* Could not access path */"
      exitVM = "/* Could not access exitVM */"
      serialVersionUID = "/* Could not access serialVersionUID */"
      name = "/* Could not access name */"
    WELCOME_FILE_LIST = "com.ibm.ws.webcontainer.config.WelcomeFileList"
    DIR_BROWSING_MAPPING = "__dirBrowsing__1583175122953"
    FILTER_PROXY_MAPPING = "/__filterProxy__1583175122953"
    logger = class com.ibm.ws.logging.internal.WsLogger@a9f3f7d0
      tc = class com.ibm.websphere.ras.TraceComponent@bb969efc
      ivCachedResourceBundleName = null
      ivCachedResourceBundle = null
      ivComponent = null
      ivOrganization = null
      ivProduct = null
      ivMinimumLocalizationLevelIntValue = 625
      ivTC = class com.ibm.websphere.ras.TraceComponent@e378fc07
      loggerRegistrationComponent = class java.lang.ThreadLocal@365d2708
      emptyHandlers = "/* Could not access emptyHandlers */"
      offValue = "/* Could not access offValue */"
      SYSTEM_LOGGER_RB_NAME = "/* Could not access SYSTEM_LOGGER_RB_NAME */"
      SYSTEM_BUNDLE = "/* Could not access SYSTEM_BUNDLE */"
      NO_RESOURCE_BUNDLE = "/* Could not access NO_RESOURCE_BUNDLE */"
      config = "/* Could not access config */"
      manager = "/* Could not access manager */"
      name = "/* Could not access name */"
      loggerBundle = "/* Could not access loggerBundle */"
      anonymous = "/* Could not access anonymous */"
      catalog = "/* Could not access catalog */"
      catalogName = "/* Could not access catalogName */"
      catalogLocale = "/* Could not access catalogLocale */"
      treeLock = "/* Could not access treeLock */"
      parent = "/* Could not access parent */"
      kids = "/* Could not access kids */"
      callerModuleRef = "/* Could not access callerModuleRef */"
      isSystemLogger = "/* Could not access isSystemLogger */"
      GLOBAL_LOGGER_NAME = "global"
      global = class java.util.logging.Logger@4c01541a
    CLASS_NAME = "com.ibm.ws.webcontainer.webapp.WebApp"
    loader = class com.ibm.ws.classloading.internal.ThreadContextClassLoader@f118379b
      tc = class com.ibm.websphere.ras.TraceComponent@765d02dc
      bundle = class java.util.concurrent.atomic.AtomicReference@275963f5
      key = "WebModule:restaurantBFF#restaurantBFF.war"
      refCount = class java.util.concurrent.atomic.AtomicInteger@91f427cc
      appLoader = class com.ibm.ws.classloading.internal.AppClassLoader@9ad113c6
      clSvc = class com.ibm.ws.classloading.internal.ClassLoadingServiceImpl@752dc187
      serialVersionUID = 846416563800781557
      tc = class com.ibm.websphere.ras.TraceComponent@f9bc3567
      followOnClassLoaders = class java.util.ArrayList@9390e88e
      serialVersionUID = 8829649920524275888
      serialVersionUID = -4868702105808481416
      $$$tc$$$ = class com.ibm.websphere.ras.TraceComponent@b1aa2458
      serialVersionUID = 2596921220292114344
      $$$tc$$$ = class com.ibm.websphere.ras.TraceComponent@aa05730e
      pdcache = "/* Could not access pdcache */"
    facade = class com.ibm.ws.webcontainer40.facade.ServletContextFacade40@c90f2cdf
      context = class com.ibm.ws.webcontainer40.osgi.webapp.WebApp40@fda69ba7
    features = class java.util.ArrayList@d9df6689
      serialVersionUID = "/* Could not access serialVersionUID */"
      DEFAULT_CAPACITY = "/* Could not access DEFAULT_CAPACITY */"
      EMPTY_ELEMENTDATA = "/* Could not access EMPTY_ELEMENTDATA */"
      DEFAULTCAPACITY_EMPTY_ELEMENTDATA = "/* Could not access DEFAULTCAPACITY_EMPTY_ELEMENTDATA */"
      elementData = "/* Could not access elementData */"
      size = "/* Could not access size */"
      modCount = "/* Could not access modCount */"
    applicationName = "restaurantBFF"
    config = class com.ibm.ws.webcontainer.osgi.webapp.WebAppConfiguration@a1e0448
    securityEnabledForApp = false
    webExtensionProcessor = class com.ibm.ws.webcontainer.osgi.extension.WebExtensionProcessor@b14397f1
      webApp = class com.ibm.ws.webcontainer40.osgi.webapp.WebApp40@fda69ba7
      extensionContext = class com.ibm.ws.webcontainer40.osgi.webapp.WebApp40@fda69ba7
    production = true
    isServlet23 = true
    contextPath = "/"
    internalServletList = class [Ljava.lang.String;[2]
      String[][0] = class java.lang.String[2]
      String[][1] = class java.lang.String[2]
    BY_NAME_ONLY = "/_1583175123486_/"
    filterManager = class com.ibm.ws.webcontainer.osgi.filter.WebAppFilterManagerImpl@382de5be
    documentRoot = null
    SERVLET_API_VERSION = "Servlet 2.5"
    disableServletAuditLogging = -1
    serverInfo = "IBM WebSphere Liberty/20.0.0.2"
    sessionCtx = class com.ibm.ws.webcontainer31.session.impl.HttpSessionContext31Impl@f86539f0
      methodClassName = "HttpSessionContextImpl"
      _smc = class com.ibm.ws.session.SessionManagerConfig@b30e2872
      sessionStoreService = null
      _sap = class com.ibm.ws.session.SessionApplicationParameters@a7b9e046
      _coreHttpSessionManager = class com.ibm.ws.session.SessionManager@d8e4a040
      _coreHttpAppSessionManager = null
      _sam = class com.ibm.ws.webcontainer.session.impl.SessionAffinityManagerImpl@bea6d3c9
      isSIPApplication = false
      sessionAttributeListener = false
      sessionListener = true
      mHttpSessionAttributeListeners = class java.util.ArrayList@6166e91d
      mHttpSessionListeners = class java.util.ArrayList@933596df
      mHttpSessionIdListeners = class java.util.ArrayList@63c9b101
      mHttpSessionAttributeListenersJ2eeNames = class java.util.ArrayList@3ab07308
      mHttpSessionListenersJ2eeNames = class java.util.ArrayList@c5646403
      mHttpSessionIdListenersJ2eeNames = class java.util.ArrayList@2a763eb0
      mLocalHost = null
      _refCount = 1
      currentThreadSacHashtable = null
      methodClassName = "SessionContext"
      ANONYMOUS_USER = "anonymous"
      wasHttpSessionObserver = class com.ibm.ws.session.WasHttpSessionObserver@a13b46df
      wasHttpSessionAttributeObserver = null
      _invalidator = class com.ibm.ws.session.SessionInvalidatorWithThreadPool@cab17065
      _storer = class com.ibm.ws.session.EOSSessionStorer@c8c78ecf
      wasHttpAppSessionObserver = null
      mHttpAppSessionListeners = null
      cmvcInfo = "CMVC Version 1.9 6/24/07 11:12:24"
      _loggedVersion = true
      CREATE_CORE_SESSION_MANAGER = 0
      GET_REQUESTED_SESSION_ID = 1
      GET_IHTTP_SESSION = 2
      SESSION_PRE_INVOKE = 3
      SESSION_POST_INVOKE = 4
      STOP = 5
      STOP_LISTENERS = 6
      IS_VALID = 7
      ENCODE_URL = 8
      SHOULD_ENCODE_URL = 9
      IS_PROTOCOL_SWITCH = 10
      GET_LOCAL_HOST = 11
      ADD_HTTP_SESSION_ATTRIBUTE_LISTENER = 12
      ADD_HTTP_SESSION_LISTENER = 13
      GET_SESSION_AFFINITY_CONTEXT = 14
      CHECK_SECURITY = 15
      INVALIDATE = 16
      CHECK_SESSSIONID_IS_RIGHT_LENGTH = 17
      LOCK_SESSION = 18
      UNLOCK_SESSION = 19
      ADD_HTTP_SESSION_ID_LISTENER = 20
      methodNames = class java.lang.String[21]
    eventSource = class com.ibm.ws.webcontainer.webapp.WebAppEventSource@46b37cae
    nls = class com.ibm.ejs.ras.TraceNLS@2dab141f
      resolver = class com.ibm.ws.logging.internal.TraceNLSResolver@fec21d20
      finder = null
      ivBundleName = "com.ibm.ws.webcontainer.resources.Messages"
      caller = class java.lang.Class@5c3618b6
    liberty_nls = class com.ibm.ejs.ras.TraceNLS@1bcf8f51
      resolver = class com.ibm.ws.logging.internal.TraceNLSResolver@fec21d20
      finder = null
      ivBundleName = "com.ibm.ws.webcontainer.resources.LShimMessages"
      caller = class java.lang.Class@5c3618b6
    error_nls = class com.ibm.ejs.ras.TraceNLS@a89f3254
      resolver = class com.ibm.ws.logging.internal.TraceNLSResolver@fec21d20
      finder = null
      ivBundleName = "com.ibm.ws.webcontainer.resources.ErrorPage"
      caller = class java.lang.Class@5c3618b6
    sessionListeners = class java.util.ArrayList@a8c6326d
      serialVersionUID = "/* Could not access serialVersionUID */"
      DEFAULT_CAPACITY = "/* Could not access DEFAULT_CAPACITY */"
      EMPTY_ELEMENTDATA = "/* Could not access EMPTY_ELEMENTDATA */"
      DEFAULTCAPACITY_EMPTY_ELEMENTDATA = "/* Could not access DEFAULTCAPACITY_EMPTY_ELEMENTDATA */"
      elementData = "/* Could not access elementData */"
      size = "/* Could not access size */"
      modCount = "/* Could not access modCount */"
    sessionIdListeners = class java.util.ArrayList@c3421614
      serialVersionUID = "/* Could not access serialVersionUID */"
      DEFAULT_CAPACITY = "/* Could not access DEFAULT_CAPACITY */"
      EMPTY_ELEMENTDATA = "/* Could not access EMPTY_ELEMENTDATA */"
      DEFAULTCAPACITY_EMPTY_ELEMENTDATA = "/* Could not access DEFAULTCAPACITY_EMPTY_ELEMENTDATA */"
      elementData = "/* Could not access elementData */"
      size = "/* Could not access size */"
      modCount = "/* Could not access modCount */"
    sessionAttrListeners = class java.util.ArrayList@56713a83
      serialVersionUID = "/* Could not access serialVersionUID */"
      DEFAULT_CAPACITY = "/* Could not access DEFAULT_CAPACITY */"
      EMPTY_ELEMENTDATA = "/* Could not access EMPTY_ELEMENTDATA */"
      DEFAULTCAPACITY_EMPTY_ELEMENTDATA = "/* Could not access DEFAULTCAPACITY_EMPTY_ELEMENTDATA */"
      elementData = "/* Could not access elementData */"
      size = "/* Could not access size */"
      modCount = "/* Could not access modCount */"
    addedSessionListeners = class java.util.ArrayList@56007fc7
      serialVersionUID = "/* Could not access serialVersionUID */"
      DEFAULT_CAPACITY = "/* Could not access DEFAULT_CAPACITY */"
      EMPTY_ELEMENTDATA = "/* Could not access EMPTY_ELEMENTDATA */"
      DEFAULTCAPACITY_EMPTY_ELEMENTDATA = "/* Could not access DEFAULTCAPACITY_EMPTY_ELEMENTDATA */"
      elementData = "/* Could not access elementData */"
      size = "/* Could not access size */"
      modCount = "/* Could not access modCount */"
    addedSessionAttrListeners = class java.util.ArrayList@eb7a1aa2
      serialVersionUID = "/* Could not access serialVersionUID */"
      DEFAULT_CAPACITY = "/* Could not access DEFAULT_CAPACITY */"
      EMPTY_ELEMENTDATA = "/* Could not access EMPTY_ELEMENTDATA */"
      DEFAULTCAPACITY_EMPTY_ELEMENTDATA = "/* Could not access DEFAULTCAPACITY_EMPTY_ELEMENTDATA */"
      elementData = "/* Could not access elementData */"
      size = "/* Could not access size */"
      modCount = "/* Could not access modCount */"
    servletContextListeners = class java.util.ArrayList@e185a9f3
      serialVersionUID = "/* Could not access serialVersionUID */"
      DEFAULT_CAPACITY = "/* Could not access DEFAULT_CAPACITY */"
      EMPTY_ELEMENTDATA = "/* Could not access EMPTY_ELEMENTDATA */"
      DEFAULTCAPACITY_EMPTY_ELEMENTDATA = "/* Could not access DEFAULTCAPACITY_EMPTY_ELEMENTDATA */"
      elementData = "/* Could not access elementData */"
      size = "/* Could not access size */"
      modCount = "/* Could not access modCount */"
    servletContextLAttrListeners = class java.util.ArrayList@d23c2923
      serialVersionUID = "/* Could not access serialVersionUID */"
      DEFAULT_CAPACITY = "/* Could not access DEFAULT_CAPACITY */"
      EMPTY_ELEMENTDATA = "/* Could not access EMPTY_ELEMENTDATA */"
      DEFAULTCAPACITY_EMPTY_ELEMENTDATA = "/* Could not access DEFAULTCAPACITY_EMPTY_ELEMENTDATA */"
      elementData = "/* Could not access elementData */"
      size = "/* Could not access size */"
      modCount = "/* Could not access modCount */"
    servletRequestListeners = class java.util.ArrayList@280eaf96
      serialVersionUID = "/* Could not access serialVersionUID */"
      DEFAULT_CAPACITY = "/* Could not access DEFAULT_CAPACITY */"
      EMPTY_ELEMENTDATA = "/* Could not access EMPTY_ELEMENTDATA */"
      DEFAULTCAPACITY_EMPTY_ELEMENTDATA = "/* Could not access DEFAULTCAPACITY_EMPTY_ELEMENTDATA */"
      elementData = "/* Could not access elementData */"
      size = "/* Could not access size */"
      modCount = "/* Could not access modCount */"
    servletRequestLAttrListeners = class java.util.ArrayList@fff3d702
      serialVersionUID = "/* Could not access serialVersionUID */"
      DEFAULT_CAPACITY = "/* Could not access DEFAULT_CAPACITY */"
      EMPTY_ELEMENTDATA = "/* Could not access EMPTY_ELEMENTDATA */"
      DEFAULTCAPACITY_EMPTY_ELEMENTDATA = "/* Could not access DEFAULTCAPACITY_EMPTY_ELEMENTDATA */"
      elementData = "/* Could not access elementData */"
      size = "/* Could not access size */"
      modCount = "/* Could not access modCount */"
    prependSlashToResource = false
    destroyed = false
    webAppNameSpaceCollab = class com.ibm.ws.webcontainer.osgi.collaborator.WebAppNameSpaceCollaboratorImpl@993b1e8c
      cmdai = class com.ibm.ws.threadContext.ComponentMetaDataAccessorImpl@58dd2e7b
    txCollab = class com.ibm.ws.transaction.services.WebAppTransactionCollaboratorImpl@82820f4f
      tc = class com.ibm.websphere.ras.TraceComponent@a22c4ff6
      ltCurrentRef = class com.ibm.wsspi.kernel.service.utils.AtomicServiceReference@a55f0322
      tranMgrRef = class com.ibm.wsspi.kernel.service.utils.AtomicServiceReference@cebdb917
      userTranRef = class com.ibm.wsspi.kernel.service.utils.AtomicServiceReference@e4ed5d59
      uowCallbackRef = class com.ibm.wsspi.kernel.service.utils.AtomicServiceReference@f7bd69f4
      serialVersionUID = -8319003162899973281
    sessionActivationListeners = class java.util.ArrayList@a1eb7ff8
      serialVersionUID = "/* Could not access serialVersionUID */"
      DEFAULT_CAPACITY = "/* Could not access DEFAULT_CAPACITY */"
      EMPTY_ELEMENTDATA = "/* Could not access EMPTY_ELEMENTDATA */"
      DEFAULTCAPACITY_EMPTY_ELEMENTDATA = "/* Could not access DEFAULTCAPACITY_EMPTY_ELEMENTDATA */"
      elementData = "/* Could not access elementData */"
      size = "/* Could not access size */"
      modCount = "/* Could not access modCount */"
    sessionBindingListeners = class java.util.ArrayList@ac2dc63e
      serialVersionUID = "/* Could not access serialVersionUID */"
      DEFAULT_CAPACITY = "/* Could not access DEFAULT_CAPACITY */"
      EMPTY_ELEMENTDATA = "/* Could not access EMPTY_ELEMENTDATA */"
      DEFAULTCAPACITY_EMPTY_ELEMENTDATA = "/* Could not access DEFAULTCAPACITY_EMPTY_ELEMENTDATA */"
      elementData = "/* Could not access elementData */"
      size = "/* Could not access size */"
      modCount = "/* Could not access modCount */"
    scratchdir = null
    jspClassLoaderLimit = 0
    jspClassLoaderExclusionList = null
    jspClassLoadersMap = null
    jspClassLoaderLimitTrackIF = false
    defaultExtProc = null
    directoryBrowsingServlet = null
    cdiContexts = class java.util.concurrent.ConcurrentHashMap@a6c1775
      serialVersionUID = "/* Could not access serialVersionUID */"
      MAXIMUM_CAPACITY = "/* Could not access MAXIMUM_CAPACITY */"
      DEFAULT_CAPACITY = "/* Could not access DEFAULT_CAPACITY */"
      MAX_ARRAY_SIZE = "/* Could not access MAX_ARRAY_SIZE */"
      DEFAULT_CONCURRENCY_LEVEL = "/* Could not access DEFAULT_CONCURRENCY_LEVEL */"
      LOAD_FACTOR = "/* Could not access LOAD_FACTOR */"
      TREEIFY_THRESHOLD = "/* Could not access TREEIFY_THRESHOLD */"
      UNTREEIFY_THRESHOLD = "/* Could not access UNTREEIFY_THRESHOLD */"
      MIN_TREEIFY_CAPACITY = "/* Could not access MIN_TREEIFY_CAPACITY */"
      MIN_TRANSFER_STRIDE = "/* Could not access MIN_TRANSFER_STRIDE */"
      RESIZE_STAMP_BITS = "/* Could not access RESIZE_STAMP_BITS */"
      MAX_RESIZERS = "/* Could not access MAX_RESIZERS */"
      RESIZE_STAMP_SHIFT = "/* Could not access RESIZE_STAMP_SHIFT */"
      MOVED = "/* Could not access MOVED */"
      TREEBIN = "/* Could not access TREEBIN */"
      RESERVED = "/* Could not access RESERVED */"
      HASH_BITS = "/* Could not access HASH_BITS */"
      NCPU = "/* Could not access NCPU */"
      serialPersistentFields = "/* Could not access serialPersistentFields */"
      table = "/* Could not access table */"
      nextTable = "/* Could not access nextTable */"
      baseCount = "/* Could not access baseCount */"
      sizeCtl = "/* Could not access sizeCtl */"
      transferIndex = "/* Could not access transferIndex */"
      cellsBusy = "/* Could not access cellsBusy */"
      counterCells = "/* Could not access counterCells */"
      keySet = "/* Could not access keySet */"
      values = "/* Could not access values */"
      entrySet = "/* Could not access entrySet */"
      U = "/* Could not access U */"
      SIZECTL = "/* Could not access SIZECTL */"
      TRANSFERINDEX = "/* Could not access TRANSFERINDEX */"
      BASECOUNT = "/* Could not access BASECOUNT */"
      CELLSBUSY = "/* Could not access CELLSBUSY */"
      CELLVALUE = "/* Could not access CELLVALUE */"
      ABASE = "/* Could not access ABASE */"
      ASHIFT = "/* Could not access ASHIFT */"
      keySet = "/* Could not access keySet */"
      values = "/* Could not access values */"
    moduleConfig = class com.ibm.ws.webcontainer.osgi.container.DeployedModule@ea8fe51e
      tc = class com.ibm.websphere.ras.TraceComponent@22d866bd
      loader = class com.ibm.ws.classloading.internal.ThreadContextClassLoader@f118379b
      webApp = class com.ibm.ws.webcontainer40.osgi.webapp.WebApp40@fda69ba7
      webAppConfig = class com.ibm.ws.webcontainer.osgi.webapp.WebAppConfiguration@a1e0448
      contextRootAdded = null
      properContextRoot = "/"
      mappingContextRoot = "/*"
      serialVersionUID = -2104814060051592457
      $$$tc$$$ = class com.ibm.websphere.ras.TraceComponent@d9d48c0f
    extensionFactories = class java.util.ArrayList@4d8bc0b0
      serialVersionUID = "/* Could not access serialVersionUID */"
      DEFAULT_CAPACITY = "/* Could not access DEFAULT_CAPACITY */"
      EMPTY_ELEMENTDATA = "/* Could not access EMPTY_ELEMENTDATA */"
      DEFAULTCAPACITY_EMPTY_ELEMENTDATA = "/* Could not access DEFAULTCAPACITY_EMPTY_ELEMENTDATA */"
      elementData = "/* Could not access elementData */"
      size = "/* Could not access size */"
      modCount = "/* Could not access modCount */"
    initialized = true
    lock = class com.ibm.ws.webcontainer.webapp.WebApp$1@f39c1e22
      this$0 = class com.ibm.ws.webcontainer40.osgi.webapp.WebApp40@fda69ba7
    afterServletContextCreated = false
    redirectContextRoot = false
    errorExceptionTypeFirst = false
    initFilterBeforeServletInit = false
    SET_400_SC_ON_TOO_MANY_PARENT_DIRS = false
    sortedServletConfigs = class java.util.ArrayList@82c23fb2
      serialVersionUID = "/* Could not access serialVersionUID */"
      DEFAULT_CAPACITY = "/* Could not access DEFAULT_CAPACITY */"
      EMPTY_ELEMENTDATA = "/* Could not access EMPTY_ELEMENTDATA */"
      DEFAULTCAPACITY_EMPTY_ELEMENTDATA = "/* Could not access DEFAULTCAPACITY_EMPTY_ELEMENTDATA */"
      elementData = "/* Could not access elementData */"
      size = "/* Could not access size */"
      modCount = "/* Could not access modCount */"
    effectiveMajorVersion = 3
    effectiveMinorVersion = 1
    canAddServletContextListener = true
    withinContextInitOfProgAddListener = false
    lastProgAddListenerInitialized = "org.jboss.weld.module.web.servlet.WeldInitialListener"
    webInfLibClassloader = null
    metaInfCache = class com.ibm.ws.webcontainer.webapp.WebApp$2@c94fc648
      this$0 = class com.ibm.ws.webcontainer40.osgi.webapp.WebApp40@fda69ba7
      serialVersionUID = "/* Could not access serialVersionUID */"
      head = "/* Could not access head */"
      tail = "/* Could not access tail */"
      accessOrder = "/* Could not access accessOrder */"
      serialVersionUID = "/* Could not access serialVersionUID */"
      DEFAULT_INITIAL_CAPACITY = "/* Could not access DEFAULT_INITIAL_CAPACITY */"
      MAXIMUM_CAPACITY = "/* Could not access MAXIMUM_CAPACITY */"
      DEFAULT_LOAD_FACTOR = "/* Could not access DEFAULT_LOAD_FACTOR */"
      TREEIFY_THRESHOLD = "/* Could not access TREEIFY_THRESHOLD */"
      UNTREEIFY_THRESHOLD = "/* Could not access UNTREEIFY_THRESHOLD */"
      MIN_TREEIFY_CAPACITY = "/* Could not access MIN_TREEIFY_CAPACITY */"
      table = "/* Could not access table */"
      entrySet = "/* Could not access entrySet */"
      size = "/* Could not access size */"
      modCount = "/* Could not access modCount */"
      threshold = "/* Could not access threshold */"
      loadFactor = "/* Could not access loadFactor */"
      keySet = "/* Could not access keySet */"
      values = "/* Could not access values */"
    useMetaInfCache = true
    SUN_CONFIGURE_LISTENER_CLASSNAME = "com.sun.faces.config.ConfigureListener"
    MYFACES_LIFECYCLE_LISTENER_CLASSNAME = "org.apache.myfaces.webapp.StartupServletContextListener"
    JSF_IMPL_ENABLED_PARAM = "com.ibm.ws.jsf.JSF_IMPL_ENABLED"
    JSF_IMPL_ENABLED_CUSTOM = "Custom"
    JSF_IMPL_ENABLED_NONE = "None"
    staticDocRoot = class com.ibm.ws.webcontainer.util.DocumentRootUtils@6b69878a
      logger = class com.ibm.ws.logging.internal.WsLogger@e95a5ab
      CLASS_NAME = "com.ibm.ws.webcontainer.util.DocumentRootUtils"
      useContentLength = false
      matchedFile = null
      matchedZipFile = null
      matchedEntry = null
      matchedURL = null
      edrRoot = null
      pfedrRoot = null
      ctxt = class com.ibm.ws.webcontainer40.osgi.webapp.WebApp40@fda69ba7
      baseDir = null
      edr = null
      pfedr = null
      metaInfRes = null
      searchpfEDR = true
      searchEDR = true
      searchMetaInfRes = true
      matchFromEDR = false
      matchFromMetaInfRes = false
      matchIsADirectory = false
      appConfig = class com.ibm.ws.webcontainer.osgi.webapp.WebAppConfiguration@a1e0448
      attributeType = "staticFile"
      STATIC_FILE = "staticFile"
      JSP = "jsp"
      PFEDR = "preFragmentExtendedDocumentRoot"
      EDR = "extendedDocumentRoot"
    jspDocRoot = class com.ibm.ws.webcontainer.util.DocumentRootUtils@79d04f8e
      logger = class com.ibm.ws.logging.internal.WsLogger@e95a5ab
      CLASS_NAME = "com.ibm.ws.webcontainer.util.DocumentRootUtils"
      useContentLength = false
      matchedFile = null
      matchedZipFile = null
      matchedEntry = null
      matchedURL = null
      edrRoot = null
      pfedrRoot = null
      ctxt = class com.ibm.ws.webcontainer40.osgi.webapp.WebApp40@fda69ba7
      baseDir = null
      edr = null
      pfedr = null
      metaInfRes = null
      searchpfEDR = true
      searchEDR = true
      searchMetaInfRes = true
      matchFromEDR = false
      matchFromMetaInfRes = false
      matchIsADirectory = false
      appConfig = class com.ibm.ws.webcontainer.osgi.webapp.WebAppConfiguration@a1e0448
      attributeType = "jsp"
      STATIC_FILE = "staticFile"
      JSP = "jsp"
      PFEDR = "preFragmentExtendedDocumentRoot"
      EDR = "extendedDocumentRoot"
    container = class com.ibm.ws.adaptable.module.internal.AdaptableContainerImpl@7798c8c1
      root = class com.ibm.ws.adaptable.module.internal.AdaptableContainerImpl@7798c8c1
      rootOverlay = class com.ibm.ws.artifact.overlay.internal.DirectoryBasedOverlayContainerImpl@971ffb01
      factoryHolder = class com.ibm.ws.adaptable.module.internal.AdaptableModuleFactoryImpl@67c9d316
      delegate = class com.ibm.ws.artifact.overlay.internal.DirectoryBasedOverlayContainerImpl@971ffb01
      notifier = class com.ibm.ws.adaptable.module.internal.NotifierImpl@b30e2417
      serialVersionUID = -5950528200509051684
      $$$tc$$$ = class com.ibm.websphere.ras.TraceComponent@d2b84407
    metaInfResourceFinder = class com.ibm.ws.webcontainer.util.MetaInfResourceFinder@dce2f59c
      jarResourceContainers = class java.util.ArrayList@dca854b6
      container = class com.ibm.ws.adaptable.module.internal.AdaptableContainerImpl@7798c8c1
    postConstructMethods = class com.ibm.ws.webcontainer.webapp.WebApp$AnnotatedMethods@b2b7582d
      annotationClass = class java.lang.Class@ce2bf57
      noOpClassNames = class java.util.HashSet@7da64f7c
      annotatedMethodNames = class java.util.concurrent.ConcurrentHashMap@1435c203
      EMPTY_METHODS = class java.lang.reflect.Method[0]
    preDestroyMethods = class com.ibm.ws.webcontainer.webapp.WebApp$AnnotatedMethods@1728061d
      annotationClass = class java.lang.Class@3f7595ce
      noOpClassNames = class java.util.HashSet@fe919506
      annotatedMethodNames = class java.util.concurrent.ConcurrentHashMap@b194c5db
      EMPTY_METHODS = class java.lang.reflect.Method[0]
    OBJ_EMPTY = class java.lang.Object[0]
    CLASS_EMPTY = class java.lang.Class[0]
    DEFAULT_JSP_EXTENSIONS = class java.util.ArrayList@b23488fc
      serialVersionUID = "/* Could not access serialVersionUID */"
      DEFAULT_CAPACITY = "/* Could not access DEFAULT_CAPACITY */"
      EMPTY_ELEMENTDATA = "/* Could not access EMPTY_ELEMENTDATA */"
      DEFAULTCAPACITY_EMPTY_ELEMENTDATA = "/* Could not access DEFAULTCAPACITY_EMPTY_ELEMENTDATA */"
      elementData = "/* Could not access elementData */"
      size = "/* Could not access size */"
      modCount = "/* Could not access modCount */"
    DEFER_SERVLET_REQUEST_LISTENER_DESTROY_ON_ERROR = false
    DO_ACCEPT_PARTIAL = true
    DO_NOT_ACCEPT_PARTIAL = false
    DO_ACCEPT_EXCLUDED = true
    DO_NOT_ACCEPT_EXCLUDED = false
    commands = class java.util.ArrayList@ca6c3f8b
      serialVersionUID = "/* Could not access serialVersionUID */"
      DEFAULT_CAPACITY = "/* Could not access DEFAULT_CAPACITY */"
      EMPTY_ELEMENTDATA = "/* Could not access EMPTY_ELEMENTDATA */"
      DEFAULTCAPACITY_EMPTY_ELEMENTDATA = "/* Could not access DEFAULTCAPACITY_EMPTY_ELEMENTDATA */"
      elementData = "/* Could not access elementData */"
      size = "/* Could not access size */"
      modCount = "/* Could not access modCount */"
    requestMapper = class com.ibm.wsspi.webcontainer.util.URIMapper@1cd255b4
      matcher = class com.ibm.wsspi.webcontainer40.util.URIMatcher40@44b8fc1c
    parent = class com.ibm.ws.webcontainer.osgi.webapp.WebGroup@2526cea5
      tc = class com.ibm.websphere.ras.TraceComponent@db5b8312
      logger = class com.ibm.ws.logging.internal.WsLogger@a9f3f7d0
      CLASS_NAME = "com.ibm.ws.webcontainer.webapp.WebGroup"
      sessUrlRewritePrefix = ";jsessionid="
      qMark = "?"
      config = class com.ibm.ws.webcontainer.osgi.webapp.WebGroupConfiguration@5681d2e0
      webApp = class com.ibm.ws.webcontainer40.osgi.webapp.WebApp40@fda69ba7
      commands = class java.util.ArrayList@24e4bd8b
      requestMapper = null
      parent = class com.ibm.ws.webcontainer.osgi.DynamicVirtualHost@9d893c43
      name = "/*"
      isAlive = true
      subElements = class java.util.HashMap@c0c94e41
      attributes = null
      config = null
      serialVersionUID = -8271459000149267764
      $$$tc$$$ = class com.ibm.websphere.ras.TraceComponent@bec557f4
    name = "restaurantBFF"
    isAlive = true
    subElements = null
    attributes = class java.util.concurrent.ConcurrentHashMap@274a3ac2
      serialVersionUID = "/* Could not access serialVersionUID */"
      MAXIMUM_CAPACITY = "/* Could not access MAXIMUM_CAPACITY */"
      DEFAULT_CAPACITY = "/* Could not access DEFAULT_CAPACITY */"
      MAX_ARRAY_SIZE = "/* Could not access MAX_ARRAY_SIZE */"
      DEFAULT_CONCURRENCY_LEVEL = "/* Could not access DEFAULT_CONCURRENCY_LEVEL */"
      LOAD_FACTOR = "/* Could not access LOAD_FACTOR */"
      TREEIFY_THRESHOLD = "/* Could not access TREEIFY_THRESHOLD */"
      UNTREEIFY_THRESHOLD = "/* Could not access UNTREEIFY_THRESHOLD */"
      MIN_TREEIFY_CAPACITY = "/* Could not access MIN_TREEIFY_CAPACITY */"
      MIN_TRANSFER_STRIDE = "/* Could not access MIN_TRANSFER_STRIDE */"
      RESIZE_STAMP_BITS = "/* Could not access RESIZE_STAMP_BITS */"
      MAX_RESIZERS = "/* Could not access MAX_RESIZERS */"
      RESIZE_STAMP_SHIFT = "/* Could not access RESIZE_STAMP_SHIFT */"
      MOVED = "/* Could not access MOVED */"
      TREEBIN = "/* Could not access TREEBIN */"
      RESERVED = "/* Could not access RESERVED */"
      HASH_BITS = "/* Could not access HASH_BITS */"
      NCPU = "/* Could not access NCPU */"
      serialPersistentFields = "/* Could not access serialPersistentFields */"
      table = "/* Could not access table */"
      nextTable = "/* Could not access nextTable */"
      baseCount = "/* Could not access baseCount */"
      sizeCtl = "/* Could not access sizeCtl */"
      transferIndex = "/* Could not access transferIndex */"
      cellsBusy = "/* Could not access cellsBusy */"
      counterCells = "/* Could not access counterCells */"
      keySet = "/* Could not access keySet */"
      values = "/* Could not access values */"
      entrySet = "/* Could not access entrySet */"
      U = "/* Could not access U */"
      SIZECTL = "/* Could not access SIZECTL */"
      TRANSFERINDEX = "/* Could not access TRANSFERINDEX */"
      BASECOUNT = "/* Could not access BASECOUNT */"
      CELLSBUSY = "/* Could not access CELLSBUSY */"
      CELLVALUE = "/* Could not access CELLVALUE */"
      ABASE = "/* Could not access ABASE */"
      ASHIFT = "/* Could not access ASHIFT */"
      keySet = "/* Could not access keySet */"
      values = "/* Could not access values */"
    config = null
    serialVersionUID = -8271459000149267764
    $$$tc$$$ = class com.ibm.websphere.ras.TraceComponent@bec557f4
      strings[0] = "TraceComponent[com.ibm.ws.container.AbstractContainer,class com.ibm.ws.container.AbstractContainer,[],null,null]"
  collabHelper = class com.ibm.ws.webcontainer.osgi.collaborator.CollaboratorHelperImpl@e795ae91
    webAppInvCollabs = class java.util.Collections$UnmodifiableSet@e61d830c
      serialVersionUID = "/* Could not access serialVersionUID */"
      serialVersionUID = "/* Could not access serialVersionUID */"
      c = "/* Could not access c */"
    securityDomainForApp = null
    logger = class com.ibm.ws.logging.internal.WsLogger@5cd1723d
      tc = class com.ibm.websphere.ras.TraceComponent@bb969efc
      ivCachedResourceBundleName = null
      ivCachedResourceBundle = null
      ivComponent = null
      ivOrganization = null
      ivProduct = null
      ivMinimumLocalizationLevelIntValue = 625
      ivTC = class com.ibm.websphere.ras.TraceComponent@daff7c5a
      loggerRegistrationComponent = class java.lang.ThreadLocal@365d2708
      emptyHandlers = "/* Could not access emptyHandlers */"
      offValue = "/* Could not access offValue */"
      SYSTEM_LOGGER_RB_NAME = "/* Could not access SYSTEM_LOGGER_RB_NAME */"
      SYSTEM_BUNDLE = "/* Could not access SYSTEM_BUNDLE */"
      NO_RESOURCE_BUNDLE = "/* Could not access NO_RESOURCE_BUNDLE */"
      config = "/* Could not access config */"
      manager = "/* Could not access manager */"
      name = "/* Could not access name */"
      loggerBundle = "/* Could not access loggerBundle */"
      anonymous = "/* Could not access anonymous */"
      catalog = "/* Could not access catalog */"
      catalogName = "/* Could not access catalogName */"
      catalogLocale = "/* Could not access catalogLocale */"
      treeLock = "/* Could not access treeLock */"
      parent = "/* Could not access parent */"
      kids = "/* Could not access kids */"
      callerModuleRef = "/* Could not access callerModuleRef */"
      isSystemLogger = "/* Could not access isSystemLogger */"
      GLOBAL_LOGGER_NAME = "global"
      global = class java.util.logging.Logger@4c01541a
    staticDefaultSecurityCollaborator = class com.ibm.ws.webcontainer.collaborator.WebAppSecurityCollaborator@cbf8a115
    logger = class com.ibm.ws.logging.internal.WsLogger@2f8cdc88
      tc = class com.ibm.websphere.ras.TraceComponent@bb969efc
      ivCachedResourceBundleName = null
      ivCachedResourceBundle = null
      ivComponent = null
      ivOrganization = null
      ivProduct = null
      ivMinimumLocalizationLevelIntValue = 625
      ivTC = class com.ibm.websphere.ras.TraceComponent@8d9ed8f9
      loggerRegistrationComponent = class java.lang.ThreadLocal@365d2708
      emptyHandlers = "/* Could not access emptyHandlers */"
      offValue = "/* Could not access offValue */"
      SYSTEM_LOGGER_RB_NAME = "/* Could not access SYSTEM_LOGGER_RB_NAME */"
      SYSTEM_BUNDLE = "/* Could not access SYSTEM_BUNDLE */"
      NO_RESOURCE_BUNDLE = "/* Could not access NO_RESOURCE_BUNDLE */"
      config = "/* Could not access config */"
      manager = "/* Could not access manager */"
      name = "/* Could not access name */"
      loggerBundle = "/* Could not access loggerBundle */"
      anonymous = "/* Could not access anonymous */"
      catalog = "/* Could not access catalog */"
      catalogName = "/* Could not access catalogName */"
      catalogLocale = "/* Could not access catalogLocale */"
      treeLock = "/* Could not access treeLock */"
      parent = "/* Could not access parent */"
      kids = "/* Could not access kids */"
      callerModuleRef = "/* Could not access callerModuleRef */"
      isSystemLogger = "/* Could not access isSystemLogger */"
      GLOBAL_LOGGER_NAME = "global"
      global = class java.util.logging.Logger@4c01541a
    CLASS_NAME = "com.ibm.wsspi.webcontainer.collaborator.CollaboratorHelper"
    webApp = class com.ibm.ws.webcontainer40.osgi.webapp.WebApp40@fda69ba7
    securityCollaborator = class com.ibm.ws.webcontainer.collaborator.WebAppSecurityCollaborator@cbf8a115
    nameSpaceCollaborator = class com.ibm.ws.webcontainer.osgi.collaborator.WebAppNameSpaceCollaboratorImpl@993b1e8c
    transactionCollaborator = class com.ibm.ws.transaction.services.WebAppTransactionCollaboratorImpl@82820f4f
    connectionCollaborator = class com.ibm.ws.webcontainer.collaborator.ConnectionCollaborator@2ce84d47
    allCollabEnum = class java.util.RegularEnumSet@615e83f9
      serialVersionUID = "/* Could not access serialVersionUID */"
      elements = "/* Could not access elements */"
      serialVersionUID = "/* Could not access serialVersionUID */"
      elementType = "/* Could not access elementType */"
      universe = "/* Could not access universe */"
    servlet_23_or_greater = true
    DEFER_SERVLET_REQUEST_LISTENER_DESTROY_ON_ERROR = false
  secCollab = class com.ibm.ws.webcontainer.collaborator.WebAppSecurityCollaborator@cbf8a115
  sessionSecurityIntegrationEnabled = true
  assumeFilterSuccessOnSecurityError = false
  useOriginalRequestState = false
  _evtSource = class com.ibm.ws.webcontainer.webapp.WebAppEventSource@46b37cae
    _invocationListeners = class com.ibm.ws.webcontainer.util.EventListeners@208aba35
      EMPTY_LISTENERS = interface java.util.EventListener[0]
      logger = class com.ibm.ws.logging.internal.WsLogger@e95a5ab
      CLASS_NAME = "com.ibm.ws.webcontainer.util.EventListeners"
      listeners = interface java.util.EventListener[0]
    _servletListeners = class com.ibm.ws.webcontainer.util.EventListeners@6452958a
      EMPTY_LISTENERS = interface java.util.EventListener[0]
      logger = class com.ibm.ws.logging.internal.WsLogger@e95a5ab
      CLASS_NAME = "com.ibm.ws.webcontainer.util.EventListeners"
      listeners = interface java.util.EventListener[0]
    _errorListeners = class com.ibm.ws.webcontainer.util.EventListeners@313347bb
      EMPTY_LISTENERS = interface java.util.EventListener[0]
      logger = class com.ibm.ws.logging.internal.WsLogger@e95a5ab
      CLASS_NAME = "com.ibm.ws.webcontainer.util.EventListeners"
      listeners = interface java.util.EventListener[0]
    _applicationListeners = class com.ibm.ws.webcontainer.util.EventListeners@42919371
      EMPTY_LISTENERS = interface java.util.EventListener[0]
      logger = class com.ibm.ws.logging.internal.WsLogger@e95a5ab
      CLASS_NAME = "com.ibm.ws.webcontainer.util.EventListeners"
      listeners = interface java.util.EventListener[0]
    _filterInvocationListeners = class com.ibm.ws.webcontainer.util.EventListeners@fc58f428
      EMPTY_LISTENERS = interface java.util.EventListener[0]
      logger = class com.ibm.ws.logging.internal.WsLogger@e95a5ab
      CLASS_NAME = "com.ibm.ws.webcontainer.util.EventListeners"
      listeners = interface java.util.EventListener[0]
    _filterListeners = class com.ibm.ws.webcontainer.util.EventListeners@fd2cf9b3
      EMPTY_LISTENERS = interface java.util.EventListener[0]
      logger = class com.ibm.ws.logging.internal.WsLogger@e95a5ab
      CLASS_NAME = "com.ibm.ws.webcontainer.util.EventListeners"
      listeners = interface java.util.EventListener[0]
    _filterErrorListeners = class com.ibm.ws.webcontainer.util.EventListeners@e018f6f7
      EMPTY_LISTENERS = interface java.util.EventListener[0]
      logger = class com.ibm.ws.logging.internal.WsLogger@e95a5ab
      CLASS_NAME = "com.ibm.ws.webcontainer.util.EventListeners"
      listeners = interface java.util.EventListener[0]
  defaultComponentMetaData = class com.ibm.ws.webcontainer.osgi.metadata.WebComponentMetaDataImpl@b0f4d0c0
    j2eeName = class com.ibm.ws.container.service.metadata.internal.J2EENameImpl@3f926b6a
      serialVersionUID = 7488184044073147667
      application = "restaurantBFF"
      module = "restaurantBFF.war"
      component = null
      string = "restaurantBFF#restaurantBFF.war"
      j2eeNameBytes = null
      $$$tc$$$ = class com.ibm.websphere.ras.TraceComponent@63f59054
    webModuleMetaData = class com.ibm.ws.webcontainer.osgi.metadata.WebModuleMetaDataImpl@4a9fc276
      applicationMetaData = class com.ibm.ws.container.service.app.deploy.internal.ApplicationMetaDataImpl@5532fe4e
      j2eeName = class com.ibm.ws.container.service.metadata.internal.J2EENameImpl@3f926b6a
      wccmd = class com.ibm.ws.webcontainer.osgi.metadata.WebCollaboratorComponentMetaDataImpl@57145872
      securityMetaData = null
      annotatedSecurityMetaData = null
      webAppConfig = class com.ibm.ws.webcontainer.osgi.webapp.WebAppConfiguration@a1e0448
      _isServlet23OrHigher = false
      jspComponentMetaData = null
      sessionCookieNameInUse = null
      mBeanServiceReg = null
      tc = class com.ibm.websphere.ras.TraceComponent@b1fbc419
      NUM_STATIC_SLOTS = 4
      ID_UNINITIALIZED = -1
      id = 2
      metaDataInterface = class java.lang.Class@3b56d44f
      staticSlots = class java.lang.Object[4]
      dynamicSlots = null
    mBeanServiceReg = null
    tc = class com.ibm.websphere.ras.TraceComponent@b1fbc419
      strings[0] = "TraceComponent[com.ibm.ws.runtime.metadata.MetaDataImpl,class com.ibm.ws.runtime.metadata.MetaDataImpl,[Runtime],null,null]"
    NUM_STATIC_SLOTS = 4
    ID_UNINITIALIZED = -1
    id = 6
    metaDataInterface = class java.lang.Class@3d8f3917
      serialVersionUID = "/* Could not access serialVersionUID */"
      AllPermissionsPD = "/* Could not access AllPermissionsPD */"
      SYNTHETIC = "/* Could not access SYNTHETIC */"
      ANNOTATION = "/* Could not access ANNOTATION */"
      ENUM = "/* Could not access ENUM */"
      MEMBER_INVALID_TYPE = "/* Could not access MEMBER_INVALID_TYPE */"
      EmptyParameters = "/* Could not access EmptyParameters */"
      vmRef = "/* Could not access vmRef */"
      module = "/* Could not access module */"
      protectionDomain = "/* Could not access protectionDomain */"
      classNameString = "/* Could not access classNameString */"
      annotationVars = "/* Could not access annotationVars */"
      annotationVarsOffset = "/* Could not access annotationVarsOffset */"
      classValueMap = "/* Could not access classValueMap */"
      enumVars = "/* Could not access enumVars */"
      enumVarsOffset = "/* Could not access enumVarsOffset */"
      initializationLock = "/* Could not access initializationLock */"
      methodHandleCache = "/* Could not access methodHandleCache */"
      classRepoHolder = "/* Could not access classRepoHolder */"
      annotationCache = "/* Could not access annotationCache */"
      annotationCacheOffset = "/* Could not access annotationCacheOffset */"
      reflectCacheEnabled = "/* Could not access reflectCacheEnabled */"
      reflectCacheDebug = "/* Could not access reflectCacheDebug */"
      reflectCacheAppOnly = "/* Could not access reflectCacheAppOnly */"
      cachedInterfaces = "/* Could not access cachedInterfaces */"
      cachedInterfacesOffset = "/* Could not access cachedInterfacesOffset */"
      cachedDeclaringClass = "/* Could not access cachedDeclaringClass */"
      cachedDeclaringClassOffset = "/* Could not access cachedDeclaringClassOffset */"
      cachedEnclosingClass = "/* Could not access cachedEnclosingClass */"
      cachedEnclosingClassOffset = "/* Could not access cachedEnclosingClassOffset */"
      EMPTY_ANNOTATION_ARRAY = "/* Could not access EMPTY_ANNOTATION_ARRAY */"
      implLookup = "/* Could not access implLookup */"
      unsafe = "/* Could not access unsafe */"
      nestHost = "/* Could not access nestHost */"
      nestMembers = "/* Could not access nestMembers */"
      copyMethod = "/* Could not access copyMethod */"
      copyField = "/* Could not access copyField */"
      copyConstructor = "/* Could not access copyConstructor */"
      methodParameterTypesField = "/* Could not access methodParameterTypesField */"
      constructorParameterTypesField = "/* Could not access constructorParameterTypesField */"
      NoArgs = "/* Could not access NoArgs */"
      reflectCache = "/* Could not access reflectCache */"
      reflectCacheOffset = "/* Could not access reflectCacheOffset */"
    staticSlots = class java.lang.Object[4]
      Object[0] = null
      Object[1] = null
      Object[2] = null
      Object[3] = null
    dynamicSlots = null
  DEFER_SERVLET_REQUEST_LISTENER_DESTROY_ON_ERROR = false

