------Start of DE processing------ = [2020-03-02, 14:42:10:581 EST]
Exception = java.lang.InternalError
Source = com.ibm.ws.container.service.state.internal.ApplicationStateManager
probeid = 54
Stack Dump = java.lang.InternalError: SIGBUS
	at java.base/java.util.HashSet.add(HashSet.java:220)
	at com.ibm.ws.cdi.impl.weld.WebSphereCDIDeploymentImpl.addBeanDeploymentArchive(WebSphereCDIDeploymentImpl.java:564)
	at com.ibm.ws.cdi.impl.weld.WebSphereCDIDeploymentImpl.createNewBdaAndMakeWiring(WebSphereCDIDeploymentImpl.java:384)
	at com.ibm.ws.cdi.impl.weld.WebSphereCDIDeploymentImpl.createBDAOntheFly(WebSphereCDIDeploymentImpl.java:339)
	at com.ibm.ws.cdi.impl.weld.WebSphereCDIDeploymentImpl.loadBeanDeploymentArchive(WebSphereCDIDeploymentImpl.java:309)
	at org.jboss.weld.util.DeploymentStructures.getOrCreateBeanDeployment(DeploymentStructures.java:37)
	at org.jboss.weld.bootstrap.ExtensionBeanDeployer.deployBean(ExtensionBeanDeployer.java:82)
	at org.jboss.weld.bootstrap.ExtensionBeanDeployer.deployBeans(ExtensionBeanDeployer.java:75)
	at org.jboss.weld.bootstrap.WeldStartup.startInitialization(WeldStartup.java:393)
	at org.jboss.weld.bootstrap.WeldBootstrap.startInitialization(WeldBootstrap.java:79)
	at com.ibm.ws.cdi.impl.CDIContainerImpl$2.run(CDIContainerImpl.java:149)
	at com.ibm.ws.cdi.impl.CDIContainerImpl$2.run(CDIContainerImpl.java:146)
	at java.base/java.security.AccessController.doPrivileged(AccessController.java:678)
	at com.ibm.ws.cdi.impl.CDIContainerImpl.startInitialization(CDIContainerImpl.java:146)
	at com.ibm.ws.cdi.liberty.CDIRuntimeImpl.applicationStarting(CDIRuntimeImpl.java:453)
	at com.ibm.ws.container.service.state.internal.ApplicationStateManager.fireStarting(ApplicationStateManager.java:51)
	at com.ibm.ws.container.service.state.internal.StateChangeServiceImpl.fireApplicationStarting(StateChangeServiceImpl.java:50)
	at com.ibm.ws.app.manager.module.internal.SimpleDeployedAppInfoBase.preDeployApp(SimpleDeployedAppInfoBase.java:550)
	at com.ibm.ws.app.manager.module.internal.SimpleDeployedAppInfoBase.installApp(SimpleDeployedAppInfoBase.java:511)
	at com.ibm.ws.app.manager.module.internal.DeployedAppInfoBase.deployApp(DeployedAppInfoBase.java:347)
	at com.ibm.ws.app.manager.war.internal.WARApplicationHandlerImpl.install(WARApplicationHandlerImpl.java:65)
	at com.ibm.ws.app.manager.internal.statemachine.StartAction.execute(StartAction.java:140)
	at com.ibm.ws.app.manager.internal.statemachine.ApplicationStateMachineImpl.enterState(ApplicationStateMachineImpl.java:1264)
	at com.ibm.ws.app.manager.internal.statemachine.ApplicationStateMachineImpl.run(ApplicationStateMachineImpl.java:879)
	at com.ibm.ws.threading.internal.ExecutorServiceImpl$RunnableWrapper.run(ExecutorServiceImpl.java:239)
	at java.base/java.util.concurrent.ThreadPoolExecutor.runWorker(ThreadPoolExecutor.java:1128)
	at java.base/java.util.concurrent.ThreadPoolExecutor$Worker.run(ThreadPoolExecutor.java:628)
	at java.base/java.lang.Thread.run(Thread.java:831)

Dump of callerThis
Object type = com.ibm.ws.container.service.state.internal.ApplicationStateManager
  serialVersionUID = -6685368059484454124
  $$$tc$$$ = class com.ibm.websphere.ras.TraceComponent@c5e2259c
    strings[0] = "TraceComponent[com.ibm.ws.container.service.state.internal.ApplicationStateManager,class com.ibm.ws.container.service.state.internal.ApplicationStateManager,[Runtime],null,null]"
  listeners = class com.ibm.wsspi.kernel.service.utils.ConcurrentServiceReferenceSet@fcebc111
    referenceName = "applicationStateListeners"
    contextRef = class java.util.concurrent.atomic.AtomicReference@b37dfbb0
      serialVersionUID = "/* Could not access serialVersionUID */"
      VALUE = "/* Could not access VALUE */"
      value = "/* Could not access value */"
    elementMap = class java.util.LinkedHashMap@15fb837a
      serialVersionUID = "/* Could not access serialVersionUID */"
      head = "/* Could not access head */"
      tail = "/* Could not access tail */"
      accessOrder = "/* Could not access accessOrder */"
      serialVersionUID = "/* Could not access serialVersionUID */"
      DEFAULT_INITIAL_CAPACITY = "/* Could not access DEFAULT_INITIAL_CAPACITY */"
      MAXIMUM_CAPACITY = "/* Could not access MAXIMUM_CAPACITY */"
      DEFAULT_LOAD_FACTOR = "/* Could not access DEFAULT_LOAD_FACTOR */"
      TREEIFY_THRESHOLD = "/* Could not access TREEIFY_THRESHOLD */"
      UNTREEIFY_THRESHOLD = "/* Could not access UNTREEIFY_THRESHOLD */"
      MIN_TREEIFY_CAPACITY = "/* Could not access MIN_TREEIFY_CAPACITY */"
      table = "/* Could not access table */"
      entrySet = "/* Could not access entrySet */"
      size = "/* Could not access size */"
      modCount = "/* Could not access modCount */"
      threshold = "/* Could not access threshold */"
      loadFactor = "/* Could not access loadFactor */"
      keySet = "/* Could not access keySet */"
      values = "/* Could not access values */"
    elementSet = class java.util.concurrent.ConcurrentSkipListSet@ebd0c0aa
      serialVersionUID = "/* Could not access serialVersionUID */"
      m = "/* Could not access m */"
    elementSetUnsorted = false
    serialVersionUID = 756240983881166148
    $$$tc$$$ = class com.ibm.websphere.ras.TraceComponent@edb51f31
      strings[0] = "TraceComponent[com.ibm.wsspi.kernel.service.utils.ConcurrentServiceReferenceSet,class com.ibm.wsspi.kernel.service.utils.ConcurrentServiceReferenceSet,[kernelUtils],com.ibm.ws.kernel.service.utils.resources.ServiceMessages,null]"
  serialVersionUID = 2284273176985484160
  $$$tc$$$ = class com.ibm.websphere.ras.TraceComponent@d2ba4241
    strings[0] = "TraceComponent[com.ibm.ws.container.service.state.internal.StateChangeManager,class com.ibm.ws.container.service.state.internal.StateChangeManager,[Runtime],null,null]"

Dump of objectArray[0]
Object type = com.ibm.ws.container.service.app.deploy.internal.ApplicationInfoImpl
  appName = "kitchen"
  appMetaData = class com.ibm.ws.container.service.app.deploy.internal.ApplicationMetaDataImpl@51640d28
    j2eeName = class com.ibm.ws.container.service.metadata.internal.J2EENameImpl@70d963ff
      serialVersionUID = 7488184044073147667
      application = "kitchen"
      module = null
      component = null
      string = "kitchen"
      j2eeNameBytes = null
      $$$tc$$$ = class com.ibm.websphere.ras.TraceComponent@1c548627
    serialVersionUID = -7906531148367236579
    $$$tc$$$ = class com.ibm.websphere.ras.TraceComponent@33f0bb05
      strings[0] = "TraceComponent[com.ibm.ws.container.service.app.deploy.internal.ApplicationMetaDataImpl,class com.ibm.ws.container.service.app.deploy.internal.ApplicationMetaDataImpl,[container.service],com.ibm.ws.container.service.resources.Messages,null]"
    tc = class com.ibm.websphere.ras.TraceComponent@bf923bc8
      strings[0] = "TraceComponent[com.ibm.ws.runtime.metadata.MetaDataImpl,class com.ibm.ws.runtime.metadata.MetaDataImpl,[Runtime],null,null]"
    NUM_STATIC_SLOTS = 4
    ID_UNINITIALIZED = -1
    id = 0
    metaDataInterface = class java.lang.Class@a75d27e3
      serialVersionUID = "/* Could not access serialVersionUID */"
      AllPermissionsPD = "/* Could not access AllPermissionsPD */"
      SYNTHETIC = "/* Could not access SYNTHETIC */"
      ANNOTATION = "/* Could not access ANNOTATION */"
      ENUM = "/* Could not access ENUM */"
      MEMBER_INVALID_TYPE = "/* Could not access MEMBER_INVALID_TYPE */"
      EmptyParameters = "/* Could not access EmptyParameters */"
      vmRef = "/* Could not access vmRef */"
      module = "/* Could not access module */"
      protectionDomain = "/* Could not access protectionDomain */"
      classNameString = "/* Could not access classNameString */"
      annotationVars = "/* Could not access annotationVars */"
      annotationVarsOffset = "/* Could not access annotationVarsOffset */"
      classValueMap = "/* Could not access classValueMap */"
      enumVars = "/* Could not access enumVars */"
      enumVarsOffset = "/* Could not access enumVarsOffset */"
      initializationLock = "/* Could not access initializationLock */"
      methodHandleCache = "/* Could not access methodHandleCache */"
      classRepoHolder = "/* Could not access classRepoHolder */"
      annotationCache = "/* Could not access annotationCache */"
      annotationCacheOffset = "/* Could not access annotationCacheOffset */"
      reflectCacheEnabled = "/* Could not access reflectCacheEnabled */"
      reflectCacheDebug = "/* Could not access reflectCacheDebug */"
      reflectCacheAppOnly = "/* Could not access reflectCacheAppOnly */"
      cachedInterfaces = "/* Could not access cachedInterfaces */"
      cachedInterfacesOffset = "/* Could not access cachedInterfacesOffset */"
      cachedDeclaringClass = "/* Could not access cachedDeclaringClass */"
      cachedDeclaringClassOffset = "/* Could not access cachedDeclaringClassOffset */"
      cachedEnclosingClass = "/* Could not access cachedEnclosingClass */"
      cachedEnclosingClassOffset = "/* Could not access cachedEnclosingClassOffset */"
      EMPTY_ANNOTATION_ARRAY = "/* Could not access EMPTY_ANNOTATION_ARRAY */"
      implLookup = "/* Could not access implLookup */"
      unsafe = "/* Could not access unsafe */"
      nestHost = "/* Could not access nestHost */"
      nestMembers = "/* Could not access nestMembers */"
      copyMethod = "/* Could not access copyMethod */"
      copyField = "/* Could not access copyField */"
      copyConstructor = "/* Could not access copyConstructor */"
      methodParameterTypesField = "/* Could not access methodParameterTypesField */"
      constructorParameterTypesField = "/* Could not access constructorParameterTypesField */"
      NoArgs = "/* Could not access NoArgs */"
      reflectCache = "/* Could not access reflectCache */"
      reflectCacheOffset = "/* Could not access reflectCacheOffset */"
    staticSlots = class java.lang.Object[4]
      Object[0] = class com.ibm.ws.cdi.impl.weld.WebSphereCDIDeploymentImpl@9049d8be
      Object[1] = class com.ibm.ws.injectionengine.osgi.internal.OSGiInjectionScopeData@6af51939
      Object[2] = "kitchen"
      Object[3] = null
    dynamicSlots = null
  appContainer = class com.ibm.ws.adaptable.module.internal.AdaptableContainerImpl@79f20ffe
    root = class com.ibm.ws.adaptable.module.internal.AdaptableContainerImpl@79f20ffe
    rootOverlay = class com.ibm.ws.artifact.overlay.internal.DirectoryBasedOverlayContainerImpl@7e5c31a3
      base = class com.ibm.ws.artifact.loose.internal.LooseArchive@878e0dee
      maskSet = class java.util.HashSet@fe02c545
      cfHolder = class com.ibm.ws.artifact.overlay.internal.OverlayContainerFactoryImpl@d295eae
      fileOverlayContainer = class com.ibm.ws.artifact.file.internal.FileContainer@2309775e
      overlayDirectory = class java.io.File@54131c56
      cacheDirForOverlay = class java.io.File@915d8834
      overlayNotifier = class com.ibm.ws.artifact.overlay.internal.DirectoryBasedOverlayNotifier@fa6d3eda
      enclosingContainer = null
      entryInEnclosingContainer = null
      nestedOverlays = class java.util.concurrent.ConcurrentHashMap@9d00eecb
      cacheStore = class com.ibm.ws.artifact.overlay.internal.OverlayCache@864468ec
      parentOverlay = null
      isPassThroughMode = true
      serialVersionUID = -6650153487216279998
      $$$tc$$$ = class com.ibm.websphere.ras.TraceComponent@bb532f6b
    factoryHolder = class com.ibm.ws.adaptable.module.internal.AdaptableModuleFactoryImpl@5bfda801
      adapterFactoryService = class com.ibm.ws.adaptable.module.internal.AdapterFactoryServiceImpl@4f3ccaf8
      containerFactory = class com.ibm.ws.artifact.internal.ArtifactContainerFactoryService@ec9ed083
      overlayContainerFactory = class com.ibm.ws.artifact.overlay.internal.OverlayContainerFactoryImpl@d295eae
      serialVersionUID = 4200251809856292987
      $$$tc$$$ = class com.ibm.websphere.ras.TraceComponent@e2ad0b50
    delegate = class com.ibm.ws.artifact.overlay.internal.DirectoryBasedOverlayContainerImpl@7e5c31a3
    notifier = class com.ibm.ws.adaptable.module.internal.NotifierImpl@ff0053d0
      root = class com.ibm.ws.adaptable.module.internal.AdaptableContainerImpl@79f20ffe
      delegateNotifier = class com.ibm.ws.artifact.overlay.internal.DirectoryBasedOverlayNotifier@fa6d3eda
      delegateRoot = class com.ibm.ws.artifact.overlay.internal.DirectoryBasedOverlayContainerImpl@7e5c31a3
      listenerDelegates = class java.util.HashMap@1a9caa75
      serialVersionUID = 6839382523957017880
      $$$tc$$$ = class com.ibm.websphere.ras.TraceComponent@d6993da7
    serialVersionUID = -5950528200509051684
    $$$tc$$$ = class com.ibm.websphere.ras.TraceComponent@aa96e605
      strings[0] = "TraceComponent[com.ibm.ws.adaptable.module.internal.AdaptableContainerImpl,class com.ibm.ws.adaptable.module.internal.AdaptableContainerImpl,[archive.adaptable],null,null]"
  configHelper = class com.ibm.ws.app.manager.module.ApplicationNestedConfigHelper@b8bd9d75
    appInfo = class com.ibm.ws.app.manager.internal.ApplicationInstallInfo@98e04c87
    serialVersionUID = -3174031738676705046
    $$$tc$$$ = class com.ibm.websphere.ras.TraceComponent@de832e65
      strings[0] = "TraceComponent[com.ibm.ws.app.manager.module.ApplicationNestedConfigHelper,class com.ibm.ws.app.manager.module.ApplicationNestedConfigHelper,[applications, app.manager],null,null]"
  applicationInformation = class com.ibm.ws.app.manager.internal.ApplicationInstallInfo@98e04c87
    _config = class com.ibm.ws.app.manager.internal.ApplicationConfig@5c8c6631
      tc = class com.ibm.websphere.ras.TraceComponent@b3bce7ed
      _configPid = "com.ibm.ws.app.manager_11"
      _config = class com.ibm.ws.config.admin.ConfigurationDictionary@954cf0c6
      _applicationManager = class com.ibm.ws.app.manager.ApplicationManager@3d183bcd
      _location = "kitchen.war"
      _type = "war"
      _name = "kitchen"
      _notificationBroadcasterSupport = class javax.management.NotificationBroadcasterSupport@ff1ed95e
      ONE_TIME_JANDEX_MSGS_DISPLAYED = true
      serialVersionUID = -4187886726735056001
    _handlerInfo = class java.util.concurrent.atomic.AtomicReference@55f23b50
      serialVersionUID = "/* Could not access serialVersionUID */"
      VALUE = "/* Could not access VALUE */"
      value = "/* Could not access value */"
    _container = class java.util.concurrent.atomic.AtomicReference@19b094cf
      serialVersionUID = "/* Could not access serialVersionUID */"
      VALUE = "/* Could not access VALUE */"
      value = "/* Could not access value */"
    _resolvedLocation = class java.util.concurrent.atomic.AtomicReference@14a1834a
      serialVersionUID = "/* Could not access serialVersionUID */"
      VALUE = "/* Could not access VALUE */"
      value = "/* Could not access value */"
    _handler = class com.ibm.ws.app.manager.war.internal.WARApplicationHandlerImpl@5c95277a
      futureMonitor = class com.ibm.ws.threading.internal.FutureMonitorImpl@d57a4aff
      deployedAppFactory = class com.ibm.ws.app.manager.war.internal.WARDeployedAppInfoFactoryImpl@87a451a3
      serialVersionUID = 4622845147410944782
      $$$tc$$$ = class com.ibm.websphere.ras.TraceComponent@125090e
    _ami = class java.util.concurrent.atomic.AtomicReference@3566c662
      serialVersionUID = "/* Could not access serialVersionUID */"
      VALUE = "/* Could not access VALUE */"
      value = "/* Could not access value */"
    _updateHandler = class com.ibm.ws.app.manager.internal.statemachine.ApplicationStateMachineImpl@101ebdc1
      _tc = class com.ibm.websphere.ras.TraceComponent@7af7dfdb
      EMPTY_FUTURE_ARRAY = interface java.util.concurrent.Future[0]
      asmSequenceNumber = class java.util.concurrent.atomic.AtomicLong@e0580fb5
      _qscaCounter = class java.util.concurrent.atomic.AtomicInteger@67c98337
      _failedThrowable = null
      _interruptibleLock = class com.ibm.ws.app.manager.internal.statemachine.ApplicationStateMachineImpl$2@c7a2f741
      _interruptible = false
      _performingQueuedActions = true
      _queuedActions = class java.util.concurrent.ConcurrentLinkedQueue@3bfc9bf2
      _callbackState = class java.util.concurrent.atomic.AtomicReference@7508456e
      blockAppStartingFutures = class java.util.Collections$SetFromMap@6f75cd88
      waitingForAppHandlerFuture = class java.util.concurrent.atomic.AtomicReference@d4a739e
      waitingForExplicitStartFuture = class java.util.concurrent.atomic.AtomicReference@3c228e8
      completionListener = class java.util.concurrent.atomic.AtomicReference@694086bb
      _notifyAppStopped = class java.util.concurrent.ConcurrentLinkedQueue@838aef5b
      _notifyAppStarting = class java.util.concurrent.ConcurrentLinkedQueue@6ff54221
      _notifyAppInstallCalled = class java.util.concurrent.ConcurrentLinkedQueue@9353ba29
      _notifyAppStarted = class java.util.concurrent.ConcurrentLinkedQueue@f4b3e60b
      _notifyAppRemoved = class java.util.concurrent.ConcurrentLinkedQueue@6915f096
      _stateLock = class com.ibm.ws.app.manager.internal.statemachine.ApplicationStateMachineImpl$3@d544a240
      _internalState = class java.util.concurrent.atomic.AtomicReference@c5613737
      _currentAction = class java.util.concurrent.atomic.AtomicReference@6980f954
      _rfa = class java.util.concurrent.atomic.AtomicReference@125d1d4e
      _appInstallInfo = class java.util.concurrent.atomic.AtomicReference@71d7ef82
      _update = class java.util.concurrent.atomic.AtomicBoolean@2c7f02f
      _appConfig = class java.util.concurrent.atomic.AtomicReference@cc5bbedb
      _nextAppConfig = class java.util.concurrent.atomic.AtomicReference@b8ae7a04
      _appContainer = class java.util.concurrent.atomic.AtomicReference@477ab992
      _resolvedLocation = class java.util.concurrent.atomic.AtomicReference@858a866e
      _handler = class java.util.concurrent.atomic.AtomicReference@9ac2d54c
      _asmSeqNo = 0
      _ctx = class org.eclipse.osgi.internal.framework.BundleContextImpl@b6b4bad9
      _locAdmin = class com.ibm.ws.kernel.service.location.internal.WsLocationAdminImpl@6617b756
      _futureMonitor = class com.ibm.ws.threading.internal.FutureMonitorImpl@d57a4aff
      _artifactFactory = class com.ibm.ws.artifact.internal.ArtifactContainerFactoryService@ec9ed083
      _moduleFactory = class com.ibm.ws.adaptable.module.internal.AdaptableModuleFactoryImpl@5bfda801
      _executorService = class com.ibm.ws.threading.internal.ExecutorServiceImpl@9fd09373
      _scheduledExecutorService = class com.ibm.ws.threading.internal.ScheduledExecutorImpl@9c6c31fd
      _asmHelper = class com.ibm.ws.app.manager.internal.ApplicationConfigurator$NamedApplication@6e416e42
      _appMonitor = class com.ibm.ws.app.manager.internal.monitor.ApplicationMonitor@9df5cb93
      enterStateCalled = class java.util.concurrent.atomic.AtomicBoolean@8593992b
      serialVersionUID = 6511956370079301927
      serialVersionUID = 5501066335104962649
      $$$tc$$$ = class com.ibm.websphere.ras.TraceComponent@94503a4e
    serialVersionUID = 2630639237123415755
    $$$tc$$$ = class com.ibm.websphere.ras.TraceComponent@391eb4a3
      strings[0] = "TraceComponent[com.ibm.ws.app.manager.internal.ApplicationInstallInfo,class com.ibm.ws.app.manager.internal.ApplicationInstallInfo,[applications, app.manager],com.ibm.ws.app.manager.internal.resources.AppManagerMessages,null]"
  serialVersionUID = 5227817860647895780
  $$$tc$$$ = class com.ibm.websphere.ras.TraceComponent@71f2f393
    strings[0] = "TraceComponent[com.ibm.ws.container.service.app.deploy.internal.ApplicationInfoImpl,class com.ibm.ws.container.service.app.deploy.internal.ApplicationInfoImpl,[container.service],com.ibm.ws.container.service.resources.Messages,null]"

