------Start of DE processing------ = [2020-03-02, 16:52:17:166 EST]
Exception = com.ibm.ws.container.service.state.StateChangeException
Source = com.ibm.ws.app.manager.module.internal.SimpleDeployedAppInfoBase
probeid = 551
Stack Dump = com.ibm.ws.container.service.state.StateChangeException: java.lang.NullPointerException
	at com.ibm.ws.container.service.state.internal.ApplicationStateManager.fireStarting(ApplicationStateManager.java:55)
	at com.ibm.ws.container.service.state.internal.StateChangeServiceImpl.fireApplicationStarting(StateChangeServiceImpl.java:50)
	at com.ibm.ws.app.manager.module.internal.SimpleDeployedAppInfoBase.preDeployApp(SimpleDeployedAppInfoBase.java:550)
	at com.ibm.ws.app.manager.module.internal.SimpleDeployedAppInfoBase.installApp(SimpleDeployedAppInfoBase.java:511)
	at com.ibm.ws.app.manager.module.internal.DeployedAppInfoBase.deployApp(DeployedAppInfoBase.java:347)
	at com.ibm.ws.app.manager.war.internal.WARApplicationHandlerImpl.install(WARApplicationHandlerImpl.java:65)
	at com.ibm.ws.app.manager.internal.statemachine.StartAction.execute(StartAction.java:140)
	at com.ibm.ws.app.manager.internal.statemachine.ApplicationStateMachineImpl.enterState(ApplicationStateMachineImpl.java:1264)
	at com.ibm.ws.app.manager.internal.statemachine.ApplicationStateMachineImpl.performAction(ApplicationStateMachineImpl.java:1144)
	at com.ibm.ws.app.manager.internal.statemachine.ApplicationStateMachineImpl.run(ApplicationStateMachineImpl.java:887)
	at com.ibm.ws.threading.internal.ExecutorServiceImpl$RunnableWrapper.run(ExecutorServiceImpl.java:239)
	at java.base/java.util.concurrent.ThreadPoolExecutor.runWorker(ThreadPoolExecutor.java:1128)
	at java.base/java.util.concurrent.ThreadPoolExecutor$Worker.run(ThreadPoolExecutor.java:628)
	at java.base/java.lang.Thread.run(Thread.java:831)
Caused by: java.lang.NullPointerException
	at java.base/java.util.HashSet.add(HashSet.java:220)
	at com.ibm.ws.cdi.impl.weld.WebSphereCDIDeploymentImpl.addBeanDeploymentArchive(WebSphereCDIDeploymentImpl.java:564)
	at com.ibm.ws.cdi.impl.weld.WebSphereCDIDeploymentImpl.createNewBdaAndMakeWiring(WebSphereCDIDeploymentImpl.java:384)
	at com.ibm.ws.cdi.impl.weld.WebSphereCDIDeploymentImpl.createBDAOntheFly(WebSphereCDIDeploymentImpl.java:339)
	at com.ibm.ws.cdi.impl.weld.WebSphereCDIDeploymentImpl.loadBeanDeploymentArchive(WebSphereCDIDeploymentImpl.java:309)
	at org.jboss.weld.util.DeploymentStructures.getOrCreateBeanDeployment(DeploymentStructures.java:37)
	at org.jboss.weld.bootstrap.ExtensionBeanDeployer.deployBean(ExtensionBeanDeployer.java:82)
	at org.jboss.weld.bootstrap.ExtensionBeanDeployer.deployBeans(ExtensionBeanDeployer.java:75)
	at org.jboss.weld.bootstrap.WeldStartup.startInitialization(WeldStartup.java:393)
	at org.jboss.weld.bootstrap.WeldBootstrap.startInitialization(WeldBootstrap.java:79)
	at com.ibm.ws.cdi.impl.CDIContainerImpl$2.run(CDIContainerImpl.java:149)
	at com.ibm.ws.cdi.impl.CDIContainerImpl$2.run(CDIContainerImpl.java:146)
	at java.base/java.security.AccessController.doPrivileged(AccessController.java:678)
	at com.ibm.ws.cdi.impl.CDIContainerImpl.startInitialization(CDIContainerImpl.java:146)
	at com.ibm.ws.cdi.liberty.CDIRuntimeImpl.applicationStarting(CDIRuntimeImpl.java:453)
	at com.ibm.ws.container.service.state.internal.ApplicationStateManager.fireStarting(ApplicationStateManager.java:51)
	... 13 more

Dump of callerThis
Object type = com.ibm.ws.app.manager.war.internal.WARDeployedAppInfo
  CONTEXT_ROOT = "context-root"
  webContainerModuleInfo = class com.ibm.ws.app.manager.module.internal.SimpleDeployedAppInfoBase$WebModuleContainerInfo@3333b752
    contextRoot = "/"
    defaultContextRoot = "kitchen"
    serialVersionUID = 159003184119196729
    $$$tc$$$ = class com.ibm.websphere.ras.TraceComponent@e31ae72a
      strings[0] = "TraceComponent[com.ibm.ws.app.manager.module.internal.SimpleDeployedAppInfoBase$WebModuleContainerInfo,class com.ibm.ws.app.manager.module.internal.SimpleDeployedAppInfoBase$WebModuleContainerInfo,[applications, app.manager],null,null]"
    moduleHandler = class com.ibm.ws.app.manager.web.internal.WebModuleHandlerImpl@e821a0f9
      serialVersionUID = 4795602325763828210
      $$$tc$$$ = class com.ibm.websphere.ras.TraceComponent@c1faf041
      futureMonitor = class com.ibm.ws.threading.internal.FutureMonitorImpl@d57a4aff
      metaDataService = class com.ibm.ws.container.service.metadata.internal.MetaDataServiceImpl@6f4c6eea
      stateChangeService = class com.ibm.ws.container.service.state.internal.StateChangeServiceImpl@3960012d
      moduleRuntimeContainer = class com.ibm.ws.webcontainer.osgi.WebContainer@367a991
      firstFailure = null
      serialVersionUID = -4563697739413190872
      $$$tc$$$ = class com.ibm.websphere.ras.TraceComponent@b7cb5cbd
    moduleMetaDataExtenders = class java.util.Collections$UnmodifiableRandomAccessList@b4544cbf
      serialVersionUID = "/* Could not access serialVersionUID */"
      serialVersionUID = "/* Could not access serialVersionUID */"
      list = "/* Could not access list */"
      serialVersionUID = "/* Could not access serialVersionUID */"
      c = "/* Could not access c */"
    nestedModuleMetaDataFactories = class java.util.Collections$UnmodifiableRandomAccessList@4f9bb6e7
      serialVersionUID = "/* Could not access serialVersionUID */"
      serialVersionUID = "/* Could not access serialVersionUID */"
      list = "/* Could not access list */"
      serialVersionUID = "/* Could not access serialVersionUID */"
      c = "/* Could not access c */"
    nestedModules = null
    moduleName = "kitchen"
    moduleDD = class com.ibm.ws.javaee.ddmodel.web.common.WebAppType@57b77338
      version = class com.ibm.ws.javaee.ddmodel.TokenType@fa30d5bd
      metadata_complete = null
      module_name = null
      absolute_ordering = null
      serialVersionUID = 4092807504738198665
      $$$tc$$$ = class com.ibm.websphere.ras.TraceComponent@ce8fcd14
      description = null
      display_name = class com.ibm.ws.javaee.ddmodel.common.DisplayNameType$ListType@599f891a
      icon = null
      distributable = null
      context_param = null
      filter = null
      filter_mapping = null
      listener = null
      servlet = null
      servlet_mapping = null
      session_config = null
      mime_mapping = null
      welcome_file_list = class com.ibm.ws.javaee.ddmodel.web.common.WelcomeFileListType@547eb372
      error_page = null
      jsp_config = null
      security_constraint = null
      deny_uncovered_http_methods = null
      login_config = null
      security_role = null
      message_destination = null
      locale_encoding_mapping_list = null
      default_context_path = null
      request_encoding = null
      response_encoding = null
      servletNameToServletMap = null
      filterNameToFilterMap = null
      ejbRefNameToEJBLocalRefMap = null
      ejbRefNameToEJBRefMap = null
      resourceEnvRefNameToResourceEnvRefMap = null
      messageDestinationRefNameToMessageDestinationRefMap = null
      resRefNameToResourceRefMap = null
      envEntryNameToEnvEntryMap = null
      roleNameToSecurityRoleMap = null
      roleLinkToSecurityRoleRefMap = null
      handlerNameToHandlerMap = null
      path = "WEB-INF/web.xml"
      idMap = class com.ibm.ws.javaee.ddmodel.DDParser$ComponentIDMap@ebfc27a
      serialVersionUID = 5321339975883512588
      $$$tc$$$ = class com.ibm.websphere.ras.TraceComponent@3d0a42ce
      post_construct = null
      pre_destroy = null
      serialVersionUID = 1102064201943992836
      $$$tc$$$ = class com.ibm.websphere.ras.TraceComponent@f6a4745a
      env_entry = null
      ejb_ref = null
      ejb_local_ref = null
      resource_ref = null
      resource_env_ref = null
      message_destination_ref = null
      persistence_context_ref = null
      persistence_unit_ref = null
      data_source = null
      jms_connection_factory = null
      jms_destination = null
      mail_session = null
      connection_factory = null
      administered_object = null
      serialVersionUID = 8931982405528922228
      $$$tc$$$ = class com.ibm.websphere.ras.TraceComponent@1ad2bda1
      service_ref = null
      serialVersionUID = -6199862059825607270
      $$$tc$$$ = class com.ibm.websphere.ras.TraceComponent@3dba3d1c
      nilled = false
      serialVersionUID = -2826386306561723362
      $$$tc$$$ = class com.ibm.websphere.ras.TraceComponent@5c230800
    moduleInfo = class com.ibm.ws.app.manager.module.internal.WebModuleInfoImpl@d12215a9
      contextRoot = "/"
      isDefaultContextRootUsed = false
      serialVersionUID = -1540279394520440503
      $$$tc$$$ = class com.ibm.websphere.ras.TraceComponent@14b3b286
      tc = class com.ibm.websphere.ras.TraceComponent@7d0b3d1f
      appInfo = class com.ibm.ws.container.service.app.deploy.internal.ApplicationInfoImpl@1c20b695
      moduleName = "kitchen"
      path = "kitchen.war"
      moduleContainer = class com.ibm.ws.adaptable.module.internal.AdaptableContainerImpl@c9a8ec8
      altDDEntry = null
      moduleClassesContainers = class java.util.ArrayList@312cac0e
      classLoaderFactory = class com.ibm.ws.app.manager.war.internal.WARDeployedAppInfo@cef2e71b
      containerInfoType = class com.ibm.ws.container.service.app.deploy.ContainerInfo$Type@49eda588
      classLoader = class com.ibm.ws.classloading.internal.AppClassLoader@bec55c73
      moduleMetaData = class com.ibm.ws.webcontainer.osgi.metadata.WebModuleMetaDataImpl@42a7c593
      nestedModuleMetaDataTypes = null
      nestedModuleMetaDataValues = null
      serialVersionUID = 3986734351620206554
    serialVersionUID = 5122721995888983779
    $$$tc$$$ = class com.ibm.websphere.ras.TraceComponent@7115d596
      strings[0] = "TraceComponent[com.ibm.ws.app.manager.module.internal.SimpleDeployedAppInfoBase$ModuleContainerInfoBase,class com.ibm.ws.app.manager.module.internal.SimpleDeployedAppInfoBase$ModuleContainerInfoBase,[applications, app.manager],null,null]"
    type = class com.ibm.ws.container.service.app.deploy.ContainerInfo$Type@49eda588
      MANIFEST_CLASSPATH = class com.ibm.ws.container.service.app.deploy.ContainerInfo$Type@b4a045b1
      WEB_INF_CLASSES = class com.ibm.ws.container.service.app.deploy.ContainerInfo$Type@5d14032c
      WEB_INF_LIB = class com.ibm.ws.container.service.app.deploy.ContainerInfo$Type@d1ce6a6e
      EAR_LIB = class com.ibm.ws.container.service.app.deploy.ContainerInfo$Type@7514eb1f
      WEB_MODULE = class com.ibm.ws.container.service.app.deploy.ContainerInfo$Type@49eda588
      EJB_MODULE = class com.ibm.ws.container.service.app.deploy.ContainerInfo$Type@fc8af974
      CLIENT_MODULE = class com.ibm.ws.container.service.app.deploy.ContainerInfo$Type@10f0ffc3
      RAR_MODULE = class com.ibm.ws.container.service.app.deploy.ContainerInfo$Type@4eda54d5
      JAR_MODULE = class com.ibm.ws.container.service.app.deploy.ContainerInfo$Type@63bd7f8c
      SHARED_LIB = class com.ibm.ws.container.service.app.deploy.ContainerInfo$Type@1bb456f0
      $VALUES = class com.ibm.ws.container.service.app.deploy.ContainerInfo$Type[10]
      name = "/* Could not access name */"
      ordinal = "/* Could not access ordinal */"
    name = "kitchen.war"
    container = class com.ibm.ws.adaptable.module.internal.AdaptableContainerImpl@c9a8ec8
      root = class com.ibm.ws.adaptable.module.internal.AdaptableContainerImpl@c9a8ec8
      rootOverlay = class com.ibm.ws.artifact.overlay.internal.DirectoryBasedOverlayContainerImpl@c7faaf21
      factoryHolder = class com.ibm.ws.adaptable.module.internal.AdaptableModuleFactoryImpl@5bfda801
      delegate = class com.ibm.ws.artifact.overlay.internal.DirectoryBasedOverlayContainerImpl@c7faaf21
      notifier = class com.ibm.ws.adaptable.module.internal.NotifierImpl@f6f3add1
      serialVersionUID = -5950528200509051684
      $$$tc$$$ = class com.ibm.websphere.ras.TraceComponent@aa96e605
    moduleClassLoaderFactory = class com.ibm.ws.app.manager.war.internal.WARDeployedAppInfo@cef2e71b
    altDDEntry = null
    classesContainerInfo = class java.util.ArrayList@312cac0e
      serialVersionUID = "/* Could not access serialVersionUID */"
      DEFAULT_CAPACITY = "/* Could not access DEFAULT_CAPACITY */"
      EMPTY_ELEMENTDATA = "/* Could not access EMPTY_ELEMENTDATA */"
      DEFAULTCAPACITY_EMPTY_ELEMENTDATA = "/* Could not access DEFAULTCAPACITY_EMPTY_ELEMENTDATA */"
      elementData = "/* Could not access elementData */"
      size = "/* Could not access size */"
      modCount = "/* Could not access modCount */"
    serialVersionUID = 4636874131959542427
    $$$tc$$$ = class com.ibm.websphere.ras.TraceComponent@98ef3b58
      strings[0] = "TraceComponent[com.ibm.ws.app.manager.module.internal.SimpleDeployedAppInfoBase$ExtendedContainerInfo,class com.ibm.ws.app.manager.module.internal.SimpleDeployedAppInfoBase$ExtendedContainerInfo,[applications, app.manager],null,null]"
  DYNAMIC_IMPORT_PACKAGE_LIST = class java.util.Collections$UnmodifiableRandomAccessList@9ba82865
    serialVersionUID = "/* Could not access serialVersionUID */"
    serialVersionUID = "/* Could not access serialVersionUID */"
    list = "/* Could not access list */"
    serialVersionUID = "/* Could not access serialVersionUID */"
    c = "/* Could not access c */"
  serialVersionUID = 6176035338244935179
  $$$tc$$$ = class com.ibm.websphere.ras.TraceComponent@4612b663
    strings[0] = "TraceComponent[com.ibm.ws.app.manager.war.internal.WARDeployedAppInfo,class com.ibm.ws.app.manager.war.internal.WARDeployedAppInfo,[webcontainer, applications, app.manager],com.ibm.ws.app.manager.war.internal.resources.Messages,null]"
  _tc = class com.ibm.websphere.ras.TraceComponent@b0f6e24
    strings[0] = "TraceComponent[com.ibm.ws.app.manager.module.internal.DeployedAppInfoBase,class com.ibm.ws.app.manager.module.internal.DeployedAppInfoBase,[app.manager],com.ibm.ws.app.manager.module.internal.resources.Messages,null]"
  PERMISSION_XML = "permissions.xml"
  applicationInformation = class com.ibm.ws.app.manager.internal.ApplicationInstallInfo@17e7ae2c
    _config = class com.ibm.ws.app.manager.internal.ApplicationConfig@5c8c6631
      tc = class com.ibm.websphere.ras.TraceComponent@b3bce7ed
      _configPid = "com.ibm.ws.app.manager_11"
      _config = class com.ibm.ws.config.admin.ConfigurationDictionary@954cf0c6
      _applicationManager = class com.ibm.ws.app.manager.ApplicationManager@3d183bcd
      _location = "kitchen.war"
      _type = "war"
      _name = "kitchen"
      _notificationBroadcasterSupport = class javax.management.NotificationBroadcasterSupport@ff1ed95e
      ONE_TIME_JANDEX_MSGS_DISPLAYED = true
      serialVersionUID = -4187886726735056001
    _handlerInfo = class java.util.concurrent.atomic.AtomicReference@85764548
      serialVersionUID = "/* Could not access serialVersionUID */"
      VALUE = "/* Could not access VALUE */"
      value = "/* Could not access value */"
    _container = class java.util.concurrent.atomic.AtomicReference@56e69e2
      serialVersionUID = "/* Could not access serialVersionUID */"
      VALUE = "/* Could not access VALUE */"
      value = "/* Could not access value */"
    _resolvedLocation = class java.util.concurrent.atomic.AtomicReference@2731af1
      serialVersionUID = "/* Could not access serialVersionUID */"
      VALUE = "/* Could not access VALUE */"
      value = "/* Could not access value */"
    _handler = class com.ibm.ws.app.manager.war.internal.WARApplicationHandlerImpl@5c95277a
      futureMonitor = class com.ibm.ws.threading.internal.FutureMonitorImpl@d57a4aff
      deployedAppFactory = class com.ibm.ws.app.manager.war.internal.WARDeployedAppInfoFactoryImpl@87a451a3
      serialVersionUID = 4622845147410944782
      $$$tc$$$ = class com.ibm.websphere.ras.TraceComponent@125090e
    _ami = class java.util.concurrent.atomic.AtomicReference@e760508c
      serialVersionUID = "/* Could not access serialVersionUID */"
      VALUE = "/* Could not access VALUE */"
      value = "/* Could not access value */"
    _updateHandler = class com.ibm.ws.app.manager.internal.statemachine.ApplicationStateMachineImpl@101ebdc1
      _tc = class com.ibm.websphere.ras.TraceComponent@7af7dfdb
      EMPTY_FUTURE_ARRAY = interface java.util.concurrent.Future[0]
      asmSequenceNumber = class java.util.concurrent.atomic.AtomicLong@e0580fb5
      _qscaCounter = class java.util.concurrent.atomic.AtomicInteger@67c98337
      _failedThrowable = class com.ibm.ws.container.service.state.StateChangeException@aa1e2b9e
      _interruptibleLock = class com.ibm.ws.app.manager.internal.statemachine.ApplicationStateMachineImpl$2@c7a2f741
      _interruptible = false
      _performingQueuedActions = true
      _queuedActions = class java.util.concurrent.ConcurrentLinkedQueue@3bfc9bf2
      _callbackState = class java.util.concurrent.atomic.AtomicReference@7508456e
      blockAppStartingFutures = class java.util.Collections$SetFromMap@6f75cd88
      waitingForAppHandlerFuture = class java.util.concurrent.atomic.AtomicReference@d4a739e
      waitingForExplicitStartFuture = class java.util.concurrent.atomic.AtomicReference@3c228e8
      completionListener = class java.util.concurrent.atomic.AtomicReference@694086bb
      _notifyAppStopped = class java.util.concurrent.ConcurrentLinkedQueue@838aef5b
      _notifyAppStarting = class java.util.concurrent.ConcurrentLinkedQueue@6ff54221
      _notifyAppInstallCalled = class java.util.concurrent.ConcurrentLinkedQueue@9353ba29
      _notifyAppStarted = class java.util.concurrent.ConcurrentLinkedQueue@f4b3e60b
      _notifyAppRemoved = class java.util.concurrent.ConcurrentLinkedQueue@6915f096
      _stateLock = class com.ibm.ws.app.manager.internal.statemachine.ApplicationStateMachineImpl$3@d544a240
      _internalState = class java.util.concurrent.atomic.AtomicReference@c5613737
      _currentAction = class java.util.concurrent.atomic.AtomicReference@6980f954
      _rfa = class java.util.concurrent.atomic.AtomicReference@125d1d4e
      _appInstallInfo = class java.util.concurrent.atomic.AtomicReference@71d7ef82
      _update = class java.util.concurrent.atomic.AtomicBoolean@2c7f02f
      _appConfig = class java.util.concurrent.atomic.AtomicReference@cc5bbedb
      _nextAppConfig = class java.util.concurrent.atomic.AtomicReference@b8ae7a04
      _appContainer = class java.util.concurrent.atomic.AtomicReference@477ab992
      _resolvedLocation = class java.util.concurrent.atomic.AtomicReference@858a866e
      _handler = class java.util.concurrent.atomic.AtomicReference@9ac2d54c
      _asmSeqNo = 0
      _ctx = class org.eclipse.osgi.internal.framework.BundleContextImpl@b6b4bad9
      _locAdmin = class com.ibm.ws.kernel.service.location.internal.WsLocationAdminImpl@6617b756
      _futureMonitor = class com.ibm.ws.threading.internal.FutureMonitorImpl@d57a4aff
      _artifactFactory = class com.ibm.ws.artifact.internal.ArtifactContainerFactoryService@ec9ed083
      _moduleFactory = class com.ibm.ws.adaptable.module.internal.AdaptableModuleFactoryImpl@5bfda801
      _executorService = class com.ibm.ws.threading.internal.ExecutorServiceImpl@9fd09373
      _scheduledExecutorService = class com.ibm.ws.threading.internal.ScheduledExecutorImpl@9c6c31fd
      _asmHelper = class com.ibm.ws.app.manager.internal.ApplicationConfigurator$NamedApplication@6e416e42
      _appMonitor = class com.ibm.ws.app.manager.internal.monitor.ApplicationMonitor@9df5cb93
      enterStateCalled = class java.util.concurrent.atomic.AtomicBoolean@8593992b
      serialVersionUID = 6511956370079301927
      serialVersionUID = 5501066335104962649
      $$$tc$$$ = class com.ibm.websphere.ras.TraceComponent@94503a4e
    serialVersionUID = 2630639237123415755
    $$$tc$$$ = class com.ibm.websphere.ras.TraceComponent@391eb4a3
      strings[0] = "TraceComponent[com.ibm.ws.app.manager.internal.ApplicationInstallInfo,class com.ibm.ws.app.manager.internal.ApplicationInstallInfo,[applications, app.manager],com.ibm.ws.app.manager.internal.resources.AppManagerMessages,null]"
  location = "/Users/ankit.agrawal@ibm.com/foodOrderRestaurantApp/finish/kitchen/target/liberty/wlp/usr/servers/defaultServer/apps/kitchen.war.xml"
  classLoadingService = class com.ibm.ws.classloading.internal.ClassLoadingServiceImpl@326eaea
    tc = class com.ibm.websphere.ras.TraceComponent@ae637fa0
      strings[0] = "TraceComponent[com.ibm.ws.classloading.internal.ClassLoadingServiceImpl,class com.ibm.ws.classloading.internal.ClassLoadingServiceImpl,[ClassLoadingService],com.ibm.ws.classloading.internal.resources.ClassLoadingServiceMessages,null]"
    leakDetectionMap = class java.util.HashMap@7e1149fa
      serialVersionUID = "/* Could not access serialVersionUID */"
      DEFAULT_INITIAL_CAPACITY = "/* Could not access DEFAULT_INITIAL_CAPACITY */"
      MAXIMUM_CAPACITY = "/* Could not access MAXIMUM_CAPACITY */"
      DEFAULT_LOAD_FACTOR = "/* Could not access DEFAULT_LOAD_FACTOR */"
      TREEIFY_THRESHOLD = "/* Could not access TREEIFY_THRESHOLD */"
      UNTREEIFY_THRESHOLD = "/* Could not access UNTREEIFY_THRESHOLD */"
      MIN_TREEIFY_CAPACITY = "/* Could not access MIN_TREEIFY_CAPACITY */"
      table = "/* Could not access table */"
      entrySet = "/* Could not access entrySet */"
      size = "/* Could not access size */"
      modCount = "/* Could not access modCount */"
      threshold = "/* Could not access threshold */"
      loadFactor = "/* Could not access loadFactor */"
      keySet = "/* Could not access keySet */"
      values = "/* Could not access values */"
    appClassLoaders = class java.util.Collections$SetFromMap@2fe2e3ab
      m = "/* Could not access m */"
      s = "/* Could not access s */"
      serialVersionUID = "/* Could not access serialVersionUID */"
    TCCL_LOCK_WAIT = 15000
    REFERENCE_GENERATORS = "generators"
    bundleContext = class org.eclipse.osgi.internal.framework.BundleContextImpl@cb5d41fb
      findHookName = "org.osgi.framework.hooks.bundle.FindHook"
      valid = true
      bundle = class org.eclipse.osgi.internal.framework.EquinoxBundle@e07411c2
      container = class org.eclipse.osgi.internal.framework.EquinoxContainer@5ea2253f
      debug = class org.eclipse.osgi.internal.debug.Debug@21d36f62
      servicesInUse = class java.util.HashMap@2e77c3eb
      activator = null
      contextLock = class java.lang.Object@1932132e
    aclStore = class com.ibm.ws.classloading.internal.util.CanonicalStore@caf94847
      map = class java.util.concurrent.ConcurrentHashMap@6471124a
      q = class com.ibm.ws.classloading.internal.util.RefQueue@eb45122a
      serialVersionUID = 6715157558227169968
      $$$tc$$$ = class com.ibm.websphere.ras.TraceComponent@d4a27d5c
    tcclStore = class com.ibm.ws.classloading.internal.util.CanonicalStore@80380414
      map = class java.util.concurrent.ConcurrentHashMap@26577be7
      q = class com.ibm.ws.classloading.internal.util.RefQueue@e6bc9a57
      serialVersionUID = 6715157558227169968
      $$$tc$$$ = class com.ibm.websphere.ras.TraceComponent@d4a27d5c
    tcclStoreLock = class java.util.concurrent.locks.ReentrantLock@436fc542
      serialVersionUID = "/* Could not access serialVersionUID */"
      sync = "/* Could not access sync */"
    digraph = class org.eclipse.equinox.internal.region.StandardRegionDigraph@8211cb88
      EMPTY_EDGE_SET = class java.util.Collections$UnmodifiableSet@5ab73daf
      monitor = class java.lang.Object@10391b4b
      regions = class java.util.HashMap@1fd58fdc
      bundleIdToRegionMapping = class org.eclipse.equinox.internal.region.StandardBundleIdToRegionMapping@f516b228
      edges = class java.util.HashMap@b9fa3a9e
      bundleContext = class org.eclipse.osgi.internal.framework.BundleContextImpl@ceb57cdf
      threadLocal = class java.lang.ThreadLocal@bacbc8b3
      subgraphTraverser = class org.eclipse.equinox.internal.region.SubgraphTraverser@b33d3127
      bundleCollisionHook = class org.eclipse.equinox.internal.region.hook.RegionBundleCollisionHook@a6eda3b5
      bundleEventHook = class org.eclipse.equinox.internal.region.hook.RegionBundleEventHook@353ef78b
      bundleFindHook = class org.eclipse.equinox.internal.region.hook.RegionBundleFindHook@5cbc3139
      serviceEventHook = class org.eclipse.equinox.internal.region.hook.RegionServiceEventHook@801ca57d
      serviceFindHook = class org.eclipse.equinox.internal.region.hook.RegionServiceFindHook@cdaf319d
      resolverHookFactory = class org.eclipse.equinox.internal.region.hook.RegionResolverHookFactory@3788698e
      origin = null
      originUpdateCount = -1
      updateCount = class java.util.concurrent.atomic.AtomicLong@904197a4
      defaultRegion = null
    redefiner = class com.ibm.ws.classloading.internal.util.ClassRedefiner@28bc5fd
      tc = class com.ibm.websphere.ras.TraceComponent@8fc7f2ef
      LS = "
"
      inst = class com.sun.proxy.$Proxy3@d87db123
      serialVersionUID = 2420101865139508526
    listener = class com.ibm.ws.classloading.internal.ClassLoadingServiceImpl$1@6272a5d3
      this$0 = class com.ibm.ws.classloading.internal.ClassLoadingServiceImpl@326eaea
      serialVersionUID = -9159707349812113172
      $$$tc$$$ = class com.ibm.websphere.ras.TraceComponent@220e4ca1
    classloaders = class java.util.Collections$SynchronizedMap@5f75d770
      serialVersionUID = "/* Could not access serialVersionUID */"
      m = "/* Could not access m */"
      mutex = "/* Could not access mutex */"
      keySet = "/* Could not access keySet */"
      entrySet = "/* Could not access entrySet */"
      values = "/* Could not access values */"
    resourceProviders = class com.ibm.ws.classloading.internal.CompositeResourceProvider@557093d3
      lockFactory = class java.util.concurrent.locks.ReentrantReadWriteLock@cb9c7bd2
      providerMap = class com.ibm.ws.classloading.internal.util.MultiMap@17b12815
      serialVersionUID = -5576435894946156347
      $$$tc$$$ = class com.ibm.websphere.ras.TraceComponent@ccb5fc2b
    rememberedBundles = class java.util.concurrent.ConcurrentHashMap@efb3d698
      serialVersionUID = "/* Could not access serialVersionUID */"
      MAXIMUM_CAPACITY = "/* Could not access MAXIMUM_CAPACITY */"
      DEFAULT_CAPACITY = "/* Could not access DEFAULT_CAPACITY */"
      MAX_ARRAY_SIZE = "/* Could not access MAX_ARRAY_SIZE */"
      DEFAULT_CONCURRENCY_LEVEL = "/* Could not access DEFAULT_CONCURRENCY_LEVEL */"
      LOAD_FACTOR = "/* Could not access LOAD_FACTOR */"
      TREEIFY_THRESHOLD = "/* Could not access TREEIFY_THRESHOLD */"
      UNTREEIFY_THRESHOLD = "/* Could not access UNTREEIFY_THRESHOLD */"
      MIN_TREEIFY_CAPACITY = "/* Could not access MIN_TREEIFY_CAPACITY */"
      MIN_TRANSFER_STRIDE = "/* Could not access MIN_TRANSFER_STRIDE */"
      RESIZE_STAMP_BITS = "/* Could not access RESIZE_STAMP_BITS */"
      MAX_RESIZERS = "/* Could not access MAX_RESIZERS */"
      RESIZE_STAMP_SHIFT = "/* Could not access RESIZE_STAMP_SHIFT */"
      MOVED = "/* Could not access MOVED */"
      TREEBIN = "/* Could not access TREEBIN */"
      RESERVED = "/* Could not access RESERVED */"
      HASH_BITS = "/* Could not access HASH_BITS */"
      NCPU = "/* Could not access NCPU */"
      serialPersistentFields = "/* Could not access serialPersistentFields */"
      table = "/* Could not access table */"
      nextTable = "/* Could not access nextTable */"
      baseCount = "/* Could not access baseCount */"
      sizeCtl = "/* Could not access sizeCtl */"
      transferIndex = "/* Could not access transferIndex */"
      cellsBusy = "/* Could not access cellsBusy */"
      counterCells = "/* Could not access counterCells */"
      keySet = "/* Could not access keySet */"
      values = "/* Could not access values */"
      entrySet = "/* Could not access entrySet */"
      U = "/* Could not access U */"
      SIZECTL = "/* Could not access SIZECTL */"
      TRANSFERINDEX = "/* Could not access TRANSFERINDEX */"
      BASECOUNT = "/* Could not access BASECOUNT */"
      CELLSBUSY = "/* Could not access CELLSBUSY */"
      CELLVALUE = "/* Could not access CELLVALUE */"
      ABASE = "/* Could not access ABASE */"
      ASHIFT = "/* Could not access ASHIFT */"
      keySet = "/* Could not access keySet */"
      values = "/* Could not access values */"
    collectedBundles = class java.lang.ref.ReferenceQueue@619e6f04
      references = "/* Could not access references */"
      head = "/* Could not access head */"
      tail = "/* Could not access tail */"
      empty = "/* Could not access empty */"
      DEFAULT_QUEUE_SIZE = "/* Could not access DEFAULT_QUEUE_SIZE */"
      reflectRefClass = "/* Could not access reflectRefClass */"
      classNameLockRefClass = "/* Could not access classNameLockRefClass */"
    generatorRefs = class com.ibm.wsspi.kernel.service.utils.ConcurrentServiceReferenceSet@349b5f27
      referenceName = "generators"
      contextRef = class java.util.concurrent.atomic.AtomicReference@234f8737
      elementMap = class java.util.LinkedHashMap@5a8da62d
      elementSet = class java.util.concurrent.ConcurrentSkipListSet@aa7a5206
      elementSetUnsorted = false
      serialVersionUID = 756240983881166148
      $$$tc$$$ = class com.ibm.websphere.ras.TraceComponent@edb51f31
    generatorManager = class com.ibm.ws.classloading.internal.ClassGeneratorManager@9f9852f5
      tc = class com.ibm.websphere.ras.TraceComponent@54aca920
      generatorRefs = class com.ibm.wsspi.kernel.service.utils.ConcurrentServiceReferenceSet@349b5f27
      serialVersionUID = 4152663586056483310
    appExtLibs = class java.util.concurrent.CopyOnWriteArrayList@aa4732d4
      serialVersionUID = "/* Could not access serialVersionUID */"
      lock = "/* Could not access lock */"
      array = "/* Could not access array */"
    globalConfig = class com.ibm.ws.classloading.configuration.GlobalClassloadingConfiguration@cf2786b2
      properties = class org.apache.felix.scr.impl.helper.ReadOnlyDictionary@cdc811b1
      serialVersionUID = 452562347104713756
      $$$tc$$$ = class com.ibm.websphere.ras.TraceComponent@ffd75652
    metaInfServicesProviders = class java.util.concurrent.ConcurrentHashMap@de27cea9
      serialVersionUID = "/* Could not access serialVersionUID */"
      MAXIMUM_CAPACITY = "/* Could not access MAXIMUM_CAPACITY */"
      DEFAULT_CAPACITY = "/* Could not access DEFAULT_CAPACITY */"
      MAX_ARRAY_SIZE = "/* Could not access MAX_ARRAY_SIZE */"
      DEFAULT_CONCURRENCY_LEVEL = "/* Could not access DEFAULT_CONCURRENCY_LEVEL */"
      LOAD_FACTOR = "/* Could not access LOAD_FACTOR */"
      TREEIFY_THRESHOLD = "/* Could not access TREEIFY_THRESHOLD */"
      UNTREEIFY_THRESHOLD = "/* Could not access UNTREEIFY_THRESHOLD */"
      MIN_TREEIFY_CAPACITY = "/* Could not access MIN_TREEIFY_CAPACITY */"
      MIN_TRANSFER_STRIDE = "/* Could not access MIN_TRANSFER_STRIDE */"
      RESIZE_STAMP_BITS = "/* Could not access RESIZE_STAMP_BITS */"
      MAX_RESIZERS = "/* Could not access MAX_RESIZERS */"
      RESIZE_STAMP_SHIFT = "/* Could not access RESIZE_STAMP_SHIFT */"
      MOVED = "/* Could not access MOVED */"
      TREEBIN = "/* Could not access TREEBIN */"
      RESERVED = "/* Could not access RESERVED */"
      HASH_BITS = "/* Could not access HASH_BITS */"
      NCPU = "/* Could not access NCPU */"
      serialPersistentFields = "/* Could not access serialPersistentFields */"
      table = "/* Could not access table */"
      nextTable = "/* Could not access nextTable */"
      baseCount = "/* Could not access baseCount */"
      sizeCtl = "/* Could not access sizeCtl */"
      transferIndex = "/* Could not access transferIndex */"
      cellsBusy = "/* Could not access cellsBusy */"
      counterCells = "/* Could not access counterCells */"
      keySet = "/* Could not access keySet */"
      values = "/* Could not access values */"
      entrySet = "/* Could not access entrySet */"
      U = "/* Could not access U */"
      SIZECTL = "/* Could not access SIZECTL */"
      TRANSFERINDEX = "/* Could not access TRANSFERINDEX */"
      BASECOUNT = "/* Could not access BASECOUNT */"
      CELLSBUSY = "/* Could not access CELLSBUSY */"
      CELLVALUE = "/* Could not access CELLVALUE */"
      ABASE = "/* Could not access ABASE */"
      ASHIFT = "/* Could not access ASHIFT */"
      keySet = "/* Could not access keySet */"
      values = "/* Could not access values */"
    metaInfServicesRefs = class com.ibm.wsspi.kernel.service.utils.ConcurrentServiceReferenceMap@b519cded
      referenceName = "MetaInfServicesProvider"
      context = class org.apache.felix.scr.impl.manager.ComponentContextImpl@41b8f918
      elementMap = class java.util.concurrent.ConcurrentHashMap@ba42a20d
      serialVersionUID = 6980924785166233786
      $$$tc$$$ = class com.ibm.websphere.ras.TraceComponent@2708eefa
    protectionDomainMap = null
    metadataIdentifierService = class com.ibm.ws.container.service.metadata.internal.MetaDataServiceImpl@6f4c6eea
    globalSharedLibrary = class java.util.concurrent.atomic.AtomicReference@88fb789c
      serialVersionUID = "/* Could not access serialVersionUID */"
      VALUE = "/* Could not access VALUE */"
      value = "/* Could not access value */"
    serialVersionUID = 4365026902615131286
  globalSharedLibrary = class com.ibm.ws.library.internal.SharedLibraryImpl@9fb297ec
    tc = class com.ibm.websphere.ras.TraceComponent@e0b857f0
      strings[0] = "TraceComponent[com.ibm.ws.library.internal.SharedLibraryImpl,class com.ibm.ws.library.internal.SharedLibraryImpl,[SharedLibrary],com.ibm.ws.classloading.internal.resources.ClassLoadingServiceMessages,null]"
    EMPTY_LIBRARY_LISTENERS = interface com.ibm.wsspi.library.LibraryChangeListener[0]
    deleted = false
    libraryListenersTracker = class org.osgi.util.tracker.ServiceTracker@7a7e87e8
      DEBUG = false
      context = class org.eclipse.osgi.internal.framework.BundleContextImpl@cb5d41fb
      filter = class org.eclipse.osgi.internal.framework.FilterImpl$And@b1bf638b
      customizer = class org.osgi.util.tracker.ServiceTracker@7a7e87e8
      listenerFilter = "(&(objectClass=com.ibm.wsspi.library.LibraryChangeListener)(|(library=global)(libraryRef=*com.ibm.ws.classloading.sharedlibrary_1*)))"
      trackClass = null
      trackReference = null
      tracked = class org.osgi.util.tracker.ServiceTracker$Tracked@cde60925
      cachedReference = null
      cachedService = null
    libraryReg = class org.eclipse.osgi.internal.serviceregistry.ServiceRegistrationImpl@c8f4e59f
      registry = class org.eclipse.osgi.internal.serviceregistry.ServiceRegistry@7620b560
      context = class org.eclipse.osgi.internal.framework.BundleContextImpl@cb5d41fb
      bundle = class org.eclipse.osgi.internal.framework.EquinoxBundle@e07411c2
      clazzes = class java.lang.String[1]
      service = class com.ibm.ws.library.internal.SharedLibraryImpl@9fb297ec
      reference = class org.eclipse.osgi.internal.serviceregistry.ServiceReferenceImpl@4e378b4d
      contextsUsing = class java.util.ArrayList@55cf7c4a
      properties = class java.util.Collections$UnmodifiableMap@95c39451
      serviceid = 249
      serviceranking = 0
      registrationLock = class java.lang.Object@a4fe7d96
      state = 0
      REGISTERED = 0
      UNREGISTERING = 1
      UNREGISTERED = 2
      FRAMEWORK_SET_SERVICE_PROPERTIES_COUNT = 4
      $assertionsDisabled = true
    ctx = class org.eclipse.osgi.internal.framework.BundleContextImpl@cb5d41fb
    classLoadingService = class com.ibm.ws.classloading.internal.ClassLoadingServiceImpl@326eaea
    configAdmin = class com.ibm.ws.config.admin.internal.ConfigurationAdminImpl@46bc34f5
      tc = class com.ibm.websphere.ras.TraceComponent@98ba985a
      bundle = class org.eclipse.osgi.internal.framework.EquinoxBundle@e07411c2
      caFactory = class com.ibm.ws.config.admin.internal.ConfigAdminServiceFactory@e7e3b8fc
      serialVersionUID = -2875522750804142523
    resolvedBasePath = "/Users/ankit.agrawal@ibm.com/foodOrderRestaurantApp/finish/kitchen/target/liberty/wlp/usr/servers/defaultServer/"
    generationLock = class com.ibm.ws.library.internal.SharedLibraryImpl$1@437bd195
      this$0 = class com.ibm.ws.library.internal.SharedLibraryImpl@9fb297ec
      serialVersionUID = 2483639803450672373
      $$$tc$$$ = class com.ibm.websphere.ras.TraceComponent@ef9bc6a
    currentGeneration = class com.ibm.ws.library.internal.LibraryGeneration@f1db75dc
      tc = class com.ibm.websphere.ras.TraceComponent@8366a134
      nextInt = class java.util.concurrent.atomic.AtomicInteger@80c6273e
      libraryId = "global"
      genId = 0
      libraryProps = class java.util.Hashtable@8387c18c
      filesetRefs = class java.util.Collections$UnmodifiableRandomAccessList@d92def45
      apiTypeVisibility = class java.util.RegularEnumSet@be3b0931
      files = class java.util.Collections$EmptyList@1a5179c
      folders = class java.util.ArrayList@5fa8b72f
      fileAndFolderContainers = class java.util.Collections$EmptyList@1a5179c
      filesets = class java.util.concurrent.ArrayBlockingQueue@2155b58e
      filesetListenerRegs = class java.util.concurrent.ConcurrentLinkedQueue@8dc13bca
      cancelled = false
      library = class com.ibm.ws.library.internal.SharedLibraryImpl@9fb297ec
      serialVersionUID = 6965220007121905717
    nextGeneration = class com.ibm.ws.library.internal.LibraryGeneration@f1db75dc
    artifactContainerFactory = class com.ibm.ws.library.internal.SharedLibraryFactory$1@516ec77
      this$0 = class com.ibm.ws.library.internal.SharedLibraryFactory@5aef28f5
      serialVersionUID = 7730244564205089330
      $$$tc$$$ = class com.ibm.websphere.ras.TraceComponent@9b71c848
    packageExporter = class com.ibm.ws.library.internal.LibraryPackageExporter@9c6e10ad
      EXPORTER_POSTFIX = "_library_exporter"
      REGION_EXPORT_TO_LIBERTY = "liberty.library.export.to.liberty"
      REGION_EXPORT_TO_OSGI_APPS = "liberty.library.export.to.osgi.app"
      REGION_KERNEL = "org.eclipse.equinox.region.kernel"
      counter = class java.util.concurrent.atomic.AtomicLong@116cab79
      context = class org.eclipse.osgi.internal.framework.BundleContextImpl@cb5d41fb
      digraph = class org.eclipse.equinox.internal.region.StandardRegionDigraph@8211cb88
      bundleToLibrary = class java.util.concurrent.ConcurrentHashMap@a485bd9a
      libraryToVisibility = class java.util.concurrent.ConcurrentHashMap@9336a8f3
      serialVersionUID = 8074378969667956573
      $$$tc$$$ = class com.ibm.websphere.ras.TraceComponent@d77544dc
    serialVersionUID = 6288237618632180389
  sharedLibDeploymentInfo = class com.ibm.ws.app.manager.module.internal.DeployedAppInfoBase$SharedLibDeploymentInfo@3e0fdcd5
    locAdmin = class com.ibm.ws.kernel.service.location.internal.WsLocationAdminImpl@6617b756
    artifactFactory = class com.ibm.ws.artifact.internal.ArtifactContainerFactoryService@ec9ed083
    moduleFactory = class com.ibm.ws.adaptable.module.internal.AdaptableModuleFactoryImpl@5bfda801
    classesContainerInfo = class java.util.ArrayList@4abe823b
      serialVersionUID = "/* Could not access serialVersionUID */"
      DEFAULT_CAPACITY = "/* Could not access DEFAULT_CAPACITY */"
      EMPTY_ELEMENTDATA = "/* Could not access EMPTY_ELEMENTDATA */"
      DEFAULTCAPACITY_EMPTY_ELEMENTDATA = "/* Could not access DEFAULTCAPACITY_EMPTY_ELEMENTDATA */"
      elementData = "/* Could not access elementData */"
      size = "/* Could not access size */"
      modCount = "/* Could not access modCount */"
    serialVersionUID = 5154735746662585226
    $$$tc$$$ = class com.ibm.websphere.ras.TraceComponent@35e98f2c
      strings[0] = "TraceComponent[com.ibm.ws.app.manager.module.internal.DeployedAppInfoBase$SharedLibDeploymentInfo,class com.ibm.ws.app.manager.module.internal.DeployedAppInfoBase$SharedLibDeploymentInfo,[applications, app.manager],null,null]"
  configAdmin = class com.ibm.ws.config.admin.internal.ConfigurationAdminImpl@3e691edb
    tc = class com.ibm.websphere.ras.TraceComponent@98ba985a
      strings[0] = "TraceComponent[com.ibm.ws.config.admin.internal.ConfigurationAdminImpl,class com.ibm.ws.config.admin.internal.ConfigurationAdminImpl,[config],com.ibm.ws.config.internal.resources.ConfigMessages,null]"
    bundle = class org.eclipse.osgi.internal.framework.EquinoxBundle@be5dc9a
      equinoxContainer = class org.eclipse.osgi.internal.framework.EquinoxContainer@5ea2253f
      module = class org.eclipse.osgi.internal.framework.EquinoxBundle$EquinoxModule@38238dbd
      monitor = class java.lang.Object@83f803ba
      context = class org.eclipse.osgi.internal.framework.BundleContextImpl@b2575db2
      signerInfos = null
      $SWITCH_TABLE$org$eclipse$osgi$container$Module$State = {1,2,3,4,5,6,7} /* array length = 7 */
    caFactory = class com.ibm.ws.config.admin.internal.ConfigAdminServiceFactory@e7e3b8fc
      tc = class com.ibm.websphere.ras.TraceComponent@34adb77d
      configurationPermission = class org.osgi.service.cm.ConfigurationPermission@e26e73a
      INDEX_DICTIONARY = 0
      INDEX_LOCATION = 1
      INDEX_METATYPE_PROCESSED = 2
      INDEX_IN_OVERRIDES_FILE = 3
      INDEX_REFERENCES = 4
      INDEX_UNIQUES = 5
      bundleContext = class org.eclipse.osgi.internal.framework.BundleContextImpl@ae32d532
      msTracker = class com.ibm.ws.config.admin.internal.ManagedServiceTracker@7a7acd07
      msfTracker = class com.ibm.ws.config.admin.internal.ManagedServiceFactoryTracker@10fc234a
      pluginManager = class com.ibm.ws.config.admin.internal.PluginManager@cd4067a6
      configurationStore = class com.ibm.ws.config.admin.internal.ConfigurationStore@91a77c92
      updateQueue = class com.ibm.ws.config.admin.internal.UpdateQueue@6fa37b03
      ced = class com.ibm.ws.config.admin.internal.ConfigEventDispatcher@748a6bd4
      idMap = class java.util.Collections$SynchronizedMap@e0026eb9
      referenceMap = class java.util.Collections$SynchronizedMap@f737d6f3
      variableRegistryTracker = class org.osgi.util.tracker.ServiceTracker@310c21de
      variableRegistry = class com.ibm.ws.kernel.service.location.internal.VariableRegistryHelper@9dfd51b9
      configurationAdminRef = class org.eclipse.osgi.internal.serviceregistry.ServiceRegistrationImpl@238d0ff3
      serialVersionUID = 6695202270027014725
    serialVersionUID = -2875522750804142523
  libraryConfigHelper = class com.ibm.ws.classloading.ClassLoaderConfigHelper@8ca548fc
    tc = class com.ibm.websphere.ras.TraceComponent@e77d850d
      strings[0] = "TraceComponent[com.ibm.ws.classloading.ClassLoaderConfigHelper,class com.ibm.ws.classloading.ClassLoaderConfigHelper,[ClassLoadingService],com.ibm.ws.classloading.internal.resources.ClassLoadingServiceMessages,null]"
    DEFAULT_API_TYPES = class java.util.RegularEnumSet@71888b7f
      serialVersionUID = "/* Could not access serialVersionUID */"
      elements = "/* Could not access elements */"
      serialVersionUID = "/* Could not access serialVersionUID */"
      elementType = "/* Could not access elementType */"
      universe = "/* Could not access universe */"
    sharedLibraries = class java.util.Collections$EmptyList@1a5179c
      serialVersionUID = "/* Could not access serialVersionUID */"
      modCount = "/* Could not access modCount */"
    commonLibraries = class java.util.Collections$EmptyList@1a5179c
    classProviders = class java.util.Collections$EmptyList@1a5179c
    sharedLibrariesPids = null
    commonLibrariesPids = null
    isDelegateLast = false
    apiTypes = class java.util.RegularEnumSet@71888b7f
    classLoaderConfigProps = null
    serialVersionUID = 7643888529935916418
  isDelegateLast = false
  permissionManager = class com.ibm.ws.classloading.java2sec.PermissionManager@6308ccdd
    tc = class com.ibm.websphere.ras.TraceComponent@e55ef36b
      strings[0] = "TraceComponent[com.ibm.ws.classloading.java2sec.PermissionManager,class com.ibm.ws.classloading.java2sec.PermissionManager,[Java2SecurityUtil],com.ibm.ws.classloading.internal.resources.Java2SecurityUtilMessages,null]"
    bundleContext = class org.eclipse.osgi.internal.framework.BundleContextImpl@cb5d41fb
    classLoadingService = class com.ibm.ws.classloading.internal.ClassLoadingServiceImpl@326eaea
    DEFAULT_SERVER_RESTRICTABLE_PERMISSIONS = class java.security.Permission[4]
      Permission[0] = class java.lang.RuntimePermission@cd666d17
      Permission[1] = class java.lang.RuntimePermission@a6d5bbc2
      Permission[2] = class java.security.SecurityPermission@d6fcd95
      Permission[3] = class javax.security.auth.AuthPermission@bf0b8e6b
    DEFAULT_CLIENT_RESTRICTABLE_PERMISSIONS = class java.security.Permission[3]
      Permission[0] = class java.lang.RuntimePermission@bcd5af0a
      Permission[1] = class java.security.SecurityPermission@359cb6c8
      Permission[2] = class javax.security.auth.AuthPermission@27b7c1e7
    isServer = true
    wsjarUrlStreamHandlerAvailable = true
    restrictablePermissions = class java.util.ArrayList@83a2d133
      serialVersionUID = "/* Could not access serialVersionUID */"
      DEFAULT_CAPACITY = "/* Could not access DEFAULT_CAPACITY */"
      EMPTY_ELEMENTDATA = "/* Could not access EMPTY_ELEMENTDATA */"
      DEFAULTCAPACITY_EMPTY_ELEMENTDATA = "/* Could not access DEFAULTCAPACITY_EMPTY_ELEMENTDATA */"
      elementData = "/* Could not access elementData */"
      size = "/* Could not access size */"
      modCount = "/* Could not access modCount */"
    grantedPermissions = class java.util.ArrayList@9790502f
      serialVersionUID = "/* Could not access serialVersionUID */"
      DEFAULT_CAPACITY = "/* Could not access DEFAULT_CAPACITY */"
      EMPTY_ELEMENTDATA = "/* Could not access EMPTY_ELEMENTDATA */"
      DEFAULTCAPACITY_EMPTY_ELEMENTDATA = "/* Could not access DEFAULTCAPACITY_EMPTY_ELEMENTDATA */"
      elementData = "/* Could not access elementData */"
      size = "/* Could not access size */"
      modCount = "/* Could not access modCount */"
    KEY_PERMISSION = "permission"
    INCORRECT_PERMISSION_CONFIGURATION = "INCORRECT_PERMISSION_CONFIGURATION"
    PERMISSION_CLASSNOTFOUND = "PERMISSION_CLASSNOTFOUND"
    SERVER_XML = "server.xml"
    CLIENT_XML = "client.xml"
    os_name = "Mac OS X"
    os_version = "10.15.1"
    originationFile = null
    permissions = class com.ibm.wsspi.kernel.service.utils.ConcurrentServiceReferenceSet@dd671974
      referenceName = "permission"
      contextRef = class java.util.concurrent.atomic.AtomicReference@262877df
      elementMap = class java.util.LinkedHashMap@b5912822
      elementSet = class java.util.concurrent.ConcurrentSkipListSet@9855835a
      elementSetUnsorted = false
      serialVersionUID = 756240983881166148
      $$$tc$$$ = class com.ibm.websphere.ras.TraceComponent@edb51f31
    codeBasePermissionMap = class java.util.HashMap@46234458
      serialVersionUID = "/* Could not access serialVersionUID */"
      DEFAULT_INITIAL_CAPACITY = "/* Could not access DEFAULT_INITIAL_CAPACITY */"
      MAXIMUM_CAPACITY = "/* Could not access MAXIMUM_CAPACITY */"
      DEFAULT_LOAD_FACTOR = "/* Could not access DEFAULT_LOAD_FACTOR */"
      TREEIFY_THRESHOLD = "/* Could not access TREEIFY_THRESHOLD */"
      UNTREEIFY_THRESHOLD = "/* Could not access UNTREEIFY_THRESHOLD */"
      MIN_TREEIFY_CAPACITY = "/* Could not access MIN_TREEIFY_CAPACITY */"
      table = "/* Could not access table */"
      entrySet = "/* Could not access entrySet */"
      size = "/* Could not access size */"
      modCount = "/* Could not access modCount */"
      threshold = "/* Could not access threshold */"
      loadFactor = "/* Could not access loadFactor */"
      keySet = "/* Could not access keySet */"
      values = "/* Could not access values */"
    permissionXMLPermissionMap = class java.util.HashMap@492516e4
      serialVersionUID = "/* Could not access serialVersionUID */"
      DEFAULT_INITIAL_CAPACITY = "/* Could not access DEFAULT_INITIAL_CAPACITY */"
      MAXIMUM_CAPACITY = "/* Could not access MAXIMUM_CAPACITY */"
      DEFAULT_LOAD_FACTOR = "/* Could not access DEFAULT_LOAD_FACTOR */"
      TREEIFY_THRESHOLD = "/* Could not access TREEIFY_THRESHOLD */"
      UNTREEIFY_THRESHOLD = "/* Could not access UNTREEIFY_THRESHOLD */"
      MIN_TREEIFY_CAPACITY = "/* Could not access MIN_TREEIFY_CAPACITY */"
      table = "/* Could not access table */"
      entrySet = "/* Could not access entrySet */"
      size = "/* Could not access size */"
      modCount = "/* Could not access modCount */"
      threshold = "/* Could not access threshold */"
      loadFactor = "/* Could not access loadFactor */"
      keySet = "/* Could not access keySet */"
      values = "/* Could not access values */"
    java2SecurityEnabled = false
    serialVersionUID = 8819607610050598163
  permissionsConfig = null
  serialVersionUID = 1131686356392279747
  appInfo = class com.ibm.ws.container.service.app.deploy.internal.ApplicationInfoImpl@1c20b695
    appName = "kitchen"
    appMetaData = class com.ibm.ws.container.service.app.deploy.internal.ApplicationMetaDataImpl@1b502e74
      j2eeName = class com.ibm.ws.container.service.metadata.internal.J2EENameImpl@1278d123
      serialVersionUID = -7906531148367236579
      $$$tc$$$ = class com.ibm.websphere.ras.TraceComponent@33f0bb05
      tc = class com.ibm.websphere.ras.TraceComponent@bf923bc8
      NUM_STATIC_SLOTS = 4
      ID_UNINITIALIZED = -1
      id = 0
      metaDataInterface = class java.lang.Class@a75d27e3
      staticSlots = class java.lang.Object[4]
      dynamicSlots = null
    appContainer = class com.ibm.ws.adaptable.module.internal.AdaptableContainerImpl@c9a8ec8
    configHelper = class com.ibm.ws.app.manager.module.ApplicationNestedConfigHelper@dc2d3276
      appInfo = class com.ibm.ws.app.manager.internal.ApplicationInstallInfo@17e7ae2c
      serialVersionUID = -3174031738676705046
      $$$tc$$$ = class com.ibm.websphere.ras.TraceComponent@de832e65
    applicationInformation = class com.ibm.ws.app.manager.internal.ApplicationInstallInfo@17e7ae2c
    serialVersionUID = 5227817860647895780
    $$$tc$$$ = class com.ibm.websphere.ras.TraceComponent@71f2f393
      strings[0] = "TraceComponent[com.ibm.ws.container.service.app.deploy.internal.ApplicationInfoImpl,class com.ibm.ws.container.service.app.deploy.internal.ApplicationInfoImpl,[container.service],com.ibm.ws.container.service.resources.Messages,null]"
  modulesDeployed = class java.util.ArrayList@764e398a
    serialVersionUID = "/* Could not access serialVersionUID */"
    DEFAULT_CAPACITY = "/* Could not access DEFAULT_CAPACITY */"
    EMPTY_ELEMENTDATA = "/* Could not access EMPTY_ELEMENTDATA */"
    DEFAULTCAPACITY_EMPTY_ELEMENTDATA = "/* Could not access DEFAULTCAPACITY_EMPTY_ELEMENTDATA */"
    elementData = "/* Could not access elementData */"
    size = "/* Could not access size */"
    modCount = "/* Could not access modCount */"
  starting = true
  started = false
  deployedAppServices = class com.ibm.ws.app.manager.module.internal.DeployedAppServicesImpl@6221806e
    SERVER_APPS_DIR = "${server.output.dir}/apps/"
    EXPANDED_APPS_DIR = "${server.output.dir}/apps/expanded/"
    bundleContext = class org.eclipse.osgi.internal.framework.BundleContextImpl@b2575db2
      findHookName = "org.osgi.framework.hooks.bundle.FindHook"
      valid = true
      bundle = class org.eclipse.osgi.internal.framework.EquinoxBundle@be5dc9a
      container = class org.eclipse.osgi.internal.framework.EquinoxContainer@5ea2253f
      debug = class org.eclipse.osgi.internal.debug.Debug@21d36f62
      servicesInUse = class java.util.HashMap@fbf758f3
      activator = null
      contextLock = class java.lang.Object@f40a31c5
    applicationInfoFactory = class com.ibm.ws.container.service.app.deploy.internal.ApplicationInfoFactoryImpl@5982d76b
    futureMonitor = class com.ibm.ws.threading.internal.FutureMonitorImpl@d57a4aff
    classLoadingService = class com.ibm.ws.classloading.internal.ClassLoadingServiceImpl@326eaea
    globalSharedLibrary = class com.ibm.ws.library.internal.SharedLibraryImpl@9fb297ec
    globalSharedLibraryPid = "com.ibm.ws.classloading.sharedlibrary_1"
    configAdmin = class com.ibm.ws.config.admin.internal.ConfigurationAdminImpl@3e691edb
    metaDataService = class com.ibm.ws.container.service.metadata.internal.MetaDataServiceImpl@6f4c6eea
    stateChangeService = class com.ibm.ws.container.service.state.internal.StateChangeServiceImpl@3960012d
    allModuleTypes = class java.lang.String[4]
      String[0] = "ejb"
      String[1] = "web"
      String[2] = "client"
      String[3] = "connector"
    moduleMetaDataExtenders = class java.util.concurrent.ConcurrentHashMap@c68a2a59
      serialVersionUID = "/* Could not access serialVersionUID */"
      MAXIMUM_CAPACITY = "/* Could not access MAXIMUM_CAPACITY */"
      DEFAULT_CAPACITY = "/* Could not access DEFAULT_CAPACITY */"
      MAX_ARRAY_SIZE = "/* Could not access MAX_ARRAY_SIZE */"
      DEFAULT_CONCURRENCY_LEVEL = "/* Could not access DEFAULT_CONCURRENCY_LEVEL */"
      LOAD_FACTOR = "/* Could not access LOAD_FACTOR */"
      TREEIFY_THRESHOLD = "/* Could not access TREEIFY_THRESHOLD */"
      UNTREEIFY_THRESHOLD = "/* Could not access UNTREEIFY_THRESHOLD */"
      MIN_TREEIFY_CAPACITY = "/* Could not access MIN_TREEIFY_CAPACITY */"
      MIN_TRANSFER_STRIDE = "/* Could not access MIN_TRANSFER_STRIDE */"
      RESIZE_STAMP_BITS = "/* Could not access RESIZE_STAMP_BITS */"
      MAX_RESIZERS = "/* Could not access MAX_RESIZERS */"
      RESIZE_STAMP_SHIFT = "/* Could not access RESIZE_STAMP_SHIFT */"
      MOVED = "/* Could not access MOVED */"
      TREEBIN = "/* Could not access TREEBIN */"
      RESERVED = "/* Could not access RESERVED */"
      HASH_BITS = "/* Could not access HASH_BITS */"
      NCPU = "/* Could not access NCPU */"
      serialPersistentFields = "/* Could not access serialPersistentFields */"
      table = "/* Could not access table */"
      nextTable = "/* Could not access nextTable */"
      baseCount = "/* Could not access baseCount */"
      sizeCtl = "/* Could not access sizeCtl */"
      transferIndex = "/* Could not access transferIndex */"
      cellsBusy = "/* Could not access cellsBusy */"
      counterCells = "/* Could not access counterCells */"
      keySet = "/* Could not access keySet */"
      values = "/* Could not access values */"
      entrySet = "/* Could not access entrySet */"
      U = "/* Could not access U */"
      SIZECTL = "/* Could not access SIZECTL */"
      TRANSFERINDEX = "/* Could not access TRANSFERINDEX */"
      BASECOUNT = "/* Could not access BASECOUNT */"
      CELLSBUSY = "/* Could not access CELLSBUSY */"
      CELLVALUE = "/* Could not access CELLVALUE */"
      ABASE = "/* Could not access ABASE */"
      ASHIFT = "/* Could not access ASHIFT */"
      keySet = "/* Could not access keySet */"
      values = "/* Could not access values */"
    nestedModuleMetaDataFactories = class java.util.concurrent.ConcurrentHashMap@91e8b543
      serialVersionUID = "/* Could not access serialVersionUID */"
      MAXIMUM_CAPACITY = "/* Could not access MAXIMUM_CAPACITY */"
      DEFAULT_CAPACITY = "/* Could not access DEFAULT_CAPACITY */"
      MAX_ARRAY_SIZE = "/* Could not access MAX_ARRAY_SIZE */"
      DEFAULT_CONCURRENCY_LEVEL = "/* Could not access DEFAULT_CONCURRENCY_LEVEL */"
      LOAD_FACTOR = "/* Could not access LOAD_FACTOR */"
      TREEIFY_THRESHOLD = "/* Could not access TREEIFY_THRESHOLD */"
      UNTREEIFY_THRESHOLD = "/* Could not access UNTREEIFY_THRESHOLD */"
      MIN_TREEIFY_CAPACITY = "/* Could not access MIN_TREEIFY_CAPACITY */"
      MIN_TRANSFER_STRIDE = "/* Could not access MIN_TRANSFER_STRIDE */"
      RESIZE_STAMP_BITS = "/* Could not access RESIZE_STAMP_BITS */"
      MAX_RESIZERS = "/* Could not access MAX_RESIZERS */"
      RESIZE_STAMP_SHIFT = "/* Could not access RESIZE_STAMP_SHIFT */"
      MOVED = "/* Could not access MOVED */"
      TREEBIN = "/* Could not access TREEBIN */"
      RESERVED = "/* Could not access RESERVED */"
      HASH_BITS = "/* Could not access HASH_BITS */"
      NCPU = "/* Could not access NCPU */"
      serialPersistentFields = "/* Could not access serialPersistentFields */"
      table = "/* Could not access table */"
      nextTable = "/* Could not access nextTable */"
      baseCount = "/* Could not access baseCount */"
      sizeCtl = "/* Could not access sizeCtl */"
      transferIndex = "/* Could not access transferIndex */"
      cellsBusy = "/* Could not access cellsBusy */"
      counterCells = "/* Could not access counterCells */"
      keySet = "/* Could not access keySet */"
      values = "/* Could not access values */"
      entrySet = "/* Could not access entrySet */"
      U = "/* Could not access U */"
      SIZECTL = "/* Could not access SIZECTL */"
      TRANSFERINDEX = "/* Could not access TRANSFERINDEX */"
      BASECOUNT = "/* Could not access BASECOUNT */"
      CELLSBUSY = "/* Could not access CELLSBUSY */"
      CELLVALUE = "/* Could not access CELLVALUE */"
      ABASE = "/* Could not access ABASE */"
      ASHIFT = "/* Could not access ASHIFT */"
      keySet = "/* Could not access keySet */"
      values = "/* Could not access values */"
    permissionManager = class com.ibm.ws.classloading.java2sec.PermissionManager@6308ccdd
    locAdmin = class com.ibm.ws.kernel.service.location.internal.WsLocationAdminImpl@6617b756
      tc = class com.ibm.websphere.ras.TraceComponent@6638b279
      LOC_INTERNAL_LIB_DIR = "wlp.lib.dir"
      LOC_INTERNAL_WORKAREA_DIR = "wlp.workarea.dir"
      LOC_AREA_NAME_APPS = "shared/apps/"
      LOC_AREA_NAME_CONFIG = "shared/config/"
      LOC_AREA_NAME_RESC = "shared/resources/"
      LOC_AREA_NAME_STATE = "logs/state/"
      LOC_AREA_NAME_SERVERS = "servers/"
      LOC_AREA_NAME_CLIENTS = "clients/"
      LOC_AREA_NAME_WORKING = "workarea/"
      LOC_AREA_NAME_EXTENSION = "extension/"
      instance = class com.ibm.ws.kernel.service.location.internal.WsLocationAdminImpl@6617b756
      installRoot = class com.ibm.ws.kernel.service.location.internal.SymbolicRootResource@cea2b83b
      installParentRoot = class com.ibm.ws.kernel.service.location.internal.SymbolicRootResource@20a2be68
      userRoot = class com.ibm.ws.kernel.service.location.internal.SymbolicRootResource@b81b4022
      usrExtensionRoot = class com.ibm.ws.kernel.service.location.internal.SymbolicRootResource@b8a7927a
      serverConfigDir = class com.ibm.ws.kernel.service.location.internal.SymbolicRootResource@9851acd7
      serverOutputDir = class com.ibm.ws.kernel.service.location.internal.SymbolicRootResource@9851acd7
      bootstrapLib = class com.ibm.ws.kernel.service.location.internal.LocalFileResource@27297e4d
      serverWorkarea = class com.ibm.ws.kernel.service.location.internal.LocalFileResource@bbe86456
      serverState = class com.ibm.ws.kernel.service.location.internal.LocalFileResource@7ada3aae
      sharedAppsRoot = class com.ibm.ws.kernel.service.location.internal.SymbolicRootResource@b1f075e4
      sharedConfigRoot = class com.ibm.ws.kernel.service.location.internal.SymbolicRootResource@97e55bb
      sharedResourceRoot = class com.ibm.ws.kernel.service.location.internal.SymbolicRootResource@89165923
      tmpRoot = class com.ibm.ws.kernel.service.location.internal.SymbolicRootResource@e835433e
      serverName = "defaultServer"
      resourcePaths = class java.util.ArrayList@ff548252
      resourceGroups = class java.util.HashMap@1be25c74
      commonRoot = class com.ibm.ws.kernel.service.location.internal.VirtualRootResource@73512ddc
      serialVersionUID = -5748835026800463299
    artifactFactory = class com.ibm.ws.artifact.internal.ArtifactContainerFactoryService@ec9ed083
      CATEGORY_PROP_NAME = "category"
      ENTRY_KEY = "com.ibm.wsspi.artifact.ArtifactEntry"
      helperMap = class com.ibm.wsspi.kernel.service.utils.ConcurrentServiceReferenceSetMap@6d871c2b
      contributorMap = class com.ibm.wsspi.kernel.service.utils.ConcurrentServiceReferenceSetMap@33110065
      helperCategoryMap = class com.ibm.wsspi.kernel.service.utils.ConcurrentServiceReferenceSetMap@9d8e3efa
      contributorCategoryMap = class com.ibm.wsspi.kernel.service.utils.ConcurrentServiceReferenceSetMap@dbd604cf
      categories = class java.util.Collections$SynchronizedSet@dffa81b7
      baseProperties = class org.apache.felix.scr.impl.helper.ReadOnlyDictionary@9f6d65f7
      registration = class com.ibm.ws.kernel.service.util.ServiceRegistrationModifier@dc3aa2c3
      serialVersionUID = 6566424214406946230
      $$$tc$$$ = class com.ibm.websphere.ras.TraceComponent@6b54b10f
    moduleFactory = class com.ibm.ws.adaptable.module.internal.AdaptableModuleFactoryImpl@5bfda801
      adapterFactoryService = class com.ibm.ws.adaptable.module.internal.AdapterFactoryServiceImpl@4f3ccaf8
      containerFactory = class com.ibm.ws.artifact.internal.ArtifactContainerFactoryService@ec9ed083
      overlayContainerFactory = class com.ibm.ws.artifact.overlay.internal.OverlayContainerFactoryImpl@d295eae
      serialVersionUID = 4200251809856292987
      $$$tc$$$ = class com.ibm.websphere.ras.TraceComponent@e2ad0b50
    serialVersionUID = 8537801607979767986
    $$$tc$$$ = class com.ibm.websphere.ras.TraceComponent@ecd5aa98
      strings[0] = "TraceComponent[com.ibm.ws.app.manager.module.internal.DeployedAppServicesImpl,class com.ibm.ws.app.manager.module.internal.DeployedAppServicesImpl,[applications, app.manager],null,null]"
  futureMonitor = class com.ibm.ws.threading.internal.FutureMonitorImpl@d57a4aff
    _monitor = class java.util.concurrent.ConcurrentLinkedQueue@f603dca6
      serialVersionUID = "/* Could not access serialVersionUID */"
      head = "/* Could not access head */"
      tail = "/* Could not access tail */"
      MAX_HOPS = "/* Could not access MAX_HOPS */"
      HEAD = "/* Could not access HEAD */"
      TAIL = "/* Could not access TAIL */"
      ITEM = "/* Could not access ITEM */"
      NEXT = "/* Could not access NEXT */"
    _executor = class com.ibm.ws.threading.internal.ScheduledExecutorImpl@9c6c31fd
      threadGroupName = "Scheduled Executor Thread Group"
      executor = class com.ibm.ws.threading.internal.ExecutorServiceImpl@9fd09373
      serialVersionUID = -9110693807503469597
      $$$tc$$$ = class com.ibm.websphere.ras.TraceComponent@c8a4872e
      continueExistingPeriodicTasksAfterShutdown = "/* Could not access continueExistingPeriodicTasksAfterShutdown */"
      executeExistingDelayedTasksAfterShutdown = "/* Could not access executeExistingDelayedTasksAfterShutdown */"
      removeOnCancel = "/* Could not access removeOnCancel */"
      sequencer = "/* Could not access sequencer */"
      DEFAULT_KEEPALIVE_MILLIS = "/* Could not access DEFAULT_KEEPALIVE_MILLIS */"
      ctl = "/* Could not access ctl */"
      COUNT_BITS = "/* Could not access COUNT_BITS */"
      COUNT_MASK = "/* Could not access COUNT_MASK */"
      RUNNING = "/* Could not access RUNNING */"
      SHUTDOWN = "/* Could not access SHUTDOWN */"
      STOP = "/* Could not access STOP */"
      TIDYING = "/* Could not access TIDYING */"
      TERMINATED = "/* Could not access TERMINATED */"
      workQueue = "/* Could not access workQueue */"
      mainLock = "/* Could not access mainLock */"
      workers = "/* Could not access workers */"
      termination = "/* Could not access termination */"
      largestPoolSize = "/* Could not access largestPoolSize */"
      completedTaskCount = "/* Could not access completedTaskCount */"
      threadFactory = "/* Could not access threadFactory */"
      handler = "/* Could not access handler */"
      keepAliveTime = "/* Could not access keepAliveTime */"
      allowCoreThreadTimeOut = "/* Could not access allowCoreThreadTimeOut */"
      corePoolSize = "/* Could not access corePoolSize */"
      maximumPoolSize = "/* Could not access maximumPoolSize */"
      defaultHandler = "/* Could not access defaultHandler */"
      shutdownPerm = "/* Could not access shutdownPerm */"
      ONLY_ONE = "/* Could not access ONLY_ONE */"
      $assertionsDisabled = "/* Could not access $assertionsDisabled */"
    _threadRunning = class java.util.concurrent.atomic.AtomicBoolean@8a560dbc
      serialVersionUID = "/* Could not access serialVersionUID */"
      VALUE = "/* Could not access VALUE */"
      value = "/* Could not access value */"
    _thread = class com.ibm.ws.threading.internal.FutureMonitorImpl$1@e2755ec2
      this$0 = class com.ibm.ws.threading.internal.FutureMonitorImpl@d57a4aff
      serialVersionUID = 2422512430832938099
      $$$tc$$$ = class com.ibm.websphere.ras.TraceComponent@7f127fa6
    serialVersionUID = 2765238413969174390
    $$$tc$$$ = class com.ibm.websphere.ras.TraceComponent@22e5b1db
      strings[0] = "TraceComponent[com.ibm.ws.threading.internal.FutureMonitorImpl,class com.ibm.ws.threading.internal.FutureMonitorImpl,[Threading],com.ibm.ws.threading.internal.resources.ThreadingMessages,null]"
  appInfoFactory = class com.ibm.ws.container.service.app.deploy.internal.ApplicationInfoFactoryImpl@5982d76b
    j2eeNameFactory = class com.ibm.wsspi.kernel.service.utils.AtomicServiceReference@31894ae2
      referenceName = "j2eeNameFactory"
      tuple = class java.util.concurrent.atomic.AtomicReference@99637d72
      serialVersionUID = 2226592364007985000
      $$$tc$$$ = class com.ibm.websphere.ras.TraceComponent@4f65dc7f
    names = class java.util.HashSet@f527dd93
      serialVersionUID = "/* Could not access serialVersionUID */"
      map = "/* Could not access map */"
      PRESENT = "/* Could not access PRESENT */"
    serialVersionUID = 6232436640731165768
    $$$tc$$$ = class com.ibm.websphere.ras.TraceComponent@8e83022b
      strings[0] = "TraceComponent[com.ibm.ws.container.service.app.deploy.internal.ApplicationInfoFactoryImpl,class com.ibm.ws.container.service.app.deploy.internal.ApplicationInfoFactoryImpl,[container.service],com.ibm.ws.container.service.resources.Messages,null]"
  metaDataService = class com.ibm.ws.container.service.metadata.internal.MetaDataServiceImpl@6f4c6eea
    applicationMetaDataManager = class com.ibm.ws.container.service.metadata.internal.ApplicationMetaDataManager@9b72405c
      serialVersionUID = 1843747281024490904
      $$$tc$$$ = class com.ibm.websphere.ras.TraceComponent@2f50f48b
      listeners = class com.ibm.wsspi.kernel.service.utils.ConcurrentServiceReferenceSet@1472e97b
      metaDataIDs = class com.ibm.ws.container.service.metadata.internal.IndexList@771b881b
      metaDatas = class java.util.ArrayList@f131ac49
      slotIDs = class com.ibm.ws.container.service.metadata.internal.IndexList@7ed92989
      serialVersionUID = 5464421863354792977
      $$$tc$$$ = class com.ibm.websphere.ras.TraceComponent@d56d937c
    moduleMetaDataManager = class com.ibm.ws.container.service.metadata.internal.ModuleMetaDataManager@4c4f96c1
      serialVersionUID = 2513574389899327209
      $$$tc$$$ = class com.ibm.websphere.ras.TraceComponent@3d4bde0d
      listeners = class com.ibm.wsspi.kernel.service.utils.ConcurrentServiceReferenceSet@b36c3af2
      metaDataIDs = class com.ibm.ws.container.service.metadata.internal.IndexList@809a18e0
      metaDatas = class java.util.ArrayList@e9cd0b89
      slotIDs = class com.ibm.ws.container.service.metadata.internal.IndexList@53a5c350
      serialVersionUID = 5464421863354792977
      $$$tc$$$ = class com.ibm.websphere.ras.TraceComponent@d56d937c
    componentMetaDataManager = class com.ibm.ws.container.service.metadata.internal.ComponentMetaDataManager@76dd21ec
      serialVersionUID = 8629793739641703882
      $$$tc$$$ = class com.ibm.websphere.ras.TraceComponent@1450186e
      listeners = class com.ibm.wsspi.kernel.service.utils.ConcurrentServiceReferenceSet@bf83dcd4
      metaDataIDs = class com.ibm.ws.container.service.metadata.internal.IndexList@47ab889b
      metaDatas = class java.util.ArrayList@53033456
      slotIDs = class com.ibm.ws.container.service.metadata.internal.IndexList@792f733d
      serialVersionUID = 5464421863354792977
      $$$tc$$$ = class com.ibm.websphere.ras.TraceComponent@d56d937c
    methodMetaDataManager = class com.ibm.ws.container.service.metadata.internal.MethodMetaDataManager@22afea1a
      serialVersionUID = -8002489041502300640
      $$$tc$$$ = class com.ibm.websphere.ras.TraceComponent@dec21907
      listeners = class com.ibm.wsspi.kernel.service.utils.ConcurrentServiceReferenceSet@3097c7a5
      metaDataIDs = class com.ibm.ws.container.service.metadata.internal.IndexList@eb71ad5a
      metaDatas = class java.util.ArrayList@a96e1e19
      slotIDs = class com.ibm.ws.container.service.metadata.internal.IndexList@fd371b08
      serialVersionUID = 5464421863354792977
      $$$tc$$$ = class com.ibm.websphere.ras.TraceComponent@d56d937c
    appModuleNameToModuleContainer = class java.util.concurrent.ConcurrentHashMap@bfa22b61
      serialVersionUID = "/* Could not access serialVersionUID */"
      MAXIMUM_CAPACITY = "/* Could not access MAXIMUM_CAPACITY */"
      DEFAULT_CAPACITY = "/* Could not access DEFAULT_CAPACITY */"
      MAX_ARRAY_SIZE = "/* Could not access MAX_ARRAY_SIZE */"
      DEFAULT_CONCURRENCY_LEVEL = "/* Could not access DEFAULT_CONCURRENCY_LEVEL */"
      LOAD_FACTOR = "/* Could not access LOAD_FACTOR */"
      TREEIFY_THRESHOLD = "/* Could not access TREEIFY_THRESHOLD */"
      UNTREEIFY_THRESHOLD = "/* Could not access UNTREEIFY_THRESHOLD */"
      MIN_TREEIFY_CAPACITY = "/* Could not access MIN_TREEIFY_CAPACITY */"
      MIN_TRANSFER_STRIDE = "/* Could not access MIN_TRANSFER_STRIDE */"
      RESIZE_STAMP_BITS = "/* Could not access RESIZE_STAMP_BITS */"
      MAX_RESIZERS = "/* Could not access MAX_RESIZERS */"
      RESIZE_STAMP_SHIFT = "/* Could not access RESIZE_STAMP_SHIFT */"
      MOVED = "/* Could not access MOVED */"
      TREEBIN = "/* Could not access TREEBIN */"
      RESERVED = "/* Could not access RESERVED */"
      HASH_BITS = "/* Could not access HASH_BITS */"
      NCPU = "/* Could not access NCPU */"
      serialPersistentFields = "/* Could not access serialPersistentFields */"
      table = "/* Could not access table */"
      nextTable = "/* Could not access nextTable */"
      baseCount = "/* Could not access baseCount */"
      sizeCtl = "/* Could not access sizeCtl */"
      transferIndex = "/* Could not access transferIndex */"
      cellsBusy = "/* Could not access cellsBusy */"
      counterCells = "/* Could not access counterCells */"
      keySet = "/* Could not access keySet */"
      values = "/* Could not access values */"
      entrySet = "/* Could not access entrySet */"
      U = "/* Could not access U */"
      SIZECTL = "/* Could not access SIZECTL */"
      TRANSFERINDEX = "/* Could not access TRANSFERINDEX */"
      BASECOUNT = "/* Could not access BASECOUNT */"
      CELLSBUSY = "/* Could not access CELLSBUSY */"
      CELLVALUE = "/* Could not access CELLVALUE */"
      ABASE = "/* Could not access ABASE */"
      ASHIFT = "/* Could not access ASHIFT */"
      keySet = "/* Could not access keySet */"
      values = "/* Could not access values */"
    jeeNameToComponentMetaData = class java.util.concurrent.ConcurrentHashMap@5ba394bb
      serialVersionUID = "/* Could not access serialVersionUID */"
      MAXIMUM_CAPACITY = "/* Could not access MAXIMUM_CAPACITY */"
      DEFAULT_CAPACITY = "/* Could not access DEFAULT_CAPACITY */"
      MAX_ARRAY_SIZE = "/* Could not access MAX_ARRAY_SIZE */"
      DEFAULT_CONCURRENCY_LEVEL = "/* Could not access DEFAULT_CONCURRENCY_LEVEL */"
      LOAD_FACTOR = "/* Could not access LOAD_FACTOR */"
      TREEIFY_THRESHOLD = "/* Could not access TREEIFY_THRESHOLD */"
      UNTREEIFY_THRESHOLD = "/* Could not access UNTREEIFY_THRESHOLD */"
      MIN_TREEIFY_CAPACITY = "/* Could not access MIN_TREEIFY_CAPACITY */"
      MIN_TRANSFER_STRIDE = "/* Could not access MIN_TRANSFER_STRIDE */"
      RESIZE_STAMP_BITS = "/* Could not access RESIZE_STAMP_BITS */"
      MAX_RESIZERS = "/* Could not access MAX_RESIZERS */"
      RESIZE_STAMP_SHIFT = "/* Could not access RESIZE_STAMP_SHIFT */"
      MOVED = "/* Could not access MOVED */"
      TREEBIN = "/* Could not access TREEBIN */"
      RESERVED = "/* Could not access RESERVED */"
      HASH_BITS = "/* Could not access HASH_BITS */"
      NCPU = "/* Could not access NCPU */"
      serialPersistentFields = "/* Could not access serialPersistentFields */"
      table = "/* Could not access table */"
      nextTable = "/* Could not access nextTable */"
      baseCount = "/* Could not access baseCount */"
      sizeCtl = "/* Could not access sizeCtl */"
      transferIndex = "/* Could not access transferIndex */"
      cellsBusy = "/* Could not access cellsBusy */"
      counterCells = "/* Could not access counterCells */"
      keySet = "/* Could not access keySet */"
      values = "/* Could not access values */"
      entrySet = "/* Could not access entrySet */"
      U = "/* Could not access U */"
      SIZECTL = "/* Could not access SIZECTL */"
      TRANSFERINDEX = "/* Could not access TRANSFERINDEX */"
      BASECOUNT = "/* Could not access BASECOUNT */"
      CELLSBUSY = "/* Could not access CELLSBUSY */"
      CELLVALUE = "/* Could not access CELLVALUE */"
      ABASE = "/* Could not access ABASE */"
      ASHIFT = "/* Could not access ASHIFT */"
      keySet = "/* Could not access keySet */"
      values = "/* Could not access values */"
    deferredMetaDataFactories = class com.ibm.wsspi.kernel.service.utils.ConcurrentServiceReferenceSet@6c0f41ea
      referenceName = "deferredMetaDataFactory"
      contextRef = class java.util.concurrent.atomic.AtomicReference@d0620a2
      elementMap = class java.util.LinkedHashMap@2bce94ce
      elementSet = class java.util.concurrent.ConcurrentSkipListSet@b74dbc26
      elementSetUnsorted = false
      serialVersionUID = 756240983881166148
      $$$tc$$$ = class com.ibm.websphere.ras.TraceComponent@edb51f31
    deferredMetaDataInitializers = class com.ibm.wsspi.kernel.service.utils.ConcurrentServiceReferenceMap@cac6c2bc
      referenceName = "deferredMetaDataFactory"
      context = class org.apache.felix.scr.impl.manager.ComponentContextImpl@38ea93b
      elementMap = class java.util.concurrent.ConcurrentHashMap@f683086f
      serialVersionUID = 6980924785166233786
      $$$tc$$$ = class com.ibm.websphere.ras.TraceComponent@2708eefa
    serialVersionUID = -2494605732980966097
    $$$tc$$$ = class com.ibm.websphere.ras.TraceComponent@7ed64558
      strings[0] = "TraceComponent[com.ibm.ws.container.service.metadata.internal.MetaDataServiceImpl,class com.ibm.ws.container.service.metadata.internal.MetaDataServiceImpl,[Runtime],null,null]"
  stateChangeService = class com.ibm.ws.container.service.state.internal.StateChangeServiceImpl@3960012d
    applicationStateManager = class com.ibm.ws.container.service.state.internal.ApplicationStateManager@43cee4d8
      serialVersionUID = -6685368059484454124
      $$$tc$$$ = class com.ibm.websphere.ras.TraceComponent@c5e2259c
      listeners = class com.ibm.wsspi.kernel.service.utils.ConcurrentServiceReferenceSet@fcebc111
      serialVersionUID = 2284273176985484160
      $$$tc$$$ = class com.ibm.websphere.ras.TraceComponent@d2ba4241
    moduleStateManager = class com.ibm.ws.container.service.state.internal.ModuleStateManager@95b7fe19
      serialVersionUID = -5540260902341249963
      $$$tc$$$ = class com.ibm.websphere.ras.TraceComponent@9a13233d
      listeners = class com.ibm.wsspi.kernel.service.utils.ConcurrentServiceReferenceSet@6f9054db
      serialVersionUID = 2284273176985484160
      $$$tc$$$ = class com.ibm.websphere.ras.TraceComponent@d2ba4241
    serialVersionUID = -537917915330350560
    $$$tc$$$ = class com.ibm.websphere.ras.TraceComponent@fc913dfa
      strings[0] = "TraceComponent[com.ibm.ws.container.service.state.internal.StateChangeServiceImpl,class com.ibm.ws.container.service.state.internal.StateChangeServiceImpl,[Runtime],null,null]"
  moduleClassesInfo = class com.ibm.ws.app.manager.module.internal.SimpleDeployedAppInfoBase$ModuleClassesInfoProvider@e77b013e
    entryContainerInfosMap = class java.util.HashMap@2efa8592
      serialVersionUID = "/* Could not access serialVersionUID */"
      DEFAULT_INITIAL_CAPACITY = "/* Could not access DEFAULT_INITIAL_CAPACITY */"
      MAXIMUM_CAPACITY = "/* Could not access MAXIMUM_CAPACITY */"
      DEFAULT_LOAD_FACTOR = "/* Could not access DEFAULT_LOAD_FACTOR */"
      TREEIFY_THRESHOLD = "/* Could not access TREEIFY_THRESHOLD */"
      UNTREEIFY_THRESHOLD = "/* Could not access UNTREEIFY_THRESHOLD */"
      MIN_TREEIFY_CAPACITY = "/* Could not access MIN_TREEIFY_CAPACITY */"
      table = "/* Could not access table */"
      entrySet = "/* Could not access entrySet */"
      size = "/* Could not access size */"
      modCount = "/* Could not access modCount */"
      threshold = "/* Could not access threshold */"
      loadFactor = "/* Could not access loadFactor */"
      keySet = "/* Could not access keySet */"
      values = "/* Could not access values */"
    serialVersionUID = -70332790531324534
    $$$tc$$$ = class com.ibm.websphere.ras.TraceComponent@1ef7c48d
      strings[0] = "TraceComponent[com.ibm.ws.app.manager.module.internal.SimpleDeployedAppInfoBase$ModuleClassesInfoProvider,class com.ibm.ws.app.manager.module.internal.SimpleDeployedAppInfoBase$ModuleClassesInfoProvider,[applications, app.manager],null,null]"
  moduleContainerInfos = class java.util.ArrayList@50c0ec50
    serialVersionUID = "/* Could not access serialVersionUID */"
    DEFAULT_CAPACITY = "/* Could not access DEFAULT_CAPACITY */"
    EMPTY_ELEMENTDATA = "/* Could not access EMPTY_ELEMENTDATA */"
    DEFAULTCAPACITY_EMPTY_ELEMENTDATA = "/* Could not access DEFAULTCAPACITY_EMPTY_ELEMENTDATA */"
    elementData = "/* Could not access elementData */"
    size = "/* Could not access size */"
    modCount = "/* Could not access modCount */"
  activeModuleHandlers = class java.util.IdentityHashMap@cf163664
    DEFAULT_CAPACITY = "/* Could not access DEFAULT_CAPACITY */"
    MINIMUM_CAPACITY = "/* Could not access MINIMUM_CAPACITY */"
    MAXIMUM_CAPACITY = "/* Could not access MAXIMUM_CAPACITY */"
    table = "/* Could not access table */"
    size = "/* Could not access size */"
    modCount = "/* Could not access modCount */"
    NULL_KEY = "/* Could not access NULL_KEY */"
    entrySet = "/* Could not access entrySet */"
    serialVersionUID = "/* Could not access serialVersionUID */"
    keySet = "/* Could not access keySet */"
    values = "/* Could not access values */"
  serialVersionUID = -3601072639838071667
  $$$tc$$$ = class com.ibm.websphere.ras.TraceComponent@c4742d01
    strings[0] = "TraceComponent[com.ibm.ws.app.manager.module.internal.SimpleDeployedAppInfoBase,class com.ibm.ws.app.manager.module.internal.SimpleDeployedAppInfoBase,[applications, app.manager],null,null]"

Dump of objectArray[0]
Object type = com.ibm.ws.threading.internal.NonCancelableResultFuture
  _done = false
  _result = null
  _failure = null
  _listeners = class java.util.concurrent.ConcurrentLinkedQueue@22361d73
    serialVersionUID = "/* Could not access serialVersionUID */"
    head = "/* Could not access head */"
    tail = "/* Could not access tail */"
    MAX_HOPS = "/* Could not access MAX_HOPS */"
    HEAD = "/* Could not access HEAD */"
    TAIL = "/* Could not access TAIL */"
    ITEM = "/* Could not access ITEM */"
    NEXT = "/* Could not access NEXT */"
  _notifiedListeners = class java.util.concurrent.atomic.AtomicBoolean@73a59c1d
    serialVersionUID = "/* Could not access serialVersionUID */"
    VALUE = "/* Could not access VALUE */"
    value = "/* Could not access value */"
  serialVersionUID = -296387658814354272
  $$$tc$$$ = class com.ibm.websphere.ras.TraceComponent@b481bf0d
    strings[0] = "TraceComponent[com.ibm.ws.threading.internal.NonCancelableResultFuture,class com.ibm.ws.threading.internal.NonCancelableResultFuture,[Threading],com.ibm.ws.threading.internal.resources.ThreadingMessages,null]"

