------Start of DE processing------ = [2020-03-01, 19:18:38:905 EST]
Exception = com.ibm.ws.container.service.state.StateChangeException
Source = com.ibm.ws.app.manager.module.internal.SimpleDeployedAppInfoBase
probeid = 551
Stack Dump = com.ibm.ws.container.service.state.StateChangeException: org.jboss.weld.exceptions.DeploymentException: Invalid method annotated with @Outgoing: io.openliberty.guides.kitchen.KitchenResource#sendReadyOrder - The @Acknowledgment annotation is only supported for method annotated with @Incoming: io.openliberty.guides.kitchen.KitchenResource#sendReadyOrder
	at com.ibm.ws.container.service.state.internal.ApplicationStateManager.fireStarting(ApplicationStateManager.java:55)
	at com.ibm.ws.container.service.state.internal.StateChangeServiceImpl.fireApplicationStarting(StateChangeServiceImpl.java:50)
	at com.ibm.ws.app.manager.module.internal.SimpleDeployedAppInfoBase.preDeployApp(SimpleDeployedAppInfoBase.java:550)
	at com.ibm.ws.app.manager.module.internal.SimpleDeployedAppInfoBase.installApp(SimpleDeployedAppInfoBase.java:511)
	at com.ibm.ws.app.manager.module.internal.DeployedAppInfoBase.deployApp(DeployedAppInfoBase.java:347)
	at com.ibm.ws.app.manager.war.internal.WARApplicationHandlerImpl.install(WARApplicationHandlerImpl.java:65)
	at com.ibm.ws.app.manager.internal.statemachine.StartAction.execute(StartAction.java:140)
	at com.ibm.ws.app.manager.internal.statemachine.ApplicationStateMachineImpl.enterState(ApplicationStateMachineImpl.java:1264)
	at com.ibm.ws.app.manager.internal.statemachine.ApplicationStateMachineImpl.performAction(ApplicationStateMachineImpl.java:1132)
	at com.ibm.ws.app.manager.internal.statemachine.ApplicationStateMachineImpl.run(ApplicationStateMachineImpl.java:887)
	at com.ibm.ws.threading.internal.ExecutorServiceImpl$RunnableWrapper.run(ExecutorServiceImpl.java:239)
	at java.base/java.util.concurrent.ThreadPoolExecutor.runWorker(ThreadPoolExecutor.java:1128)
	at java.base/java.util.concurrent.ThreadPoolExecutor$Worker.run(ThreadPoolExecutor.java:628)
	at java.base/java.lang.Thread.run(Thread.java:831)
Caused by: org.jboss.weld.exceptions.DeploymentException: Invalid method annotated with @Outgoing: io.openliberty.guides.kitchen.KitchenResource#sendReadyOrder - The @Acknowledgment annotation is only supported for method annotated with @Incoming: io.openliberty.guides.kitchen.KitchenResource#sendReadyOrder
	at org.jboss.weld.bootstrap.events.AbstractDeploymentContainerEvent.fire(AbstractDeploymentContainerEvent.java:38)
	at org.jboss.weld.bootstrap.events.AfterDeploymentValidationImpl.fire(AfterDeploymentValidationImpl.java:28)
	at org.jboss.weld.bootstrap.WeldStartup.validateBeans(WeldStartup.java:505)
	at org.jboss.weld.bootstrap.WeldBootstrap.validateBeans(WeldBootstrap.java:93)
	at com.ibm.ws.cdi.impl.CDIContainerImpl.startInitialization(CDIContainerImpl.java:157)
	at com.ibm.ws.cdi.liberty.CDIRuntimeImpl.applicationStarting(CDIRuntimeImpl.java:453)
	at com.ibm.ws.container.service.state.internal.ApplicationStateManager.fireStarting(ApplicationStateManager.java:51)
	... 13 more
Caused by: java.lang.IllegalArgumentException: Invalid method annotated with @Outgoing: io.openliberty.guides.kitchen.KitchenResource#sendReadyOrder - The @Acknowledgment annotation is only supported for method annotated with @Incoming: io.openliberty.guides.kitchen.KitchenResource#sendReadyOrder
	at io.smallrye.reactive.messaging.MediatorConfigurationSupport.getOutgoingError(MediatorConfigurationSupport.java:435)
	at io.smallrye.reactive.messaging.MediatorConfigurationSupport.processSuppliedAcknowledgement(MediatorConfigurationSupport.java:68)
	at io.smallrye.reactive.messaging.DefaultMediatorConfiguration.compute(DefaultMediatorConfiguration.java:85)
	at io.smallrye.reactive.messaging.extension.CollectedMediatorMetadata.createMediatorConfiguration(CollectedMediatorMetadata.java:26)
	at io.smallrye.reactive.messaging.extension.CollectedMediatorMetadata.add(CollectedMediatorMetadata.java:21)
	at io.smallrye.reactive.messaging.extension.MediatorManager.lambda$analyze$1(MediatorManager.java:101)
	at io.smallrye.reactive.messaging.extension.MediatorManager$$Lambda$273.0000000000000000.accept(Unknown Source)
	at java.base/java.util.stream.ForEachOps$ForEachOp$OfRef.accept(ForEachOps.java:183)
	at java.base/java.util.stream.ReferencePipeline$2$1.accept(ReferencePipeline.java:177)
	at java.base/java.util.Iterator.forEachRemaining(Iterator.java:133)
	at java.base/java.util.Spliterators$IteratorSpliterator.forEachRemaining(Spliterators.java:1801)
	at java.base/java.util.stream.AbstractPipeline.copyInto(AbstractPipeline.java:497)
	at java.base/java.util.stream.AbstractPipeline.wrapAndCopyInto(AbstractPipeline.java:487)
	at java.base/java.util.stream.ForEachOps$ForEachOp.evaluateSequential(ForEachOps.java:150)
	at java.base/java.util.stream.ForEachOps$ForEachOp$OfRef.evaluateSequential(ForEachOps.java:173)
	at java.base/java.util.stream.AbstractPipeline.evaluate(AbstractPipeline.java:239)
	at java.base/java.util.stream.ReferencePipeline.forEach(ReferencePipeline.java:497)
	at io.smallrye.reactive.messaging.extension.MediatorManager.analyze(MediatorManager.java:101)
	at io.smallrye.reactive.messaging.extension.MediatorManager$Proxy$_$$_WeldClientProxy.analyze(Unknown Source)
	at io.smallrye.reactive.messaging.extension.ReactiveMessagingExtension.afterDeploymentValidation(ReactiveMessagingExtension.java:81)
	at jdk.internal.reflect.GeneratedMethodAccessor476.invoke(Unknown Source)
	at java.base/java.lang.reflect.Method.invoke(Method.java:567)
	at org.jboss.weld.injection.StaticMethodInjectionPoint.invoke(StaticMethodInjectionPoint.java:95)
	at org.jboss.weld.injection.MethodInvocationStrategy$SpecialParamPlusBeanManagerStrategy.invoke(MethodInvocationStrategy.java:187)
	at org.jboss.weld.event.ObserverMethodImpl.sendEvent(ObserverMethodImpl.java:330)
	at org.jboss.weld.event.ExtensionObserverMethodImpl.sendEvent(ExtensionObserverMethodImpl.java:123)
	at org.jboss.weld.event.ObserverMethodImpl.sendEvent(ObserverMethodImpl.java:308)
	at org.jboss.weld.event.ObserverMethodImpl.notify(ObserverMethodImpl.java:286)
	at javax.enterprise.inject.spi.ObserverMethod.notify(ObserverMethod.java:124)
	at org.jboss.weld.util.Observers.notify(Observers.java:166)
	at org.jboss.weld.event.ObserverNotifier.notifySyncObservers(ObserverNotifier.java:285)
	at org.jboss.weld.event.ObserverNotifier.notify(ObserverNotifier.java:273)
	at org.jboss.weld.event.ObserverNotifier.fireEvent(ObserverNotifier.java:177)
	at org.jboss.weld.event.ObserverNotifier.fireEvent(ObserverNotifier.java:171)
	at org.jboss.weld.bootstrap.events.AbstractContainerEvent.fire(AbstractContainerEvent.java:53)
	at org.jboss.weld.bootstrap.events.AbstractDeploymentContainerEvent.fire(AbstractDeploymentContainerEvent.java:35)
	... 19 more

Dump of callerThis
Object type = com.ibm.ws.app.manager.war.internal.WARDeployedAppInfo
  CONTEXT_ROOT = "context-root"
  webContainerModuleInfo = class com.ibm.ws.app.manager.module.internal.SimpleDeployedAppInfoBase$WebModuleContainerInfo@2dc6cfcd
    contextRoot = "/"
    defaultContextRoot = "kitchen"
    serialVersionUID = 159003184119196729
    $$$tc$$$ = class com.ibm.websphere.ras.TraceComponent@66e2a3d8
      strings[0] = "TraceComponent[com.ibm.ws.app.manager.module.internal.SimpleDeployedAppInfoBase$WebModuleContainerInfo,class com.ibm.ws.app.manager.module.internal.SimpleDeployedAppInfoBase$WebModuleContainerInfo,[applications, app.manager],null,null]"
    moduleHandler = class com.ibm.ws.app.manager.web.internal.WebModuleHandlerImpl@23cc03f6
      serialVersionUID = 4795602325763828210
      $$$tc$$$ = class com.ibm.websphere.ras.TraceComponent@5fb6d9
      futureMonitor = class com.ibm.ws.threading.internal.FutureMonitorImpl@285dbbc6
      metaDataService = class com.ibm.ws.container.service.metadata.internal.MetaDataServiceImpl@b30571ce
      stateChangeService = class com.ibm.ws.container.service.state.internal.StateChangeServiceImpl@aaba7289
      moduleRuntimeContainer = class com.ibm.ws.webcontainer.osgi.WebContainer@9aea5d0c
      firstFailure = null
      serialVersionUID = -4563697739413190872
      $$$tc$$$ = class com.ibm.websphere.ras.TraceComponent@cdcc9600
    moduleMetaDataExtenders = class java.util.Collections$UnmodifiableRandomAccessList@9193e89a
      serialVersionUID = "/* Could not access serialVersionUID */"
      serialVersionUID = "/* Could not access serialVersionUID */"
      list = "/* Could not access list */"
      serialVersionUID = "/* Could not access serialVersionUID */"
      c = "/* Could not access c */"
    nestedModuleMetaDataFactories = class java.util.Collections$UnmodifiableRandomAccessList@39e2d603
      serialVersionUID = "/* Could not access serialVersionUID */"
      serialVersionUID = "/* Could not access serialVersionUID */"
      list = "/* Could not access list */"
      serialVersionUID = "/* Could not access serialVersionUID */"
      c = "/* Could not access c */"
    nestedModules = null
    moduleName = "kitchen"
    moduleDD = class com.ibm.ws.javaee.ddmodel.web.common.WebAppType@3f2af725
      version = class com.ibm.ws.javaee.ddmodel.TokenType@7c69f14c
      metadata_complete = null
      module_name = null
      absolute_ordering = null
      serialVersionUID = 4092807504738198665
      $$$tc$$$ = class com.ibm.websphere.ras.TraceComponent@38d09d18
      description = null
      display_name = class com.ibm.ws.javaee.ddmodel.common.DisplayNameType$ListType@2a21f3c2
      icon = null
      distributable = null
      context_param = null
      filter = null
      filter_mapping = null
      listener = null
      servlet = null
      servlet_mapping = null
      session_config = null
      mime_mapping = null
      welcome_file_list = class com.ibm.ws.javaee.ddmodel.web.common.WelcomeFileListType@ae4d7060
      error_page = null
      jsp_config = null
      security_constraint = null
      deny_uncovered_http_methods = null
      login_config = null
      security_role = null
      message_destination = null
      locale_encoding_mapping_list = null
      default_context_path = null
      request_encoding = null
      response_encoding = null
      servletNameToServletMap = null
      filterNameToFilterMap = null
      ejbRefNameToEJBLocalRefMap = null
      ejbRefNameToEJBRefMap = null
      resourceEnvRefNameToResourceEnvRefMap = null
      messageDestinationRefNameToMessageDestinationRefMap = null
      resRefNameToResourceRefMap = null
      envEntryNameToEnvEntryMap = null
      roleNameToSecurityRoleMap = null
      roleLinkToSecurityRoleRefMap = null
      handlerNameToHandlerMap = null
      path = "WEB-INF/web.xml"
      idMap = class com.ibm.ws.javaee.ddmodel.DDParser$ComponentIDMap@87e6c5a2
      serialVersionUID = 5321339975883512588
      $$$tc$$$ = class com.ibm.websphere.ras.TraceComponent@be9619d0
      post_construct = null
      pre_destroy = null
      serialVersionUID = 1102064201943992836
      $$$tc$$$ = class com.ibm.websphere.ras.TraceComponent@578c10bb
      env_entry = null
      ejb_ref = null
      ejb_local_ref = null
      resource_ref = null
      resource_env_ref = null
      message_destination_ref = null
      persistence_context_ref = null
      persistence_unit_ref = null
      data_source = null
      jms_connection_factory = null
      jms_destination = null
      mail_session = null
      connection_factory = null
      administered_object = null
      serialVersionUID = 8931982405528922228
      $$$tc$$$ = class com.ibm.websphere.ras.TraceComponent@1c15c634
      service_ref = null
      serialVersionUID = -6199862059825607270
      $$$tc$$$ = class com.ibm.websphere.ras.TraceComponent@e0f2a191
      nilled = false
      serialVersionUID = -2826386306561723362
      $$$tc$$$ = class com.ibm.websphere.ras.TraceComponent@f7d0c710
    moduleInfo = class com.ibm.ws.app.manager.module.internal.WebModuleInfoImpl@325592f9
      contextRoot = "/"
      isDefaultContextRootUsed = false
      serialVersionUID = -1540279394520440503
      $$$tc$$$ = class com.ibm.websphere.ras.TraceComponent@f2bcf352
      tc = class com.ibm.websphere.ras.TraceComponent@9b58ec4a
      appInfo = class com.ibm.ws.container.service.app.deploy.internal.ApplicationInfoImpl@8958dd24
      moduleName = "kitchen"
      path = "kitchen.war"
      moduleContainer = class com.ibm.ws.adaptable.module.internal.AdaptableContainerImpl@10c1c89
      altDDEntry = null
      moduleClassesContainers = class java.util.ArrayList@e90a1f1b
      classLoaderFactory = class com.ibm.ws.app.manager.war.internal.WARDeployedAppInfo@3fd05f79
      containerInfoType = class com.ibm.ws.container.service.app.deploy.ContainerInfo$Type@bbc5169
      classLoader = class com.ibm.ws.classloading.internal.AppClassLoader@63af57c2
      moduleMetaData = class com.ibm.ws.webcontainer.osgi.metadata.WebModuleMetaDataImpl@14b27134
      nestedModuleMetaDataTypes = null
      nestedModuleMetaDataValues = null
      serialVersionUID = 3986734351620206554
    serialVersionUID = 5122721995888983779
    $$$tc$$$ = class com.ibm.websphere.ras.TraceComponent@d767e580
      strings[0] = "TraceComponent[com.ibm.ws.app.manager.module.internal.SimpleDeployedAppInfoBase$ModuleContainerInfoBase,class com.ibm.ws.app.manager.module.internal.SimpleDeployedAppInfoBase$ModuleContainerInfoBase,[applications, app.manager],null,null]"
    type = class com.ibm.ws.container.service.app.deploy.ContainerInfo$Type@bbc5169
      MANIFEST_CLASSPATH = class com.ibm.ws.container.service.app.deploy.ContainerInfo$Type@42d7c8c1
      WEB_INF_CLASSES = class com.ibm.ws.container.service.app.deploy.ContainerInfo$Type@a8ec634f
      WEB_INF_LIB = class com.ibm.ws.container.service.app.deploy.ContainerInfo$Type@ad0e2dda
      EAR_LIB = class com.ibm.ws.container.service.app.deploy.ContainerInfo$Type@c700bf78
      WEB_MODULE = class com.ibm.ws.container.service.app.deploy.ContainerInfo$Type@bbc5169
      EJB_MODULE = class com.ibm.ws.container.service.app.deploy.ContainerInfo$Type@9e10601b
      CLIENT_MODULE = class com.ibm.ws.container.service.app.deploy.ContainerInfo$Type@de2c04d0
      RAR_MODULE = class com.ibm.ws.container.service.app.deploy.ContainerInfo$Type@be2e948e
      JAR_MODULE = class com.ibm.ws.container.service.app.deploy.ContainerInfo$Type@9ae64859
      SHARED_LIB = class com.ibm.ws.container.service.app.deploy.ContainerInfo$Type@2a42ba65
      $VALUES = class com.ibm.ws.container.service.app.deploy.ContainerInfo$Type[10]
      name = "/* Could not access name */"
      ordinal = "/* Could not access ordinal */"
    name = "kitchen.war"
    container = class com.ibm.ws.adaptable.module.internal.AdaptableContainerImpl@10c1c89
      root = class com.ibm.ws.adaptable.module.internal.AdaptableContainerImpl@10c1c89
      rootOverlay = class com.ibm.ws.artifact.overlay.internal.DirectoryBasedOverlayContainerImpl@b97bd500
      factoryHolder = class com.ibm.ws.adaptable.module.internal.AdaptableModuleFactoryImpl@ab5c9cb0
      delegate = class com.ibm.ws.artifact.overlay.internal.DirectoryBasedOverlayContainerImpl@b97bd500
      notifier = class com.ibm.ws.adaptable.module.internal.NotifierImpl@3f95a58d
      serialVersionUID = -5950528200509051684
      $$$tc$$$ = class com.ibm.websphere.ras.TraceComponent@b70fe7bb
    moduleClassLoaderFactory = class com.ibm.ws.app.manager.war.internal.WARDeployedAppInfo@3fd05f79
    altDDEntry = null
    classesContainerInfo = class java.util.ArrayList@e90a1f1b
      serialVersionUID = "/* Could not access serialVersionUID */"
      DEFAULT_CAPACITY = "/* Could not access DEFAULT_CAPACITY */"
      EMPTY_ELEMENTDATA = "/* Could not access EMPTY_ELEMENTDATA */"
      DEFAULTCAPACITY_EMPTY_ELEMENTDATA = "/* Could not access DEFAULTCAPACITY_EMPTY_ELEMENTDATA */"
      elementData = "/* Could not access elementData */"
      size = "/* Could not access size */"
      modCount = "/* Could not access modCount */"
    serialVersionUID = 4636874131959542427
    $$$tc$$$ = class com.ibm.websphere.ras.TraceComponent@b96746a6
      strings[0] = "TraceComponent[com.ibm.ws.app.manager.module.internal.SimpleDeployedAppInfoBase$ExtendedContainerInfo,class com.ibm.ws.app.manager.module.internal.SimpleDeployedAppInfoBase$ExtendedContainerInfo,[applications, app.manager],null,null]"
  DYNAMIC_IMPORT_PACKAGE_LIST = class java.util.Collections$UnmodifiableRandomAccessList@657a9e2a
    serialVersionUID = "/* Could not access serialVersionUID */"
    serialVersionUID = "/* Could not access serialVersionUID */"
    list = "/* Could not access list */"
    serialVersionUID = "/* Could not access serialVersionUID */"
    c = "/* Could not access c */"
  serialVersionUID = 6176035338244935179
  $$$tc$$$ = class com.ibm.websphere.ras.TraceComponent@82cce925
    strings[0] = "TraceComponent[com.ibm.ws.app.manager.war.internal.WARDeployedAppInfo,class com.ibm.ws.app.manager.war.internal.WARDeployedAppInfo,[webcontainer, applications, app.manager],com.ibm.ws.app.manager.war.internal.resources.Messages,null]"
  _tc = class com.ibm.websphere.ras.TraceComponent@87423960
    strings[0] = "TraceComponent[com.ibm.ws.app.manager.module.internal.DeployedAppInfoBase,class com.ibm.ws.app.manager.module.internal.DeployedAppInfoBase,[app.manager],com.ibm.ws.app.manager.module.internal.resources.Messages,null]"
  PERMISSION_XML = "permissions.xml"
  applicationInformation = class com.ibm.ws.app.manager.internal.ApplicationInstallInfo@6336f3a8
    _config = class com.ibm.ws.app.manager.internal.ApplicationConfig@15aa365b
      tc = class com.ibm.websphere.ras.TraceComponent@fcd1457e
      _configPid = "com.ibm.ws.app.manager_11"
      _config = class com.ibm.ws.config.admin.ConfigurationDictionary@7831a6ae
      _applicationManager = class com.ibm.ws.app.manager.ApplicationManager@e129c1f9
      _location = "kitchen.war"
      _type = "war"
      _name = "kitchen"
      _notificationBroadcasterSupport = class javax.management.NotificationBroadcasterSupport@441c6002
      ONE_TIME_JANDEX_MSGS_DISPLAYED = true
      serialVersionUID = -4187886726735056001
    _handlerInfo = class java.util.concurrent.atomic.AtomicReference@4090175f
      serialVersionUID = "/* Could not access serialVersionUID */"
      VALUE = "/* Could not access VALUE */"
      value = "/* Could not access value */"
    _container = class java.util.concurrent.atomic.AtomicReference@b126454b
      serialVersionUID = "/* Could not access serialVersionUID */"
      VALUE = "/* Could not access VALUE */"
      value = "/* Could not access value */"
    _resolvedLocation = class java.util.concurrent.atomic.AtomicReference@1e29cf46
      serialVersionUID = "/* Could not access serialVersionUID */"
      VALUE = "/* Could not access VALUE */"
      value = "/* Could not access value */"
    _handler = class com.ibm.ws.app.manager.war.internal.WARApplicationHandlerImpl@2b89254c
      futureMonitor = class com.ibm.ws.threading.internal.FutureMonitorImpl@285dbbc6
      deployedAppFactory = class com.ibm.ws.app.manager.war.internal.WARDeployedAppInfoFactoryImpl@5215d9d3
      serialVersionUID = 4622845147410944782
      $$$tc$$$ = class com.ibm.websphere.ras.TraceComponent@aaafc3
    _ami = class java.util.concurrent.atomic.AtomicReference@ddbae4df
      serialVersionUID = "/* Could not access serialVersionUID */"
      VALUE = "/* Could not access VALUE */"
      value = "/* Could not access value */"
    _updateHandler = class com.ibm.ws.app.manager.internal.statemachine.ApplicationStateMachineImpl@110ab11f
      _tc = class com.ibm.websphere.ras.TraceComponent@a76ba047
      EMPTY_FUTURE_ARRAY = interface java.util.concurrent.Future[0]
      asmSequenceNumber = class java.util.concurrent.atomic.AtomicLong@c2e07431
      _qscaCounter = class java.util.concurrent.atomic.AtomicInteger@9ccca15d
      _failedThrowable = null
      _interruptibleLock = class com.ibm.ws.app.manager.internal.statemachine.ApplicationStateMachineImpl$2@8c5361ee
      _interruptible = false
      _performingQueuedActions = true
      _queuedActions = class java.util.concurrent.ConcurrentLinkedQueue@b71834ae
      _callbackState = class java.util.concurrent.atomic.AtomicReference@ed84fe6a
      blockAppStartingFutures = class java.util.Collections$SetFromMap@bb9139ea
      waitingForAppHandlerFuture = class java.util.concurrent.atomic.AtomicReference@6aa785a8
      waitingForExplicitStartFuture = class java.util.concurrent.atomic.AtomicReference@f6f6d432
      completionListener = class java.util.concurrent.atomic.AtomicReference@3bfb01d4
      _notifyAppStopped = class java.util.concurrent.ConcurrentLinkedQueue@61850fd4
      _notifyAppStarting = class java.util.concurrent.ConcurrentLinkedQueue@1ef6a4b5
      _notifyAppInstallCalled = class java.util.concurrent.ConcurrentLinkedQueue@47bfc437
      _notifyAppStarted = class java.util.concurrent.ConcurrentLinkedQueue@b5b37274
      _notifyAppRemoved = class java.util.concurrent.ConcurrentLinkedQueue@36f46a82
      _stateLock = class com.ibm.ws.app.manager.internal.statemachine.ApplicationStateMachineImpl$3@2a1a4e88
      _internalState = class java.util.concurrent.atomic.AtomicReference@aceb4813
      _currentAction = class java.util.concurrent.atomic.AtomicReference@187112e6
      _rfa = class java.util.concurrent.atomic.AtomicReference@5c10503f
      _appInstallInfo = class java.util.concurrent.atomic.AtomicReference@e2e68979
      _update = class java.util.concurrent.atomic.AtomicBoolean@bea77ae1
      _appConfig = class java.util.concurrent.atomic.AtomicReference@869522f5
      _nextAppConfig = class java.util.concurrent.atomic.AtomicReference@a064f68f
      _appContainer = class java.util.concurrent.atomic.AtomicReference@c55f7876
      _resolvedLocation = class java.util.concurrent.atomic.AtomicReference@eb18a9cd
      _handler = class java.util.concurrent.atomic.AtomicReference@1bdbbf1b
      _asmSeqNo = 0
      _ctx = class org.eclipse.osgi.internal.framework.BundleContextImpl@d8f9f4ed
      _locAdmin = class com.ibm.ws.kernel.service.location.internal.WsLocationAdminImpl@aa8a1446
      _futureMonitor = class com.ibm.ws.threading.internal.FutureMonitorImpl@285dbbc6
      _artifactFactory = class com.ibm.ws.artifact.internal.ArtifactContainerFactoryService@21586763
      _moduleFactory = class com.ibm.ws.adaptable.module.internal.AdaptableModuleFactoryImpl@ab5c9cb0
      _executorService = class com.ibm.ws.threading.internal.ExecutorServiceImpl@795e9302
      _scheduledExecutorService = class com.ibm.ws.threading.internal.ScheduledExecutorImpl@cb593604
      _asmHelper = class com.ibm.ws.app.manager.internal.ApplicationConfigurator$NamedApplication@d062b107
      _appMonitor = class com.ibm.ws.app.manager.internal.monitor.ApplicationMonitor@3cd67a7
      enterStateCalled = class java.util.concurrent.atomic.AtomicBoolean@3cd257e4
      serialVersionUID = 6511956370079301927
      serialVersionUID = 5501066335104962649
      $$$tc$$$ = class com.ibm.websphere.ras.TraceComponent@793d8329
    serialVersionUID = 2630639237123415755
    $$$tc$$$ = class com.ibm.websphere.ras.TraceComponent@eb70b5e7
      strings[0] = "TraceComponent[com.ibm.ws.app.manager.internal.ApplicationInstallInfo,class com.ibm.ws.app.manager.internal.ApplicationInstallInfo,[applications, app.manager],com.ibm.ws.app.manager.internal.resources.AppManagerMessages,null]"
  location = "/Users/ankit.agrawal@ibm.com/foodOrderRestaurantApp/finish/kitchen/target/liberty/wlp/usr/servers/defaultServer/apps/kitchen.war.xml"
  classLoadingService = class com.ibm.ws.classloading.internal.ClassLoadingServiceImpl@80e7047d
    tc = class com.ibm.websphere.ras.TraceComponent@95f556f3
      strings[0] = "TraceComponent[com.ibm.ws.classloading.internal.ClassLoadingServiceImpl,class com.ibm.ws.classloading.internal.ClassLoadingServiceImpl,[ClassLoadingService],com.ibm.ws.classloading.internal.resources.ClassLoadingServiceMessages,null]"
    leakDetectionMap = class java.util.HashMap@276eefa
      serialVersionUID = "/* Could not access serialVersionUID */"
      DEFAULT_INITIAL_CAPACITY = "/* Could not access DEFAULT_INITIAL_CAPACITY */"
      MAXIMUM_CAPACITY = "/* Could not access MAXIMUM_CAPACITY */"
      DEFAULT_LOAD_FACTOR = "/* Could not access DEFAULT_LOAD_FACTOR */"
      TREEIFY_THRESHOLD = "/* Could not access TREEIFY_THRESHOLD */"
      UNTREEIFY_THRESHOLD = "/* Could not access UNTREEIFY_THRESHOLD */"
      MIN_TREEIFY_CAPACITY = "/* Could not access MIN_TREEIFY_CAPACITY */"
      table = "/* Could not access table */"
      entrySet = "/* Could not access entrySet */"
      size = "/* Could not access size */"
      modCount = "/* Could not access modCount */"
      threshold = "/* Could not access threshold */"
      loadFactor = "/* Could not access loadFactor */"
      keySet = "/* Could not access keySet */"
      values = "/* Could not access values */"
    appClassLoaders = class java.util.Collections$SetFromMap@318557d7
      m = "/* Could not access m */"
      s = "/* Could not access s */"
      serialVersionUID = "/* Could not access serialVersionUID */"
    TCCL_LOCK_WAIT = 15000
    REFERENCE_GENERATORS = "generators"
    bundleContext = class org.eclipse.osgi.internal.framework.BundleContextImpl@7281efc2
    aclStore = class com.ibm.ws.classloading.internal.util.CanonicalStore@460cad
      map = class java.util.concurrent.ConcurrentHashMap@dce7db53
      q = class com.ibm.ws.classloading.internal.util.RefQueue@3c2315ad
      serialVersionUID = 6715157558227169968
      $$$tc$$$ = class com.ibm.websphere.ras.TraceComponent@531b4a5a
    tcclStore = class com.ibm.ws.classloading.internal.util.CanonicalStore@11a62b0d
      map = class java.util.concurrent.ConcurrentHashMap@2853370a
      q = class com.ibm.ws.classloading.internal.util.RefQueue@7ee1928
      serialVersionUID = 6715157558227169968
      $$$tc$$$ = class com.ibm.websphere.ras.TraceComponent@531b4a5a
    tcclStoreLock = class java.util.concurrent.locks.ReentrantLock@4c65ba96
      serialVersionUID = "/* Could not access serialVersionUID */"
      sync = "/* Could not access sync */"
    digraph = class org.eclipse.equinox.internal.region.StandardRegionDigraph@319b31aa
      EMPTY_EDGE_SET = class java.util.Collections$UnmodifiableSet@ba283bb3
      monitor = class java.lang.Object@8e8f132e
      regions = class java.util.HashMap@c28157b9
      bundleIdToRegionMapping = class org.eclipse.equinox.internal.region.StandardBundleIdToRegionMapping@515dff7d
      edges = class java.util.HashMap@a8199d94
      bundleContext = class org.eclipse.osgi.internal.framework.BundleContextImpl@2ddcfe20
      threadLocal = class java.lang.ThreadLocal@f06e1424
      subgraphTraverser = class org.eclipse.equinox.internal.region.SubgraphTraverser@1fe405fd
      bundleCollisionHook = class org.eclipse.equinox.internal.region.hook.RegionBundleCollisionHook@90cdee2
      bundleEventHook = class org.eclipse.equinox.internal.region.hook.RegionBundleEventHook@6758da95
      bundleFindHook = class org.eclipse.equinox.internal.region.hook.RegionBundleFindHook@9b6cfe4e
      serviceEventHook = class org.eclipse.equinox.internal.region.hook.RegionServiceEventHook@4259a156
      serviceFindHook = class org.eclipse.equinox.internal.region.hook.RegionServiceFindHook@3cf90c99
      resolverHookFactory = class org.eclipse.equinox.internal.region.hook.RegionResolverHookFactory@b5d260da
      origin = null
      originUpdateCount = -1
      updateCount = class java.util.concurrent.atomic.AtomicLong@bddf2a28
      defaultRegion = null
    redefiner = class com.ibm.ws.classloading.internal.util.ClassRedefiner@8f385f25
      tc = class com.ibm.websphere.ras.TraceComponent@e940d1f8
      LS = "
"
      inst = class com.sun.proxy.$Proxy3@34bb1317
      serialVersionUID = 2420101865139508526
    listener = class com.ibm.ws.classloading.internal.ClassLoadingServiceImpl$1@60af1e2e
      this$0 = class com.ibm.ws.classloading.internal.ClassLoadingServiceImpl@80e7047d
      serialVersionUID = -9159707349812113172
      $$$tc$$$ = class com.ibm.websphere.ras.TraceComponent@749bc1b6
    classloaders = class java.util.Collections$SynchronizedMap@918a8a67
      serialVersionUID = "/* Could not access serialVersionUID */"
      m = "/* Could not access m */"
      mutex = "/* Could not access mutex */"
      keySet = "/* Could not access keySet */"
      entrySet = "/* Could not access entrySet */"
      values = "/* Could not access values */"
    resourceProviders = class com.ibm.ws.classloading.internal.CompositeResourceProvider@21a778c
      lockFactory = class java.util.concurrent.locks.ReentrantReadWriteLock@63731fe8
      providerMap = class com.ibm.ws.classloading.internal.util.MultiMap@fb212743
      serialVersionUID = -5576435894946156347
      $$$tc$$$ = class com.ibm.websphere.ras.TraceComponent@24fa12f0
    rememberedBundles = class java.util.concurrent.ConcurrentHashMap@49c1d947
      serialVersionUID = "/* Could not access serialVersionUID */"
      MAXIMUM_CAPACITY = "/* Could not access MAXIMUM_CAPACITY */"
      DEFAULT_CAPACITY = "/* Could not access DEFAULT_CAPACITY */"
      MAX_ARRAY_SIZE = "/* Could not access MAX_ARRAY_SIZE */"
      DEFAULT_CONCURRENCY_LEVEL = "/* Could not access DEFAULT_CONCURRENCY_LEVEL */"
      LOAD_FACTOR = "/* Could not access LOAD_FACTOR */"
      TREEIFY_THRESHOLD = "/* Could not access TREEIFY_THRESHOLD */"
      UNTREEIFY_THRESHOLD = "/* Could not access UNTREEIFY_THRESHOLD */"
      MIN_TREEIFY_CAPACITY = "/* Could not access MIN_TREEIFY_CAPACITY */"
      MIN_TRANSFER_STRIDE = "/* Could not access MIN_TRANSFER_STRIDE */"
      RESIZE_STAMP_BITS = "/* Could not access RESIZE_STAMP_BITS */"
      MAX_RESIZERS = "/* Could not access MAX_RESIZERS */"
      RESIZE_STAMP_SHIFT = "/* Could not access RESIZE_STAMP_SHIFT */"
      MOVED = "/* Could not access MOVED */"
      TREEBIN = "/* Could not access TREEBIN */"
      RESERVED = "/* Could not access RESERVED */"
      HASH_BITS = "/* Could not access HASH_BITS */"
      NCPU = "/* Could not access NCPU */"
      serialPersistentFields = "/* Could not access serialPersistentFields */"
      table = "/* Could not access table */"
      nextTable = "/* Could not access nextTable */"
      baseCount = "/* Could not access baseCount */"
      sizeCtl = "/* Could not access sizeCtl */"
      transferIndex = "/* Could not access transferIndex */"
      cellsBusy = "/* Could not access cellsBusy */"
      counterCells = "/* Could not access counterCells */"
      keySet = "/* Could not access keySet */"
      values = "/* Could not access values */"
      entrySet = "/* Could not access entrySet */"
      U = "/* Could not access U */"
      SIZECTL = "/* Could not access SIZECTL */"
      TRANSFERINDEX = "/* Could not access TRANSFERINDEX */"
      BASECOUNT = "/* Could not access BASECOUNT */"
      CELLSBUSY = "/* Could not access CELLSBUSY */"
      CELLVALUE = "/* Could not access CELLVALUE */"
      ABASE = "/* Could not access ABASE */"
      ASHIFT = "/* Could not access ASHIFT */"
      keySet = "/* Could not access keySet */"
      values = "/* Could not access values */"
    collectedBundles = class java.lang.ref.ReferenceQueue@f6e5e78e
      references = "/* Could not access references */"
      head = "/* Could not access head */"
      tail = "/* Could not access tail */"
      empty = "/* Could not access empty */"
      DEFAULT_QUEUE_SIZE = "/* Could not access DEFAULT_QUEUE_SIZE */"
      reflectRefClass = "/* Could not access reflectRefClass */"
      classNameLockRefClass = "/* Could not access classNameLockRefClass */"
    generatorRefs = class com.ibm.wsspi.kernel.service.utils.ConcurrentServiceReferenceSet@66a29dba
      referenceName = "generators"
      contextRef = class java.util.concurrent.atomic.AtomicReference@2301b155
      elementMap = class java.util.LinkedHashMap@76c0abb8
      elementSet = class java.util.concurrent.ConcurrentSkipListSet@8115c9ff
      elementSetUnsorted = false
      serialVersionUID = 756240983881166148
      $$$tc$$$ = class com.ibm.websphere.ras.TraceComponent@f5616483
    generatorManager = class com.ibm.ws.classloading.internal.ClassGeneratorManager@8bdf5597
      tc = class com.ibm.websphere.ras.TraceComponent@a889ecf6
      generatorRefs = class com.ibm.wsspi.kernel.service.utils.ConcurrentServiceReferenceSet@66a29dba
      serialVersionUID = 4152663586056483310
    appExtLibs = class java.util.concurrent.CopyOnWriteArrayList@9dc7042b
      serialVersionUID = "/* Could not access serialVersionUID */"
      lock = "/* Could not access lock */"
      array = "/* Could not access array */"
    globalConfig = class com.ibm.ws.classloading.configuration.GlobalClassloadingConfiguration@bf5f8852
      properties = class org.apache.felix.scr.impl.helper.ReadOnlyDictionary@c8d7dd7b
      serialVersionUID = 452562347104713756
      $$$tc$$$ = class com.ibm.websphere.ras.TraceComponent@4568209d
    metaInfServicesProviders = class java.util.concurrent.ConcurrentHashMap@13d2e53f
      serialVersionUID = "/* Could not access serialVersionUID */"
      MAXIMUM_CAPACITY = "/* Could not access MAXIMUM_CAPACITY */"
      DEFAULT_CAPACITY = "/* Could not access DEFAULT_CAPACITY */"
      MAX_ARRAY_SIZE = "/* Could not access MAX_ARRAY_SIZE */"
      DEFAULT_CONCURRENCY_LEVEL = "/* Could not access DEFAULT_CONCURRENCY_LEVEL */"
      LOAD_FACTOR = "/* Could not access LOAD_FACTOR */"
      TREEIFY_THRESHOLD = "/* Could not access TREEIFY_THRESHOLD */"
      UNTREEIFY_THRESHOLD = "/* Could not access UNTREEIFY_THRESHOLD */"
      MIN_TREEIFY_CAPACITY = "/* Could not access MIN_TREEIFY_CAPACITY */"
      MIN_TRANSFER_STRIDE = "/* Could not access MIN_TRANSFER_STRIDE */"
      RESIZE_STAMP_BITS = "/* Could not access RESIZE_STAMP_BITS */"
      MAX_RESIZERS = "/* Could not access MAX_RESIZERS */"
      RESIZE_STAMP_SHIFT = "/* Could not access RESIZE_STAMP_SHIFT */"
      MOVED = "/* Could not access MOVED */"
      TREEBIN = "/* Could not access TREEBIN */"
      RESERVED = "/* Could not access RESERVED */"
      HASH_BITS = "/* Could not access HASH_BITS */"
      NCPU = "/* Could not access NCPU */"
      serialPersistentFields = "/* Could not access serialPersistentFields */"
      table = "/* Could not access table */"
      nextTable = "/* Could not access nextTable */"
      baseCount = "/* Could not access baseCount */"
      sizeCtl = "/* Could not access sizeCtl */"
      transferIndex = "/* Could not access transferIndex */"
      cellsBusy = "/* Could not access cellsBusy */"
      counterCells = "/* Could not access counterCells */"
      keySet = "/* Could not access keySet */"
      values = "/* Could not access values */"
      entrySet = "/* Could not access entrySet */"
      U = "/* Could not access U */"
      SIZECTL = "/* Could not access SIZECTL */"
      TRANSFERINDEX = "/* Could not access TRANSFERINDEX */"
      BASECOUNT = "/* Could not access BASECOUNT */"
      CELLSBUSY = "/* Could not access CELLSBUSY */"
      CELLVALUE = "/* Could not access CELLVALUE */"
      ABASE = "/* Could not access ABASE */"
      ASHIFT = "/* Could not access ASHIFT */"
      keySet = "/* Could not access keySet */"
      values = "/* Could not access values */"
    metaInfServicesRefs = class com.ibm.wsspi.kernel.service.utils.ConcurrentServiceReferenceMap@36337c8f
      referenceName = "MetaInfServicesProvider"
      context = class org.apache.felix.scr.impl.manager.ComponentContextImpl@f3508077
      elementMap = class java.util.concurrent.ConcurrentHashMap@eef03f29
      serialVersionUID = 6980924785166233786
      $$$tc$$$ = class com.ibm.websphere.ras.TraceComponent@574d0674
    protectionDomainMap = null
    metadataIdentifierService = class com.ibm.ws.container.service.metadata.internal.MetaDataServiceImpl@b30571ce
    globalSharedLibrary = class java.util.concurrent.atomic.AtomicReference@edd9d356
      serialVersionUID = "/* Could not access serialVersionUID */"
      VALUE = "/* Could not access VALUE */"
      value = "/* Could not access value */"
    serialVersionUID = 4365026902615131286
  globalSharedLibrary = class com.ibm.ws.library.internal.SharedLibraryImpl@7bc8c64b
    tc = class com.ibm.websphere.ras.TraceComponent@e9c72252
      strings[0] = "TraceComponent[com.ibm.ws.library.internal.SharedLibraryImpl,class com.ibm.ws.library.internal.SharedLibraryImpl,[SharedLibrary],com.ibm.ws.classloading.internal.resources.ClassLoadingServiceMessages,null]"
    EMPTY_LIBRARY_LISTENERS = interface com.ibm.wsspi.library.LibraryChangeListener[0]
    deleted = false
    libraryListenersTracker = class org.osgi.util.tracker.ServiceTracker@62ab087e
      DEBUG = false
      context = class org.eclipse.osgi.internal.framework.BundleContextImpl@7281efc2
      filter = class org.eclipse.osgi.internal.framework.FilterImpl$And@709f9374
      customizer = class org.osgi.util.tracker.ServiceTracker@62ab087e
      listenerFilter = "(&(objectClass=com.ibm.wsspi.library.LibraryChangeListener)(|(library=global)(libraryRef=*com.ibm.ws.classloading.sharedlibrary_2*)))"
      trackClass = null
      trackReference = null
      tracked = class org.osgi.util.tracker.ServiceTracker$Tracked@bc51fb1f
      cachedReference = null
      cachedService = null
    libraryReg = class org.eclipse.osgi.internal.serviceregistry.ServiceRegistrationImpl@80a24701
      registry = class org.eclipse.osgi.internal.serviceregistry.ServiceRegistry@3f17db19
      context = class org.eclipse.osgi.internal.framework.BundleContextImpl@7281efc2
      bundle = class org.eclipse.osgi.internal.framework.EquinoxBundle@ca6e1b8e
      clazzes = class java.lang.String[1]
      service = class com.ibm.ws.library.internal.SharedLibraryImpl@7bc8c64b
      reference = class org.eclipse.osgi.internal.serviceregistry.ServiceReferenceImpl@6301b47b
      contextsUsing = class java.util.ArrayList@c0fae9b7
      properties = class java.util.Collections$UnmodifiableMap@d3294b52
      serviceid = 236
      serviceranking = 0
      registrationLock = class java.lang.Object@be862c56
      state = 0
      REGISTERED = 0
      UNREGISTERING = 1
      UNREGISTERED = 2
      FRAMEWORK_SET_SERVICE_PROPERTIES_COUNT = 4
      $assertionsDisabled = true
    ctx = class org.eclipse.osgi.internal.framework.BundleContextImpl@7281efc2
      findHookName = "org.osgi.framework.hooks.bundle.FindHook"
      valid = true
      bundle = class org.eclipse.osgi.internal.framework.EquinoxBundle@ca6e1b8e
      container = class org.eclipse.osgi.internal.framework.EquinoxContainer@a6389921
      debug = class org.eclipse.osgi.internal.debug.Debug@e26baf68
      servicesInUse = class java.util.HashMap@49621944
      activator = null
      contextLock = class java.lang.Object@e0ec22e1
    classLoadingService = class com.ibm.ws.classloading.internal.ClassLoadingServiceImpl@80e7047d
    configAdmin = class com.ibm.ws.config.admin.internal.ConfigurationAdminImpl@b526c046
      tc = class com.ibm.websphere.ras.TraceComponent@350a3ae4
      bundle = class org.eclipse.osgi.internal.framework.EquinoxBundle@ca6e1b8e
      caFactory = class com.ibm.ws.config.admin.internal.ConfigAdminServiceFactory@a8fbd8ea
      serialVersionUID = -2875522750804142523
    resolvedBasePath = "/Users/ankit.agrawal@ibm.com/foodOrderRestaurantApp/finish/kitchen/target/liberty/wlp/usr/servers/defaultServer/"
    generationLock = class com.ibm.ws.library.internal.SharedLibraryImpl$1@d020b30b
      this$0 = class com.ibm.ws.library.internal.SharedLibraryImpl@7bc8c64b
      serialVersionUID = 2483639803450672373
      $$$tc$$$ = class com.ibm.websphere.ras.TraceComponent@94a52070
    currentGeneration = class com.ibm.ws.library.internal.LibraryGeneration@f9db8ff9
      tc = class com.ibm.websphere.ras.TraceComponent@f8a4c7f3
      nextInt = class java.util.concurrent.atomic.AtomicInteger@53ebfdc8
      libraryId = "global"
      genId = 0
      libraryProps = class java.util.Hashtable@771059d3
      filesetRefs = class java.util.Collections$UnmodifiableRandomAccessList@4dda95c2
      apiTypeVisibility = class java.util.RegularEnumSet@80611dac
      files = class java.util.Collections$EmptyList@1662f53b
      folders = class java.util.ArrayList@63319c0e
      fileAndFolderContainers = class java.util.Collections$EmptyList@1662f53b
      filesets = class java.util.concurrent.ArrayBlockingQueue@d1624ada
      filesetListenerRegs = class java.util.concurrent.ConcurrentLinkedQueue@3a0815c2
      cancelled = false
      library = class com.ibm.ws.library.internal.SharedLibraryImpl@7bc8c64b
      serialVersionUID = 6965220007121905717
    nextGeneration = class com.ibm.ws.library.internal.LibraryGeneration@f9db8ff9
    artifactContainerFactory = class com.ibm.ws.library.internal.SharedLibraryFactory$1@550a32ad
      this$0 = class com.ibm.ws.library.internal.SharedLibraryFactory@e30b2ce8
      serialVersionUID = 7730244564205089330
      $$$tc$$$ = class com.ibm.websphere.ras.TraceComponent@4e42c752
    packageExporter = class com.ibm.ws.library.internal.LibraryPackageExporter@ece29b66
      EXPORTER_POSTFIX = "_library_exporter"
      REGION_EXPORT_TO_LIBERTY = "liberty.library.export.to.liberty"
      REGION_EXPORT_TO_OSGI_APPS = "liberty.library.export.to.osgi.app"
      REGION_KERNEL = "org.eclipse.equinox.region.kernel"
      counter = class java.util.concurrent.atomic.AtomicLong@e983d97b
      context = class org.eclipse.osgi.internal.framework.BundleContextImpl@7281efc2
      digraph = class org.eclipse.equinox.internal.region.StandardRegionDigraph@319b31aa
      bundleToLibrary = class java.util.concurrent.ConcurrentHashMap@343e909c
      libraryToVisibility = class java.util.concurrent.ConcurrentHashMap@c25418d2
      serialVersionUID = 8074378969667956573
      $$$tc$$$ = class com.ibm.websphere.ras.TraceComponent@6e563a5b
    serialVersionUID = 6288237618632180389
  sharedLibDeploymentInfo = class com.ibm.ws.app.manager.module.internal.DeployedAppInfoBase$SharedLibDeploymentInfo@97620a1f
    locAdmin = class com.ibm.ws.kernel.service.location.internal.WsLocationAdminImpl@aa8a1446
    artifactFactory = class com.ibm.ws.artifact.internal.ArtifactContainerFactoryService@21586763
    moduleFactory = class com.ibm.ws.adaptable.module.internal.AdaptableModuleFactoryImpl@ab5c9cb0
    classesContainerInfo = class java.util.ArrayList@ccda90e6
      serialVersionUID = "/* Could not access serialVersionUID */"
      DEFAULT_CAPACITY = "/* Could not access DEFAULT_CAPACITY */"
      EMPTY_ELEMENTDATA = "/* Could not access EMPTY_ELEMENTDATA */"
      DEFAULTCAPACITY_EMPTY_ELEMENTDATA = "/* Could not access DEFAULTCAPACITY_EMPTY_ELEMENTDATA */"
      elementData = "/* Could not access elementData */"
      size = "/* Could not access size */"
      modCount = "/* Could not access modCount */"
    serialVersionUID = 5154735746662585226
    $$$tc$$$ = class com.ibm.websphere.ras.TraceComponent@cb6bb118
      strings[0] = "TraceComponent[com.ibm.ws.app.manager.module.internal.DeployedAppInfoBase$SharedLibDeploymentInfo,class com.ibm.ws.app.manager.module.internal.DeployedAppInfoBase$SharedLibDeploymentInfo,[applications, app.manager],null,null]"
  configAdmin = class com.ibm.ws.config.admin.internal.ConfigurationAdminImpl@d376ba9b
    tc = class com.ibm.websphere.ras.TraceComponent@350a3ae4
      strings[0] = "TraceComponent[com.ibm.ws.config.admin.internal.ConfigurationAdminImpl,class com.ibm.ws.config.admin.internal.ConfigurationAdminImpl,[config],com.ibm.ws.config.internal.resources.ConfigMessages,null]"
    bundle = class org.eclipse.osgi.internal.framework.EquinoxBundle@df919213
      equinoxContainer = class org.eclipse.osgi.internal.framework.EquinoxContainer@a6389921
      module = class org.eclipse.osgi.internal.framework.EquinoxBundle$EquinoxModule@5c8768f3
      monitor = class java.lang.Object@71578aef
      context = class org.eclipse.osgi.internal.framework.BundleContextImpl@fd64933a
      signerInfos = null
      $SWITCH_TABLE$org$eclipse$osgi$container$Module$State = {1,2,3,4,5,6,7} /* array length = 7 */
    caFactory = class com.ibm.ws.config.admin.internal.ConfigAdminServiceFactory@a8fbd8ea
      tc = class com.ibm.websphere.ras.TraceComponent@e00f4857
      configurationPermission = class org.osgi.service.cm.ConfigurationPermission@ed35c389
      INDEX_DICTIONARY = 0
      INDEX_LOCATION = 1
      INDEX_METATYPE_PROCESSED = 2
      INDEX_IN_OVERRIDES_FILE = 3
      INDEX_REFERENCES = 4
      INDEX_UNIQUES = 5
      bundleContext = class org.eclipse.osgi.internal.framework.BundleContextImpl@a0647576
      msTracker = class com.ibm.ws.config.admin.internal.ManagedServiceTracker@f9923a3f
      msfTracker = class com.ibm.ws.config.admin.internal.ManagedServiceFactoryTracker@83f5a127
      pluginManager = class com.ibm.ws.config.admin.internal.PluginManager@f66cf6e6
      configurationStore = class com.ibm.ws.config.admin.internal.ConfigurationStore@264a2264
      updateQueue = class com.ibm.ws.config.admin.internal.UpdateQueue@ecba164d
      ced = class com.ibm.ws.config.admin.internal.ConfigEventDispatcher@53a5cbba
      idMap = class java.util.Collections$SynchronizedMap@1dab3179
      referenceMap = class java.util.Collections$SynchronizedMap@1d713154
      variableRegistryTracker = class org.osgi.util.tracker.ServiceTracker@2b87bc1b
      variableRegistry = class com.ibm.ws.kernel.service.location.internal.VariableRegistryHelper@44210541
      configurationAdminRef = class org.eclipse.osgi.internal.serviceregistry.ServiceRegistrationImpl@79893b5c
      serialVersionUID = 6695202270027014725
    serialVersionUID = -2875522750804142523
  libraryConfigHelper = class com.ibm.ws.classloading.ClassLoaderConfigHelper@c7bcb8c4
    tc = class com.ibm.websphere.ras.TraceComponent@b809f967
      strings[0] = "TraceComponent[com.ibm.ws.classloading.ClassLoaderConfigHelper,class com.ibm.ws.classloading.ClassLoaderConfigHelper,[ClassLoadingService],com.ibm.ws.classloading.internal.resources.ClassLoadingServiceMessages,null]"
    DEFAULT_API_TYPES = class java.util.RegularEnumSet@93f515e2
      serialVersionUID = "/* Could not access serialVersionUID */"
      elements = "/* Could not access elements */"
      serialVersionUID = "/* Could not access serialVersionUID */"
      elementType = "/* Could not access elementType */"
      universe = "/* Could not access universe */"
    sharedLibraries = class java.util.Collections$EmptyList@1662f53b
      serialVersionUID = "/* Could not access serialVersionUID */"
      modCount = "/* Could not access modCount */"
    commonLibraries = class java.util.Collections$EmptyList@1662f53b
    classProviders = class java.util.Collections$EmptyList@1662f53b
    sharedLibrariesPids = null
    commonLibrariesPids = null
    isDelegateLast = false
    apiTypes = class java.util.RegularEnumSet@93f515e2
    classLoaderConfigProps = null
    serialVersionUID = 7643888529935916418
  isDelegateLast = false
  permissionManager = class com.ibm.ws.classloading.java2sec.PermissionManager@654c98d1
    tc = class com.ibm.websphere.ras.TraceComponent@5120cc85
      strings[0] = "TraceComponent[com.ibm.ws.classloading.java2sec.PermissionManager,class com.ibm.ws.classloading.java2sec.PermissionManager,[Java2SecurityUtil],com.ibm.ws.classloading.internal.resources.Java2SecurityUtilMessages,null]"
    bundleContext = class org.eclipse.osgi.internal.framework.BundleContextImpl@7281efc2
    classLoadingService = class com.ibm.ws.classloading.internal.ClassLoadingServiceImpl@80e7047d
    DEFAULT_SERVER_RESTRICTABLE_PERMISSIONS = class java.security.Permission[4]
      Permission[0] = class java.lang.RuntimePermission@6d1de9f7
      Permission[1] = class java.lang.RuntimePermission@b031552f
      Permission[2] = class java.security.SecurityPermission@7c6a53bc
      Permission[3] = class javax.security.auth.AuthPermission@fa07876b
    DEFAULT_CLIENT_RESTRICTABLE_PERMISSIONS = class java.security.Permission[3]
      Permission[0] = class java.lang.RuntimePermission@deb4a7c3
      Permission[1] = class java.security.SecurityPermission@651ace64
      Permission[2] = class javax.security.auth.AuthPermission@3e9b724a
    isServer = true
    wsjarUrlStreamHandlerAvailable = true
    restrictablePermissions = class java.util.ArrayList@799433e5
      serialVersionUID = "/* Could not access serialVersionUID */"
      DEFAULT_CAPACITY = "/* Could not access DEFAULT_CAPACITY */"
      EMPTY_ELEMENTDATA = "/* Could not access EMPTY_ELEMENTDATA */"
      DEFAULTCAPACITY_EMPTY_ELEMENTDATA = "/* Could not access DEFAULTCAPACITY_EMPTY_ELEMENTDATA */"
      elementData = "/* Could not access elementData */"
      size = "/* Could not access size */"
      modCount = "/* Could not access modCount */"
    grantedPermissions = class java.util.ArrayList@d288dfcf
      serialVersionUID = "/* Could not access serialVersionUID */"
      DEFAULT_CAPACITY = "/* Could not access DEFAULT_CAPACITY */"
      EMPTY_ELEMENTDATA = "/* Could not access EMPTY_ELEMENTDATA */"
      DEFAULTCAPACITY_EMPTY_ELEMENTDATA = "/* Could not access DEFAULTCAPACITY_EMPTY_ELEMENTDATA */"
      elementData = "/* Could not access elementData */"
      size = "/* Could not access size */"
      modCount = "/* Could not access modCount */"
    KEY_PERMISSION = "permission"
    INCORRECT_PERMISSION_CONFIGURATION = "INCORRECT_PERMISSION_CONFIGURATION"
    PERMISSION_CLASSNOTFOUND = "PERMISSION_CLASSNOTFOUND"
    SERVER_XML = "server.xml"
    CLIENT_XML = "client.xml"
    os_name = "Mac OS X"
    os_version = "10.15.1"
    originationFile = null
    permissions = class com.ibm.wsspi.kernel.service.utils.ConcurrentServiceReferenceSet@ec425d7a
      referenceName = "permission"
      contextRef = class java.util.concurrent.atomic.AtomicReference@14bf06fd
      elementMap = class java.util.LinkedHashMap@84aee2e0
      elementSet = class java.util.concurrent.ConcurrentSkipListSet@4355e1aa
      elementSetUnsorted = false
      serialVersionUID = 756240983881166148
      $$$tc$$$ = class com.ibm.websphere.ras.TraceComponent@f5616483
    codeBasePermissionMap = class java.util.HashMap@286be00d
      serialVersionUID = "/* Could not access serialVersionUID */"
      DEFAULT_INITIAL_CAPACITY = "/* Could not access DEFAULT_INITIAL_CAPACITY */"
      MAXIMUM_CAPACITY = "/* Could not access MAXIMUM_CAPACITY */"
      DEFAULT_LOAD_FACTOR = "/* Could not access DEFAULT_LOAD_FACTOR */"
      TREEIFY_THRESHOLD = "/* Could not access TREEIFY_THRESHOLD */"
      UNTREEIFY_THRESHOLD = "/* Could not access UNTREEIFY_THRESHOLD */"
      MIN_TREEIFY_CAPACITY = "/* Could not access MIN_TREEIFY_CAPACITY */"
      table = "/* Could not access table */"
      entrySet = "/* Could not access entrySet */"
      size = "/* Could not access size */"
      modCount = "/* Could not access modCount */"
      threshold = "/* Could not access threshold */"
      loadFactor = "/* Could not access loadFactor */"
      keySet = "/* Could not access keySet */"
      values = "/* Could not access values */"
    permissionXMLPermissionMap = class java.util.HashMap@e86d5a05
      serialVersionUID = "/* Could not access serialVersionUID */"
      DEFAULT_INITIAL_CAPACITY = "/* Could not access DEFAULT_INITIAL_CAPACITY */"
      MAXIMUM_CAPACITY = "/* Could not access MAXIMUM_CAPACITY */"
      DEFAULT_LOAD_FACTOR = "/* Could not access DEFAULT_LOAD_FACTOR */"
      TREEIFY_THRESHOLD = "/* Could not access TREEIFY_THRESHOLD */"
      UNTREEIFY_THRESHOLD = "/* Could not access UNTREEIFY_THRESHOLD */"
      MIN_TREEIFY_CAPACITY = "/* Could not access MIN_TREEIFY_CAPACITY */"
      table = "/* Could not access table */"
      entrySet = "/* Could not access entrySet */"
      size = "/* Could not access size */"
      modCount = "/* Could not access modCount */"
      threshold = "/* Could not access threshold */"
      loadFactor = "/* Could not access loadFactor */"
      keySet = "/* Could not access keySet */"
      values = "/* Could not access values */"
    java2SecurityEnabled = false
    serialVersionUID = 8819607610050598163
  permissionsConfig = null
  serialVersionUID = 1131686356392279747
  appInfo = class com.ibm.ws.container.service.app.deploy.internal.ApplicationInfoImpl@8958dd24
    appName = "kitchen"
    appMetaData = class com.ibm.ws.container.service.app.deploy.internal.ApplicationMetaDataImpl@1d911fab
      j2eeName = class com.ibm.ws.container.service.metadata.internal.J2EENameImpl@e945f13
      serialVersionUID = -7906531148367236579
      $$$tc$$$ = class com.ibm.websphere.ras.TraceComponent@89db33c
      tc = class com.ibm.websphere.ras.TraceComponent@1b496822
      NUM_STATIC_SLOTS = 4
      ID_UNINITIALIZED = -1
      id = 0
      metaDataInterface = class java.lang.Class@a37a082d
      staticSlots = class java.lang.Object[4]
      dynamicSlots = null
    appContainer = class com.ibm.ws.adaptable.module.internal.AdaptableContainerImpl@10c1c89
    configHelper = class com.ibm.ws.app.manager.module.ApplicationNestedConfigHelper@9e114bb7
      appInfo = class com.ibm.ws.app.manager.internal.ApplicationInstallInfo@6336f3a8
      serialVersionUID = -3174031738676705046
      $$$tc$$$ = class com.ibm.websphere.ras.TraceComponent@ff223aeb
    applicationInformation = class com.ibm.ws.app.manager.internal.ApplicationInstallInfo@6336f3a8
    serialVersionUID = 5227817860647895780
    $$$tc$$$ = class com.ibm.websphere.ras.TraceComponent@b34cb9df
      strings[0] = "TraceComponent[com.ibm.ws.container.service.app.deploy.internal.ApplicationInfoImpl,class com.ibm.ws.container.service.app.deploy.internal.ApplicationInfoImpl,[container.service],com.ibm.ws.container.service.resources.Messages,null]"
  modulesDeployed = class java.util.ArrayList@4bc2f6b7
    serialVersionUID = "/* Could not access serialVersionUID */"
    DEFAULT_CAPACITY = "/* Could not access DEFAULT_CAPACITY */"
    EMPTY_ELEMENTDATA = "/* Could not access EMPTY_ELEMENTDATA */"
    DEFAULTCAPACITY_EMPTY_ELEMENTDATA = "/* Could not access DEFAULTCAPACITY_EMPTY_ELEMENTDATA */"
    elementData = "/* Could not access elementData */"
    size = "/* Could not access size */"
    modCount = "/* Could not access modCount */"
  starting = true
  started = false
  deployedAppServices = class com.ibm.ws.app.manager.module.internal.DeployedAppServicesImpl@14ef01c0
    SERVER_APPS_DIR = "${server.output.dir}/apps/"
    EXPANDED_APPS_DIR = "${server.output.dir}/apps/expanded/"
    bundleContext = class org.eclipse.osgi.internal.framework.BundleContextImpl@fd64933a
      findHookName = "org.osgi.framework.hooks.bundle.FindHook"
      valid = true
      bundle = class org.eclipse.osgi.internal.framework.EquinoxBundle@df919213
      container = class org.eclipse.osgi.internal.framework.EquinoxContainer@a6389921
      debug = class org.eclipse.osgi.internal.debug.Debug@e26baf68
      servicesInUse = class java.util.HashMap@5e65df5f
      activator = null
      contextLock = class java.lang.Object@cf0012fd
    applicationInfoFactory = class com.ibm.ws.container.service.app.deploy.internal.ApplicationInfoFactoryImpl@68a5bcd2
    futureMonitor = class com.ibm.ws.threading.internal.FutureMonitorImpl@285dbbc6
    classLoadingService = class com.ibm.ws.classloading.internal.ClassLoadingServiceImpl@80e7047d
    globalSharedLibrary = class com.ibm.ws.library.internal.SharedLibraryImpl@7bc8c64b
    globalSharedLibraryPid = "com.ibm.ws.classloading.sharedlibrary_2"
    configAdmin = class com.ibm.ws.config.admin.internal.ConfigurationAdminImpl@d376ba9b
    metaDataService = class com.ibm.ws.container.service.metadata.internal.MetaDataServiceImpl@b30571ce
    stateChangeService = class com.ibm.ws.container.service.state.internal.StateChangeServiceImpl@aaba7289
    allModuleTypes = class java.lang.String[4]
      String[0] = "ejb"
      String[1] = "web"
      String[2] = "client"
      String[3] = "connector"
    moduleMetaDataExtenders = class java.util.concurrent.ConcurrentHashMap@4b557d9
      serialVersionUID = "/* Could not access serialVersionUID */"
      MAXIMUM_CAPACITY = "/* Could not access MAXIMUM_CAPACITY */"
      DEFAULT_CAPACITY = "/* Could not access DEFAULT_CAPACITY */"
      MAX_ARRAY_SIZE = "/* Could not access MAX_ARRAY_SIZE */"
      DEFAULT_CONCURRENCY_LEVEL = "/* Could not access DEFAULT_CONCURRENCY_LEVEL */"
      LOAD_FACTOR = "/* Could not access LOAD_FACTOR */"
      TREEIFY_THRESHOLD = "/* Could not access TREEIFY_THRESHOLD */"
      UNTREEIFY_THRESHOLD = "/* Could not access UNTREEIFY_THRESHOLD */"
      MIN_TREEIFY_CAPACITY = "/* Could not access MIN_TREEIFY_CAPACITY */"
      MIN_TRANSFER_STRIDE = "/* Could not access MIN_TRANSFER_STRIDE */"
      RESIZE_STAMP_BITS = "/* Could not access RESIZE_STAMP_BITS */"
      MAX_RESIZERS = "/* Could not access MAX_RESIZERS */"
      RESIZE_STAMP_SHIFT = "/* Could not access RESIZE_STAMP_SHIFT */"
      MOVED = "/* Could not access MOVED */"
      TREEBIN = "/* Could not access TREEBIN */"
      RESERVED = "/* Could not access RESERVED */"
      HASH_BITS = "/* Could not access HASH_BITS */"
      NCPU = "/* Could not access NCPU */"
      serialPersistentFields = "/* Could not access serialPersistentFields */"
      table = "/* Could not access table */"
      nextTable = "/* Could not access nextTable */"
      baseCount = "/* Could not access baseCount */"
      sizeCtl = "/* Could not access sizeCtl */"
      transferIndex = "/* Could not access transferIndex */"
      cellsBusy = "/* Could not access cellsBusy */"
      counterCells = "/* Could not access counterCells */"
      keySet = "/* Could not access keySet */"
      values = "/* Could not access values */"
      entrySet = "/* Could not access entrySet */"
      U = "/* Could not access U */"
      SIZECTL = "/* Could not access SIZECTL */"
      TRANSFERINDEX = "/* Could not access TRANSFERINDEX */"
      BASECOUNT = "/* Could not access BASECOUNT */"
      CELLSBUSY = "/* Could not access CELLSBUSY */"
      CELLVALUE = "/* Could not access CELLVALUE */"
      ABASE = "/* Could not access ABASE */"
      ASHIFT = "/* Could not access ASHIFT */"
      keySet = "/* Could not access keySet */"
      values = "/* Could not access values */"
    nestedModuleMetaDataFactories = class java.util.concurrent.ConcurrentHashMap@7ce5bae7
      serialVersionUID = "/* Could not access serialVersionUID */"
      MAXIMUM_CAPACITY = "/* Could not access MAXIMUM_CAPACITY */"
      DEFAULT_CAPACITY = "/* Could not access DEFAULT_CAPACITY */"
      MAX_ARRAY_SIZE = "/* Could not access MAX_ARRAY_SIZE */"
      DEFAULT_CONCURRENCY_LEVEL = "/* Could not access DEFAULT_CONCURRENCY_LEVEL */"
      LOAD_FACTOR = "/* Could not access LOAD_FACTOR */"
      TREEIFY_THRESHOLD = "/* Could not access TREEIFY_THRESHOLD */"
      UNTREEIFY_THRESHOLD = "/* Could not access UNTREEIFY_THRESHOLD */"
      MIN_TREEIFY_CAPACITY = "/* Could not access MIN_TREEIFY_CAPACITY */"
      MIN_TRANSFER_STRIDE = "/* Could not access MIN_TRANSFER_STRIDE */"
      RESIZE_STAMP_BITS = "/* Could not access RESIZE_STAMP_BITS */"
      MAX_RESIZERS = "/* Could not access MAX_RESIZERS */"
      RESIZE_STAMP_SHIFT = "/* Could not access RESIZE_STAMP_SHIFT */"
      MOVED = "/* Could not access MOVED */"
      TREEBIN = "/* Could not access TREEBIN */"
      RESERVED = "/* Could not access RESERVED */"
      HASH_BITS = "/* Could not access HASH_BITS */"
      NCPU = "/* Could not access NCPU */"
      serialPersistentFields = "/* Could not access serialPersistentFields */"
      table = "/* Could not access table */"
      nextTable = "/* Could not access nextTable */"
      baseCount = "/* Could not access baseCount */"
      sizeCtl = "/* Could not access sizeCtl */"
      transferIndex = "/* Could not access transferIndex */"
      cellsBusy = "/* Could not access cellsBusy */"
      counterCells = "/* Could not access counterCells */"
      keySet = "/* Could not access keySet */"
      values = "/* Could not access values */"
      entrySet = "/* Could not access entrySet */"
      U = "/* Could not access U */"
      SIZECTL = "/* Could not access SIZECTL */"
      TRANSFERINDEX = "/* Could not access TRANSFERINDEX */"
      BASECOUNT = "/* Could not access BASECOUNT */"
      CELLSBUSY = "/* Could not access CELLSBUSY */"
      CELLVALUE = "/* Could not access CELLVALUE */"
      ABASE = "/* Could not access ABASE */"
      ASHIFT = "/* Could not access ASHIFT */"
      keySet = "/* Could not access keySet */"
      values = "/* Could not access values */"
    permissionManager = class com.ibm.ws.classloading.java2sec.PermissionManager@654c98d1
    locAdmin = class com.ibm.ws.kernel.service.location.internal.WsLocationAdminImpl@aa8a1446
      tc = class com.ibm.websphere.ras.TraceComponent@8de4d0a
      LOC_INTERNAL_LIB_DIR = "wlp.lib.dir"
      LOC_INTERNAL_WORKAREA_DIR = "wlp.workarea.dir"
      LOC_AREA_NAME_APPS = "shared/apps/"
      LOC_AREA_NAME_CONFIG = "shared/config/"
      LOC_AREA_NAME_RESC = "shared/resources/"
      LOC_AREA_NAME_STATE = "logs/state/"
      LOC_AREA_NAME_SERVERS = "servers/"
      LOC_AREA_NAME_CLIENTS = "clients/"
      LOC_AREA_NAME_WORKING = "workarea/"
      LOC_AREA_NAME_EXTENSION = "extension/"
      instance = class com.ibm.ws.kernel.service.location.internal.WsLocationAdminImpl@aa8a1446
      installRoot = class com.ibm.ws.kernel.service.location.internal.SymbolicRootResource@baf8a38f
      installParentRoot = class com.ibm.ws.kernel.service.location.internal.SymbolicRootResource@90128568
      userRoot = class com.ibm.ws.kernel.service.location.internal.SymbolicRootResource@673af09b
      usrExtensionRoot = class com.ibm.ws.kernel.service.location.internal.SymbolicRootResource@7c50f28e
      serverConfigDir = class com.ibm.ws.kernel.service.location.internal.SymbolicRootResource@2915feb
      serverOutputDir = class com.ibm.ws.kernel.service.location.internal.SymbolicRootResource@2915feb
      bootstrapLib = class com.ibm.ws.kernel.service.location.internal.LocalFileResource@fa82c727
      serverWorkarea = class com.ibm.ws.kernel.service.location.internal.LocalFileResource@cf0dacf7
      serverState = class com.ibm.ws.kernel.service.location.internal.LocalFileResource@16452142
      sharedAppsRoot = class com.ibm.ws.kernel.service.location.internal.SymbolicRootResource@c93820c0
      sharedConfigRoot = class com.ibm.ws.kernel.service.location.internal.SymbolicRootResource@236b5a5e
      sharedResourceRoot = class com.ibm.ws.kernel.service.location.internal.SymbolicRootResource@ad6f1e6f
      tmpRoot = class com.ibm.ws.kernel.service.location.internal.SymbolicRootResource@12cd0ba2
      serverName = "defaultServer"
      resourcePaths = class java.util.ArrayList@ae9f404b
      resourceGroups = class java.util.HashMap@36edb29a
      commonRoot = class com.ibm.ws.kernel.service.location.internal.VirtualRootResource@d3f9cdac
      serialVersionUID = -5748835026800463299
    artifactFactory = class com.ibm.ws.artifact.internal.ArtifactContainerFactoryService@21586763
      CATEGORY_PROP_NAME = "category"
      ENTRY_KEY = "com.ibm.wsspi.artifact.ArtifactEntry"
      helperMap = class com.ibm.wsspi.kernel.service.utils.ConcurrentServiceReferenceSetMap@c0f848e8
      contributorMap = class com.ibm.wsspi.kernel.service.utils.ConcurrentServiceReferenceSetMap@1740e07a
      helperCategoryMap = class com.ibm.wsspi.kernel.service.utils.ConcurrentServiceReferenceSetMap@3c16833a
      contributorCategoryMap = class com.ibm.wsspi.kernel.service.utils.ConcurrentServiceReferenceSetMap@2df691da
      categories = class java.util.Collections$SynchronizedSet@2c854107
      baseProperties = class org.apache.felix.scr.impl.helper.ReadOnlyDictionary@f2586139
      registration = class com.ibm.ws.kernel.service.util.ServiceRegistrationModifier@444f2cb2
      serialVersionUID = 6566424214406946230
      $$$tc$$$ = class com.ibm.websphere.ras.TraceComponent@f23cce40
    moduleFactory = class com.ibm.ws.adaptable.module.internal.AdaptableModuleFactoryImpl@ab5c9cb0
      adapterFactoryService = class com.ibm.ws.adaptable.module.internal.AdapterFactoryServiceImpl@14b7aa66
      containerFactory = class com.ibm.ws.artifact.internal.ArtifactContainerFactoryService@21586763
      overlayContainerFactory = class com.ibm.ws.artifact.overlay.internal.OverlayContainerFactoryImpl@6bcbadea
      serialVersionUID = 4200251809856292987
      $$$tc$$$ = class com.ibm.websphere.ras.TraceComponent@20a6df86
    serialVersionUID = 8537801607979767986
    $$$tc$$$ = class com.ibm.websphere.ras.TraceComponent@a14cba99
      strings[0] = "TraceComponent[com.ibm.ws.app.manager.module.internal.DeployedAppServicesImpl,class com.ibm.ws.app.manager.module.internal.DeployedAppServicesImpl,[applications, app.manager],null,null]"
  futureMonitor = class com.ibm.ws.threading.internal.FutureMonitorImpl@285dbbc6
    _monitor = class java.util.concurrent.ConcurrentLinkedQueue@e9df74ec
      serialVersionUID = "/* Could not access serialVersionUID */"
      head = "/* Could not access head */"
      tail = "/* Could not access tail */"
      MAX_HOPS = "/* Could not access MAX_HOPS */"
      HEAD = "/* Could not access HEAD */"
      TAIL = "/* Could not access TAIL */"
      ITEM = "/* Could not access ITEM */"
      NEXT = "/* Could not access NEXT */"
    _executor = class com.ibm.ws.threading.internal.ScheduledExecutorImpl@cb593604
      threadGroupName = "Scheduled Executor Thread Group"
      executor = class com.ibm.ws.threading.internal.ExecutorServiceImpl@795e9302
      serialVersionUID = -9110693807503469597
      $$$tc$$$ = class com.ibm.websphere.ras.TraceComponent@c3f177dc
      continueExistingPeriodicTasksAfterShutdown = "/* Could not access continueExistingPeriodicTasksAfterShutdown */"
      executeExistingDelayedTasksAfterShutdown = "/* Could not access executeExistingDelayedTasksAfterShutdown */"
      removeOnCancel = "/* Could not access removeOnCancel */"
      sequencer = "/* Could not access sequencer */"
      DEFAULT_KEEPALIVE_MILLIS = "/* Could not access DEFAULT_KEEPALIVE_MILLIS */"
      ctl = "/* Could not access ctl */"
      COUNT_BITS = "/* Could not access COUNT_BITS */"
      COUNT_MASK = "/* Could not access COUNT_MASK */"
      RUNNING = "/* Could not access RUNNING */"
      SHUTDOWN = "/* Could not access SHUTDOWN */"
      STOP = "/* Could not access STOP */"
      TIDYING = "/* Could not access TIDYING */"
      TERMINATED = "/* Could not access TERMINATED */"
      workQueue = "/* Could not access workQueue */"
      mainLock = "/* Could not access mainLock */"
      workers = "/* Could not access workers */"
      termination = "/* Could not access termination */"
      largestPoolSize = "/* Could not access largestPoolSize */"
      completedTaskCount = "/* Could not access completedTaskCount */"
      threadFactory = "/* Could not access threadFactory */"
      handler = "/* Could not access handler */"
      keepAliveTime = "/* Could not access keepAliveTime */"
      allowCoreThreadTimeOut = "/* Could not access allowCoreThreadTimeOut */"
      corePoolSize = "/* Could not access corePoolSize */"
      maximumPoolSize = "/* Could not access maximumPoolSize */"
      defaultHandler = "/* Could not access defaultHandler */"
      shutdownPerm = "/* Could not access shutdownPerm */"
      ONLY_ONE = "/* Could not access ONLY_ONE */"
      $assertionsDisabled = "/* Could not access $assertionsDisabled */"
    _threadRunning = class java.util.concurrent.atomic.AtomicBoolean@21a646c2
      serialVersionUID = "/* Could not access serialVersionUID */"
      VALUE = "/* Could not access VALUE */"
      value = "/* Could not access value */"
    _thread = class com.ibm.ws.threading.internal.FutureMonitorImpl$1@55039dcb
      this$0 = class com.ibm.ws.threading.internal.FutureMonitorImpl@285dbbc6
      serialVersionUID = 2422512430832938099
      $$$tc$$$ = class com.ibm.websphere.ras.TraceComponent@f8a1d93c
    serialVersionUID = 2765238413969174390
    $$$tc$$$ = class com.ibm.websphere.ras.TraceComponent@8cefc926
      strings[0] = "TraceComponent[com.ibm.ws.threading.internal.FutureMonitorImpl,class com.ibm.ws.threading.internal.FutureMonitorImpl,[Threading],com.ibm.ws.threading.internal.resources.ThreadingMessages,null]"
  appInfoFactory = class com.ibm.ws.container.service.app.deploy.internal.ApplicationInfoFactoryImpl@68a5bcd2
    j2eeNameFactory = class com.ibm.wsspi.kernel.service.utils.AtomicServiceReference@f3ca1420
      referenceName = "j2eeNameFactory"
      tuple = class java.util.concurrent.atomic.AtomicReference@257973b1
      serialVersionUID = 2226592364007985000
      $$$tc$$$ = class com.ibm.websphere.ras.TraceComponent@8cfd21ab
    names = class java.util.HashSet@bdcf78a1
      serialVersionUID = "/* Could not access serialVersionUID */"
      map = "/* Could not access map */"
      PRESENT = "/* Could not access PRESENT */"
    serialVersionUID = 6232436640731165768
    $$$tc$$$ = class com.ibm.websphere.ras.TraceComponent@3ed323ff
      strings[0] = "TraceComponent[com.ibm.ws.container.service.app.deploy.internal.ApplicationInfoFactoryImpl,class com.ibm.ws.container.service.app.deploy.internal.ApplicationInfoFactoryImpl,[container.service],com.ibm.ws.container.service.resources.Messages,null]"
  metaDataService = class com.ibm.ws.container.service.metadata.internal.MetaDataServiceImpl@b30571ce
    applicationMetaDataManager = class com.ibm.ws.container.service.metadata.internal.ApplicationMetaDataManager@c80d8540
      serialVersionUID = 1843747281024490904
      $$$tc$$$ = class com.ibm.websphere.ras.TraceComponent@cb4f34e6
      listeners = class com.ibm.wsspi.kernel.service.utils.ConcurrentServiceReferenceSet@f15d7c7f
      metaDataIDs = class com.ibm.ws.container.service.metadata.internal.IndexList@4427220e
      metaDatas = class java.util.ArrayList@f2d60061
      slotIDs = class com.ibm.ws.container.service.metadata.internal.IndexList@3c2c309f
      serialVersionUID = 5464421863354792977
      $$$tc$$$ = class com.ibm.websphere.ras.TraceComponent@864da977
    moduleMetaDataManager = class com.ibm.ws.container.service.metadata.internal.ModuleMetaDataManager@4711ab9f
      serialVersionUID = 2513574389899327209
      $$$tc$$$ = class com.ibm.websphere.ras.TraceComponent@ff600303
      listeners = class com.ibm.wsspi.kernel.service.utils.ConcurrentServiceReferenceSet@3eb276fd
      metaDataIDs = class com.ibm.ws.container.service.metadata.internal.IndexList@ecf5d1c1
      metaDatas = class java.util.ArrayList@5fac02b7
      slotIDs = class com.ibm.ws.container.service.metadata.internal.IndexList@8663c395
      serialVersionUID = 5464421863354792977
      $$$tc$$$ = class com.ibm.websphere.ras.TraceComponent@864da977
    componentMetaDataManager = class com.ibm.ws.container.service.metadata.internal.ComponentMetaDataManager@e1053cb5
      serialVersionUID = 8629793739641703882
      $$$tc$$$ = class com.ibm.websphere.ras.TraceComponent@149da654
      listeners = class com.ibm.wsspi.kernel.service.utils.ConcurrentServiceReferenceSet@b0f35910
      metaDataIDs = class com.ibm.ws.container.service.metadata.internal.IndexList@3992a562
      metaDatas = class java.util.ArrayList@8e54fd14
      slotIDs = class com.ibm.ws.container.service.metadata.internal.IndexList@5eb4d672
      serialVersionUID = 5464421863354792977
      $$$tc$$$ = class com.ibm.websphere.ras.TraceComponent@864da977
    methodMetaDataManager = class com.ibm.ws.container.service.metadata.internal.MethodMetaDataManager@16c8f787
      serialVersionUID = -8002489041502300640
      $$$tc$$$ = class com.ibm.websphere.ras.TraceComponent@598e9a20
      listeners = class com.ibm.wsspi.kernel.service.utils.ConcurrentServiceReferenceSet@b4892e75
      metaDataIDs = class com.ibm.ws.container.service.metadata.internal.IndexList@847dcad9
      metaDatas = class java.util.ArrayList@d955ccd8
      slotIDs = class com.ibm.ws.container.service.metadata.internal.IndexList@aff8117c
      serialVersionUID = 5464421863354792977
      $$$tc$$$ = class com.ibm.websphere.ras.TraceComponent@864da977
    appModuleNameToModuleContainer = class java.util.concurrent.ConcurrentHashMap@aa8b0a66
      serialVersionUID = "/* Could not access serialVersionUID */"
      MAXIMUM_CAPACITY = "/* Could not access MAXIMUM_CAPACITY */"
      DEFAULT_CAPACITY = "/* Could not access DEFAULT_CAPACITY */"
      MAX_ARRAY_SIZE = "/* Could not access MAX_ARRAY_SIZE */"
      DEFAULT_CONCURRENCY_LEVEL = "/* Could not access DEFAULT_CONCURRENCY_LEVEL */"
      LOAD_FACTOR = "/* Could not access LOAD_FACTOR */"
      TREEIFY_THRESHOLD = "/* Could not access TREEIFY_THRESHOLD */"
      UNTREEIFY_THRESHOLD = "/* Could not access UNTREEIFY_THRESHOLD */"
      MIN_TREEIFY_CAPACITY = "/* Could not access MIN_TREEIFY_CAPACITY */"
      MIN_TRANSFER_STRIDE = "/* Could not access MIN_TRANSFER_STRIDE */"
      RESIZE_STAMP_BITS = "/* Could not access RESIZE_STAMP_BITS */"
      MAX_RESIZERS = "/* Could not access MAX_RESIZERS */"
      RESIZE_STAMP_SHIFT = "/* Could not access RESIZE_STAMP_SHIFT */"
      MOVED = "/* Could not access MOVED */"
      TREEBIN = "/* Could not access TREEBIN */"
      RESERVED = "/* Could not access RESERVED */"
      HASH_BITS = "/* Could not access HASH_BITS */"
      NCPU = "/* Could not access NCPU */"
      serialPersistentFields = "/* Could not access serialPersistentFields */"
      table = "/* Could not access table */"
      nextTable = "/* Could not access nextTable */"
      baseCount = "/* Could not access baseCount */"
      sizeCtl = "/* Could not access sizeCtl */"
      transferIndex = "/* Could not access transferIndex */"
      cellsBusy = "/* Could not access cellsBusy */"
      counterCells = "/* Could not access counterCells */"
      keySet = "/* Could not access keySet */"
      values = "/* Could not access values */"
      entrySet = "/* Could not access entrySet */"
      U = "/* Could not access U */"
      SIZECTL = "/* Could not access SIZECTL */"
      TRANSFERINDEX = "/* Could not access TRANSFERINDEX */"
      BASECOUNT = "/* Could not access BASECOUNT */"
      CELLSBUSY = "/* Could not access CELLSBUSY */"
      CELLVALUE = "/* Could not access CELLVALUE */"
      ABASE = "/* Could not access ABASE */"
      ASHIFT = "/* Could not access ASHIFT */"
      keySet = "/* Could not access keySet */"
      values = "/* Could not access values */"
    jeeNameToComponentMetaData = class java.util.concurrent.ConcurrentHashMap@d98a09d3
      serialVersionUID = "/* Could not access serialVersionUID */"
      MAXIMUM_CAPACITY = "/* Could not access MAXIMUM_CAPACITY */"
      DEFAULT_CAPACITY = "/* Could not access DEFAULT_CAPACITY */"
      MAX_ARRAY_SIZE = "/* Could not access MAX_ARRAY_SIZE */"
      DEFAULT_CONCURRENCY_LEVEL = "/* Could not access DEFAULT_CONCURRENCY_LEVEL */"
      LOAD_FACTOR = "/* Could not access LOAD_FACTOR */"
      TREEIFY_THRESHOLD = "/* Could not access TREEIFY_THRESHOLD */"
      UNTREEIFY_THRESHOLD = "/* Could not access UNTREEIFY_THRESHOLD */"
      MIN_TREEIFY_CAPACITY = "/* Could not access MIN_TREEIFY_CAPACITY */"
      MIN_TRANSFER_STRIDE = "/* Could not access MIN_TRANSFER_STRIDE */"
      RESIZE_STAMP_BITS = "/* Could not access RESIZE_STAMP_BITS */"
      MAX_RESIZERS = "/* Could not access MAX_RESIZERS */"
      RESIZE_STAMP_SHIFT = "/* Could not access RESIZE_STAMP_SHIFT */"
      MOVED = "/* Could not access MOVED */"
      TREEBIN = "/* Could not access TREEBIN */"
      RESERVED = "/* Could not access RESERVED */"
      HASH_BITS = "/* Could not access HASH_BITS */"
      NCPU = "/* Could not access NCPU */"
      serialPersistentFields = "/* Could not access serialPersistentFields */"
      table = "/* Could not access table */"
      nextTable = "/* Could not access nextTable */"
      baseCount = "/* Could not access baseCount */"
      sizeCtl = "/* Could not access sizeCtl */"
      transferIndex = "/* Could not access transferIndex */"
      cellsBusy = "/* Could not access cellsBusy */"
      counterCells = "/* Could not access counterCells */"
      keySet = "/* Could not access keySet */"
      values = "/* Could not access values */"
      entrySet = "/* Could not access entrySet */"
      U = "/* Could not access U */"
      SIZECTL = "/* Could not access SIZECTL */"
      TRANSFERINDEX = "/* Could not access TRANSFERINDEX */"
      BASECOUNT = "/* Could not access BASECOUNT */"
      CELLSBUSY = "/* Could not access CELLSBUSY */"
      CELLVALUE = "/* Could not access CELLVALUE */"
      ABASE = "/* Could not access ABASE */"
      ASHIFT = "/* Could not access ASHIFT */"
      keySet = "/* Could not access keySet */"
      values = "/* Could not access values */"
    deferredMetaDataFactories = class com.ibm.wsspi.kernel.service.utils.ConcurrentServiceReferenceSet@5b9c18f9
      referenceName = "deferredMetaDataFactory"
      contextRef = class java.util.concurrent.atomic.AtomicReference@a7f8e42f
      elementMap = class java.util.LinkedHashMap@50d53d82
      elementSet = class java.util.concurrent.ConcurrentSkipListSet@a907b61b
      elementSetUnsorted = false
      serialVersionUID = 756240983881166148
      $$$tc$$$ = class com.ibm.websphere.ras.TraceComponent@f5616483
    deferredMetaDataInitializers = class com.ibm.wsspi.kernel.service.utils.ConcurrentServiceReferenceMap@ac9fa6b7
      referenceName = "deferredMetaDataFactory"
      context = class org.apache.felix.scr.impl.manager.ComponentContextImpl@93fd767a
      elementMap = class java.util.concurrent.ConcurrentHashMap@ff7b3e6b
      serialVersionUID = 6980924785166233786
      $$$tc$$$ = class com.ibm.websphere.ras.TraceComponent@574d0674
    serialVersionUID = -2494605732980966097
    $$$tc$$$ = class com.ibm.websphere.ras.TraceComponent@6d8dafb2
      strings[0] = "TraceComponent[com.ibm.ws.container.service.metadata.internal.MetaDataServiceImpl,class com.ibm.ws.container.service.metadata.internal.MetaDataServiceImpl,[Runtime],null,null]"
  stateChangeService = class com.ibm.ws.container.service.state.internal.StateChangeServiceImpl@aaba7289
    applicationStateManager = class com.ibm.ws.container.service.state.internal.ApplicationStateManager@65632ad9
      serialVersionUID = -6685368059484454124
      $$$tc$$$ = class com.ibm.websphere.ras.TraceComponent@c13ed10a
      listeners = class com.ibm.wsspi.kernel.service.utils.ConcurrentServiceReferenceSet@e7001f7d
      serialVersionUID = 2284273176985484160
      $$$tc$$$ = class com.ibm.websphere.ras.TraceComponent@976564ff
    moduleStateManager = class com.ibm.ws.container.service.state.internal.ModuleStateManager@41a66682
      serialVersionUID = -5540260902341249963
      $$$tc$$$ = class com.ibm.websphere.ras.TraceComponent@f00808f3
      listeners = class com.ibm.wsspi.kernel.service.utils.ConcurrentServiceReferenceSet@5cbdfb7b
      serialVersionUID = 2284273176985484160
      $$$tc$$$ = class com.ibm.websphere.ras.TraceComponent@976564ff
    serialVersionUID = -537917915330350560
    $$$tc$$$ = class com.ibm.websphere.ras.TraceComponent@17db1691
      strings[0] = "TraceComponent[com.ibm.ws.container.service.state.internal.StateChangeServiceImpl,class com.ibm.ws.container.service.state.internal.StateChangeServiceImpl,[Runtime],null,null]"
  moduleClassesInfo = class com.ibm.ws.app.manager.module.internal.SimpleDeployedAppInfoBase$ModuleClassesInfoProvider@250294dc
    entryContainerInfosMap = class java.util.HashMap@a878a4e3
      serialVersionUID = "/* Could not access serialVersionUID */"
      DEFAULT_INITIAL_CAPACITY = "/* Could not access DEFAULT_INITIAL_CAPACITY */"
      MAXIMUM_CAPACITY = "/* Could not access MAXIMUM_CAPACITY */"
      DEFAULT_LOAD_FACTOR = "/* Could not access DEFAULT_LOAD_FACTOR */"
      TREEIFY_THRESHOLD = "/* Could not access TREEIFY_THRESHOLD */"
      UNTREEIFY_THRESHOLD = "/* Could not access UNTREEIFY_THRESHOLD */"
      MIN_TREEIFY_CAPACITY = "/* Could not access MIN_TREEIFY_CAPACITY */"
      table = "/* Could not access table */"
      entrySet = "/* Could not access entrySet */"
      size = "/* Could not access size */"
      modCount = "/* Could not access modCount */"
      threshold = "/* Could not access threshold */"
      loadFactor = "/* Could not access loadFactor */"
      keySet = "/* Could not access keySet */"
      values = "/* Could not access values */"
    serialVersionUID = -70332790531324534
    $$$tc$$$ = class com.ibm.websphere.ras.TraceComponent@d701421f
      strings[0] = "TraceComponent[com.ibm.ws.app.manager.module.internal.SimpleDeployedAppInfoBase$ModuleClassesInfoProvider,class com.ibm.ws.app.manager.module.internal.SimpleDeployedAppInfoBase$ModuleClassesInfoProvider,[applications, app.manager],null,null]"
  moduleContainerInfos = class java.util.ArrayList@2f24af00
    serialVersionUID = "/* Could not access serialVersionUID */"
    DEFAULT_CAPACITY = "/* Could not access DEFAULT_CAPACITY */"
    EMPTY_ELEMENTDATA = "/* Could not access EMPTY_ELEMENTDATA */"
    DEFAULTCAPACITY_EMPTY_ELEMENTDATA = "/* Could not access DEFAULTCAPACITY_EMPTY_ELEMENTDATA */"
    elementData = "/* Could not access elementData */"
    size = "/* Could not access size */"
    modCount = "/* Could not access modCount */"
  activeModuleHandlers = class java.util.IdentityHashMap@b0b5a3af
    DEFAULT_CAPACITY = "/* Could not access DEFAULT_CAPACITY */"
    MINIMUM_CAPACITY = "/* Could not access MINIMUM_CAPACITY */"
    MAXIMUM_CAPACITY = "/* Could not access MAXIMUM_CAPACITY */"
    table = "/* Could not access table */"
    size = "/* Could not access size */"
    modCount = "/* Could not access modCount */"
    NULL_KEY = "/* Could not access NULL_KEY */"
    entrySet = "/* Could not access entrySet */"
    serialVersionUID = "/* Could not access serialVersionUID */"
    keySet = "/* Could not access keySet */"
    values = "/* Could not access values */"
  serialVersionUID = -3601072639838071667
  $$$tc$$$ = class com.ibm.websphere.ras.TraceComponent@18cc7506
    strings[0] = "TraceComponent[com.ibm.ws.app.manager.module.internal.SimpleDeployedAppInfoBase,class com.ibm.ws.app.manager.module.internal.SimpleDeployedAppInfoBase,[applications, app.manager],null,null]"

Dump of objectArray[0]
Object type = com.ibm.ws.threading.internal.NonCancelableResultFuture
  _done = false
  _result = null
  _failure = null
  _listeners = class java.util.concurrent.ConcurrentLinkedQueue@b7d1ac03
    serialVersionUID = "/* Could not access serialVersionUID */"
    head = "/* Could not access head */"
    tail = "/* Could not access tail */"
    MAX_HOPS = "/* Could not access MAX_HOPS */"
    HEAD = "/* Could not access HEAD */"
    TAIL = "/* Could not access TAIL */"
    ITEM = "/* Could not access ITEM */"
    NEXT = "/* Could not access NEXT */"
  _notifiedListeners = class java.util.concurrent.atomic.AtomicBoolean@fd26e266
    serialVersionUID = "/* Could not access serialVersionUID */"
    VALUE = "/* Could not access VALUE */"
    value = "/* Could not access value */"
  serialVersionUID = -296387658814354272
  $$$tc$$$ = class com.ibm.websphere.ras.TraceComponent@eceff5ff
    strings[0] = "TraceComponent[com.ibm.ws.threading.internal.NonCancelableResultFuture,class com.ibm.ws.threading.internal.NonCancelableResultFuture,[Threading],com.ibm.ws.threading.internal.resources.ThreadingMessages,null]"

