********************************************************************************
product = Open Liberty 20.0.0.2 (wlp-1.0.37.cl200220200204-1746)
wlp.install.dir = /Users/ankit.agrawal@ibm.com/foodOrderRestaurantApp/finish/kitchen/target/liberty/wlp/
java.home = /Library/Java/JavaVirtualMachines/adoptopenjdk-13-openj9.jdk/Contents/Home
java.version = 13.0.1
java.runtime = OpenJDK Runtime Environment (13.0.1+9)
os = Mac OS X (10.15.1; x86_64) (en_CA)
process = 83834@ankits-mbp.war.can.ibm.com
********************************************************************************
[2020-03-05, 14:55:46:509 EST] 00000001 com.ibm.ws.kernel.launch.internal.FrameworkManager           A CWWKE0001I: The server defaultServer has been launched.
[2020-03-05, 14:55:47:036 EST] 00000030 com.ibm.ws.config.xml.internal.ServerXMLConfiguration        A CWWKG0093A: Processing configuration drop-ins resource: /Users/ankit.agrawal@ibm.com/foodOrderRestaurantApp/finish/kitchen/target/liberty/wlp/usr/servers/defaultServer/configDropins/overrides/liberty-plugin-variable-config.xml
[2020-03-05, 14:55:47:170 EST] 00000001 com.ibm.ws.kernel.launch.internal.FrameworkManager           I CWWKE0002I: The kernel started after 0.895 seconds
[2020-03-05, 14:55:47:190 EST] 00000038 com.ibm.ws.kernel.feature.internal.FeatureManager            I CWWKF0007I: Feature update started.
[2020-03-05, 14:55:47:476 EST] 0000002f .apache.cxf.cxf.core.3.2:1.0.37.cl200220200204-1746(id=146)] I Aries Blueprint packages not available. So namespaces will not be registered
[2020-03-05, 14:55:47:491 EST] 0000002d com.ibm.ws.annocache.service                                 I OSGi Work Path [ /Users/ankit.agrawal@ibm.com/foodOrderRestaurantApp/finish/kitchen/target/liberty/wlp/usr/servers/defaultServer/workarea/org.eclipse.osgi/41/data ]
[2020-03-05, 14:55:47:526 EST] 00000030 com.ibm.ws.app.manager.internal.monitor.DropinMonitor        A CWWKZ0058I: Monitoring dropins for applications.
[2020-03-05, 14:55:47:909 EST] 00000040 com.ibm.ws.app.manager.AppMessageHelper                      I CWWKZ0018I: Starting application kitchen.
[2020-03-05, 14:55:47:909 EST] 00000040 bm.ws.app.manager.war.internal.WARDeployedAppInfoFactoryImpl I CWWKZ0134I: The kitchen application is using the loose application definition at the /Users/ankit.agrawal@ibm.com/foodOrderRestaurantApp/finish/kitchen/target/liberty/wlp/usr/servers/defaultServer/apps/kitchen.war.xml location.
[2020-03-05, 14:55:48:587 EST] 00000040 com.ibm.ws.session.WASSessionCore                            I SESN8501I: The session manager did not find a persistent storage location; HttpSession objects will be stored in the local application server's memory.
[2020-03-05, 14:55:48:597 EST] 00000040 org.jboss.weld.Version                                       I WELD-000900: 3.1.1 (Final)
[2020-03-05, 14:55:50:240 EST] 00000040 lrye.reactive.messaging.extension.ReactiveMessagingExtension I Analyzing mediator bean: Managed Bean [class io.openliberty.guides.kitchen.KitchenResource] with qualifiers [@Any @Default]
[2020-03-05, 14:55:50:240 EST] 00000040 io.smallrye.reactive.messaging.extension.MediatorManager     I Scanning Type: class io.openliberty.guides.kitchen.KitchenResource
[2020-03-05, 14:55:50:244 EST] 00000040 io.smallrye.reactive.messaging.extension.MediatorManager     I Deployment done... start processing
[2020-03-05, 14:55:50:257 EST] 00000040 io.smallrye.reactive.messaging.impl.ConfiguredChannelFactory I Found incoming connectors: []
[2020-03-05, 14:55:50:257 EST] 00000040 io.smallrye.reactive.messaging.impl.ConfiguredChannelFactory I Found outgoing connectors: []
[2020-03-05, 14:55:50:257 EST] 00000040 io.smallrye.reactive.messaging.impl.ConfiguredChannelFactory I Stream manager initializing...
[2020-03-05, 14:55:50:368 EST] 00000040 SystemErr                                                    R SLF4J: Failed to load class "org.slf4j.impl.StaticLoggerBinder".
[2020-03-05, 14:55:50:368 EST] 00000040 SystemErr                                                    R SLF4J: Defaulting to no-operation (NOP) logger implementation
[2020-03-05, 14:55:50:368 EST] 00000040 SystemErr                                                    R SLF4J: See http://www.slf4j.org/codes.html#StaticLoggerBinder for further details.
[2020-03-05, 14:55:50:542 EST] 00000040 io.smallrye.reactive.messaging.extension.MediatorManager     I Initializing mediators
[2020-03-05, 14:55:50:634 EST] 00000040 io.smallrye.reactive.messaging.extension.MediatorManager     I Connecting mediators
[2020-03-05, 14:55:50:635 EST] 00000040 io.smallrye.reactive.messaging.extension.MediatorManager     I Attempt to resolve io.openliberty.guides.kitchen.KitchenResource#initFoodOrder
[2020-03-05, 14:55:50:636 EST] 00000040 io.smallrye.reactive.messaging.extension.MediatorManager     I Connecting io.openliberty.guides.kitchen.KitchenResource#initFoodOrder to `foodOrderConsume` (org.eclipse.microprofile.reactive.streams.operators.core.PublisherBuilderImpl@3163a9a7)
[2020-03-05, 14:55:50:638 EST] 00000040 io.smallrye.reactive.messaging.extension.MediatorManager     I Connecting method io.openliberty.guides.kitchen.KitchenResource#sendReadyOrder to sink foodOrderPublish
[2020-03-05, 14:55:50:639 EST] 00000040 io.smallrye.reactive.messaging.extension.MediatorManager     I Connecting method io.openliberty.guides.kitchen.KitchenResource#initFoodOrder to sink foodOrderPublishIntermediate
[2020-03-05, 14:55:50:654 EST] 00000040 com.ibm.ws.webcontainer.osgi.webapp.WebGroup                 I SRVE0169I: Loading Web Module: Liberty Project.
[2020-03-05, 14:55:50:655 EST] 00000040 com.ibm.ws.webcontainer                                      I SRVE0250I: Web Module Liberty Project has been bound to default_host.
[2020-03-05, 14:55:50:656 EST] 00000040 com.ibm.ws.http.internal.VirtualHostImpl                     A CWWKT0016I: Web application available (default_host): http://ankits-mbp.war.can.ibm.com:9083/
[2020-03-05, 14:55:50:658 EST] 00000040 com.ibm.ws.app.manager.AppMessageHelper                      A CWWKZ0001I: Application kitchen started in 2.749 seconds.
[2020-03-05, 14:55:50:665 EST] 00000043 com.ibm.ws.session.WASSessionCore                            I SESN0176I: A new session context will be created for application key default_host/
[2020-03-05, 14:55:50:670 EST] 00000043 com.ibm.ws.util                                              I SESN0172I: The session manager is using the Java default SecureRandom implementation for session ID generation.
[2020-03-05, 14:55:50:675 EST] 00000038 com.ibm.ws.tcpchannel.internal.TCPPort                       I CWWKO0219I: TCP Channel defaultHttpEndpoint has been started and is now listening for requests on host *  (IPv6) port 9083.
[2020-03-05, 14:55:50:681 EST] 00000038 com.ibm.ws.kernel.feature.internal.FeatureManager            A CWWKF0012I: The server installed the following features: [cdi-2.0, concurrent-1.0, jaxrs-2.1, jaxrsClient-2.1, jndi-1.0, jsonb-1.0, jsonp-1.1, mpConfig-1.3, mpReactiveMessaging-1.0, mpReactiveStreams-1.0, servlet-4.0].
[2020-03-05, 14:55:50:682 EST] 00000038 com.ibm.ws.kernel.feature.internal.FeatureManager            I CWWKF0008I: Feature update completed in 3.513 seconds.
[2020-03-05, 14:55:50:682 EST] 00000038 com.ibm.ws.kernel.feature.internal.FeatureManager            A CWWKF0011I: The defaultServer server is ready to run a smarter planet. The defaultServer server started in 4.409 seconds.
[2020-03-05, 14:55:50:685 EST] 00000039 com.ibm.ws.webcontainer.osgi.mbeans.PluginGenerator          I SRVE9103I: A configuration file for a web server plugin was automatically generated for this server at /Users/ankit.agrawal@ibm.com/foodOrderRestaurantApp/finish/kitchen/target/liberty/wlp/usr/servers/defaultServer/logs/state/plugin-cfg.xml.
[2020-03-05, 14:55:50:886 EST] 00000054 SystemOut                                                    O 
 New Food Order received 
[2020-03-05, 14:55:50:887 EST] 00000054 SystemOut                                                    O  Order : {"item":"burger555","orderID":"0021","status":"NEW","tableID":"5","type":"FOOD"}
[2020-03-05, 14:56:10:932 EST] 00000072 SystemOut                                                    O  Food Order in Progress... 
[2020-03-05, 14:56:10:948 EST] 00000072 SystemOut                                                    O  Order : {"item":"burger555","orderID":"0021","status":"IN_PROGRESS","tableID":"5","type":"FOOD"}
[2020-03-05, 14:56:10:966 EST] 00000072 SystemOut                                                    O 
 New Food Order received 
[2020-03-05, 14:56:10:966 EST] 00000072 SystemOut                                                    O  Order : {"item":"fries666","orderID":"0022","status":"NEW","tableID":"5","type":"FOOD"}
[2020-03-05, 14:56:10:967 EST] 00000072 io.openliberty.guides.kitchen.KitchenResource#initFoodOrder  E The method io.openliberty.guides.kitchen.KitchenResource#initFoodOrder has thrown an exception
io.smallrye.reactive.messaging.ProcessingException: Exception thrown when calling the method io.openliberty.guides.kitchen.KitchenResource#initFoodOrder
	at io.smallrye.reactive.messaging.AbstractMediator.lambda$initialize$0(AbstractMediator.java:50)
	at io.smallrye.reactive.messaging.AbstractMediator$$Lambda$356.0000000000000000.invoke(Unknown Source)
	at io.smallrye.reactive.messaging.AbstractMediator.invoke(AbstractMediator.java:61)
	at io.smallrye.reactive.messaging.ProcessorMediator.lambda$processMethodReturningACompletionStageOfMessageAndConsumingIndividualMessage$16(ProcessorMediator.java:262)
	at io.smallrye.reactive.messaging.ProcessorMediator$$Lambda$1421.0000000000000000.apply(Unknown Source)
	at io.smallrye.reactive.streams.stages.FlatMapCompletionStageFactory$FlatMapCompletionStage.lambda$apply$0(FlatMapCompletionStageFactory.java:47)
	at io.smallrye.reactive.streams.stages.FlatMapCompletionStageFactory$FlatMapCompletionStage$$Lambda$366.0000000000000000.apply(Unknown Source)
	at io.reactivex.internal.operators.flowable.FlowableFlatMap$MergeSubscriber.onNext(FlowableFlatMap.java:132)
	at io.reactivex.internal.operators.flowable.FlowableFlatMap$MergeSubscriber.drainLoop(FlowableFlatMap.java:501)
	at io.reactivex.internal.operators.flowable.FlowableFlatMap$MergeSubscriber.drain(FlowableFlatMap.java:366)
	at io.reactivex.internal.operators.flowable.FlowableFlatMap$MergeSubscriber.request(FlowableFlatMap.java:345)
	at io.reactivex.internal.operators.flowable.FlowableFlatMap$MergeSubscriber.drainLoop(FlowableFlatMap.java:546)
	at io.reactivex.internal.operators.flowable.FlowableFlatMap$MergeSubscriber.drain(FlowableFlatMap.java:366)
	at io.reactivex.internal.operators.flowable.FlowableFlatMap$InnerSubscriber.onComplete(FlowableFlatMap.java:678)
	at io.reactivex.internal.subscriptions.DeferredScalarSubscription.complete(DeferredScalarSubscription.java:119)
	at io.reactivex.processors.AsyncProcessor.onComplete(AsyncProcessor.java:201)
	at io.smallrye.reactive.streams.utils.CompletionStageToPublisher.lambda$fromCompletionStage$0(CompletionStageToPublisher.java:23)
	at io.smallrye.reactive.streams.utils.CompletionStageToPublisher$$Lambda$520.0000000000000000.accept(Unknown Source)
	at java.base/java.util.concurrent.CompletableFuture.uniWhenComplete(CompletableFuture.java:859)
	at java.base/java.util.concurrent.CompletableFuture$UniWhenComplete.tryFire(CompletableFuture.java:837)
	at java.base/java.util.concurrent.CompletableFuture.postComplete(CompletableFuture.java:506)
	at java.base/java.util.concurrent.CompletableFuture$AsyncSupply.run(CompletableFuture.java:1776)
	at java.base/java.util.concurrent.ThreadPoolExecutor.runWorker(ThreadPoolExecutor.java:1128)
	at java.base/java.util.concurrent.ThreadPoolExecutor$Worker.run(ThreadPoolExecutor.java:628)
	at java.base/java.lang.Thread.run(Thread.java:831)
Caused by: java.lang.reflect.InvocationTargetException
	at jdk.internal.reflect.GeneratedMethodAccessor511.invoke(Unknown Source)
	at java.base/java.lang.reflect.Method.invoke(Method.java:567)
	at io.smallrye.reactive.messaging.AbstractMediator.lambda$initialize$0(AbstractMediator.java:48)
	... 24 more
Caused by: java.lang.Exception
	at io.openliberty.guides.kitchen.KitchenResource.initFoodOrder(KitchenResource.java:75)
	at io.openliberty.guides.kitchen.KitchenResource$Proxy$_$$_WeldClientProxy.initFoodOrder(Unknown Source)
	... 27 more

[2020-03-05, 14:56:10:973 EST] 00000072 com.ibm.ws.microprofile.reactive.messaging.kafka.KafkaOutput E CWMRX1004E: The Reactive Messaging Kafka Outgoing Connector received an error. The error is io.smallrye.reactive.messaging.ProcessingException: Exception thrown when calling the method io.openliberty.guides.kitchen.KitchenResource#initFoodOrder
	at io.smallrye.reactive.messaging.AbstractMediator.lambda$initialize$0(AbstractMediator.java:50)
	at io.smallrye.reactive.messaging.AbstractMediator$$Lambda$356.0000000000000000.invoke(Unknown Source)
	at io.smallrye.reactive.messaging.AbstractMediator.invoke(AbstractMediator.java:61)
	at io.smallrye.reactive.messaging.ProcessorMediator.lambda$processMethodReturningACompletionStageOfMessageAndConsumingIndividualMessage$16(ProcessorMediator.java:262)
	at io.smallrye.reactive.messaging.ProcessorMediator$$Lambda$1421.0000000000000000.apply(Unknown Source)
	at io.smallrye.reactive.streams.stages.FlatMapCompletionStageFactory$FlatMapCompletionStage.lambda$apply$0(FlatMapCompletionStageFactory.java:47)
	at io.smallrye.reactive.streams.stages.FlatMapCompletionStageFactory$FlatMapCompletionStage$$Lambda$366.0000000000000000.apply(Unknown Source)
	at io.reactivex.internal.operators.flowable.FlowableFlatMap$MergeSubscriber.onNext(FlowableFlatMap.java:132)
	at io.reactivex.internal.operators.flowable.FlowableFlatMap$MergeSubscriber.drainLoop(FlowableFlatMap.java:501)
	at io.reactivex.internal.operators.flowable.FlowableFlatMap$MergeSubscriber.drain(FlowableFlatMap.java:366)
	at io.reactivex.internal.operators.flowable.FlowableFlatMap$MergeSubscriber.request(FlowableFlatMap.java:345)
	at io.reactivex.internal.operators.flowable.FlowableFlatMap$MergeSubscriber.drainLoop(FlowableFlatMap.java:546)
	at io.reactivex.internal.operators.flowable.FlowableFlatMap$MergeSubscriber.drain(FlowableFlatMap.java:366)
	at io.reactivex.internal.operators.flowable.FlowableFlatMap$InnerSubscriber.onComplete(FlowableFlatMap.java:678)
	at io.reactivex.internal.subscriptions.DeferredScalarSubscription.complete(DeferredScalarSubscription.java:119)
	at io.reactivex.processors.AsyncProcessor.onComplete(AsyncProcessor.java:201)
	at io.smallrye.reactive.streams.utils.CompletionStageToPublisher.lambda$fromCompletionStage$0(CompletionStageToPublisher.java:23)
	at io.smallrye.reactive.streams.utils.CompletionStageToPublisher$$Lambda$520.0000000000000000.accept(Unknown Source)
	at java.base/java.util.concurrent.CompletableFuture.uniWhenComplete(CompletableFuture.java:859)
	at java.base/java.util.concurrent.CompletableFuture$UniWhenComplete.tryFire(CompletableFuture.java:837)
	at java.base/java.util.concurrent.CompletableFuture.postComplete(CompletableFuture.java:506)
	at java.base/java.util.concurrent.CompletableFuture$AsyncSupply.run(CompletableFuture.java:1776)
	at java.base/java.util.concurrent.ThreadPoolExecutor.runWorker(ThreadPoolExecutor.java:1128)
	at java.base/java.util.concurrent.ThreadPoolExecutor$Worker.run(ThreadPoolExecutor.java:628)
	at java.base/java.lang.Thread.run(Thread.java:831)
Caused by: java.lang.reflect.InvocationTargetException
	at jdk.internal.reflect.GeneratedMethodAccessor511.invoke(Unknown Source)
	at java.base/java.lang.reflect.Method.invoke(Method.java:567)
	at io.smallrye.reactive.messaging.AbstractMediator.lambda$initialize$0(AbstractMediator.java:48)
	... 24 more
Caused by: java.lang.Exception
	at io.openliberty.guides.kitchen.KitchenResource.initFoodOrder(KitchenResource.java:75)
	at io.openliberty.guides.kitchen.KitchenResource$Proxy$_$$_WeldClientProxy.initFoodOrder(Unknown Source)
	... 27 more
.
[2020-03-05, 14:56:30:948 EST] 0000005e SystemOut                                                    O  Food Order Ready... 
[2020-03-05, 14:56:30:949 EST] 0000005e SystemOut                                                    O  Order : {"item":"burger555","orderID":"0021","status":"READY","tableID":"5","type":"FOOD"}
[2020-03-05, 14:57:24:081 EST] 0000002a com.ibm.ws.kernel.launch.internal.ServerCommandListener      A CWWKE0055I: Server shutdown requested on Thursday, March 5, 2020 at 2:57 p.m.. The server defaultServer is shutting down.
[2020-03-05, 14:57:24:083 EST] 00000084 com.ibm.ws.runtime.update.internal.RuntimeUpdateManagerImpl  A CWWKE1100I: Waiting for up to 30 seconds for the server to quiesce.
[2020-03-05, 14:57:24:088 EST] 00000074 com.ibm.ws.tcpchannel.internal.TCPChannel                    I CWWKO0220I: TCP Channel defaultHttpEndpoint has stopped listening for requests on host *  (IPv6) port 9083.
[2020-03-05, 14:57:24:089 EST] 00000074 com.ibm.ws.http.internal.VirtualHostImpl                     A CWWKT0017I: Web application removed (default_host): http://ankits-mbp.war.can.ibm.com:9083/
[2020-03-05, 14:57:54:088 EST] 00000084 com.ibm.ws.runtime.update.internal.RuntimeUpdateManagerImpl  W CWWKE1102W: The quiesce operation did not complete. The server will now stop.
[2020-03-05, 14:57:54:089 EST] 00000084 com.ibm.ws.runtime.update.internal.RuntimeUpdateManagerImpl  W CWWKE1107W: 1 threads did not complete during the quiesce period. 
[2020-03-05, 14:57:54:127 EST] 00000073 io.smallrye.reactive.messaging.extension.MediatorManager     I Cancel subscriptions
[2020-03-05, 14:57:54:165 EST] 00000073 com.ibm.ws.app.manager.AppMessageHelper                      A CWWKZ0009I: The application kitchen has stopped successfully.
[2020-03-05, 14:57:54:630 EST] 00000001 com.ibm.ws.kernel.launch.internal.FrameworkManager           A CWWKE0036I: The server defaultServer stopped after 2 minutes, 8.358 seconds.
