********************************************************************************
product = Open Liberty 20.0.0.2 (wlp-1.0.37.cl200220200204-1746)
wlp.install.dir = /Users/ankit.agrawal@ibm.com/foodOrderRestaurantApp/finish/bar/target/liberty/wlp/
java.home = /Library/Java/JavaVirtualMachines/adoptopenjdk-13-openj9.jdk/Contents/Home
java.version = 13.0.1
java.runtime = OpenJDK Runtime Environment (13.0.1+9)
os = Mac OS X (10.15.1; x86_64) (en_CA)
process = 60508@Ankits-MacBook-Pro.local
********************************************************************************
[2020-03-02, 21:19:54:340 EST] 00000001 com.ibm.ws.kernel.launch.internal.FrameworkManager           A CWWKE0001I: The server defaultServer has been launched.
[2020-03-02, 21:19:55:015 EST] 00000030 com.ibm.ws.config.xml.internal.ServerXMLConfiguration        A CWWKG0093A: Processing configuration drop-ins resource: /Users/ankit.agrawal@ibm.com/foodOrderRestaurantApp/finish/bar/target/liberty/wlp/usr/servers/defaultServer/configDropins/overrides/liberty-plugin-variable-config.xml
[2020-03-02, 21:19:55:163 EST] 00000001 com.ibm.ws.kernel.launch.internal.FrameworkManager           I CWWKE0002I: The kernel started after 1.058 seconds
[2020-03-02, 21:19:55:185 EST] 00000038 com.ibm.ws.kernel.feature.internal.FeatureManager            I CWWKF0007I: Feature update started.
[2020-03-02, 21:19:55:463 EST] 0000002e .apache.cxf.cxf.core.3.2:1.0.37.cl200220200204-1746(id=146)] I Aries Blueprint packages not available. So namespaces will not be registered
[2020-03-02, 21:19:55:488 EST] 00000030 com.ibm.ws.annocache.service                                 I OSGi Work Path [ /Users/ankit.agrawal@ibm.com/foodOrderRestaurantApp/finish/bar/target/liberty/wlp/usr/servers/defaultServer/workarea/org.eclipse.osgi/41/data ]
[2020-03-02, 21:19:55:522 EST] 0000002f com.ibm.ws.app.manager.internal.monitor.DropinMonitor        A CWWKZ0058I: Monitoring dropins for applications.
[2020-03-02, 21:19:55:978 EST] 00000040 com.ibm.ws.app.manager.AppMessageHelper                      I CWWKZ0018I: Starting application bar.
[2020-03-02, 21:19:55:978 EST] 00000040 bm.ws.app.manager.war.internal.WARDeployedAppInfoFactoryImpl I CWWKZ0134I: The bar application is using the loose application definition at the /Users/ankit.agrawal@ibm.com/foodOrderRestaurantApp/finish/bar/target/liberty/wlp/usr/servers/defaultServer/apps/bar.war.xml location.
[2020-03-02, 21:19:56:903 EST] 00000040 com.ibm.ws.session.WASSessionCore                            I SESN8501I: The session manager did not find a persistent storage location; HttpSession objects will be stored in the local application server's memory.
[2020-03-02, 21:19:56:916 EST] 00000040 org.jboss.weld.Version                                       I WELD-000900: 3.1.1 (Final)
[2020-03-02, 21:19:58:905 EST] 00000040 lrye.reactive.messaging.extension.ReactiveMessagingExtension I Analyzing mediator bean: Managed Bean [class io.openliberty.guides.bar.BarResource] with qualifiers [@Any @Default]
[2020-03-02, 21:19:58:906 EST] 00000040 io.smallrye.reactive.messaging.extension.MediatorManager     I Scanning Type: class io.openliberty.guides.bar.BarResource
[2020-03-02, 21:19:58:911 EST] 00000040 io.smallrye.reactive.messaging.extension.MediatorManager     I Deployment done... start processing
[2020-03-02, 21:19:58:929 EST] 00000040 io.smallrye.reactive.messaging.impl.ConfiguredChannelFactory I Found incoming connectors: []
[2020-03-02, 21:19:58:930 EST] 00000040 io.smallrye.reactive.messaging.impl.ConfiguredChannelFactory I Found outgoing connectors: []
[2020-03-02, 21:19:58:931 EST] 00000040 io.smallrye.reactive.messaging.impl.ConfiguredChannelFactory I Stream manager initializing...
[2020-03-02, 21:19:59:114 EST] 00000040 SystemErr                                                    R SLF4J: Failed to load class "org.slf4j.impl.StaticLoggerBinder".
[2020-03-02, 21:19:59:115 EST] 00000040 SystemErr                                                    R SLF4J: Defaulting to no-operation (NOP) logger implementation
[2020-03-02, 21:19:59:115 EST] 00000040 SystemErr                                                    R SLF4J: See http://www.slf4j.org/codes.html#StaticLoggerBinder for further details.
[2020-03-02, 21:19:59:338 EST] 00000040 io.smallrye.reactive.messaging.extension.MediatorManager     I Initializing mediators
[2020-03-02, 21:19:59:433 EST] 00000040 io.smallrye.reactive.messaging.extension.MediatorManager     I Connecting mediators
[2020-03-02, 21:19:59:435 EST] 00000040 io.smallrye.reactive.messaging.extension.MediatorManager     I Attempt to resolve io.openliberty.guides.bar.BarResource#initBeverageOrder
[2020-03-02, 21:19:59:437 EST] 00000040 io.smallrye.reactive.messaging.extension.MediatorManager     I Connecting io.openliberty.guides.bar.BarResource#initBeverageOrder to `bevOrderConsume` (org.eclipse.microprofile.reactive.streams.operators.core.PublisherBuilderImpl@aa5f6c0d)
[2020-03-02, 21:19:59:440 EST] 00000040 io.smallrye.reactive.messaging.extension.MediatorManager     I Connecting method io.openliberty.guides.bar.BarResource#initBeverageOrder to sink bevOrderPublishInter
[2020-03-02, 21:19:59:442 EST] 00000040 io.smallrye.reactive.messaging.extension.MediatorManager     I Connecting method io.openliberty.guides.bar.BarResource#sendReadyOrder to sink beverageOrderPublish
[2020-03-02, 21:19:59:460 EST] 00000040 com.ibm.ws.webcontainer.osgi.webapp.WebGroup                 I SRVE0169I: Loading Web Module: Liberty Project.
[2020-03-02, 21:19:59:462 EST] 00000040 com.ibm.ws.webcontainer                                      I SRVE0250I: Web Module Liberty Project has been bound to default_host.
[2020-03-02, 21:19:59:463 EST] 00000040 com.ibm.ws.http.internal.VirtualHostImpl                     A CWWKT0016I: Web application available (default_host): http://192.168.0.16:9084/
[2020-03-02, 21:19:59:466 EST] 00000040 com.ibm.ws.app.manager.AppMessageHelper                      A CWWKZ0001I: Application bar started in 3.487 seconds.
[2020-03-02, 21:19:59:476 EST] 00000055 com.ibm.ws.session.WASSessionCore                            I SESN0176I: A new session context will be created for application key default_host/
[2020-03-02, 21:19:59:481 EST] 00000055 com.ibm.ws.util                                              I SESN0172I: The session manager is using the Java default SecureRandom implementation for session ID generation.
[2020-03-02, 21:19:59:484 EST] 00000038 com.ibm.ws.tcpchannel.internal.TCPPort                       I CWWKO0219I: TCP Channel defaultHttpEndpoint has been started and is now listening for requests on host *  (IPv6) port 9084.
[2020-03-02, 21:19:59:497 EST] 00000038 com.ibm.ws.kernel.feature.internal.FeatureManager            A CWWKF0012I: The server installed the following features: [cdi-2.0, concurrent-1.0, jaxrs-2.1, jaxrsClient-2.1, jndi-1.0, jsonb-1.0, jsonp-1.1, mpConfig-1.3, mpReactiveMessaging-1.0, mpReactiveStreams-1.0, servlet-4.0].
[2020-03-02, 21:19:59:497 EST] 00000038 com.ibm.ws.kernel.feature.internal.FeatureManager            I CWWKF0008I: Feature update completed in 4.336 seconds.
[2020-03-02, 21:19:59:497 EST] 00000038 com.ibm.ws.kernel.feature.internal.FeatureManager            A CWWKF0011I: The defaultServer server is ready to run a smarter planet. The defaultServer server started in 5.395 seconds.
[2020-03-02, 21:19:59:718 EST] 00000047 com.ibm.ws.webcontainer.osgi.mbeans.PluginGenerator          I SRVE9103I: A configuration file for a web server plugin was automatically generated for this server at /Users/ankit.agrawal@ibm.com/foodOrderRestaurantApp/finish/bar/target/liberty/wlp/usr/servers/defaultServer/logs/state/plugin-cfg.xml.
[2020-03-02, 21:25:58:874 EST] 00000059 com.ibm.ws.http.internal.VirtualHostImpl                     A CWWKT0017I: Web application removed (default_host): http://192.168.0.16:9084/
[2020-03-02, 21:25:58:880 EST] 00000059 io.smallrye.reactive.messaging.extension.MediatorManager     I Cancel subscriptions
[2020-03-02, 21:25:58:934 EST] 00000038 com.ibm.ws.webcontainer.osgi.mbeans.PluginGenerator          I SRVE9103I: A configuration file for a web server plugin was automatically generated for this server at /Users/ankit.agrawal@ibm.com/foodOrderRestaurantApp/finish/bar/target/liberty/wlp/usr/servers/defaultServer/logs/state/plugin-cfg.xml.
[2020-03-02, 21:25:58:972 EST] 00000059 com.ibm.ws.app.manager.AppMessageHelper                      A CWWKZ0009I: The application bar has stopped successfully.
[2020-03-02, 21:25:58:990 EST] 00000059 com.ibm.ws.app.manager.AppMessageHelper                      I CWWKZ0018I: Starting application bar.
[2020-03-02, 21:25:58:990 EST] 00000059 bm.ws.app.manager.war.internal.WARDeployedAppInfoFactoryImpl I CWWKZ0134I: The bar application is using the loose application definition at the /Users/ankit.agrawal@ibm.com/foodOrderRestaurantApp/finish/bar/target/liberty/wlp/usr/servers/defaultServer/apps/bar.war.xml location.
[2020-03-02, 21:26:01:219 EST] 00000059 lrye.reactive.messaging.extension.ReactiveMessagingExtension I Analyzing mediator bean: Managed Bean [class io.openliberty.guides.bar.BarResource] with qualifiers [@Any @Default]
[2020-03-02, 21:26:01:219 EST] 00000059 io.smallrye.reactive.messaging.extension.MediatorManager     I Scanning Type: class io.openliberty.guides.bar.BarResource
[2020-03-02, 21:26:01:220 EST] 00000059 io.smallrye.reactive.messaging.extension.MediatorManager     I Deployment done... start processing
[2020-03-02, 21:26:01:222 EST] 00000059 io.smallrye.reactive.messaging.impl.ConfiguredChannelFactory I Found incoming connectors: []
[2020-03-02, 21:26:01:222 EST] 00000059 io.smallrye.reactive.messaging.impl.ConfiguredChannelFactory I Found outgoing connectors: []
[2020-03-02, 21:26:01:222 EST] 00000059 io.smallrye.reactive.messaging.impl.ConfiguredChannelFactory I Stream manager initializing...
[2020-03-02, 21:26:01:275 EST] 00000059 SystemErr                                                    R SLF4J: Failed to load class "org.slf4j.impl.StaticLoggerBinder".
[2020-03-02, 21:26:01:275 EST] 00000059 SystemErr                                                    R SLF4J: Defaulting to no-operation (NOP) logger implementation
[2020-03-02, 21:26:01:275 EST] 00000059 SystemErr                                                    R SLF4J: See http://www.slf4j.org/codes.html#StaticLoggerBinder for further details.
[2020-03-02, 21:26:01:419 EST] 00000059 io.smallrye.reactive.messaging.extension.MediatorManager     I Initializing mediators
[2020-03-02, 21:26:01:437 EST] 00000059 io.smallrye.reactive.messaging.extension.MediatorManager     I Connecting mediators
[2020-03-02, 21:26:01:438 EST] 00000059 io.smallrye.reactive.messaging.extension.MediatorManager     I Attempt to resolve io.openliberty.guides.bar.BarResource#initBeverageOrder
[2020-03-02, 21:26:01:438 EST] 00000059 io.smallrye.reactive.messaging.extension.MediatorManager     I Connecting io.openliberty.guides.bar.BarResource#initBeverageOrder to `bevOrderConsume` (org.eclipse.microprofile.reactive.streams.operators.core.PublisherBuilderImpl@a769ed8e)
[2020-03-02, 21:26:01:439 EST] 00000059 io.smallrye.reactive.messaging.extension.MediatorManager     I Connecting method io.openliberty.guides.bar.BarResource#initBeverageOrder to sink bevOrderPublishInter
[2020-03-02, 21:26:01:439 EST] 00000059 io.smallrye.reactive.messaging.extension.MediatorManager     I Connecting method io.openliberty.guides.bar.BarResource#sendReadyOrder to sink beverageOrderPublish
[2020-03-02, 21:26:01:452 EST] 00000059 com.ibm.ws.webcontainer.osgi.webapp.WebGroup                 I SRVE0169I: Loading Web Module: Liberty Project.
[2020-03-02, 21:26:01:453 EST] 00000059 com.ibm.ws.webcontainer                                      I SRVE0250I: Web Module Liberty Project has been bound to default_host.
[2020-03-02, 21:26:01:453 EST] 00000059 com.ibm.ws.http.internal.VirtualHostImpl                     A CWWKT0016I: Web application available (default_host): http://192.168.0.16:9084/
[2020-03-02, 21:26:01:454 EST] 00000059 com.ibm.ws.app.manager.AppMessageHelper                      A CWWKZ0003I: The application bar updated in 2.464 seconds.
[2020-03-02, 21:26:01:454 EST] 0000004f com.ibm.ws.session.WASSessionCore                            I SESN0176I: A new session context will be created for application key default_host/
[2020-03-02, 21:26:01:455 EST] 0000004f com.ibm.ws.util                                              I SESN0172I: The session manager is using the Java default SecureRandom implementation for session ID generation.
[2020-03-02, 21:26:01:482 EST] 00000059 com.ibm.ws.http.internal.VirtualHostImpl                     A CWWKT0017I: Web application removed (default_host): http://192.168.0.16:9084/
[2020-03-02, 21:26:01:486 EST] 00000059 io.smallrye.reactive.messaging.extension.MediatorManager     I Cancel subscriptions
[2020-03-02, 21:26:01:511 EST] 00000047 com.ibm.ws.webcontainer.osgi.mbeans.PluginGenerator          I SRVE9103I: A configuration file for a web server plugin was automatically generated for this server at /Users/ankit.agrawal@ibm.com/foodOrderRestaurantApp/finish/bar/target/liberty/wlp/usr/servers/defaultServer/logs/state/plugin-cfg.xml.
[2020-03-02, 21:26:01:548 EST] 00000058 com.ibm.ws.webcontainer.osgi.mbeans.PluginGenerator          I SRVE9103I: A configuration file for a web server plugin was automatically generated for this server at /Users/ankit.agrawal@ibm.com/foodOrderRestaurantApp/finish/bar/target/liberty/wlp/usr/servers/defaultServer/logs/state/plugin-cfg.xml.
[2020-03-02, 21:26:01:741 EST] 00000059 com.ibm.ws.app.manager.AppMessageHelper                      A CWWKZ0009I: The application bar has stopped successfully.
[2020-03-02, 21:26:01:749 EST] 00000059 com.ibm.ws.app.manager.AppMessageHelper                      I CWWKZ0018I: Starting application bar.
[2020-03-02, 21:26:01:750 EST] 00000059 bm.ws.app.manager.war.internal.WARDeployedAppInfoFactoryImpl I CWWKZ0134I: The bar application is using the loose application definition at the /Users/ankit.agrawal@ibm.com/foodOrderRestaurantApp/finish/bar/target/liberty/wlp/usr/servers/defaultServer/apps/bar.war.xml location.
[2020-03-02, 21:26:02:681 EST] 00000059 lrye.reactive.messaging.extension.ReactiveMessagingExtension I Analyzing mediator bean: Managed Bean [class io.openliberty.guides.bar.BarResource] with qualifiers [@Any @Default]
[2020-03-02, 21:26:02:681 EST] 00000059 io.smallrye.reactive.messaging.extension.MediatorManager     I Scanning Type: class io.openliberty.guides.bar.BarResource
[2020-03-02, 21:26:02:681 EST] 00000059 io.smallrye.reactive.messaging.extension.MediatorManager     I Deployment done... start processing
[2020-03-02, 21:26:02:683 EST] 00000059 io.smallrye.reactive.messaging.impl.ConfiguredChannelFactory I Found incoming connectors: []
[2020-03-02, 21:26:02:683 EST] 00000059 io.smallrye.reactive.messaging.impl.ConfiguredChannelFactory I Found outgoing connectors: []
[2020-03-02, 21:26:02:684 EST] 00000059 io.smallrye.reactive.messaging.impl.ConfiguredChannelFactory I Stream manager initializing...
[2020-03-02, 21:26:02:724 EST] 00000059 SystemErr                                                    R SLF4J: Failed to load class "org.slf4j.impl.StaticLoggerBinder".
[2020-03-02, 21:26:02:724 EST] 00000059 SystemErr                                                    R SLF4J: Defaulting to no-operation (NOP) logger implementation
[2020-03-02, 21:26:02:724 EST] 00000059 SystemErr                                                    R SLF4J: See http://www.slf4j.org/codes.html#StaticLoggerBinder for further details.
[2020-03-02, 21:26:02:836 EST] 00000059 io.smallrye.reactive.messaging.extension.MediatorManager     I Initializing mediators
[2020-03-02, 21:26:02:868 EST] 00000059 io.smallrye.reactive.messaging.extension.MediatorManager     I Connecting mediators
[2020-03-02, 21:26:02:869 EST] 00000059 io.smallrye.reactive.messaging.extension.MediatorManager     I Attempt to resolve io.openliberty.guides.bar.BarResource#initBeverageOrder
[2020-03-02, 21:26:02:869 EST] 00000059 io.smallrye.reactive.messaging.extension.MediatorManager     I Connecting io.openliberty.guides.bar.BarResource#initBeverageOrder to `bevOrderConsume` (org.eclipse.microprofile.reactive.streams.operators.core.PublisherBuilderImpl@24046a1f)
[2020-03-02, 21:26:02:869 EST] 00000059 io.smallrye.reactive.messaging.extension.MediatorManager     I Connecting method io.openliberty.guides.bar.BarResource#initBeverageOrder to sink bevOrderPublishInter
[2020-03-02, 21:26:02:870 EST] 00000059 io.smallrye.reactive.messaging.extension.MediatorManager     I Connecting method io.openliberty.guides.bar.BarResource#sendReadyOrder to sink beverageOrderPublish
[2020-03-02, 21:26:02:882 EST] 00000059 com.ibm.ws.webcontainer.osgi.webapp.WebGroup                 I SRVE0169I: Loading Web Module: Liberty Project.
[2020-03-02, 21:26:02:883 EST] 00000059 com.ibm.ws.webcontainer                                      I SRVE0250I: Web Module Liberty Project has been bound to default_host.
[2020-03-02, 21:26:02:883 EST] 00000059 com.ibm.ws.http.internal.VirtualHostImpl                     A CWWKT0016I: Web application available (default_host): http://192.168.0.16:9084/
[2020-03-02, 21:26:02:884 EST] 00000059 com.ibm.ws.app.manager.AppMessageHelper                      A CWWKZ0003I: The application bar updated in 1.135 seconds.
[2020-03-02, 21:26:02:884 EST] 00000039 com.ibm.ws.session.WASSessionCore                            I SESN0176I: A new session context will be created for application key default_host/
[2020-03-02, 21:26:02:885 EST] 00000039 com.ibm.ws.util                                              I SESN0172I: The session manager is using the Java default SecureRandom implementation for session ID generation.
[2020-03-02, 21:26:02:927 EST] 00000044 com.ibm.ws.webcontainer.osgi.mbeans.PluginGenerator          I SRVE9103I: A configuration file for a web server plugin was automatically generated for this server at /Users/ankit.agrawal@ibm.com/foodOrderRestaurantApp/finish/bar/target/liberty/wlp/usr/servers/defaultServer/logs/state/plugin-cfg.xml.
[2020-03-02, 21:27:53:950 EST] 0000003b SystemOut                                                    O 
 New Beverage Order received 
[2020-03-02, 21:27:53:952 EST] 0000003b SystemOut                                                    O  Order : {"item":"tea","orderID":"0003","status":"NEW","tableID":"1","type":"BEVERAGE"}
[2020-03-02, 21:28:04:099 EST] 00000095 SystemOut                                                    O  Beverage Order in Progress... 
[2020-03-02, 21:28:04:103 EST] 00000095 SystemOut                                                    O  Order : {"item":"tea","orderID":"0003","status":"IN_PROGRESS","tableID":"1","type":"BEVERAGE"}
[2020-03-02, 21:28:14:103 EST] 0000005e SystemOut                                                    O  Beverage Order Ready... 
[2020-03-02, 21:28:14:104 EST] 0000005e SystemOut                                                    O  Order : {"item":"tea","orderID":"0003","status":"READY","tableID":"1","type":"BEVERAGE"}
[2020-03-02, 21:29:04:124 EST] 00000095 com.ibm.ws.microprofile.reactive.messaging.kafka.KafkaOutput E CWMRX1003E: An error occurred when sending a message to the Kafka broker. The error is: org.apache.kafka.common.errors.TimeoutException: Topic statusTopic not present in metadata after 60000 ms.
.
[2020-03-02, 21:29:04:184 EST] 00000095 SystemOut                                                    O 
 New Beverage Order received 
[2020-03-02, 21:29:04:184 EST] 00000095 SystemOut                                                    O  Order : {"item":"coffee","orderID":"0004","status":"NEW","tableID":"1","type":"BEVERAGE"}
[2020-03-02, 21:29:14:186 EST] 00000095 SystemOut                                                    O  Beverage Order in Progress... 
[2020-03-02, 21:29:14:187 EST] 00000095 SystemOut                                                    O  Order : {"item":"coffee","orderID":"0004","status":"IN_PROGRESS","tableID":"1","type":"BEVERAGE"}
[2020-03-02, 21:29:24:188 EST] 0000005e SystemOut                                                    O  Beverage Order Ready... 
[2020-03-02, 21:29:24:189 EST] 0000005e SystemOut                                                    O  Order : {"item":"coffee","orderID":"0004","status":"READY","tableID":"1","type":"BEVERAGE"}
[2020-03-02, 21:32:16:919 EST] 0000005a SystemOut                                                    O 
 New Beverage Order received 
[2020-03-02, 21:32:16:920 EST] 0000005a SystemOut                                                    O  Order : {"item":"tea2","orderID":"0003","status":"NEW","tableID":"2","type":"BEVERAGE"}
[2020-03-02, 21:32:26:922 EST] 00000095 SystemOut                                                    O  Beverage Order in Progress... 
[2020-03-02, 21:32:26:922 EST] 00000095 SystemOut                                                    O  Order : {"item":"tea2","orderID":"0003","status":"IN_PROGRESS","tableID":"2","type":"BEVERAGE"}
[2020-03-02, 21:32:26:923 EST] 00000095 SystemOut                                                    O 
 New Beverage Order received 
[2020-03-02, 21:32:26:924 EST] 00000095 SystemOut                                                    O  Order : {"item":"coffee2","orderID":"0004","status":"NEW","tableID":"2","type":"BEVERAGE"}
[2020-03-02, 21:32:36:923 EST] 0000005e SystemOut                                                    O  Beverage Order Ready... 
[2020-03-02, 21:32:36:924 EST] 0000005e SystemOut                                                    O  Order : {"item":"tea2","orderID":"0003","status":"READY","tableID":"2","type":"BEVERAGE"}
[2020-03-02, 21:32:36:925 EST] 00000095 SystemOut                                                    O  Beverage Order in Progress... 
[2020-03-02, 21:32:36:926 EST] 00000095 SystemOut                                                    O  Order : {"item":"coffee2","orderID":"0004","status":"IN_PROGRESS","tableID":"2","type":"BEVERAGE"}
[2020-03-02, 21:32:46:926 EST] 0000005e SystemOut                                                    O  Beverage Order Ready... 
[2020-03-02, 21:32:46:927 EST] 0000005e SystemOut                                                    O  Order : {"item":"coffee2","orderID":"0004","status":"READY","tableID":"2","type":"BEVERAGE"}
[2020-03-02, 21:34:49:000 EST] 00000050 SystemOut                                                    O 
 New Beverage Order received 
[2020-03-02, 21:34:49:001 EST] 00000050 SystemOut                                                    O  Order : {"item":"tea3","orderID":"0003","status":"NEW","tableID":"3","type":"BEVERAGE"}
[2020-03-02, 21:34:59:004 EST] 00000095 SystemOut                                                    O  Beverage Order in Progress... 
[2020-03-02, 21:34:59:005 EST] 00000095 SystemOut                                                    O  Order : {"item":"tea3","orderID":"0003","status":"IN_PROGRESS","tableID":"3","type":"BEVERAGE"}
[2020-03-02, 21:34:59:006 EST] 00000095 SystemOut                                                    O 
 New Beverage Order received 
[2020-03-02, 21:34:59:006 EST] 00000095 SystemOut                                                    O  Order : {"item":"coffee3","orderID":"0004","status":"NEW","tableID":"3","type":"BEVERAGE"}
[2020-03-02, 21:35:09:006 EST] 0000005e SystemOut                                                    O  Beverage Order Ready... 
[2020-03-02, 21:35:09:007 EST] 0000005e SystemOut                                                    O  Order : {"item":"tea3","orderID":"0003","status":"READY","tableID":"3","type":"BEVERAGE"}
[2020-03-02, 21:35:09:007 EST] 00000095 SystemOut                                                    O  Beverage Order in Progress... 
[2020-03-02, 21:35:09:008 EST] 00000095 SystemOut                                                    O  Order : {"item":"coffee3","orderID":"0004","status":"IN_PROGRESS","tableID":"3","type":"BEVERAGE"}
[2020-03-02, 21:35:19:009 EST] 0000005e SystemOut                                                    O  Beverage Order Ready... 
[2020-03-02, 21:35:19:009 EST] 0000005e SystemOut                                                    O  Order : {"item":"coffee3","orderID":"0004","status":"READY","tableID":"3","type":"BEVERAGE"}
[2020-03-02, 21:44:25:976 EST] 00000057 SystemOut                                                    O 
 New Beverage Order received 
[2020-03-02, 21:44:25:977 EST] 00000057 SystemOut                                                    O  Order : {"item":"jm4","orderID":"0003","status":"NEW","tableID":"4","type":"BEVERAGE"}
[2020-03-02, 21:44:35:979 EST] 00000095 SystemOut                                                    O  Beverage Order in Progress... 
[2020-03-02, 21:44:35:980 EST] 00000095 SystemOut                                                    O  Order : {"item":"jm4","orderID":"0003","status":"IN_PROGRESS","tableID":"4","type":"BEVERAGE"}
[2020-03-02, 21:44:35:982 EST] 00000095 SystemOut                                                    O 
 New Beverage Order received 
[2020-03-02, 21:44:35:983 EST] 00000095 SystemOut                                                    O  Order : {"item":"jd4","orderID":"0004","status":"NEW","tableID":"4","type":"BEVERAGE"}
[2020-03-02, 21:44:45:981 EST] 0000005e SystemOut                                                    O  Beverage Order Ready... 
[2020-03-02, 21:44:45:982 EST] 0000005e SystemOut                                                    O  Order : {"item":"jm4","orderID":"0003","status":"READY","tableID":"4","type":"BEVERAGE"}
[2020-03-02, 21:44:45:984 EST] 00000095 SystemOut                                                    O  Beverage Order in Progress... 
[2020-03-02, 21:44:45:985 EST] 00000095 SystemOut                                                    O  Order : {"item":"jd4","orderID":"0004","status":"IN_PROGRESS","tableID":"4","type":"BEVERAGE"}
[2020-03-02, 21:44:55:986 EST] 0000005e SystemOut                                                    O  Beverage Order Ready... 
[2020-03-02, 21:44:55:987 EST] 0000005e SystemOut                                                    O  Order : {"item":"jd4","orderID":"0004","status":"READY","tableID":"4","type":"BEVERAGE"}
[2020-03-02, 21:46:56:165 EST] 000000a0 SystemOut                                                    O 
 New Beverage Order received 
[2020-03-02, 21:46:56:166 EST] 000000a0 SystemOut                                                    O  Order : {"item":"jmdddd5","orderID":"0003","status":"NEW","tableID":"5","type":"BEVERAGE"}
[2020-03-02, 21:47:06:167 EST] 00000095 SystemOut                                                    O  Beverage Order in Progress... 
[2020-03-02, 21:47:06:168 EST] 00000095 SystemOut                                                    O  Order : {"item":"jmdddd5","orderID":"0003","status":"IN_PROGRESS","tableID":"5","type":"BEVERAGE"}
[2020-03-02, 21:47:06:169 EST] 00000095 SystemOut                                                    O 
 New Beverage Order received 
[2020-03-02, 21:47:06:169 EST] 00000095 SystemOut                                                    O  Order : {"item":"jddddd5","orderID":"0004","status":"NEW","tableID":"5","type":"BEVERAGE"}
[2020-03-02, 21:47:16:169 EST] 0000005e SystemOut                                                    O  Beverage Order Ready... 
[2020-03-02, 21:47:16:171 EST] 00000095 SystemOut                                                    O  Beverage Order in Progress... 
[2020-03-02, 21:47:16:171 EST] 0000005e SystemOut                                                    O  Order : {"item":"jmdddd5","orderID":"0003","status":"READY","tableID":"5","type":"BEVERAGE"}
[2020-03-02, 21:47:16:172 EST] 00000095 SystemOut                                                    O  Order : {"item":"jddddd5","orderID":"0004","status":"IN_PROGRESS","tableID":"5","type":"BEVERAGE"}
[2020-03-02, 21:47:26:173 EST] 0000005e SystemOut                                                    O  Beverage Order Ready... 
[2020-03-02, 21:47:26:174 EST] 0000005e SystemOut                                                    O  Order : {"item":"jddddd5","orderID":"0004","status":"READY","tableID":"5","type":"BEVERAGE"}
[2020-03-02, 21:50:23:377 EST] 00000047 SystemOut                                                    O 
 New Beverage Order received 
[2020-03-02, 21:50:23:378 EST] 00000047 SystemOut                                                    O  Order : {"item":"zzjmdddd6","orderID":"0003","status":"NEW","tableID":"6","type":"BEVERAGE"}
[2020-03-02, 21:50:33:380 EST] 00000095 SystemOut                                                    O  Beverage Order in Progress... 
[2020-03-02, 21:50:33:381 EST] 00000095 SystemOut                                                    O  Order : {"item":"zzjmdddd6","orderID":"0003","status":"IN_PROGRESS","tableID":"6","type":"BEVERAGE"}
[2020-03-02, 21:50:33:382 EST] 00000095 SystemOut                                                    O 
 New Beverage Order received 
[2020-03-02, 21:50:33:382 EST] 00000095 SystemOut                                                    O  Order : {"item":"zzjddddd6","orderID":"0004","status":"NEW","tableID":"6","type":"BEVERAGE"}
[2020-03-02, 21:50:43:382 EST] 0000005e SystemOut                                                    O  Beverage Order Ready... 
[2020-03-02, 21:50:43:383 EST] 0000005e SystemOut                                                    O  Order : {"item":"zzjmdddd6","orderID":"0003","status":"READY","tableID":"6","type":"BEVERAGE"}
[2020-03-02, 21:50:43:383 EST] 00000095 SystemOut                                                    O  Beverage Order in Progress... 
[2020-03-02, 21:50:43:384 EST] 00000095 SystemOut                                                    O  Order : {"item":"zzjddddd6","orderID":"0004","status":"IN_PROGRESS","tableID":"6","type":"BEVERAGE"}
[2020-03-02, 21:50:53:385 EST] 0000005e SystemOut                                                    O  Beverage Order Ready... 
[2020-03-02, 21:50:53:386 EST] 0000005e SystemOut                                                    O  Order : {"item":"zzjddddd6","orderID":"0004","status":"READY","tableID":"6","type":"BEVERAGE"}
[2020-03-02, 21:52:28:061 EST] 00000049 com.ibm.ws.http.internal.VirtualHostImpl                     A CWWKT0017I: Web application removed (default_host): http://192.168.0.16:9084/
[2020-03-02, 21:52:28:063 EST] 00000049 io.smallrye.reactive.messaging.extension.MediatorManager     I Cancel subscriptions
[2020-03-02, 21:52:28:096 EST] 00000047 com.ibm.ws.webcontainer.osgi.mbeans.PluginGenerator          I SRVE9103I: A configuration file for a web server plugin was automatically generated for this server at /Users/ankit.agrawal@ibm.com/foodOrderRestaurantApp/finish/bar/target/liberty/wlp/usr/servers/defaultServer/logs/state/plugin-cfg.xml.
[2020-03-02, 21:52:28:133 EST] 00000049 com.ibm.ws.app.manager.AppMessageHelper                      A CWWKZ0009I: The application bar has stopped successfully.
[2020-03-02, 21:52:28:141 EST] 00000049 com.ibm.ws.app.manager.AppMessageHelper                      I CWWKZ0018I: Starting application bar.
[2020-03-02, 21:52:28:141 EST] 00000049 bm.ws.app.manager.war.internal.WARDeployedAppInfoFactoryImpl I CWWKZ0134I: The bar application is using the loose application definition at the /Users/ankit.agrawal@ibm.com/foodOrderRestaurantApp/finish/bar/target/liberty/wlp/usr/servers/defaultServer/apps/bar.war.xml location.
[2020-03-02, 21:52:29:177 EST] 00000049 lrye.reactive.messaging.extension.ReactiveMessagingExtension I Analyzing mediator bean: Managed Bean [class io.openliberty.guides.bar.BarResource] with qualifiers [@Any @Default]
[2020-03-02, 21:52:29:178 EST] 00000049 io.smallrye.reactive.messaging.extension.MediatorManager     I Scanning Type: class io.openliberty.guides.bar.BarResource
[2020-03-02, 21:52:29:179 EST] 00000049 io.smallrye.reactive.messaging.extension.MediatorManager     I Deployment done... start processing
[2020-03-02, 21:52:29:182 EST] 00000049 io.smallrye.reactive.messaging.impl.ConfiguredChannelFactory I Found incoming connectors: []
[2020-03-02, 21:52:29:184 EST] 00000049 io.smallrye.reactive.messaging.impl.ConfiguredChannelFactory I Found outgoing connectors: []
[2020-03-02, 21:52:29:185 EST] 00000049 io.smallrye.reactive.messaging.impl.ConfiguredChannelFactory I Stream manager initializing...
[2020-03-02, 21:52:29:282 EST] 00000049 SystemErr                                                    R SLF4J: Failed to load class "org.slf4j.impl.StaticLoggerBinder".
[2020-03-02, 21:52:29:284 EST] 00000049 SystemErr                                                    R SLF4J: Defaulting to no-operation (NOP) logger implementation
[2020-03-02, 21:52:29:284 EST] 00000049 SystemErr                                                    R SLF4J: See http://www.slf4j.org/codes.html#StaticLoggerBinder for further details.
[2020-03-02, 21:52:29:559 EST] 00000049 io.smallrye.reactive.messaging.extension.MediatorManager     I Initializing mediators
[2020-03-02, 21:52:29:582 EST] 00000049 io.smallrye.reactive.messaging.extension.MediatorManager     I Connecting mediators
[2020-03-02, 21:52:29:582 EST] 00000049 io.smallrye.reactive.messaging.extension.MediatorManager     I Attempt to resolve io.openliberty.guides.bar.BarResource#initBeverageOrder
[2020-03-02, 21:52:29:583 EST] 00000049 io.smallrye.reactive.messaging.extension.MediatorManager     I Connecting io.openliberty.guides.bar.BarResource#initBeverageOrder to `bevOrderConsume` (org.eclipse.microprofile.reactive.streams.operators.core.PublisherBuilderImpl@f5a0fa97)
[2020-03-02, 21:52:29:583 EST] 00000049 io.smallrye.reactive.messaging.extension.MediatorManager     I Connecting method io.openliberty.guides.bar.BarResource#initBeverageOrder to sink bevOrderPublishInter
[2020-03-02, 21:52:29:583 EST] 00000049 io.smallrye.reactive.messaging.extension.MediatorManager     I Connecting method io.openliberty.guides.bar.BarResource#sendReadyOrder to sink beverageOrderPublish
[2020-03-02, 21:52:29:596 EST] 00000049 com.ibm.ws.webcontainer.osgi.webapp.WebGroup                 I SRVE0169I: Loading Web Module: Liberty Project.
[2020-03-02, 21:52:29:597 EST] 00000049 com.ibm.ws.webcontainer                                      I SRVE0250I: Web Module Liberty Project has been bound to default_host.
[2020-03-02, 21:52:29:597 EST] 00000049 com.ibm.ws.http.internal.VirtualHostImpl                     A CWWKT0016I: Web application available (default_host): http://192.168.0.16:9084/
[2020-03-02, 21:52:29:598 EST] 00000049 com.ibm.ws.app.manager.AppMessageHelper                      A CWWKZ0003I: The application bar updated in 1.457 seconds.
[2020-03-02, 21:52:29:598 EST] 0000004b com.ibm.ws.session.WASSessionCore                            I SESN0176I: A new session context will be created for application key default_host/
[2020-03-02, 21:52:29:599 EST] 0000004b com.ibm.ws.util                                              I SESN0172I: The session manager is using the Java default SecureRandom implementation for session ID generation.
[2020-03-02, 21:52:29:655 EST] 00000096 com.ibm.ws.webcontainer.osgi.mbeans.PluginGenerator          I SRVE9103I: A configuration file for a web server plugin was automatically generated for this server at /Users/ankit.agrawal@ibm.com/foodOrderRestaurantApp/finish/bar/target/liberty/wlp/usr/servers/defaultServer/logs/state/plugin-cfg.xml.
[2020-03-02, 21:52:30:181 EST] 000000bc com.ibm.ws.http.internal.VirtualHostImpl                     A CWWKT0017I: Web application removed (default_host): http://192.168.0.16:9084/
[2020-03-02, 21:52:30:183 EST] 000000bc io.smallrye.reactive.messaging.extension.MediatorManager     I Cancel subscriptions
[2020-03-02, 21:52:30:208 EST] 000000c1 com.ibm.ws.webcontainer.osgi.mbeans.PluginGenerator          I SRVE9103I: A configuration file for a web server plugin was automatically generated for this server at /Users/ankit.agrawal@ibm.com/foodOrderRestaurantApp/finish/bar/target/liberty/wlp/usr/servers/defaultServer/logs/state/plugin-cfg.xml.
[2020-03-02, 21:52:30:219 EST] 000000bc com.ibm.ws.app.manager.AppMessageHelper                      A CWWKZ0009I: The application bar has stopped successfully.
[2020-03-02, 21:52:30:227 EST] 000000bc com.ibm.ws.app.manager.AppMessageHelper                      I CWWKZ0018I: Starting application bar.
[2020-03-02, 21:52:30:227 EST] 000000bc bm.ws.app.manager.war.internal.WARDeployedAppInfoFactoryImpl I CWWKZ0134I: The bar application is using the loose application definition at the /Users/ankit.agrawal@ibm.com/foodOrderRestaurantApp/finish/bar/target/liberty/wlp/usr/servers/defaultServer/apps/bar.war.xml location.
[2020-03-02, 21:52:31:029 EST] 000000bc lrye.reactive.messaging.extension.ReactiveMessagingExtension I Analyzing mediator bean: Managed Bean [class io.openliberty.guides.bar.BarResource] with qualifiers [@Any @Default]
[2020-03-02, 21:52:31:030 EST] 000000bc io.smallrye.reactive.messaging.extension.MediatorManager     I Scanning Type: class io.openliberty.guides.bar.BarResource
[2020-03-02, 21:52:31:030 EST] 000000bc io.smallrye.reactive.messaging.extension.MediatorManager     I Deployment done... start processing
[2020-03-02, 21:52:31:032 EST] 000000bc io.smallrye.reactive.messaging.impl.ConfiguredChannelFactory I Found incoming connectors: []
[2020-03-02, 21:52:31:032 EST] 000000bc io.smallrye.reactive.messaging.impl.ConfiguredChannelFactory I Found outgoing connectors: []
[2020-03-02, 21:52:31:032 EST] 000000bc io.smallrye.reactive.messaging.impl.ConfiguredChannelFactory I Stream manager initializing...
[2020-03-02, 21:52:31:083 EST] 000000bc SystemErr                                                    R SLF4J: Failed to load class "org.slf4j.impl.StaticLoggerBinder".
[2020-03-02, 21:52:31:084 EST] 000000bc SystemErr                                                    R SLF4J: Defaulting to no-operation (NOP) logger implementation
[2020-03-02, 21:52:31:084 EST] 000000bc SystemErr                                                    R SLF4J: See http://www.slf4j.org/codes.html#StaticLoggerBinder for further details.
[2020-03-02, 21:52:31:289 EST] 000000bc io.smallrye.reactive.messaging.extension.MediatorManager     I Initializing mediators
[2020-03-02, 21:52:31:310 EST] 000000bc io.smallrye.reactive.messaging.extension.MediatorManager     I Connecting mediators
[2020-03-02, 21:52:31:310 EST] 000000bc io.smallrye.reactive.messaging.extension.MediatorManager     I Attempt to resolve io.openliberty.guides.bar.BarResource#initBeverageOrder
[2020-03-02, 21:52:31:311 EST] 000000bc io.smallrye.reactive.messaging.extension.MediatorManager     I Connecting io.openliberty.guides.bar.BarResource#initBeverageOrder to `bevOrderConsume` (org.eclipse.microprofile.reactive.streams.operators.core.PublisherBuilderImpl@7d4efc95)
[2020-03-02, 21:52:31:311 EST] 000000bc io.smallrye.reactive.messaging.extension.MediatorManager     I Connecting method io.openliberty.guides.bar.BarResource#initBeverageOrder to sink bevOrderPublishInter
[2020-03-02, 21:52:31:311 EST] 000000bc io.smallrye.reactive.messaging.extension.MediatorManager     I Connecting method io.openliberty.guides.bar.BarResource#sendReadyOrder to sink beverageOrderPublish
[2020-03-02, 21:52:31:330 EST] 000000bc com.ibm.ws.webcontainer.osgi.webapp.WebGroup                 I SRVE0169I: Loading Web Module: Liberty Project.
[2020-03-02, 21:52:31:330 EST] 000000bc com.ibm.ws.webcontainer                                      I SRVE0250I: Web Module Liberty Project has been bound to default_host.
[2020-03-02, 21:52:31:330 EST] 000000bc com.ibm.ws.http.internal.VirtualHostImpl                     A CWWKT0016I: Web application available (default_host): http://192.168.0.16:9084/
[2020-03-02, 21:52:31:331 EST] 000000bc com.ibm.ws.app.manager.AppMessageHelper                      A CWWKZ0003I: The application bar updated in 1.104 seconds.
[2020-03-02, 21:52:31:332 EST] 00000099 com.ibm.ws.session.WASSessionCore                            I SESN0176I: A new session context will be created for application key default_host/
[2020-03-02, 21:52:31:333 EST] 00000099 com.ibm.ws.util                                              I SESN0172I: The session manager is using the Java default SecureRandom implementation for session ID generation.
[2020-03-02, 21:52:31:364 EST] 00000048 com.ibm.ws.webcontainer.osgi.mbeans.PluginGenerator          I SRVE9103I: A configuration file for a web server plugin was automatically generated for this server at /Users/ankit.agrawal@ibm.com/foodOrderRestaurantApp/finish/bar/target/liberty/wlp/usr/servers/defaultServer/logs/state/plugin-cfg.xml.
[2020-03-02, 21:55:03:001 EST] 0000009e SystemOut                                                    O 
 New Beverage Order received 
[2020-03-02, 21:55:03:002 EST] 0000009e SystemOut                                                    O  Order : {"item":"last7-3","orderID":"0003","status":"NEW","tableID":"7","type":"BEVERAGE"}
[2020-03-02, 21:55:13:009 EST] 000000da SystemOut                                                    O  Beverage Order in Progress... 
[2020-03-02, 21:55:13:013 EST] 000000da SystemOut                                                    O  Order : {"item":"last7-3","orderID":"0003","status":"IN_PROGRESS","tableID":"7","type":"BEVERAGE"}
[2020-03-02, 21:55:23:013 EST] 0000004c SystemOut                                                    O  Beverage Order Ready... 
[2020-03-02, 21:55:23:015 EST] 0000004c SystemOut                                                    O  Order : {"item":"last7-3","orderID":"0003","status":"READY","tableID":"7","type":"BEVERAGE"}
[2020-03-02, 21:56:05:877 EST] 000000da SystemOut                                                    O 
 New Beverage Order received 
[2020-03-02, 21:56:05:878 EST] 000000da SystemOut                                                    O  Order : {"item":"last7-4","orderID":"0004","status":"NEW","tableID":"7","type":"BEVERAGE"}
[2020-03-02, 21:56:15:879 EST] 000000da SystemOut                                                    O  Beverage Order in Progress... 
[2020-03-02, 21:56:15:880 EST] 000000da SystemOut                                                    O  Order : {"item":"last7-4","orderID":"0004","status":"IN_PROGRESS","tableID":"7","type":"BEVERAGE"}
[2020-03-02, 21:56:25:881 EST] 0000004c SystemOut                                                    O  Beverage Order Ready... 
[2020-03-02, 21:56:25:881 EST] 0000004c SystemOut                                                    O  Order : {"item":"last7-4","orderID":"0004","status":"READY","tableID":"7","type":"BEVERAGE"}
[2020-03-02, 21:57:18:823 EST] 0000002a com.ibm.ws.kernel.launch.internal.ServerCommandListener      A CWWKE0055I: Server shutdown requested on Monday, March 2, 2020 at 9:57 p.m.. The server defaultServer is shutting down.
[2020-03-02, 21:57:18:825 EST] 000000dc com.ibm.ws.runtime.update.internal.RuntimeUpdateManagerImpl  A CWWKE1100I: Waiting for up to 30 seconds for the server to quiesce.
[2020-03-02, 21:57:18:829 EST] 000000ba com.ibm.ws.tcpchannel.internal.TCPChannel                    I CWWKO0220I: TCP Channel defaultHttpEndpoint has stopped listening for requests on host *  (IPv6) port 9084.
[2020-03-02, 21:57:18:830 EST] 000000ba com.ibm.ws.http.internal.VirtualHostImpl                     A CWWKT0017I: Web application removed (default_host): http://192.168.0.16:9084/
[2020-03-02, 21:57:48:830 EST] 000000dc com.ibm.ws.runtime.update.internal.RuntimeUpdateManagerImpl  W CWWKE1102W: The quiesce operation did not complete. The server will now stop.
[2020-03-02, 21:57:48:832 EST] 000000dc com.ibm.ws.runtime.update.internal.RuntimeUpdateManagerImpl  W CWWKE1107W: 5 threads did not complete during the quiesce period. 
[2020-03-02, 21:57:48:858 EST] 000000b7 io.smallrye.reactive.messaging.extension.MediatorManager     I Cancel subscriptions
[2020-03-02, 21:57:48:887 EST] 000000b7 com.ibm.ws.app.manager.AppMessageHelper                      A CWWKZ0009I: The application bar has stopped successfully.
[2020-03-02, 21:57:49:312 EST] 00000001 com.ibm.ws.kernel.launch.internal.FrameworkManager           A CWWKE0036I: The server defaultServer stopped after 37 minutes, 55.193 seconds.
